-- Found ament_cmake: 1.3.2 (/opt/ros/humble/share/ament_cmake/cmake)
-- Found rclcpp: 16.0.1 (/opt/ros/humble/share/rclcpp/cmake)
-- Found rosidl_generator_c: 3.1.3 (/opt/ros/humble/share/rosidl_generator_c/cmake)
-- Found rosidl_adapter: 3.1.3 (/opt/ros/humble/share/rosidl_adapter/cmake)
-- Found rosidl_generator_cpp: 3.1.3 (/opt/ros/humble/share/rosidl_generator_cpp/cmake)
-- Using all available rosidl_typesupport_c: rosidl_typesupport_fastrtps_c;rosidl_typesupport_introspection_c
-- Using all available rosidl_typesupport_cpp: rosidl_typesupport_fastrtps_cpp;rosidl_typesupport_introspection_cpp
-- Found rmw_implementation_cmake: 6.1.0 (/opt/ros/humble/share/rmw_implementation_cmake/cmake)
-- Found rmw_fastrtps_cpp: 6.2.1 (/opt/ros/humble/share/rmw_fastrtps_cpp/cmake)
-- Using RMW implementation 'rmw_fastrtps_cpp' as default
-- Found interfaces: 0.0.0 (/home/pi/autocab/raspberryPI3/ros2_ws/install/interfaces/share/interfaces/cmake)
-- Found sensor_msgs: 4.2.2 (/opt/ros/humble/share/sensor_msgs/cmake)
-- Found std_srvs: 4.2.2 (/opt/ros/humble/share/std_srvs/cmake)
-- Found ament_lint_auto: 0.12.4 (/opt/ros/humble/share/ament_lint_auto/cmake)
-- Added test 'cppcheck' to perform static code analysis on C / C++ code
-- Configured cppcheck include dirs: $<BUILD_INTERFACE:/home/pi/autocab/raspberryPI3/ros2_ws/src/car_control/include>
-- Configured cppcheck exclude dirs and/or files: 
-- Added test 'lint_cmake' to check CMake code style
-- Added test 'uncrustify' to check C / C++ code style
-- Configured uncrustify additional arguments: 
-- Added test 'xmllint' to check XML markup files
-- Configuring done
-- Generating done
-- Build files have been written to: /home/pi/autocab/raspberryPI3/ros2_ws/build/car_control
[35m[1mConsolidate compiler generated dependencies of target car_control_node[0m
[ 20%] [32mBuilding CXX object CMakeFiles/car_control_node.dir/src/car_control_node.cpp.o[0m
[ 40%] [32mBuilding CXX object CMakeFiles/car_control_node.dir/src/propulsionCmd.cpp.o[0m
[ 80%] [32mBuilding CXX object CMakeFiles/car_control_node.dir/src/steeringCmd.cpp.o[0m
[ 80%] [32mBuilding CXX object CMakeFiles/car_control_node.dir/src/fromAtoB.cpp.o[0m
In file included from [01m[K/home/pi/autocab/raspberryPI3/ros2_ws/src/car_control/src/fromAtoB.cpp:1[m[K:
[01m[K/home/pi/autocab/raspberryPI3/ros2_ws/src/car_control/src/../include/car_control/fromAtoB.h:40:5:[m[K [01;31m[Kerror: [m[Kâ€˜[01m[Kunordered_map[m[Kâ€™ does not name a type
   40 |     [01;31m[Kunordered_map[m[K<char, const unordered_map<char, float>> vertices;
      |     [01;31m[K^~~~~~~~~~~~~[m[K
[01m[K/home/pi/autocab/raspberryPI3/ros2_ws/src/car_control/src/../include/car_control/fromAtoB.h:44:38:[m[K [01;31m[Kerror: [m[Kâ€˜[01m[Kunordered_map[m[Kâ€™ does not name a type
   44 |     void add_vertex(char name, const [01;31m[Kunordered_map[m[K<char, float>& edges);
      |                                      [01;31m[K^~~~~~~~~~~~~[m[K
[01m[K/home/pi/autocab/raspberryPI3/ros2_ws/src/car_control/src/../include/car_control/fromAtoB.h:44:51:[m[K [01;31m[Kerror: [m[Kexpected â€˜[01m[K,[m[Kâ€™ or â€˜[01m[K...[m[Kâ€™ before â€˜[01m[K<[m[Kâ€™ token
   44 |     void add_vertex(char name, const unordered_map[01;31m[K<[m[Kchar, float>& edges);
      |                                                   [01;31m[K^[m[K
[01m[K/home/pi/autocab/raspberryPI3/ros2_ws/src/car_control/src/../include/car_control/fromAtoB.h:45:5:[m[K [01;31m[Kerror: [m[Kâ€˜[01m[Kvector[m[Kâ€™ does not name a type
   45 |     [01;31m[Kvector[m[K<char> shortest_path(char start, char finish);
      |     [01;31m[K^~~~~~[m[K
[01m[K/home/pi/autocab/raspberryPI3/ros2_ws/src/car_control/src/../include/car_control/fromAtoB.h:46:22:[m[K [01;31m[Kerror: [m[Kâ€˜[01m[Kmap[m[Kâ€™ has not been declared
   46 |     void createGraph([01;31m[Kmap[m[K<char, float[2]> coordinates);
      |                      [01;31m[K^~~[m[K
[01m[K/home/pi/autocab/raspberryPI3/ros2_ws/src/car_control/src/../include/car_control/fromAtoB.h:46:25:[m[K [01;31m[Kerror: [m[Kexpected â€˜[01m[K,[m[Kâ€™ or â€˜[01m[K...[m[Kâ€™ before â€˜[01m[K<[m[Kâ€™ token
   46 |     void createGraph(map[01;31m[K<[m[Kchar, float[2]> coordinates);
      |                         [01;31m[K^[m[K
[01m[K/home/pi/autocab/raspberryPI3/ros2_ws/src/car_control/src/../include/car_control/fromAtoB.h:48:2:[m[K [01;31m[Kerror: [m[Kexpected â€˜[01m[K;[m[Kâ€™ after class definition
   48 | }
      |  [01;31m[K^[m[K
      |  [32m[K;[m[K
[01m[K/home/pi/autocab/raspberryPI3/ros2_ws/src/car_control/src/fromAtoB.cpp:73:6:[m[K [01;31m[Kerror: [m[Kno declaration matches â€˜[01m[Kvoid Graph::add_vertex(char, const std::unordered_map<char, float>&)[m[Kâ€™
   73 | void [01;31m[KGraph[m[K::add_vertex(char name, const unordered_map<char, float>& edges)
      |      [01;31m[K^~~~~[m[K
In file included from [01m[K/home/pi/autocab/raspberryPI3/ros2_ws/src/car_control/src/fromAtoB.cpp:1[m[K:
[01m[K/home/pi/autocab/raspberryPI3/ros2_ws/src/car_control/src/../include/car_control/fromAtoB.h:44:10:[m[K [01;36m[Knote: [m[Kcandidate is: â€˜[01m[Kvoid Graph::add_vertex(char, int)[m[Kâ€™
   44 |     void [01;36m[Kadd_vertex[m[K(char name, const unordered_map<char, float>& edges);
      |          [01;36m[K^~~~~~~~~~[m[K
[01m[K/home/pi/autocab/raspberryPI3/ros2_ws/src/car_control/src/../include/car_control/fromAtoB.h:38:7:[m[K [01;36m[Knote: [m[Kâ€˜[01m[Kclass Graph[m[Kâ€™ defined here
   38 | class [01;36m[KGraph[m[K{
      |       [01;36m[K^~~~~[m[K
[01m[K/home/pi/autocab/raspberryPI3/ros2_ws/src/car_control/src/fromAtoB.cpp:78:14:[m[K [01;31m[Kerror: [m[Kno declaration matches â€˜[01m[Kstd::vector<char> Graph::shortest_path(char, char)[m[Kâ€™
   78 | vector<char> [01;31m[KGraph[m[K::shortest_path(char start, char finish)
      |              [01;31m[K^~~~~[m[K
[01m[K/home/pi/autocab/raspberryPI3/ros2_ws/src/car_control/src/fromAtoB.cpp:78:14:[m[K [01;36m[Knote: [m[Kno functions named â€˜[01m[Kstd::vector<char> Graph::shortest_path(char, char)[m[Kâ€™
In file included from [01m[K/home/pi/autocab/raspberryPI3/ros2_ws/src/car_control/src/fromAtoB.cpp:1[m[K:
[01m[K/home/pi/autocab/raspberryPI3/ros2_ws/src/car_control/src/../include/car_control/fromAtoB.h:38:7:[m[K [01;36m[Knote: [m[Kâ€˜[01m[Kclass Graph[m[Kâ€™ defined here
   38 | class [01;36m[KGraph[m[K{
      |       [01;36m[K^~~~~[m[K
[01m[K/home/pi/autocab/raspberryPI3/ros2_ws/src/car_control/src/fromAtoB.cpp:139:6:[m[K [01;31m[Kerror: [m[Kno declaration matches â€˜[01m[Kvoid Graph::createGraph(std::map<char, float [2]>)[m[Kâ€™
  139 | void [01;31m[KGraph[m[K::createGraph(map<char, float[2]> coordinates)
      |      [01;31m[K^~~~~[m[K
In file included from [01m[K/home/pi/autocab/raspberryPI3/ros2_ws/src/car_control/src/fromAtoB.cpp:1[m[K:
[01m[K/home/pi/autocab/raspberryPI3/ros2_ws/src/car_control/src/../include/car_control/fromAtoB.h:46:10:[m[K [01;36m[Knote: [m[Kcandidate is: â€˜[01m[Kvoid Graph::createGraph(int)[m[Kâ€™
   46 |     void [01;36m[KcreateGraph[m[K(map<char, float[2]> coordinates);
      |          [01;36m[K^~~~~~~~~~~[m[K
[01m[K/home/pi/autocab/raspberryPI3/ros2_ws/src/car_control/src/../include/car_control/fromAtoB.h:38:7:[m[K [01;36m[Knote: [m[Kâ€˜[01m[Kclass Graph[m[Kâ€™ defined here
   38 | class [01;36m[KGraph[m[K{
      |       [01;36m[K^~~~~[m[K
In file included from [01m[K/home/pi/autocab/raspberryPI3/ros2_ws/src/car_control/src/car_control_node.cpp:19[m[K:
[01m[K/home/pi/autocab/raspberryPI3/ros2_ws/src/car_control/src/../include/car_control/fromAtoB.h:40:5:[m[K [01;31m[Kerror: [m[Kâ€˜[01m[Kunordered_map[m[Kâ€™ does not name a type
   40 |     [01;31m[Kunordered_map[m[K<char, const unordered_map<char, float>> vertices;
      |     [01;31m[K^~~~~~~~~~~~~[m[K
[01m[K/home/pi/autocab/raspberryPI3/ros2_ws/src/car_control/src/../include/car_control/fromAtoB.h:44:38:[m[K [01;31m[Kerror: [m[Kâ€˜[01m[Kunordered_map[m[Kâ€™ does not name a type
   44 |     void add_vertex(char name, const [01;31m[Kunordered_map[m[K<char, float>& edges);
      |                                      [01;31m[K^~~~~~~~~~~~~[m[K
[01m[K/home/pi/autocab/raspberryPI3/ros2_ws/src/car_control/src/../include/car_control/fromAtoB.h:44:51:[m[K [01;31m[Kerror: [m[Kexpected â€˜[01m[K,[m[Kâ€™ or â€˜[01m[K...[m[Kâ€™ before â€˜[01m[K<[m[Kâ€™ token
   44 |     void add_vertex(char name, const unordered_map[01;31m[K<[m[Kchar, float>& edges);
      |                                                   [01;31m[K^[m[K
[01m[K/home/pi/autocab/raspberryPI3/ros2_ws/src/car_control/src/../include/car_control/fromAtoB.h:45:5:[m[K [01;31m[Kerror: [m[Kâ€˜[01m[Kvector[m[Kâ€™ does not name a type
   45 |     [01;31m[Kvector[m[K<char> shortest_path(char start, char finish);
      |     [01;31m[K^~~~~~[m[K
[01m[K/home/pi/autocab/raspberryPI3/ros2_ws/src/car_control/src/../include/car_control/fromAtoB.h:46:22:[m[K [01;31m[Kerror: [m[Kâ€˜[01m[Kmap[m[Kâ€™ has not been declared
   46 |     void createGraph([01;31m[Kmap[m[K<char, float[2]> coordinates);
      |                      [01;31m[K^~~[m[K
[01m[K/home/pi/autocab/raspberryPI3/ros2_ws/src/car_control/src/../include/car_control/fromAtoB.h:46:25:[m[K [01;31m[Kerror: [m[Kexpected â€˜[01m[K,[m[Kâ€™ or â€˜[01m[K...[m[Kâ€™ before â€˜[01m[K<[m[Kâ€™ token
   46 |     void createGraph(map[01;31m[K<[m[Kchar, float[2]> coordinates);
      |                         [01;31m[K^[m[K
[01m[K/home/pi/autocab/raspberryPI3/ros2_ws/src/car_control/src/../include/car_control/fromAtoB.h:48:2:[m[K [01;31m[Kerror: [m[Kexpected â€˜[01m[K;[m[Kâ€™ after class definition
   48 | }
      |  [01;31m[K^[m[K
      |  [32m[K;[m[K
[01m[K/home/pi/autocab/raspberryPI3/ros2_ws/src/car_control/src/car_control_node.cpp:[m[K In constructor â€˜[01m[Kcar_control::car_control()[m[Kâ€™:
[01m[K/home/pi/autocab/raspberryPI3/ros2_ws/src/car_control/src/car_control_node.cpp:47:34:[m[K [01;31m[Kerror: [m[Kexpected primary-expression before â€˜[01m[K{[m[Kâ€™ token
   47 |         coordinates.insert(('A', [01;31m[K{[m[K43.570596, 1.466500}));
      |                                  [01;31m[K^[m[K
[01m[K/home/pi/autocab/raspberryPI3/ros2_ws/src/car_control/src/car_control_node.cpp:47:34:[m[K [01;31m[Kerror: [m[Kexpected â€˜[01m[K)[m[Kâ€™ before â€˜[01m[K{[m[Kâ€™ token
[01m[K/home/pi/autocab/raspberryPI3/ros2_ws/src/car_control/src/car_control_node.cpp:47:28:[m[K [01;36m[Knote: [m[Kto match this â€˜[01m[K([m[Kâ€™
   47 |         coordinates.insert([01;36m[K([m[K'A', {43.570596, 1.466500}));
      |                            [01;36m[K^[m[K
[01m[K/home/pi/autocab/raspberryPI3/ros2_ws/src/car_control/src/car_control_node.cpp:48:34:[m[K [01;31m[Kerror: [m[Kexpected primary-expression before â€˜[01m[K{[m[Kâ€™ token
   48 |         coordinates.insert(('B', [01;31m[K{[m[K43.570596, 1.466500}));
      |                                  [01;31m[K^[m[K
[01m[K/home/pi/autocab/raspberryPI3/ros2_ws/src/car_control/src/car_control_node.cpp:48:34:[m[K [01;31m[Kerror: [m[Kexpected â€˜[01m[K)[m[Kâ€™ before â€˜[01m[K{[m[Kâ€™ token
[01m[K/home/pi/autocab/raspberryPI3/ros2_ws/src/car_control/src/car_control_node.cpp:48:28:[m[K [01;36m[Knote: [m[Kto match this â€˜[01m[K([m[Kâ€™
   48 |         coordinates.insert([01;36m[K([m[K'B', {43.570596, 1.466500}));
      |                            [01;36m[K^[m[K
[01m[K/home/pi/autocab/raspberryPI3/ros2_ws/src/car_control/src/car_control_node.cpp:49:34:[m[K [01;31m[Kerror: [m[Kexpected primary-expression before â€˜[01m[K{[m[Kâ€™ token
   49 |         coordinates.insert(('C', [01;31m[K{[m[K43.570596, 1.466500}));
      |                                  [01;31m[K^[m[K
[01m[K/home/pi/autocab/raspberryPI3/ros2_ws/src/car_control/src/car_control_node.cpp:49:34:[m[K [01;31m[Kerror: [m[Kexpected â€˜[01m[K)[m[Kâ€™ before â€˜[01m[K{[m[Kâ€™ token
[01m[K/home/pi/autocab/raspberryPI3/ros2_ws/src/car_control/src/car_control_node.cpp:49:28:[m[K [01;36m[Knote: [m[Kto match this â€˜[01m[K([m[Kâ€™
   49 |         coordinates.insert([01;36m[K([m[K'C', {43.570596, 1.466500}));
      |                            [01;36m[K^[m[K
[01m[K/home/pi/autocab/raspberryPI3/ros2_ws/src/car_control/src/car_control_node.cpp:50:34:[m[K [01;31m[Kerror: [m[Kexpected primary-expression before â€˜[01m[K{[m[Kâ€™ token
   50 |         coordinates.insert(('D', [01;31m[K{[m[K43.570596, 1.466500}));
      |                                  [01;31m[K^[m[K
[01m[K/home/pi/autocab/raspberryPI3/ros2_ws/src/car_control/src/car_control_node.cpp:50:34:[m[K [01;31m[Kerror: [m[Kexpected â€˜[01m[K)[m[Kâ€™ before â€˜[01m[K{[m[Kâ€™ token
[01m[K/home/pi/autocab/raspberryPI3/ros2_ws/src/car_control/src/car_control_node.cpp:50:28:[m[K [01;36m[Knote: [m[Kto match this â€˜[01m[K([m[Kâ€™
   50 |         coordinates.insert([01;36m[K([m[K'D', {43.570596, 1.466500}));
      |                            [01;36m[K^[m[K
[01m[K/home/pi/autocab/raspberryPI3/ros2_ws/src/car_control/src/car_control_node.cpp:52:27:[m[K [01;31m[Kerror: [m[Kcannot convert â€˜[01m[Kstd::map<char, float [2]>[m[Kâ€™ to â€˜[01m[Kint[m[Kâ€™
   52 |         graph.createGraph([01;31m[Kcoordinates[m[K);
      |                           [01;31m[K^~~~~~~~~~~[m[K
      |                           [01;31m[K|[m[K
      |                           [01;31m[Kstd::map<char, float [2]>[m[K
In file included from [01m[K/home/pi/autocab/raspberryPI3/ros2_ws/src/car_control/src/car_control_node.cpp:19[m[K:
[01m[K/home/pi/autocab/raspberryPI3/ros2_ws/src/car_control/src/../include/car_control/fromAtoB.h:46:22:[m[K [01;36m[Knote: [m[K  initializing argument 1 of â€˜[01m[Kvoid Graph::createGraph(int)[m[Kâ€™
   46 |     void createGraph([01;36m[Kmap[m[K<char, float[2]> coordinates);
      |                      [01;36m[K^~~[m[K
gmake[2]: *** [CMakeFiles/car_control_node.dir/build.make:118: CMakeFiles/car_control_node.dir/src/fromAtoB.cpp.o] Error 1
gmake[2]: *** Waiting for unfinished jobs....
gmake[2]: *** [CMakeFiles/car_control_node.dir/build.make:76: CMakeFiles/car_control_node.dir/src/car_control_node.cpp.o] Error 1
gmake[1]: *** [CMakeFiles/Makefile2:137: CMakeFiles/car_control_node.dir/all] Error 2
gmake: *** [Makefile:146: all] Error 2
