[35m[1mConsolidate compiler generated dependencies of target interfaces__rosidl_generator_c[0m
[  1%] Built target interfaces__cpp
[  1%] Built target ament_cmake_python_copy_interfaces
[ 12%] Built target interfaces__rosidl_generator_c
[ 13%] [34m[1mGenerating C++ type support dispatch for ROS interfaces[0m
[35m[1mConsolidate compiler generated dependencies of target interfaces__rosidl_typesupport_fastrtps_cpp[0m
[35m[1mConsolidate compiler generated dependencies of target interfaces__rosidl_typesupport_introspection_cpp[0m
[ 25%] Built target interfaces__rosidl_typesupport_introspection_cpp
[ 36%] Built target interfaces__rosidl_typesupport_fastrtps_cpp
[35m[1mConsolidate compiler generated dependencies of target interfaces__rosidl_typesupport_fastrtps_c[0m
[35m[1mConsolidate compiler generated dependencies of target interfaces__rosidl_typesupport_introspection_c[0m
[ 48%] Built target interfaces__rosidl_typesupport_introspection_c
[ 59%] Built target interfaces__rosidl_typesupport_fastrtps_c
[35m[1mConsolidate compiler generated dependencies of target interfaces__rosidl_typesupport_c[0m
[ 71%] Built target interfaces__rosidl_typesupport_c
Traceback (most recent call last):
  File "/usr/lib/python3/dist-packages/lark/visitors.py", line 107, in _call_userfunc
    f = getattr(self, tree.data)
AttributeError: 'ValidateSymbols' object has no attribute 'expansion'

During handling of the above exception, another exception occurred:

Traceback (most recent call last):
  File "/opt/ros/humble/lib/rosidl_typesupport_cpp/rosidl_typesupport_cpp", line 28, in <module>
Traceback (most recent call last):
  File "/home/pi/autocab/raspberryPI3/ros2_ws/build/interfaces/ament_cmake_python/interfaces/setup.py", line 1, in <module>
    sys.exit(main())
  File "/opt/ros/humble/lib/rosidl_typesupport_cpp/rosidl_typesupport_cpp", line 24, in main
    from setuptools import find_packages
  File "/usr/lib/python3/dist-packages/setuptools/__init__.py", line 16, in <module>
    generate_cpp(args.generator_arguments_file, args.typesupports)
  File "/opt/ros/humble/local/lib/python3.10/dist-packages/rosidl_typesupport_cpp/__init__.py", line 28, in generate_cpp
    return generate_files(
  File "/opt/ros/humble/local/lib/python3.10/dist-packages/rosidl_cmake/__init__.py", line 74, in generate_files
    idl_file = parse_idl_file(locator)
    import setuptools.version
  File "/usr/lib/python3/dist-packages/setuptools/version.py", line 1, in <module>
  File "/opt/ros/humble/local/lib/python3.10/dist-packages/rosidl_parser/parser.py", line 64, in parse_idl_file
    content = parse_idl_string(string, png_file=png_file)
  File "/opt/ros/humble/local/lib/python3.10/dist-packages/rosidl_parser/parser.py", line 72, in parse_idl_string
    import pkg_resources
  File "/usr/lib/python3/dist-packages/pkg_resources/__init__.py", line 3267, in <module>
    tree = get_ast_from_idl_string(idl_string)
  File "/opt/ros/humble/local/lib/python3.10/dist-packages/rosidl_parser/parser.py", line 88, in get_ast_from_idl_string
    _parser = Lark(grammar, start='specification', maybe_placeholders=False)
  File "/usr/lib/python3/dist-packages/lark/lark.py", line 383, in __init__
    self.terminals, self.rules, self.ignore_tokens = self.grammar.compile(self.options.start, terminals_to_keep)
  File "/usr/lib/python3/dist-packages/lark/load_grammar.py", line 734, in compile
    def _initialize_master_working_set():
  File "/usr/lib/python3/dist-packages/pkg_resources/__init__.py", line 3241, in _call_aside
    tree = transformer.transform(rule_tree)
  File "/usr/lib/python3/dist-packages/lark/visitors.py", line 252, in transform
    tree = t.transform(tree)
  File "/usr/lib/python3/dist-packages/lark/visitors.py", line 272, in transform
    subtree.children = list(self._transform_children(subtree.children))
  File "/usr/lib/python3/dist-packages/lark/visitors.py", line 138, in _transform_children
    f(*args, **kwargs)
  File "/usr/lib/python3/dist-packages/pkg_resources/__init__.py", line 3279, in _initialize_master_working_set
    res = self._transform_tree(c)
  File "/usr/lib/python3/dist-packages/lark/visitors.py", line 268, in _transform_tree
    return self._call_userfunc(tree)
  File "/usr/lib/python3/dist-packages/lark/visitors.py", line 109, in _call_userfunc
    return self.__default__(tree.data, children, tree.meta)
  File "/usr/lib/python3/dist-packages/lark/visitors.py", line 163, in __default__
    def __default__(self, data, children, meta):
KeyboardInterrupt
    working_set = WorkingSet._build_master()
  File "/usr/lib/python3/dist-packages/pkg_resources/__init__.py", line 564, in _build_master
    ws = cls()
  File "/usr/lib/python3/dist-packages/pkg_resources/__init__.py", line 557, in __init__
    self.add_entry(entry)
  File "/usr/lib/python3/dist-packages/pkg_resources/__init__.py", line 613, in add_entry
    for dist in find_distributions(entry, True):
  File "/usr/lib/python3/dist-packages/pkg_resources/__init__.py", line 2073, in find_on_path
    path_item_entries = _by_version_descending(filtered)
  File "/usr/lib/python3/dist-packages/pkg_resources/__init__.py", line 2043, in _by_version_descending
    return sorted(names, key=_by_version, reverse=True)
  File "/usr/lib/python3/dist-packages/pkg_resources/__init__.py", line 2041, in _by_version
    return [try_parse(part) for part in parts]
  File "/usr/lib/python3/dist-packages/pkg_resources/__init__.py", line 2041, in <listcomp>
    return [try_parse(part) for part in parts]
  File "/usr/lib/python3/dist-packages/pkg_resources/__init__.py", line 2031, in try_parse
    return packaging.version.Version(name)
  File "/usr/lib/python3/dist-packages/pkg_resources/_vendor/packaging/version.py", line 264, in __init__
    match = self._regex.search(version)
KeyboardInterrupt
gmake[2]: *** [CMakeFiles/interfaces__rosidl_typesupport_cpp.dir/build.make:87: rosidl_typesupport_cpp/interfaces/msg/joystick_order__type_support.cpp] Interrupt
gmake[1]: *** [CMakeFiles/Makefile2:394: CMakeFiles/interfaces__rosidl_typesupport_cpp.dir/all] Interrupt
gmake[2]: *** [CMakeFiles/ament_cmake_python_build_interfaces_egg.dir/build.make:70: CMakeFiles/ament_cmake_python_build_interfaces_egg] Interrupt
gmake[1]: *** [CMakeFiles/Makefile2:447: CMakeFiles/ament_cmake_python_build_interfaces_egg.dir/all] Interrupt
gmake: *** [Makefile:146: all] Interrupt
