[0.073s] Invoking command in '/home/pi/autocab/raspberryPI3/ros2_ws/src/build/car_control': CMAKE_PREFIX_PATH=${CMAKE_PREFIX_PATH}:/opt/ros/humble /usr/bin/cmake --build /home/pi/autocab/raspberryPI3/ros2_ws/src/build/car_control -- -j4 -l4
[0.197s] -- Found ament_cmake: 1.3.2 (/opt/ros/humble/share/ament_cmake/cmake)
[1.137s] -- Found rclcpp: 16.0.1 (/opt/ros/humble/share/rclcpp/cmake)
[1.313s] -- Found rosidl_generator_c: 3.1.3 (/opt/ros/humble/share/rosidl_generator_c/cmake)
[1.325s] -- Found rosidl_adapter: 3.1.3 (/opt/ros/humble/share/rosidl_adapter/cmake)
[1.357s] -- Found rosidl_generator_cpp: 3.1.3 (/opt/ros/humble/share/rosidl_generator_cpp/cmake)
[1.404s] -- Using all available rosidl_typesupport_c: rosidl_typesupport_fastrtps_c;rosidl_typesupport_introspection_c
[1.470s] -- Using all available rosidl_typesupport_cpp: rosidl_typesupport_fastrtps_cpp;rosidl_typesupport_introspection_cpp
[1.707s] -- Found rmw_implementation_cmake: 6.1.0 (/opt/ros/humble/share/rmw_implementation_cmake/cmake)
[1.715s] -- Found rmw_fastrtps_cpp: 6.2.1 (/opt/ros/humble/share/rmw_fastrtps_cpp/cmake)
[2.604s] -- Using RMW implementation 'rmw_fastrtps_cpp' as default
[3.184s] -- Found interfaces: 0.0.0 (/home/pi/ros2_ws/install/interfaces/share/interfaces/cmake)
[3.249s] -- Found sensor_msgs: 4.2.2 (/opt/ros/humble/share/sensor_msgs/cmake)
[3.777s] -- Found std_srvs: 4.2.2 (/opt/ros/humble/share/std_srvs/cmake)
[3.871s] -- Found ament_lint_auto: 0.12.4 (/opt/ros/humble/share/ament_lint_auto/cmake)
[4.348s] -- Added test 'cppcheck' to perform static code analysis on C / C++ code
[4.348s] -- Configured cppcheck include dirs: $<BUILD_INTERFACE:/home/pi/autocab/raspberryPI3/ros2_ws/src/car_control/include>
[4.349s] -- Configured cppcheck exclude dirs and/or files: 
[4.354s] -- Added test 'lint_cmake' to check CMake code style
[4.365s] -- Added test 'uncrustify' to check C / C++ code style
[4.366s] -- Configured uncrustify additional arguments: 
[4.368s] -- Added test 'xmllint' to check XML markup files
[4.374s] -- Configuring done
[4.442s] -- Generating done
[4.453s] -- Build files have been written to: /home/pi/autocab/raspberryPI3/ros2_ws/src/build/car_control
[4.570s] [35m[1mConsolidate compiler generated dependencies of target car_control_node[0m
[4.836s] [ 20%] [32mBuilding CXX object CMakeFiles/car_control_node.dir/src/car_control_node.cpp.o[0m
[4.849s] [ 40%] [32mBuilding CXX object CMakeFiles/car_control_node.dir/src/fromAtoB.cpp.o[0m
[21.599s] [01m[K/home/pi/autocab/raspberryPI3/ros2_ws/src/car_control/src/car_control_node.cpp:[m[K In constructor â€˜[01m[Kcar_control::car_control()[m[Kâ€™:
[21.603s] [01m[K/home/pi/autocab/raspberryPI3/ros2_ws/src/car_control/src/car_control_node.cpp:48:26:[m[K [01;31m[Kerror: [m[Kinvalid array assignment
[21.609s]    48 |         coordinates['A'] = tabA;
[21.612s] [01m[K/home/pi/autocab/raspberryPI3/ros2_ws/src/car_control/src/car_control_node.cpp:50:26:[m[K [01;31m[Kerror: [m[Kinvalid array assignment
[21.615s]    50 |         coordinates['B'] = tabB;
[21.621s] [01m[K/home/pi/autocab/raspberryPI3/ros2_ws/src/car_control/src/car_control_node.cpp:52:26:[m[K [01;31m[Kerror: [m[Kinvalid array assignment
[21.625s]    52 |         coordinates['C'] = tabC;
[21.628s] [01m[K/home/pi/autocab/raspberryPI3/ros2_ws/src/car_control/src/car_control_node.cpp:54:26:[m[K [01;31m[Kerror: [m[Kinvalid array assignment
[21.632s]    54 |         coordinates['D'] = tabD;
[46.928s] gmake[2]: *** [CMakeFiles/car_control_node.dir/build.make:76: CMakeFiles/car_control_node.dir/src/car_control_node.cpp.o] Error 1
[46.930s] gmake[1]: *** [CMakeFiles/Makefile2:137: CMakeFiles/car_control_node.dir/all] Error 2
[46.931s] gmake: *** [Makefile:146: all] Error 2
[46.943s] Invoked command in '/home/pi/autocab/raspberryPI3/ros2_ws/src/build/car_control' returned '2': CMAKE_PREFIX_PATH=${CMAKE_PREFIX_PATH}:/opt/ros/humble /usr/bin/cmake --build /home/pi/autocab/raspberryPI3/ros2_ws/src/build/car_control -- -j4 -l4
