[0.080s] Invoking command in '/home/pi/autocab/raspberryPI3/ros2_ws/build/car_control': AMENT_PREFIX_PATH=/home/pi/autocab/raspberryPI3/ros2_ws/install/interfaces:${AMENT_PREFIX_PATH} CMAKE_PREFIX_PATH=/home/pi/autocab/raspberryPI3/ros2_ws/install/interfaces:/home/pi/ros2_ws/install/geicar_start:/home/pi/ros2_ws/install/system_check:/home/pi/ros2_ws/install/simulation:/home/pi/ros2_ws/install/imu_tools:/home/pi/ros2_ws/install/rviz_imu_plugin:/home/pi/ros2_ws/install/joystick:/home/pi/ros2_ws/install/car_control:/home/pi/ros2_ws/install/can:/home/pi/ros2_ws/install/interfaces:/home/pi/ros2_ws/install/imu_filter_madgwick:/home/pi/ros2_ws/install/imu_complementary_filter:/home/pi/ros2_ws/install/carla_msgs:/opt/ros/humble LD_LIBRARY_PATH=/home/pi/autocab/raspberryPI3/ros2_ws/install/interfaces/lib:${LD_LIBRARY_PATH} PYTHONPATH=/home/pi/autocab/raspberryPI3/ros2_ws/install/interfaces/local/lib/python3.10/dist-packages:${PYTHONPATH} /usr/bin/cmake --build /home/pi/autocab/raspberryPI3/ros2_ws/build/car_control -- -j4 -l4
[0.202s] -- Found ament_cmake: 1.3.2 (/opt/ros/humble/share/ament_cmake/cmake)
[0.950s] -- Found rclcpp: 16.0.1 (/opt/ros/humble/share/rclcpp/cmake)
[1.124s] -- Found rosidl_generator_c: 3.1.3 (/opt/ros/humble/share/rosidl_generator_c/cmake)
[1.135s] -- Found rosidl_adapter: 3.1.3 (/opt/ros/humble/share/rosidl_adapter/cmake)
[1.159s] -- Found rosidl_generator_cpp: 3.1.3 (/opt/ros/humble/share/rosidl_generator_cpp/cmake)
[1.203s] -- Using all available rosidl_typesupport_c: rosidl_typesupport_fastrtps_c;rosidl_typesupport_introspection_c
[1.265s] -- Using all available rosidl_typesupport_cpp: rosidl_typesupport_fastrtps_cpp;rosidl_typesupport_introspection_cpp
[1.493s] -- Found rmw_implementation_cmake: 6.1.0 (/opt/ros/humble/share/rmw_implementation_cmake/cmake)
[1.500s] -- Found rmw_fastrtps_cpp: 6.2.1 (/opt/ros/humble/share/rmw_fastrtps_cpp/cmake)
[2.372s] -- Using RMW implementation 'rmw_fastrtps_cpp' as default
[2.928s] -- Found interfaces: 0.0.0 (/home/pi/autocab/raspberryPI3/ros2_ws/install/interfaces/share/interfaces/cmake)
[2.992s] -- Found sensor_msgs: 4.2.2 (/opt/ros/humble/share/sensor_msgs/cmake)
[3.459s] -- Found std_srvs: 4.2.2 (/opt/ros/humble/share/std_srvs/cmake)
[3.541s] -- Found ament_lint_auto: 0.12.4 (/opt/ros/humble/share/ament_lint_auto/cmake)
[3.890s] -- Added test 'cppcheck' to perform static code analysis on C / C++ code
[3.891s] -- Configured cppcheck include dirs: $<BUILD_INTERFACE:/home/pi/autocab/raspberryPI3/ros2_ws/src/car_control/include>
[3.891s] -- Configured cppcheck exclude dirs and/or files: 
[3.896s] -- Added test 'lint_cmake' to check CMake code style
[3.907s] -- Added test 'uncrustify' to check C / C++ code style
[3.908s] -- Configured uncrustify additional arguments: 
[3.909s] -- Added test 'xmllint' to check XML markup files
[3.915s] -- Configuring done
[3.980s] -- Generating done
[3.989s] -- Build files have been written to: /home/pi/autocab/raspberryPI3/ros2_ws/build/car_control
[4.106s] [35m[1mConsolidate compiler generated dependencies of target car_control_node[0m
[4.242s] [ 40%] [32mBuilding CXX object CMakeFiles/car_control_node.dir/src/car_control_node.cpp.o[0m
[4.245s] [ 40%] [32mBuilding CXX object CMakeFiles/car_control_node.dir/src/fromAtoB.cpp.o[0m
[4.262s] [ 60%] [32mBuilding CXX object CMakeFiles/car_control_node.dir/src/propulsionCmd.cpp.o[0m
[4.291s] [ 80%] [32mBuilding CXX object CMakeFiles/car_control_node.dir/src/steeringCmd.cpp.o[0m
[4.299s] [01m[Kc++:[m[K [01;31m[Kerror: [m[Kunrecognized command-line option â€˜[01m[K--cmake-args[m[Kâ€™
[4.301s] [01m[Kc++:[m[K [01;31m[Kerror: [m[Kunrecognized command-line option â€˜[01m[K--cmake-args[m[Kâ€™
[4.305s] gmake[2]: *** [CMakeFiles/car_control_node.dir/build.make:118: CMakeFiles/car_control_node.dir/src/fromAtoB.cpp.o] Error 1
[4.306s] gmake[2]: *** Waiting for unfinished jobs....
[4.310s] gmake[2]: *** [CMakeFiles/car_control_node.dir/build.make:76: CMakeFiles/car_control_node.dir/src/car_control_node.cpp.o] Error 1
[4.314s] [01m[Kc++:[m[K [01;31m[Kerror: [m[Kunrecognized command-line option â€˜[01m[K--cmake-args[m[Kâ€™
[4.325s] gmake[2]: *** [CMakeFiles/car_control_node.dir/build.make:104: CMakeFiles/car_control_node.dir/src/propulsionCmd.cpp.o] Error 1
[4.326s] [01m[Kc++:[m[K [01;31m[Kerror: [m[Kunrecognized command-line option â€˜[01m[K--cmake-args[m[Kâ€™
[4.327s] gmake[2]: *** [CMakeFiles/car_control_node.dir/build.make:90: CMakeFiles/car_control_node.dir/src/steeringCmd.cpp.o] Error 1
[4.329s] gmake[1]: *** [CMakeFiles/Makefile2:137: CMakeFiles/car_control_node.dir/all] Error 2
[4.330s] gmake: *** [Makefile:146: all] Error 2
[4.343s] Invoked command in '/home/pi/autocab/raspberryPI3/ros2_ws/build/car_control' returned '2': AMENT_PREFIX_PATH=/home/pi/autocab/raspberryPI3/ros2_ws/install/interfaces:${AMENT_PREFIX_PATH} CMAKE_PREFIX_PATH=/home/pi/autocab/raspberryPI3/ros2_ws/install/interfaces:/home/pi/ros2_ws/install/geicar_start:/home/pi/ros2_ws/install/system_check:/home/pi/ros2_ws/install/simulation:/home/pi/ros2_ws/install/imu_tools:/home/pi/ros2_ws/install/rviz_imu_plugin:/home/pi/ros2_ws/install/joystick:/home/pi/ros2_ws/install/car_control:/home/pi/ros2_ws/install/can:/home/pi/ros2_ws/install/interfaces:/home/pi/ros2_ws/install/imu_filter_madgwick:/home/pi/ros2_ws/install/imu_complementary_filter:/home/pi/ros2_ws/install/carla_msgs:/opt/ros/humble LD_LIBRARY_PATH=/home/pi/autocab/raspberryPI3/ros2_ws/install/interfaces/lib:${LD_LIBRARY_PATH} PYTHONPATH=/home/pi/autocab/raspberryPI3/ros2_ws/install/interfaces/local/lib/python3.10/dist-packages:${PYTHONPATH} /usr/bin/cmake --build /home/pi/autocab/raspberryPI3/ros2_ws/build/car_control -- -j4 -l4
