[0.198s] Invoking command in '/home/pi/autocab/raspberryPI3/ros2_ws/src/build/car_control': CMAKE_PREFIX_PATH=${CMAKE_PREFIX_PATH}:/opt/ros/humble /usr/bin/cmake --build /home/pi/autocab/raspberryPI3/ros2_ws/src/build/car_control -- -j4 -l4
[1.200s] -- Found ament_cmake: 1.3.2 (/opt/ros/humble/share/ament_cmake/cmake)
[2.345s] -- Found rclcpp: 16.0.1 (/opt/ros/humble/share/rclcpp/cmake)
[2.706s] -- Found rosidl_generator_c: 3.1.3 (/opt/ros/humble/share/rosidl_generator_c/cmake)
[2.753s] -- Found rosidl_adapter: 3.1.3 (/opt/ros/humble/share/rosidl_adapter/cmake)
[2.850s] -- Found rosidl_generator_cpp: 3.1.3 (/opt/ros/humble/share/rosidl_generator_cpp/cmake)
[3.002s] -- Using all available rosidl_typesupport_c: rosidl_typesupport_fastrtps_c;rosidl_typesupport_introspection_c
[3.132s] -- Using all available rosidl_typesupport_cpp: rosidl_typesupport_fastrtps_cpp;rosidl_typesupport_introspection_cpp
[3.489s] -- Found rmw_implementation_cmake: 6.1.0 (/opt/ros/humble/share/rmw_implementation_cmake/cmake)
[3.504s] -- Found rmw_fastrtps_cpp: 6.2.1 (/opt/ros/humble/share/rmw_fastrtps_cpp/cmake)
[4.566s] -- Using RMW implementation 'rmw_fastrtps_cpp' as default
[5.341s] -- Found interfaces: 0.0.0 (/home/pi/ros2_ws/install/interfaces/share/interfaces/cmake)
[5.465s] -- Found sensor_msgs: 4.2.2 (/opt/ros/humble/share/sensor_msgs/cmake)
[6.125s] -- Found std_srvs: 4.2.2 (/opt/ros/humble/share/std_srvs/cmake)
[6.236s] -- Found ament_lint_auto: 0.12.4 (/opt/ros/humble/share/ament_lint_auto/cmake)
[6.782s] -- Added test 'cppcheck' to perform static code analysis on C / C++ code
[6.783s] -- Configured cppcheck include dirs: $<BUILD_INTERFACE:/home/pi/autocab/raspberryPI3/ros2_ws/src/car_control/include>
[6.784s] -- Configured cppcheck exclude dirs and/or files: 
[6.803s] -- Added test 'flake8' to check Python code syntax and style conventions
[6.842s] -- Added test 'lint_cmake' to check CMake code style
[6.862s] -- Added test 'pep257' to check Python code against some of the docstring style conventions in PEP 257
[7.003s] -- Added test 'uncrustify' to check C / C++ code style
[7.004s] -- Configured uncrustify additional arguments: 
[7.024s] -- Added test 'xmllint' to check XML markup files
[7.034s] -- Configuring done
[7.150s] -- Generating done
[7.162s] -- Build files have been written to: /home/pi/autocab/raspberryPI3/ros2_ws/src/build/car_control
[7.341s] [ 14%] [32mBuilding CXX object CMakeFiles/car_control_node.dir/src/car_control_node.cpp.o[0m
[7.344s] [ 28%] [32mBuilding CXX object CMakeFiles/car_control_node.dir/src/propulsionCmd.cpp.o[0m
[7.357s] [ 42%] [32mBuilding CXX object CMakeFiles/car_control_node.dir/src/steeringCmd.cpp.o[0m
[7.375s] [ 57%] [32mBuilding CXX object CMakeFiles/car_control_node.dir/src/fromAtoB.cpp.o[0m
[8.664s] [ 71%] [32mBuilding CXX object CMakeFiles/car_control_node.dir/src/corrector.cpp.o[0m
[9.561s] [ 85%] [32mBuilding CXX object CMakeFiles/car_control_node.dir/src/obstacle_detection.cpp.o[0m
[12.545s] [01m[K/home/pi/autocab/raspberryPI3/ros2_ws/src/car_control/src/car_control_node.cpp:13:10:[m[K [01;31m[Kfatal error: [m[Kinterfaces/msg/serveur.hpp: No such file or directory
[12.546s]    13 | #include [01;31m[K"interfaces/msg/serveur.hpp"[m[K
[12.547s]       |          [01;31m[K^~~~~~~~~~~~~~~~~~~~~~~~~~~~[m[K
[12.548s] compilation terminated.
[12.559s] gmake[2]: *** [CMakeFiles/car_control_node.dir/build.make:76: CMakeFiles/car_control_node.dir/src/car_control_node.cpp.o] Error 1
[12.561s] gmake[2]: *** Waiting for unfinished jobs....
[26.473s] gmake[1]: *** [CMakeFiles/Makefile2:137: CMakeFiles/car_control_node.dir/all] Error 2
[26.473s] gmake: *** [Makefile:146: all] Error 2
[26.480s] Invoked command in '/home/pi/autocab/raspberryPI3/ros2_ws/src/build/car_control' returned '2': CMAKE_PREFIX_PATH=${CMAKE_PREFIX_PATH}:/opt/ros/humble /usr/bin/cmake --build /home/pi/autocab/raspberryPI3/ros2_ws/src/build/car_control -- -j4 -l4
