[0.000000] (-) TimerEvent: {}
[0.013396] (-) JobUnselected: {'identifier': 'can'}
[0.014160] (-) JobUnselected: {'identifier': 'car_control'}
[0.014437] (-) JobUnselected: {'identifier': 'carla_msgs'}
[0.014581] (-) JobUnselected: {'identifier': 'geicar_start'}
[0.014836] (-) JobUnselected: {'identifier': 'imu_complementary_filter'}
[0.015005] (-) JobUnselected: {'identifier': 'imu_filter_madgwick'}
[0.015107] (-) JobUnselected: {'identifier': 'imu_tools'}
[0.015193] (-) JobUnselected: {'identifier': 'joystick'}
[0.015274] (-) JobUnselected: {'identifier': 'rviz_imu_plugin'}
[0.015354] (-) JobUnselected: {'identifier': 'simulation'}
[0.015432] (-) JobUnselected: {'identifier': 'system_check'}
[0.015522] (interfaces) JobQueued: {'identifier': 'interfaces', 'dependencies': OrderedDict()}
[0.015614] (interfaces) JobStarted: {'identifier': 'interfaces'}
[0.080151] (interfaces) JobProgress: {'identifier': 'interfaces', 'progress': 'cmake'}
[0.084837] (interfaces) JobProgress: {'identifier': 'interfaces', 'progress': 'build'}
[0.089620] (interfaces) Command: {'cmd': ['/usr/bin/cmake', '--build', '/home/pi/autocab/raspberryPI3/ros2_ws/build/interfaces', '--', '-j4', '-l4'], 'cwd': '/home/pi/autocab/raspberryPI3/ros2_ws/build/interfaces', 'env': OrderedDict([('LESSOPEN', '| /usr/bin/lesspipe %s'), ('USER', 'pi'), ('SSH_CLIENT', '192.168.1.115 50593 22'), ('XDG_SESSION_TYPE', 'tty'), ('SHLVL', '1'), ('LD_LIBRARY_PATH', '/home/pi/ros2_ws/install/rviz_imu_plugin/lib:/home/pi/ros2_ws/install/interfaces/lib:/home/pi/ros2_ws/install/imu_filter_madgwick/lib:/home/pi/ros2_ws/install/carla_msgs/lib:/opt/ros/humble/opt/rviz_ogre_vendor/lib:/opt/ros/humble/lib/aarch64-linux-gnu:/opt/ros/humble/lib'), ('MOTD_SHOWN', 'pam'), ('HOME', '/home/pi'), ('OLDPWD', '/home/pi'), ('SSH_TTY', '/dev/pts/8'), ('ROS_PYTHON_VERSION', '3'), ('DBUS_SESSION_BUS_ADDRESS', 'unix:path=/run/user/1000/bus'), ('COLCON_PREFIX_PATH', '/home/pi/ros2_ws/install'), ('ROS_DISTRO', 'humble'), ('LOGNAME', 'pi'), ('_', '/usr/bin/colcon'), ('ROS_VERSION', '2'), ('XDG_SESSION_CLASS', 'user'), ('TERM', 'xterm-256color'), ('XDG_SESSION_ID', '14'), ('ROS_LOCALHOST_ONLY', '0'), ('PATH', '/opt/ros/humble/bin:/usr/local/sbin:/usr/local/bin:/usr/sbin:/usr/bin:/sbin:/bin:/usr/games:/usr/local/games:/snap/bin'), ('XDG_RUNTIME_DIR', '/run/user/1000'), ('LANG', 'en_US.UTF-8'), ('LS_COLORS', 'rs=0:di=01;34:ln=01;36:mh=00:pi=40;33:so=01;35:do=01;35:bd=40;33;01:cd=40;33;01:or=40;31;01:mi=00:su=37;41:sg=30;43:ca=30;41:tw=30;42:ow=34;42:st=37;44:ex=01;32:*.tar=01;31:*.tgz=01;31:*.arc=01;31:*.arj=01;31:*.taz=01;31:*.lha=01;31:*.lz4=01;31:*.lzh=01;31:*.lzma=01;31:*.tlz=01;31:*.txz=01;31:*.tzo=01;31:*.t7z=01;31:*.zip=01;31:*.z=01;31:*.dz=01;31:*.gz=01;31:*.lrz=01;31:*.lz=01;31:*.lzo=01;31:*.xz=01;31:*.zst=01;31:*.tzst=01;31:*.bz2=01;31:*.bz=01;31:*.tbz=01;31:*.tbz2=01;31:*.tz=01;31:*.deb=01;31:*.rpm=01;31:*.jar=01;31:*.war=01;31:*.ear=01;31:*.sar=01;31:*.rar=01;31:*.alz=01;31:*.ace=01;31:*.zoo=01;31:*.cpio=01;31:*.7z=01;31:*.rz=01;31:*.cab=01;31:*.wim=01;31:*.swm=01;31:*.dwm=01;31:*.esd=01;31:*.jpg=01;35:*.jpeg=01;35:*.mjpg=01;35:*.mjpeg=01;35:*.gif=01;35:*.bmp=01;35:*.pbm=01;35:*.pgm=01;35:*.ppm=01;35:*.tga=01;35:*.xbm=01;35:*.xpm=01;35:*.tif=01;35:*.tiff=01;35:*.png=01;35:*.svg=01;35:*.svgz=01;35:*.mng=01;35:*.pcx=01;35:*.mov=01;35:*.mpg=01;35:*.mpeg=01;35:*.m2v=01;35:*.mkv=01;35:*.webm=01;35:*.webp=01;35:*.ogm=01;35:*.mp4=01;35:*.m4v=01;35:*.mp4v=01;35:*.vob=01;35:*.qt=01;35:*.nuv=01;35:*.wmv=01;35:*.asf=01;35:*.rm=01;35:*.rmvb=01;35:*.flc=01;35:*.avi=01;35:*.fli=01;35:*.flv=01;35:*.gl=01;35:*.dl=01;35:*.xcf=01;35:*.xwd=01;35:*.yuv=01;35:*.cgm=01;35:*.emf=01;35:*.ogv=01;35:*.ogx=01;35:*.aac=00;36:*.au=00;36:*.flac=00;36:*.m4a=00;36:*.mid=00;36:*.midi=00;36:*.mka=00;36:*.mp3=00;36:*.mpc=00;36:*.ogg=00;36:*.ra=00;36:*.wav=00;36:*.oga=00;36:*.opus=00;36:*.spx=00;36:*.xspf=00;36:'), ('ROS_DOMAIN_ID', '1'), ('AMENT_PREFIX_PATH', '/home/pi/ros2_ws/install/geicar_start:/home/pi/ros2_ws/install/system_check:/home/pi/ros2_ws/install/simulation:/home/pi/ros2_ws/install/imu_tools:/home/pi/ros2_ws/install/rviz_imu_plugin:/home/pi/ros2_ws/install/joystick:/home/pi/ros2_ws/install/car_control:/home/pi/ros2_ws/install/can:/home/pi/ros2_ws/install/interfaces:/home/pi/ros2_ws/install/imu_filter_madgwick:/home/pi/ros2_ws/install/imu_complementary_filter:/home/pi/ros2_ws/install/carla_msgs:/opt/ros/humble'), ('SHELL', '/bin/bash'), ('LESSCLOSE', '/usr/bin/lesspipe %s %s'), ('PWD', '/home/pi/autocab/raspberryPI3/ros2_ws/build/interfaces'), ('LC_ALL', 'en_US.UTF-8'), ('SSH_CONNECTION', '192.168.1.115 50593 192.168.1.1 22'), ('XDG_DATA_DIRS', '/usr/local/share:/usr/share:/var/lib/snapd/desktop'), ('PYTHONPATH', '/home/pi/ros2_ws/install/joystick/local/lib/python3.10/dist-packages:/home/pi/ros2_ws/install/interfaces/local/lib/python3.10/dist-packages:/home/pi/ros2_ws/install/carla_msgs/local/lib/python3.10/dist-packages:/opt/ros/humble/lib/python3.10/site-packages:/opt/ros/humble/local/lib/python3.10/dist-packages'), ('COLCON', '1'), ('CMAKE_PREFIX_PATH', '/home/pi/ros2_ws/install/geicar_start:/home/pi/ros2_ws/install/system_check:/home/pi/ros2_ws/install/simulation:/home/pi/ros2_ws/install/imu_tools:/home/pi/ros2_ws/install/rviz_imu_plugin:/home/pi/ros2_ws/install/joystick:/home/pi/ros2_ws/install/car_control:/home/pi/ros2_ws/install/can:/home/pi/ros2_ws/install/interfaces:/home/pi/ros2_ws/install/imu_filter_madgwick:/home/pi/ros2_ws/install/imu_complementary_filter:/home/pi/ros2_ws/install/carla_msgs:/opt/ros/humble')]), 'shell': False}
[0.108062] (-) TimerEvent: {}
[0.211263] (-) TimerEvent: {}
[0.243306] (interfaces) StdoutLine: {'line': b'-- Found ament_cmake: 1.3.2 (/opt/ros/humble/share/ament_cmake/cmake)\n'}
[0.311439] (-) TimerEvent: {}
[0.412204] (-) TimerEvent: {}
[0.512995] (-) TimerEvent: {}
[0.613770] (-) TimerEvent: {}
[0.714509] (-) TimerEvent: {}
[0.815286] (-) TimerEvent: {}
[0.916051] (-) TimerEvent: {}
[1.017508] (-) TimerEvent: {}
[1.048977] (interfaces) StdoutLine: {'line': b'-- Found rclcpp: 16.0.1 (/opt/ros/humble/share/rclcpp/cmake)\n'}
[1.117689] (-) TimerEvent: {}
[1.218755] (-) TimerEvent: {}
[1.239089] (interfaces) StdoutLine: {'line': b'-- Found rosidl_generator_c: 3.1.3 (/opt/ros/humble/share/rosidl_generator_c/cmake)\n'}
[1.250839] (interfaces) StdoutLine: {'line': b'-- Found rosidl_adapter: 3.1.3 (/opt/ros/humble/share/rosidl_adapter/cmake)\n'}
[1.279817] (interfaces) StdoutLine: {'line': b'-- Found rosidl_generator_cpp: 3.1.3 (/opt/ros/humble/share/rosidl_generator_cpp/cmake)\n'}
[1.318941] (-) TimerEvent: {}
[1.330236] (interfaces) StdoutLine: {'line': b'-- Using all available rosidl_typesupport_c: rosidl_typesupport_fastrtps_c;rosidl_typesupport_introspection_c\n'}
[1.406891] (interfaces) StdoutLine: {'line': b'-- Using all available rosidl_typesupport_cpp: rosidl_typesupport_fastrtps_cpp;rosidl_typesupport_introspection_cpp\n'}
[1.419123] (-) TimerEvent: {}
[1.520088] (-) TimerEvent: {}
[1.620930] (-) TimerEvent: {}
[1.665053] (interfaces) StdoutLine: {'line': b'-- Found rmw_implementation_cmake: 6.1.0 (/opt/ros/humble/share/rmw_implementation_cmake/cmake)\n'}
[1.673221] (interfaces) StdoutLine: {'line': b'-- Found rmw_fastrtps_cpp: 6.2.1 (/opt/ros/humble/share/rmw_fastrtps_cpp/cmake)\n'}
[1.721102] (-) TimerEvent: {}
[1.822277] (-) TimerEvent: {}
[1.923748] (-) TimerEvent: {}
[2.024526] (-) TimerEvent: {}
[2.125374] (-) TimerEvent: {}
[2.226346] (-) TimerEvent: {}
[2.327079] (-) TimerEvent: {}
[2.428007] (-) TimerEvent: {}
[2.528772] (-) TimerEvent: {}
[2.604459] (interfaces) StdoutLine: {'line': b"-- Using RMW implementation 'rmw_fastrtps_cpp' as default\n"}
[2.628976] (-) TimerEvent: {}
[2.729753] (-) TimerEvent: {}
[2.830545] (-) TimerEvent: {}
[2.931337] (-) TimerEvent: {}
[3.032114] (-) TimerEvent: {}
[3.132882] (-) TimerEvent: {}
[3.233669] (-) TimerEvent: {}
[3.330638] (interfaces) StdoutLine: {'line': b'-- Found rosidl_default_generators: 1.2.0 (/opt/ros/humble/share/rosidl_default_generators/cmake)\n'}
[3.335056] (-) TimerEvent: {}
[3.435844] (-) TimerEvent: {}
[3.536630] (-) TimerEvent: {}
[3.637945] (-) TimerEvent: {}
[3.738685] (-) TimerEvent: {}
[3.839517] (-) TimerEvent: {}
[3.940322] (-) TimerEvent: {}
[4.041288] (-) TimerEvent: {}
[4.142054] (-) TimerEvent: {}
[4.242940] (-) TimerEvent: {}
[4.344175] (-) TimerEvent: {}
[4.445254] (-) TimerEvent: {}
[4.494515] (interfaces) StderrLine: {'line': b'\x1b[31mCMake Error at /opt/ros/humble/share/rosidl_adapter/cmake/rosidl_adapt_interfaces.cmake:59 (message):\n'}
[4.495416] (interfaces) StderrLine: {'line': b'  execute_process(/usr/bin/python3.10 -m rosidl_adapter --package-name\n'}
[4.496025] (interfaces) StderrLine: {'line': b'  interfaces --arguments-file\n'}
[4.496584] (interfaces) StderrLine: {'line': b'  /home/pi/autocab/raspberryPI3/ros2_ws/build/interfaces/rosidl_adapter__arguments__interfaces.json\n'}
[4.497284] (interfaces) StderrLine: {'line': b'  --output-dir\n'}
[4.497898] (interfaces) StderrLine: {'line': b'  /home/pi/autocab/raspberryPI3/ros2_ws/build/interfaces/rosidl_adapter/interfaces\n'}
[4.501086] (interfaces) StderrLine: {'line': b'  --output-file\n'}
[4.501943] (interfaces) StderrLine: {'line': b'  /home/pi/autocab/raspberryPI3/ros2_ws/build/interfaces/rosidl_adapter/interfaces.idls)\n'}
[4.509280] (interfaces) StderrLine: {'line': b'  returned error code 1:\n'}
[4.510253] (interfaces) StderrLine: {'line': b'\n'}
[4.511095] (interfaces) StderrLine: {'line': b"  Error processing 'char departure_point 'A'' of 'interfaces/Serveur': 'value\n"}
[4.512016] (interfaces) StderrLine: {'line': b"  ''A'' can not be converted to type 'char': must be a valid integer value >=\n"}
[4.512921] (interfaces) StderrLine: {'line': b"  0 and <= 255'\n"}
[4.513720] (interfaces) StderrLine: {'line': b'\n'}
[4.536030] (interfaces) StderrLine: {'line': b'  Traceback (most recent call last):\n'}
[4.542326] (interfaces) StderrLine: {'line': b'\n'}
[4.546407] (-) TimerEvent: {}
[4.549619] (interfaces) StderrLine: {'line': b'    File "/opt/ros/humble/local/lib/python3.10/dist-packages/rosidl_adapter/parser.py", line 716, in parse_primitive_value_string\n'}
[4.554602] (interfaces) StderrLine: {'line': b'      value = int(value_string)\n'}
[4.559766] (interfaces) StderrLine: {'line': b'\n'}
[4.564077] (interfaces) StderrLine: {'line': b'  ValueError: invalid literal for int() with base 10: "\'A\'"\n'}
[4.567453] (interfaces) StderrLine: {'line': b'\n'}
[4.574292] (interfaces) StderrLine: {'line': b'  \n'}
[4.580290] (interfaces) StderrLine: {'line': b'\n'}
[4.583987] (interfaces) StderrLine: {'line': b'  During handling of the above exception, another exception occurred:\n'}
[4.587097] (interfaces) StderrLine: {'line': b'\n'}
[4.590227] (interfaces) StderrLine: {'line': b'  \n'}
[4.593230] (interfaces) StderrLine: {'line': b'\n'}
[4.596226] (interfaces) StderrLine: {'line': b'  Traceback (most recent call last):\n'}
[4.599186] (interfaces) StderrLine: {'line': b'\n'}
[4.602556] (interfaces) StderrLine: {'line': b'    File "/opt/ros/humble/local/lib/python3.10/dist-packages/rosidl_adapter/parser.py", line 719, in parse_primitive_value_string\n'}
[4.606016] (interfaces) StderrLine: {'line': b'      value = int(value_string, 0)\n'}
[4.609537] (interfaces) StderrLine: {'line': b'\n'}
[4.613128] (interfaces) StderrLine: {'line': b'  ValueError: invalid literal for int() with base 0: "\'A\'"\n'}
[4.616401] (interfaces) StderrLine: {'line': b'\n'}
[4.619745] (interfaces) StderrLine: {'line': b'  \n'}
[4.622776] (interfaces) StderrLine: {'line': b'\n'}
[4.625965] (interfaces) StderrLine: {'line': b'  During handling of the above exception, another exception occurred:\n'}
[4.628638] (interfaces) StderrLine: {'line': b'\n'}
[4.632322] (interfaces) StderrLine: {'line': b'  \n'}
[4.635002] (interfaces) StderrLine: {'line': b'\n'}
[4.637744] (interfaces) StderrLine: {'line': b'  Traceback (most recent call last):\n'}
[4.640326] (interfaces) StderrLine: {'line': b'\n'}
[4.643127] (interfaces) StderrLine: {'line': b'    File "/usr/lib/python3.10/runpy.py", line 196, in _run_module_as_main\n'}
[4.646091] (interfaces) StderrLine: {'line': b'      return _run_code(code, main_globals, None,\n'}
[4.648538] (-) TimerEvent: {}
[4.650255] (interfaces) StderrLine: {'line': b'    File "/usr/lib/python3.10/runpy.py", line 86, in _run_code\n'}
[4.651971] (interfaces) StderrLine: {'line': b'      exec(code, run_globals)\n'}
[4.652524] (interfaces) StderrLine: {'line': b'    File "/opt/ros/humble/local/lib/python3.10/dist-packages/rosidl_adapter/__main__.py", line 19, in <module>\n'}
[4.653050] (interfaces) StderrLine: {'line': b'      sys.exit(main())\n'}
[4.653562] (interfaces) StderrLine: {'line': b'    File "/opt/ros/humble/local/lib/python3.10/dist-packages/rosidl_adapter/main.py", line 53, in main\n'}
[4.654061] (interfaces) StderrLine: {'line': b'      abs_idl_file = convert_to_idl(\n'}
[4.654521] (interfaces) StderrLine: {'line': b'    File "/opt/ros/humble/local/lib/python3.10/dist-packages/rosidl_adapter/__init__.py", line 19, in convert_to_idl\n'}
[4.654971] (interfaces) StderrLine: {'line': b'      return convert_msg_to_idl(\n'}
[4.655517] (interfaces) StderrLine: {'line': b'    File "/opt/ros/humble/local/lib/python3.10/dist-packages/rosidl_adapter/msg/__init__.py", line 28, in convert_msg_to_idl\n'}
[4.656009] (interfaces) StderrLine: {'line': b'      msg = parse_message_string(package_name, input_file.stem, content)\n'}
[4.656475] (interfaces) StderrLine: {'line': b'    File "/opt/ros/humble/local/lib/python3.10/dist-packages/rosidl_adapter/parser.py", line 519, in parse_message_string\n'}
[4.656983] (interfaces) StderrLine: {'line': b'      fields.append(Field(\n'}
[4.657512] (interfaces) StderrLine: {'line': b'    File "/opt/ros/humble/local/lib/python3.10/dist-packages/rosidl_adapter/parser.py", line 361, in __init__\n'}
[4.657992] (interfaces) StderrLine: {'line': b'      self.default_value = parse_value_string(\n'}
[4.658490] (interfaces) StderrLine: {'line': b'    File "/opt/ros/humble/local/lib/python3.10/dist-packages/rosidl_adapter/parser.py", line 594, in parse_value_string\n'}
[4.658929] (interfaces) StderrLine: {'line': b'      return parse_primitive_value_string(type_, value_string)\n'}
[4.659391] (interfaces) StderrLine: {'line': b'    File "/opt/ros/humble/local/lib/python3.10/dist-packages/rosidl_adapter/parser.py", line 721, in parse_primitive_value_string\n'}
[4.659804] (interfaces) StderrLine: {'line': b'      raise ex\n'}
[4.660288] (interfaces) StderrLine: {'line': b'\n'}
[4.660736] (interfaces) StderrLine: {'line': b"  rosidl_adapter.parser.InvalidValue: value ''A'' can not be converted to\n"}
[4.661275] (interfaces) StderrLine: {'line': b"  type 'char': must be a valid integer value >= 0 and <= 255\n"}
[4.661698] (interfaces) StderrLine: {'line': b'\n'}
[4.662184] (interfaces) StderrLine: {'line': b'Call Stack (most recent call first):\n'}
[4.662581] (interfaces) StderrLine: {'line': b'  /opt/ros/humble/share/rosidl_cmake/cmake/rosidl_generate_interfaces.cmake:130 (rosidl_adapt_interfaces)\n'}
[4.663148] (interfaces) StderrLine: {'line': b'  CMakeLists.txt:27 (rosidl_generate_interfaces)\n'}
[4.663582] (interfaces) StderrLine: {'line': b'\n'}
[4.664064] (interfaces) StderrLine: {'line': b'\x1b[0m\n'}
[4.664513] (interfaces) StdoutLine: {'line': b'-- Configuring incomplete, errors occurred!\n'}
[4.665012] (interfaces) StdoutLine: {'line': b'See also "/home/pi/autocab/raspberryPI3/ros2_ws/build/interfaces/CMakeFiles/CMakeOutput.log".\n'}
[4.665606] (interfaces) StderrLine: {'line': b'gmake: *** [Makefile:2259: cmake_check_build_system] Error 1\n'}
[4.666071] (interfaces) CommandEnded: {'returncode': 2}
[4.748729] (-) TimerEvent: {}
[4.850208] (-) TimerEvent: {}
[4.950969] (-) TimerEvent: {}
[5.051758] (-) TimerEvent: {}
[5.152659] (-) TimerEvent: {}
[5.253689] (-) TimerEvent: {}
[5.354545] (-) TimerEvent: {}
[5.455374] (-) TimerEvent: {}
[5.556508] (-) TimerEvent: {}
[5.657371] (-) TimerEvent: {}
[5.758174] (-) TimerEvent: {}
[5.860101] (-) TimerEvent: {}
[5.961155] (-) TimerEvent: {}
[6.062001] (-) TimerEvent: {}
[6.140845] (interfaces) JobEnded: {'identifier': 'interfaces', 'rc': 2}
[6.153634] (-) EventReactorShutdown: {}
