[35m[1mConsolidate compiler generated dependencies of target car_control_node[0m
[ 20%] [32mBuilding CXX object CMakeFiles/car_control_node.dir/src/car_control_node.cpp.o[0m
[01m[K/home/pi/autocab/raspberryPI3/ros2_ws/src/car_control/src/car_control_node.cpp:[m[K In constructor â€˜[01m[Kcar_control::car_control()[m[Kâ€™:
[01m[K/home/pi/autocab/raspberryPI3/ros2_ws/src/car_control/src/car_control_node.cpp:48:26:[m[K [01;31m[Kerror: [m[Kincompatible types in assignment of â€˜[01m[Kfloat[m[Kâ€™ to â€˜[01m[Kstd::map<char, float [2]>::mapped_type[m[Kâ€™ {aka â€˜[01m[Kfloat [2][m[Kâ€™}
   48 |         coordinates['A'] = *tabA;
[01m[K/home/pi/autocab/raspberryPI3/ros2_ws/src/car_control/src/car_control_node.cpp:50:26:[m[K [01;31m[Kerror: [m[Kinvalid array assignment
   50 |         coordinates['B'] = tabB;
[01m[K/home/pi/autocab/raspberryPI3/ros2_ws/src/car_control/src/car_control_node.cpp:52:26:[m[K [01;31m[Kerror: [m[Kinvalid array assignment
   52 |         coordinates['C'] = tabC;
[01m[K/home/pi/autocab/raspberryPI3/ros2_ws/src/car_control/src/car_control_node.cpp:54:26:[m[K [01;31m[Kerror: [m[Kinvalid array assignment
   54 |         coordinates['D'] = tabD;
gmake[2]: *** [CMakeFiles/car_control_node.dir/build.make:76: CMakeFiles/car_control_node.dir/src/car_control_node.cpp.o] Error 1
gmake[1]: *** [CMakeFiles/Makefile2:137: CMakeFiles/car_control_node.dir/all] Error 2
gmake: *** [Makefile:146: all] Error 2
