[0.095s] Invoking command in '/home/pi/autocab/raspberryPI3/ros2_ws/build/car_control': CMAKE_PREFIX_PATH=/home/pi/autocab/raspberryPI3/ros2_ws/install/interfaces:/home/pi/autocab/raspberryPI3/ros2_ws/install/geicar_start:/home/pi/autocab/raspberryPI3/ros2_ws/install/system_check:/home/pi/autocab/raspberryPI3/ros2_ws/install/simulation:/home/pi/autocab/raspberryPI3/ros2_ws/install/imu_tools:/home/pi/autocab/raspberryPI3/ros2_ws/install/rviz_imu_plugin:/home/pi/autocab/raspberryPI3/ros2_ws/install/car_control:/home/pi/autocab/raspberryPI3/ros2_ws/install/can:/home/pi/autocab/raspberryPI3/ros2_ws/install/imu_filter_madgwick:/home/pi/autocab/raspberryPI3/ros2_ws/install/imu_complementary_filter:/home/pi/autocab/raspberryPI3/ros2_ws/install/carla_msgs:/home/pi/ros2_ws/install/geicar_start:/home/pi/ros2_ws/install/system_check:/home/pi/ros2_ws/install/simulation:/home/pi/ros2_ws/install/imu_tools:/home/pi/ros2_ws/install/rviz_imu_plugin:/home/pi/ros2_ws/install/joystick:/home/pi/ros2_ws/install/car_control:/home/pi/ros2_ws/install/can:/home/pi/ros2_ws/install/interfaces:/home/pi/ros2_ws/install/imu_filter_madgwick:/home/pi/ros2_ws/install/imu_complementary_filter:/home/pi/ros2_ws/install/carla_msgs:/opt/ros/humble LD_LIBRARY_PATH=/home/pi/autocab/raspberryPI3/ros2_ws/install/interfaces/lib:/home/pi/autocab/raspberryPI3/ros2_ws/install/rviz_imu_plugin/lib:/home/pi/autocab/raspberryPI3/ros2_ws/install/imu_filter_madgwick/lib:/home/pi/autocab/raspberryPI3/ros2_ws/install/carla_msgs/lib:/home/pi/ros2_ws/install/rviz_imu_plugin/lib:/home/pi/ros2_ws/install/interfaces/lib:/home/pi/ros2_ws/install/imu_filter_madgwick/lib:/home/pi/ros2_ws/install/carla_msgs/lib:/opt/ros/humble/opt/rviz_ogre_vendor/lib:/opt/ros/humble/lib/aarch64-linux-gnu:/opt/ros/humble/lib /usr/bin/cmake --build /home/pi/autocab/raspberryPI3/ros2_ws/build/car_control -- -j4 -l4
[0.318s] [35m[1mConsolidate compiler generated dependencies of target car_control_node[0m
[0.431s] [ 14%] [32mBuilding CXX object CMakeFiles/car_control_node.dir/src/car_control_node.cpp.o[0m
[1.984s] [01m[K/home/pi/autocab/raspberryPI3/ros2_ws/src/car_control/src/car_control_node.cpp:509:2:[m[K [01;31m[Kerror: [m[Kunterminated argument list invoking macro "RCLCPP_INFO"
[1.985s]   509 | }
[1.985s]       |  [01;31m[K^[m[K
[10.072s] [01m[K/home/pi/autocab/raspberryPI3/ros2_ws/src/car_control/src/car_control_node.cpp:259:36:[m[K [01;31m[Kerror: [m[Kexpected â€˜[01m[K}[m[Kâ€™ at end of input
[10.072s]   259 |                         RCLCPP_INFO[01;31m[K([m[Kthis->get_logger(), "Size de pathtofinal point %c", pathToFinalPoint.size();
[10.073s]       |                                    [01;31m[K^[m[K
[10.073s] [01m[K/home/pi/autocab/raspberryPI3/ros2_ws/src/car_control/src/car_control_node.cpp:28:41:[m[K [01;36m[Knote: [m[Kto match this â€˜[01m[K{[m[Kâ€™
[10.074s]    28 | class car_control : public rclcpp::Node [01;36m[K{[m[K
[10.074s]       |                                         [01;36m[K^[m[K
[10.093s] [01m[K/home/pi/autocab/raspberryPI3/ros2_ws/src/car_control/src/car_control_node.cpp:[m[K In constructor â€˜[01m[Kcar_control::car_control()[m[Kâ€™:
[10.094s] [01m[K/home/pi/autocab/raspberryPI3/ros2_ws/src/car_control/src/car_control_node.cpp:34:9:[m[K [01;31m[Kerror: [m[Kâ€˜[01m[Kstart[m[Kâ€™ was not declared in this scope
[10.094s]    34 |         [01;31m[Kstart[m[K = false;
[10.095s]       |         [01;31m[K^~~~~[m[K
[10.111s] [01m[K/home/pi/autocab/raspberryPI3/ros2_ws/src/car_control/src/car_control_node.cpp:35:9:[m[K [01;31m[Kerror: [m[Kâ€˜[01m[Kmode[m[Kâ€™ was not declared in this scope; did you mean â€˜[01m[KNode[m[Kâ€™?
[10.111s]    35 |         [01;31m[Kmode[m[K = 0;
[10.112s]       |         [01;31m[K^~~~[m[K
[10.112s]       |         [32m[KNode[m[K
[10.143s] [01m[K/home/pi/autocab/raspberryPI3/ros2_ws/src/car_control/src/car_control_node.cpp:37:9:[m[K [01;31m[Kerror: [m[Kâ€˜[01m[KrequestedThrottle[m[Kâ€™ was not declared in this scope
[10.144s]    37 |         [01;31m[KrequestedThrottle[m[K = 0;
[10.144s]       |         [01;31m[K^~~~~~~~~~~~~~~~~[m[K
[10.181s] [01m[K/home/pi/autocab/raspberryPI3/ros2_ws/src/car_control/src/car_control_node.cpp:38:9:[m[K [01;31m[Kerror: [m[Kâ€˜[01m[KrequestedSteerAngle[m[Kâ€™ was not declared in this scope
[10.182s]    38 |         [01;31m[KrequestedSteerAngle[m[K = 0;
[10.182s]       |         [01;31m[K^~~~~~~~~~~~~~~~~~~[m[K
[10.212s] [01m[K/home/pi/autocab/raspberryPI3/ros2_ws/src/car_control/src/car_control_node.cpp:39:9:[m[K [01;31m[Kerror: [m[Kâ€˜[01m[KcurrentLatitude[m[Kâ€™ was not declared in this scope
[10.212s]    39 |         [01;31m[KcurrentLatitude[m[K = 0;
[10.213s]       |         [01;31m[K^~~~~~~~~~~~~~~[m[K
[10.244s] [01m[K/home/pi/autocab/raspberryPI3/ros2_ws/src/car_control/src/car_control_node.cpp:40:9:[m[K [01;31m[Kerror: [m[Kâ€˜[01m[KcurrentLongitude[m[Kâ€™ was not declared in this scope
[10.245s]    40 |         [01;31m[KcurrentLongitude[m[K = 0;
[10.245s]       |         [01;31m[K^~~~~~~~~~~~~~~~[m[K
[10.277s] [01m[K/home/pi/autocab/raspberryPI3/ros2_ws/src/car_control/src/car_control_node.cpp:41:9:[m[K [01;31m[Kerror: [m[Kâ€˜[01m[KcurrentDirection[m[Kâ€™ was not declared in this scope
[10.278s]    41 |         [01;31m[KcurrentDirection[m[K[0]=1;
[10.278s]       |         [01;31m[K^~~~~~~~~~~~~~~~[m[K
[10.306s] [01m[K/home/pi/autocab/raspberryPI3/ros2_ws/src/car_control/src/car_control_node.cpp:54:9:[m[K [01;31m[Kerror: [m[Kâ€˜[01m[KdeparturePoint[m[Kâ€™ was not declared in this scope
[10.306s]    54 |         [01;31m[KdeparturePoint[m[K = 'A';
[10.307s]       |         [01;31m[K^~~~~~~~~~~~~~[m[K
[10.329s] [01m[K/home/pi/autocab/raspberryPI3/ros2_ws/src/car_control/src/car_control_node.cpp:55:9:[m[K [01;31m[Kerror: [m[Kâ€˜[01m[KfinalPoint[m[Kâ€™ was not declared in this scope
[10.330s]    55 |         [01;31m[KfinalPoint[m[K = 'C';
[10.330s]       |         [01;31m[K^~~~~~~~~~[m[K
[10.355s] [01m[K/home/pi/autocab/raspberryPI3/ros2_ws/src/car_control/src/car_control_node.cpp:56:9:[m[K [01;31m[Kerror: [m[Kâ€˜[01m[KcurrentPoint[m[Kâ€™ was not declared in this scope
[10.356s]    56 |         [01;31m[KcurrentPoint[m[K = 'A' ;
[10.356s]       |         [01;31m[K^~~~~~~~~~~~[m[K
[10.394s] [01m[K/home/pi/autocab/raspberryPI3/ros2_ws/src/car_control/src/car_control_node.cpp:57:9:[m[K [01;31m[Kerror: [m[Kâ€˜[01m[KdeparturePointReached[m[Kâ€™ was not declared in this scope
[10.395s]    57 |         [01;31m[KdeparturePointReached[m[K = false;
[10.395s]       |         [01;31m[K^~~~~~~~~~~~~~~~~~~~~[m[K
[10.428s] [01m[K/home/pi/autocab/raspberryPI3/ros2_ws/src/car_control/src/car_control_node.cpp:58:9:[m[K [01;31m[Kerror: [m[Kâ€˜[01m[KfinalPointReached[m[Kâ€™ was not declared in this scope
[10.428s]    58 |         [01;31m[KfinalPointReached[m[K = false;
[10.428s]       |         [01;31m[K^~~~~~~~~~~~~~~~~[m[K
[10.465s] [01m[K/home/pi/autocab/raspberryPI3/ros2_ws/src/car_control/src/car_control_node.cpp:59:9:[m[K [01;31m[Kerror: [m[Kâ€˜[01m[KarrivedAtCurrentPoint[m[Kâ€™ was not declared in this scope
[10.465s]    59 |         [01;31m[KarrivedAtCurrentPoint[m[K = false;
[10.466s]       |         [01;31m[K^~~~~~~~~~~~~~~~~~~~~[m[K
[10.493s] [01m[K/home/pi/autocab/raspberryPI3/ros2_ws/src/car_control/src/car_control_node.cpp:60:9:[m[K [01;31m[Kerror: [m[Kâ€˜[01m[KrequestNumber[m[Kâ€™ was not declared in this scope
[10.493s]    60 |         [01;31m[KrequestNumber[m[K = 0;
[10.494s]       |         [01;31m[K^~~~~~~~~~~~~[m[K
[10.518s] [01m[K/home/pi/autocab/raspberryPI3/ros2_ws/src/car_control/src/car_control_node.cpp:62:10:[m[K [01;31m[Kerror: [m[Kâ€˜[01m[Kcoordinates[m[Kâ€™ was not declared in this scope
[10.518s]    62 |         ([01;31m[Kcoordinates[m[K['A'])[0] = 43.570593;
[10.518s]       |          [01;31m[K^~~~~~~~~~~[m[K
[10.536s] [01m[K/home/pi/autocab/raspberryPI3/ros2_ws/src/car_control/src/car_control_node.cpp:86:9:[m[K [01;31m[Kerror: [m[Kâ€˜[01m[Kgraph[m[Kâ€™ was not declared in this scope; did you mean â€˜[01m[KGraph[m[Kâ€™?
[10.536s]    86 |         [01;31m[Kgraph[m[K.createGraph(coordinates);
[10.537s]       |         [01;31m[K^~~~~[m[K
[10.537s]       |         [32m[KGraph[m[K
[10.573s] [01m[K/home/pi/autocab/raspberryPI3/ros2_ws/src/car_control/src/car_control_node.cpp:89:9:[m[K [01;31m[Kerror: [m[Kâ€˜[01m[KpathToDeparturePoint[m[Kâ€™ was not declared in this scope
[10.573s]    89 |         [01;31m[KpathToDeparturePoint[m[K = graph.shortest_path(currentPoint, departurePoint);
[10.574s]       |         [01;31m[K^~~~~~~~~~~~~~~~~~~~[m[K
[10.606s] [01m[K/home/pi/autocab/raspberryPI3/ros2_ws/src/car_control/src/car_control_node.cpp:93:9:[m[K [01;31m[Kerror: [m[Kâ€˜[01m[KpathToFinalPoint[m[Kâ€™ was not declared in this scope
[10.607s]    93 |         [01;31m[KpathToFinalPoint[m[K = graph.shortest_path(departurePoint, finalPoint);
[10.607s]       |         [01;31m[K^~~~~~~~~~~~~~~~[m[K
[10.634s] [01m[K/home/pi/autocab/raspberryPI3/ros2_ws/src/car_control/src/car_control_node.cpp:99:9:[m[K [01;31m[Kerror: [m[Kâ€˜[01m[Kpublisher_can_[m[Kâ€™ was not declared in this scope
[10.635s]    99 |         [01;31m[Kpublisher_can_[m[K= this->create_publisher<interfaces::msg::MotorsOrder>("motors_order", 10);
[10.635s]       |         [01;31m[K^~~~~~~~~~~~~~[m[K
[10.696s] [01m[K/home/pi/autocab/raspberryPI3/ros2_ws/src/car_control/src/car_control_node.cpp:101:9:[m[K [01;31m[Kerror: [m[Kâ€˜[01m[Kpublisher_steeringCalibration_[m[Kâ€™ was not declared in this scope
[10.696s]   101 |         [01;31m[Kpublisher_steeringCalibration_[m[K = this->create_publisher<interfaces::msg::SteeringCalibration>("steering_calibration", 10);
[10.697s]       |         [01;31m[K^~~~~~~~~~~~~~~~~~~~~~~~~~~~~~[m[K
[10.747s] [01m[K/home/pi/autocab/raspberryPI3/ros2_ws/src/car_control/src/car_control_node.cpp:105:9:[m[K [01;31m[Kerror: [m[Kâ€˜[01m[Ksubscription_joystick_order_[m[Kâ€™ was not declared in this scope
[10.748s]   105 |         [01;31m[Ksubscription_joystick_order_[m[K = this->create_subscription<interfaces::msg::JoystickOrder>(
[10.748s]       |         [01;31m[K^~~~~~~~~~~~~~~~~~~~~~~~~~~~[m[K
[10.963s] [01m[K/home/pi/autocab/raspberryPI3/ros2_ws/src/car_control/src/car_control_node.cpp:108:9:[m[K [01;31m[Kerror: [m[Kâ€˜[01m[Ksubscription_motors_feedback_[m[Kâ€™ was not declared in this scope
[10.964s]   108 |         [01;31m[Ksubscription_motors_feedback_[m[K = this->create_subscription<interfaces::msg::MotorsFeedback>(
[10.964s]       |         [01;31m[K^~~~~~~~~~~~~~~~~~~~~~~~~~~~~[m[K
[11.173s] [01m[K/home/pi/autocab/raspberryPI3/ros2_ws/src/car_control/src/car_control_node.cpp:111:9:[m[K [01;31m[Kerror: [m[Kâ€˜[01m[Ksubscription_steering_calibration_[m[Kâ€™ was not declared in this scope
[11.174s]   111 |         [01;31m[Ksubscription_steering_calibration_[m[K = this->create_subscription<interfaces::msg::SteeringCalibration>(
[11.174s]       |         [01;31m[K^~~~~~~~~~~~~~~~~~~~~~~~~~~~~~~~~~[m[K
[11.174s] [01m[K/home/pi/autocab/raspberryPI3/ros2_ws/src/car_control/src/car_control_node.cpp:112:61:[m[K [01;31m[Kerror: [m[Kâ€˜[01m[KsteeringCalibrationCallback[m[Kâ€™ is not a member of â€˜[01m[Kcar_control[m[Kâ€™
[11.175s]   112 |         "steering_calibration", 10, std::bind(&car_control::[01;31m[KsteeringCalibrationCallback[m[K, this, _1));
[11.175s]       |                                                             [01;31m[K^~~~~~~~~~~~~~~~~~~~~~~~~~~[m[K
[11.212s] [01m[K/home/pi/autocab/raspberryPI3/ros2_ws/src/car_control/src/car_control_node.cpp:114:9:[m[K [01;31m[Kerror: [m[Kâ€˜[01m[Ksubscription_gnss_data_[m[Kâ€™ was not declared in this scope
[11.212s]   114 |         [01;31m[Ksubscription_gnss_data_[m[K = this->create_subscription<interfaces::msg::Gnss>(
[11.213s]       |         [01;31m[K^~~~~~~~~~~~~~~~~~~~~~~[m[K
[11.213s] [01m[K/home/pi/autocab/raspberryPI3/ros2_ws/src/car_control/src/car_control_node.cpp:115:50:[m[K [01;31m[Kerror: [m[Kâ€˜[01m[KgnssDataCallback[m[Kâ€™ is not a member of â€˜[01m[Kcar_control[m[Kâ€™
[11.214s]   115 |         "gnss_data", 10, std::bind(&car_control::[01;31m[KgnssDataCallback[m[K, this, _1));
[11.214s]       |                                                  [01;31m[K^~~~~~~~~~~~~~~~[m[K
[11.253s] [01m[K/home/pi/autocab/raspberryPI3/ros2_ws/src/car_control/src/car_control_node.cpp:117:9:[m[K [01;31m[Kerror: [m[Kâ€˜[01m[Ksubscription_serveur_data_[m[Kâ€™ was not declared in this scope
[11.254s]   117 |         [01;31m[Ksubscription_serveur_data_[m[K = this->create_subscription<interfaces::msg::Serveur>(
[11.254s]       |         [01;31m[K^~~~~~~~~~~~~~~~~~~~~~~~~~[m[K
[11.255s] [01m[K/home/pi/autocab/raspberryPI3/ros2_ws/src/car_control/src/car_control_node.cpp:118:53:[m[K [01;31m[Kerror: [m[Kâ€˜[01m[KserveurDataCallback[m[Kâ€™ is not a member of â€˜[01m[Kcar_control[m[Kâ€™
[11.255s]   118 |         "serveur_data", 10, std::bind(&car_control::[01;31m[KserveurDataCallback[m[K, this, _1));
[11.255s]       |                                                     [01;31m[K^~~~~~~~~~~~~~~~~~~[m[K
[11.290s] [01m[K/home/pi/autocab/raspberryPI3/ros2_ws/src/car_control/src/car_control_node.cpp:120:9:[m[K [01;31m[Kerror: [m[Kâ€˜[01m[Ksubscription_us_data[m[Kâ€™ was not declared in this scope
[11.290s]   120 |         [01;31m[Ksubscription_us_data[m[K = this->create_subscription<interfaces::msg::Ultrasonic>(
[11.290s]       |         [01;31m[K^~~~~~~~~~~~~~~~~~~~[m[K
[11.491s] [01m[K/home/pi/autocab/raspberryPI3/ros2_ws/src/car_control/src/car_control_node.cpp:125:9:[m[K [01;31m[Kerror: [m[Kâ€˜[01m[Kserver_calibration_[m[Kâ€™ was not declared in this scope
[11.491s]   125 |         [01;31m[Kserver_calibration_[m[K = this->create_service<std_srvs::srv::Empty>(
[11.492s]       |         [01;31m[K^~~~~~~~~~~~~~~~~~~[m[K
[11.492s] [01m[K/home/pi/autocab/raspberryPI3/ros2_ws/src/car_control/src/car_control_node.cpp:126:77:[m[K [01;31m[Kerror: [m[Kâ€˜[01m[KsteeringCalibration[m[Kâ€™ is not a member of â€˜[01m[Kcar_control[m[Kâ€™
[11.492s]   126 |                             "steering_calibration", std::bind(&car_control::[01;31m[KsteeringCalibration[m[K, this, std::placeholders::_1, std::placeholders::_2));
[11.493s]       |                                                                             [01;31m[K^~~~~~~~~~~~~~~~~~~[m[K
[11.509s] [01m[K/home/pi/autocab/raspberryPI3/ros2_ws/src/car_control/src/car_control_node.cpp:128:9:[m[K [01;31m[Kerror: [m[Kâ€˜[01m[Ktimer_[m[Kâ€™ was not declared in this scope; did you mean â€˜[01m[Ktimer_t[m[Kâ€™?
[11.509s]   128 |         [01;31m[Ktimer_[m[K = this->create_wall_timer(PERIOD_UPDATE_CMD, std::bind(&car_control::updateCmd, this));
[11.510s]       |         [01;31m[K^~~~~~[m[K
[11.510s]       |         [32m[Ktimer_t[m[K
[11.562s] [01m[K/home/pi/autocab/raspberryPI3/ros2_ws/src/car_control/src/car_control_node.cpp:[m[K In member function â€˜[01m[Kvoid car_control::usDataCallback(const Ultrasonic&)[m[Kâ€™:
[11.562s] [01m[K/home/pi/autocab/raspberryPI3/ros2_ws/src/car_control/src/car_control_node.cpp:140:9:[m[K [01;31m[Kerror: [m[Kâ€˜[01m[Kfront_left[m[Kâ€™ was not declared in this scope
[11.563s]   140 |         [01;31m[Kfront_left[m[K = usData.front_left;
[11.563s]       |         [01;31m[K^~~~~~~~~~[m[K
[11.588s] [01m[K/home/pi/autocab/raspberryPI3/ros2_ws/src/car_control/src/car_control_node.cpp:141:9:[m[K [01;31m[Kerror: [m[Kâ€˜[01m[Kfront_center[m[Kâ€™ was not declared in this scope
[11.588s]   141 |         [01;31m[Kfront_center[m[K = usData.front_center;
[11.589s]       |         [01;31m[K^~~~~~~~~~~~[m[K
[11.612s] [01m[K/home/pi/autocab/raspberryPI3/ros2_ws/src/car_control/src/car_control_node.cpp:142:9:[m[K [01;31m[Kerror: [m[Kâ€˜[01m[Kfront_right[m[Kâ€™ was not declared in this scope
[11.613s]   142 |         [01;31m[Kfront_right[m[K = usData.front_right;
[11.613s]       |         [01;31m[K^~~~~~~~~~~[m[K
[11.635s] [01m[K/home/pi/autocab/raspberryPI3/ros2_ws/src/car_control/src/car_control_node.cpp:144:9:[m[K [01;31m[Kerror: [m[Kâ€˜[01m[Krear_left[m[Kâ€™ was not declared in this scope
[11.636s]   144 |         [01;31m[Krear_left[m[K = usData.rear_left;
[11.636s]       |         [01;31m[K^~~~~~~~~[m[K
[11.659s] [01m[K/home/pi/autocab/raspberryPI3/ros2_ws/src/car_control/src/car_control_node.cpp:145:9:[m[K [01;31m[Kerror: [m[Kâ€˜[01m[Krear_center[m[Kâ€™ was not declared in this scope
[11.660s]   145 |         [01;31m[Krear_center[m[K = usData.rear_center;
[11.660s]       |         [01;31m[K^~~~~~~~~~~[m[K
[11.683s] [01m[K/home/pi/autocab/raspberryPI3/ros2_ws/src/car_control/src/car_control_node.cpp:146:9:[m[K [01;31m[Kerror: [m[Kâ€˜[01m[Krear_right[m[Kâ€™ was not declared in this scope
[11.683s]   146 |         [01;31m[Krear_right[m[K = usData.rear_right;
[11.684s]       |         [01;31m[K^~~~~~~~~~[m[K
[11.701s] [01m[K/home/pi/autocab/raspberryPI3/ros2_ws/src/car_control/src/car_control_node.cpp:[m[K In member function â€˜[01m[Kvoid car_control::joystickOrderCallback(const JoystickOrder&)[m[Kâ€™:
[11.702s] [01m[K/home/pi/autocab/raspberryPI3/ros2_ws/src/car_control/src/car_control_node.cpp:159:31:[m[K [01;31m[Kerror: [m[Kâ€˜[01m[Kstart[m[Kâ€™ was not declared in this scope
[11.702s]   159 |         if (joyOrder.start != [01;31m[Kstart[m[K){
[11.703s]       |                               [01;31m[K^~~~~[m[K
[11.721s] [01m[K/home/pi/autocab/raspberryPI3/ros2_ws/src/car_control/src/car_control_node.cpp:169:30:[m[K [01;31m[Kerror: [m[Kâ€˜[01m[Kmode[m[Kâ€™ was not declared in this scope; did you mean â€˜[01m[KNode[m[Kâ€™?
[11.722s]   169 |         if (joyOrder.mode != [01;31m[Kmode[m[K && joyOrder.mode != -1){ //if mode change
[11.722s]       |                              [01;31m[K^~~~[m[K
[11.722s]       |                              [32m[KNode[m[K
[11.766s] [01m[K/home/pi/autocab/raspberryPI3/ros2_ws/src/car_control/src/car_control_node.cpp:182:17:[m[K [01;31m[Kerror: [m[Kâ€˜[01m[KstartSteeringCalibration[m[Kâ€™ was not declared in this scope
[11.766s]   182 |                 [01;31m[KstartSteeringCalibration[m[K();
[11.767s]       |                 [01;31m[K^~~~~~~~~~~~~~~~~~~~~~~~[m[K
[11.784s] [01m[K/home/pi/autocab/raspberryPI3/ros2_ws/src/car_control/src/car_control_node.cpp:186:13:[m[K [01;31m[Kerror: [m[Kâ€˜[01m[Kmode[m[Kâ€™ was not declared in this scope; did you mean â€˜[01m[KNode[m[Kâ€™?
[11.784s]   186 |         if ([01;31m[Kmode[m[K == 0 && start){  //if manual mode -> update requestedThrottle, requestedSteerAngle and reverse from joystick order
[11.785s]       |             [01;31m[K^~~~[m[K
[11.785s]       |             [32m[KNode[m[K
[11.802s] [01m[K/home/pi/autocab/raspberryPI3/ros2_ws/src/car_control/src/car_control_node.cpp:186:26:[m[K [01;31m[Kerror: [m[Kâ€˜[01m[Kstart[m[Kâ€™ was not declared in this scope
[11.802s]   186 |         if (mode == 0 && [01;31m[Kstart[m[K){  //if manual mode -> update requestedThrottle, requestedSteerAngle and reverse from joystick order
[11.803s]       |                          [01;31m[K^~~~~[m[K
[11.835s] [01m[K/home/pi/autocab/raspberryPI3/ros2_ws/src/car_control/src/car_control_node.cpp:187:13:[m[K [01;31m[Kerror: [m[Kâ€˜[01m[KrequestedThrottle[m[Kâ€™ was not declared in this scope
[11.835s]   187 |             [01;31m[KrequestedThrottle[m[K = joyOrder.throttle;
[11.836s]       |             [01;31m[K^~~~~~~~~~~~~~~~~[m[K
[11.871s] [01m[K/home/pi/autocab/raspberryPI3/ros2_ws/src/car_control/src/car_control_node.cpp:188:13:[m[K [01;31m[Kerror: [m[Kâ€˜[01m[KrequestedSteerAngle[m[Kâ€™ was not declared in this scope
[11.871s]   188 |             [01;31m[KrequestedSteerAngle[m[K = joyOrder.steer;
[11.872s]       |             [01;31m[K^~~~~~~~~~~~~~~~~~~[m[K
[11.872s] [01m[K/home/pi/autocab/raspberryPI3/ros2_ws/src/car_control/src/car_control_node.cpp:189:32:[m[K [01;31m[Kerror: [m[Koverloaded function with no contextual type information
[11.873s]   189 |             reverse = joyOrder.[01;31m[Kreverse[m[K;
[11.873s]       |                                [01;31m[K^~~~~~~[m[K
[11.898s] [01m[K/home/pi/autocab/raspberryPI3/ros2_ws/src/car_control/src/car_control_node.cpp:[m[K In member function â€˜[01m[Kvoid car_control::motorsFeedbackCallback(const MotorsFeedback&)[m[Kâ€™:
[11.899s] [01m[K/home/pi/autocab/raspberryPI3/ros2_ws/src/car_control/src/car_control_node.cpp:199:9:[m[K [01;31m[Kerror: [m[Kâ€˜[01m[KcurrentAngle[m[Kâ€™ was not declared in this scope
[11.899s]   199 |         [01;31m[KcurrentAngle[m[K = motorsFeedback.steering_angle;
[11.899s]       |         [01;31m[K^~~~~~~~~~~~[m[K
[11.923s] [01m[K/home/pi/autocab/raspberryPI3/ros2_ws/src/car_control/src/car_control_node.cpp:200:9:[m[K [01;31m[Kerror: [m[Kâ€˜[01m[KleftRearRPM[m[Kâ€™ was not declared in this scope
[11.923s]   200 |         [01;31m[KleftRearRPM[m[K = motorsFeedback.left_rear_speed;
[11.924s]       |         [01;31m[K^~~~~~~~~~~[m[K
[11.949s] [01m[K/home/pi/autocab/raspberryPI3/ros2_ws/src/car_control/src/car_control_node.cpp:201:9:[m[K [01;31m[Kerror: [m[Kâ€˜[01m[KrightRearRPM[m[Kâ€™ was not declared in this scope
[11.949s]   201 |         [01;31m[KrightRearRPM[m[K = motorsFeedback.right_rear_speed;
[11.950s]       |         [01;31m[K^~~~~~~~~~~~[m[K
[11.967s] [01m[K/home/pi/autocab/raspberryPI3/ros2_ws/src/car_control/src/car_control_node.cpp:[m[K In member function â€˜[01m[Kvoid car_control::updateCmd()[m[Kâ€™:
[11.968s] [01m[K/home/pi/autocab/raspberryPI3/ros2_ws/src/car_control/src/car_control_node.cpp:217:14:[m[K [01;31m[Kerror: [m[Kâ€˜[01m[Kstart[m[Kâ€™ was not declared in this scope
[11.968s]   217 |         if (![01;31m[Kstart[m[K)
[11.969s]       |              [01;31m[K^~~~~[m[K
[11.996s] [01m[K/home/pi/autocab/raspberryPI3/ros2_ws/src/car_control/src/car_control_node.cpp:219:13:[m[K [01;31m[Kerror: [m[Kâ€˜[01m[KleftRearPwmCmd[m[Kâ€™ was not declared in this scope
[11.997s]   219 |             [01;31m[KleftRearPwmCmd[m[K = STOP;
[11.997s]       |             [01;31m[K^~~~~~~~~~~~~~[m[K
[12.026s] [01m[K/home/pi/autocab/raspberryPI3/ros2_ws/src/car_control/src/car_control_node.cpp:220:13:[m[K [01;31m[Kerror: [m[Kâ€˜[01m[KrightRearPwmCmd[m[Kâ€™ was not declared in this scope
[12.027s]   220 |             [01;31m[KrightRearPwmCmd[m[K = STOP;
[12.027s]       |             [01;31m[K^~~~~~~~~~~~~~~[m[K
[12.048s] [01m[K/home/pi/autocab/raspberryPI3/ros2_ws/src/car_control/src/car_control_node.cpp:221:13:[m[K [01;31m[Kerror: [m[Kâ€˜[01m[KsteeringPwmCmd[m[Kâ€™ was not declared in this scope; did you mean â€˜[01m[KsteeringCmd[m[Kâ€™?
[12.049s]   221 |             [01;31m[KsteeringPwmCmd[m[K = STOP;
[12.049s]       |             [01;31m[K^~~~~~~~~~~~~~[m[K
[12.050s]       |             [32m[KsteeringCmd[m[K
[12.066s] [01m[K/home/pi/autocab/raspberryPI3/ros2_ws/src/car_control/src/car_control_node.cpp:227:17:[m[K [01;31m[Kerror: [m[Kâ€˜[01m[Kmode[m[Kâ€™ was not declared in this scope; did you mean â€˜[01m[KNode[m[Kâ€™?
[12.066s]   227 |             if ([01;31m[Kmode[m[K==0)
[12.066s]       |                 [01;31m[K^~~~[m[K
[12.067s]       |                 [32m[KNode[m[K
[12.104s] [01m[K/home/pi/autocab/raspberryPI3/ros2_ws/src/car_control/src/car_control_node.cpp:233:22:[m[K [01;31m[Kerror: [m[Kâ€˜[01m[KarrivedAtCurrentPoint[m[Kâ€™ was not declared in this scope
[12.104s]   233 |                 if (![01;31m[KarrivedAtCurrentPoint[m[K){
[12.105s]       |                      [01;31m[K^~~~~~~~~~~~~~~~~~~~~[m[K
[12.135s] [01m[K/home/pi/autocab/raspberryPI3/ros2_ws/src/car_control/src/car_control_node.cpp:235:58:[m[K [01;31m[Kerror: [m[Kâ€˜[01m[KcurrentLatitude[m[Kâ€™ was not declared in this scope
[12.136s]   235 |                     arrivedAtCurrentPoint = straightLine([01;31m[KcurrentLatitude[m[K, currentLongitude, (coordinates[currentPoint])[0], (coordinates[currentPoint])[1], currentDirection, requestedThrottle, reverse, requestedSteerAngle, this->get_logger());
[12.136s]       |                                                          [01;31m[K^~~~~~~~~~~~~~~[m[K
[12.167s] [01m[K/home/pi/autocab/raspberryPI3/ros2_ws/src/car_control/src/car_control_node.cpp:235:75:[m[K [01;31m[Kerror: [m[Kâ€˜[01m[KcurrentLongitude[m[Kâ€™ was not declared in this scope
[12.168s]   235 |                     arrivedAtCurrentPoint = straightLine(currentLatitude, [01;31m[KcurrentLongitude[m[K, (coordinates[currentPoint])[0], (coordinates[currentPoint])[1], currentDirection, requestedThrottle, reverse, requestedSteerAngle, this->get_logger());
[12.168s]       |                                                                           [01;31m[K^~~~~~~~~~~~~~~~[m[K
[12.193s] [01m[K/home/pi/autocab/raspberryPI3/ros2_ws/src/car_control/src/car_control_node.cpp:235:94:[m[K [01;31m[Kerror: [m[Kâ€˜[01m[Kcoordinates[m[Kâ€™ was not declared in this scope
[12.194s]   235 |                     arrivedAtCurrentPoint = straightLine(currentLatitude, currentLongitude, ([01;31m[Kcoordinates[m[K[currentPoint])[0], (coordinates[currentPoint])[1], currentDirection, requestedThrottle, reverse, requestedSteerAngle, this->get_logger());
[12.194s]       |                                                                                              [01;31m[K^~~~~~~~~~~[m[K
[12.219s] [01m[K/home/pi/autocab/raspberryPI3/ros2_ws/src/car_control/src/car_control_node.cpp:235:106:[m[K [01;31m[Kerror: [m[Kâ€˜[01m[KcurrentPoint[m[Kâ€™ was not declared in this scope
[12.219s]   235 |                     arrivedAtCurrentPoint = straightLine(currentLatitude, currentLongitude, (coordinates[[01;31m[KcurrentPoint[m[K])[0], (coordinates[currentPoint])[1], currentDirection, requestedThrottle, reverse, requestedSteerAngle, this->get_logger());
[12.220s]       |                                                                                                          [01;31m[K^~~~~~~~~~~~[m[K
[12.251s] [01m[K/home/pi/autocab/raspberryPI3/ros2_ws/src/car_control/src/car_control_node.cpp:235:157:[m[K [01;31m[Kerror: [m[Kâ€˜[01m[KcurrentDirection[m[Kâ€™ was not declared in this scope
[12.252s]   235 |                 arrivedAtCurrentPoint = straightLine(currentLatitude, currentLongitude, (coordinates[currentPoint])[0], (coordinates[currentPoint])[1], [01;31m[KcurrentDirection[m[K, requestedThrottle, reverse, requestedSteerAngle, this->get_logger());
[12.252s]       |                                                                                                                                                         [01;31m[K^~~~~~~~~~~~~~~~[m[K
[12.253s] 
[12.285s] [01m[K/home/pi/autocab/raspberryPI3/ros2_ws/src/car_control/src/car_control_node.cpp:235:175:[m[K [01;31m[Kerror: [m[Kâ€˜[01m[KrequestedThrottle[m[Kâ€™ was not declared in this scope
[12.285s]   235 | rivedAtCurrentPoint = straightLine(currentLatitude, currentLongitude, (coordinates[currentPoint])[0], (coordinates[currentPoint])[1], currentDirection, [01;31m[KrequestedThrottle[m[K, reverse, requestedSteerAngle, this->get_logger());
[12.286s]       |                                                                                                                                                         [01;31m[K^~~~~~~~~~~~~~~~~[m[K
[12.286s] 
[12.320s] [01m[K/home/pi/autocab/raspberryPI3/ros2_ws/src/car_control/src/car_control_node.cpp:235:203:[m[K [01;31m[Kerror: [m[Kâ€˜[01m[KrequestedSteerAngle[m[Kâ€™ was not declared in this scope
[12.321s]   235 | htLine(currentLatitude, currentLongitude, (coordinates[currentPoint])[0], (coordinates[currentPoint])[1], currentDirection, requestedThrottle, reverse, [01;31m[KrequestedSteerAngle[m[K, this->get_logger());
[12.321s]       |                                                                                                                                                         [01;31m[K^~~~~~~~~~~~~~~~~~~[m[K
[12.322s] 
[12.360s] [01m[K/home/pi/autocab/raspberryPI3/ros2_ws/src/car_control/src/car_control_node.cpp:243:26:[m[K [01;31m[Kerror: [m[Kâ€˜[01m[KdeparturePointReached[m[Kâ€™ was not declared in this scope
[12.360s]   243 |                     if (![01;31m[KdeparturePointReached[m[K){
[12.361s]       |                          [01;31m[K^~~~~~~~~~~~~~~~~~~~~[m[K
[12.399s] In file included from [01m[K/opt/ros/humble/include/rclcpp/rclcpp/logging.hpp:24[m[K,
[12.400s]                  from [01m[K/opt/ros/humble/include/rclcpp/rclcpp/client.hpp:40[m[K,
[12.400s]                  from [01m[K/opt/ros/humble/include/rclcpp/rclcpp/callback_group.hpp:23[m[K,
[12.401s]                  from [01m[K/opt/ros/humble/include/rclcpp/rclcpp/any_executable.hpp:20[m[K,
[12.401s]                  from [01m[K/opt/ros/humble/include/rclcpp/rclcpp/memory_strategy.hpp:25[m[K,
[12.401s]                  from [01m[K/opt/ros/humble/include/rclcpp/rclcpp/memory_strategies.hpp:18[m[K,
[12.402s]                  from [01m[K/opt/ros/humble/include/rclcpp/rclcpp/executor_options.hpp:20[m[K,
[12.402s]                  from [01m[K/opt/ros/humble/include/rclcpp/rclcpp/executor.hpp:37[m[K,
[12.402s]                  from [01m[K/opt/ros/humble/include/rclcpp/rclcpp/executors/multi_threaded_executor.hpp:25[m[K,
[12.403s]                  from [01m[K/opt/ros/humble/include/rclcpp/rclcpp/executors.hpp:21[m[K,
[12.403s]                  from [01m[K/opt/ros/humble/include/rclcpp/rclcpp/rclcpp.hpp:155[m[K,
[12.404s]                  from [01m[K/home/pi/autocab/raspberryPI3/ros2_ws/src/car_control/src/car_control_node.cpp:1[m[K:
[12.404s] [01m[K/home/pi/autocab/raspberryPI3/ros2_ws/src/car_control/src/car_control_node.cpp:244:101:[m[K [01;31m[Kerror: [m[Kâ€˜[01m[KpathToDeparturePoint[m[Kâ€™ was not declared in this scope
[12.404s]   244 |                         RCLCPP_INFO(this->get_logger(), "En dÃ©plaÃ§ement vers le departurepoint %c", [01;31m[KpathToDeparturePoint[m[K[pathToDeparturePoint.size()-1]);
[12.405s]       |                                                                                                     [01;31m[K^~~~~~~~~~~~~~~~~~~~[m[K
[12.431s] [01m[K/home/pi/autocab/raspberryPI3/ros2_ws/src/car_control/src/car_control_node.cpp:245:48:[m[K [01;31m[Kerror: [m[Kâ€˜[01m[KcurrentLatitude[m[Kâ€™ was not declared in this scope
[12.432s]   245 |                         arrived = straightLine([01;31m[KcurrentLatitude[m[K, currentLongitude, (coordinates[pathToDeparturePoint[pathToDeparturePoint.size()-1]])[0], (coordinates[pathToDeparturePoint[pathToDeparturePoint.size()-1]])[1], currentDirection, requestedThrottle, reverse, requestedSteerAngle, this->get_logger());
[12.432s]       |                                                [01;31m[K^~~~~~~~~~~~~~~[m[K
[12.464s] [01m[K/home/pi/autocab/raspberryPI3/ros2_ws/src/car_control/src/car_control_node.cpp:245:65:[m[K [01;31m[Kerror: [m[Kâ€˜[01m[KcurrentLongitude[m[Kâ€™ was not declared in this scope
[12.464s]   245 |                         arrived = straightLine(currentLatitude, [01;31m[KcurrentLongitude[m[K, (coordinates[pathToDeparturePoint[pathToDeparturePoint.size()-1]])[0], (coordinates[pathToDeparturePoint[pathToDeparturePoint.size()-1]])[1], currentDirection, requestedThrottle, reverse, requestedSteerAngle, this->get_logger());
[12.464s]       |                                                                 [01;31m[K^~~~~~~~~~~~~~~~[m[K
[12.489s] [01m[K/home/pi/autocab/raspberryPI3/ros2_ws/src/car_control/src/car_control_node.cpp:245:84:[m[K [01;31m[Kerror: [m[Kâ€˜[01m[Kcoordinates[m[Kâ€™ was not declared in this scope
[12.489s]   245 |                         arrived = straightLine(currentLatitude, currentLongitude, ([01;31m[Kcoordinates[m[K[pathToDeparturePoint[pathToDeparturePoint.size()-1]])[0], (coordinates[pathToDeparturePoint[pathToDeparturePoint.size()-1]])[1], currentDirection, requestedThrottle, reverse, requestedSteerAngle, this->get_logger());
[12.490s]       |                                                                                    [01;31m[K^~~~~~~~~~~[m[K
[12.525s] [01m[K/home/pi/autocab/raspberryPI3/ros2_ws/src/car_control/src/car_control_node.cpp:245:96:[m[K [01;31m[Kerror: [m[Kâ€˜[01m[KpathToDeparturePoint[m[Kâ€™ was not declared in this scope
[12.526s]   245 |                         arrived = straightLine(currentLatitude, currentLongitude, (coordinates[[01;31m[KpathToDeparturePoint[m[K[pathToDeparturePoint.size()-1]])[0], (coordinates[pathToDeparturePoint[pathToDeparturePoint.size()-1]])[1], currentDirection, requestedThrottle, reverse, requestedSteerAngle, this->get_logger());
[12.527s]       |                                                                                                [01;31m[K^~~~~~~~~~~~~~~~~~~~[m[K
[12.558s] [01m[K/home/pi/autocab/raspberryPI3/ros2_ws/src/car_control/src/car_control_node.cpp:245:225:[m[K [01;31m[Kerror: [m[Kâ€˜[01m[KcurrentDirection[m[Kâ€™ was not declared in this scope
[12.558s]   245 | ongitude, (coordinates[pathToDeparturePoint[pathToDeparturePoint.size()-1]])[0], (coordinates[pathToDeparturePoint[pathToDeparturePoint.size()-1]])[1], [01;31m[KcurrentDirection[m[K, requestedThrottle, reverse, requestedSteerAngle, this->get_logger());
[12.559s]       |                                                                                                                                                         [01;31m[K^~~~~~~~~~~~~~~~[m[K
[12.559s] 
[12.591s] [01m[K/home/pi/autocab/raspberryPI3/ros2_ws/src/car_control/src/car_control_node.cpp:245:243:[m[K [01;31m[Kerror: [m[Kâ€˜[01m[KrequestedThrottle[m[Kâ€™ was not declared in this scope
[12.592s]   245 | ates[pathToDeparturePoint[pathToDeparturePoint.size()-1]])[0], (coordinates[pathToDeparturePoint[pathToDeparturePoint.size()-1]])[1], currentDirection, [01;31m[KrequestedThrottle[m[K, reverse, requestedSteerAngle, this->get_logger());
[12.592s]       |                                                                                                                                                         [01;31m[K^~~~~~~~~~~~~~~~~[m[K
[12.592s] 
[12.627s] [01m[K/home/pi/autocab/raspberryPI3/ros2_ws/src/car_control/src/car_control_node.cpp:245:271:[m[K [01;31m[Kerror: [m[Kâ€˜[01m[KrequestedSteerAngle[m[Kâ€™ was not declared in this scope
[12.628s]   245 | thToDeparturePoint.size()-1]])[0], (coordinates[pathToDeparturePoint[pathToDeparturePoint.size()-1]])[1], currentDirection, requestedThrottle, reverse, [01;31m[KrequestedSteerAngle[m[K, this->get_logger());
[12.628s]       |                                                                                                                                                         [01;31m[K^~~~~~~~~~~~~~~~~~~[m[K
[12.628s] 
[12.666s] [01m[K/home/pi/autocab/raspberryPI3/ros2_ws/src/car_control/src/car_control_node.cpp:257:33:[m[K [01;31m[Kerror: [m[Kâ€˜[01m[KfinalPointReached[m[Kâ€™ was not declared in this scope
[12.667s]   257 |                     } else if (![01;31m[KfinalPointReached[m[K){
[12.667s]       |                                 [01;31m[K^~~~~~~~~~~~~~~~~[m[K
[12.701s] In file included from [01m[K/opt/ros/humble/include/rclcpp/rclcpp/logging.hpp:24[m[K,
[12.701s]                  from [01m[K/opt/ros/humble/include/rclcpp/rclcpp/client.hpp:40[m[K,
[12.701s]                  from [01m[K/opt/ros/humble/include/rclcpp/rclcpp/callback_group.hpp:23[m[K,
[12.702s]                  from [01m[K/opt/ros/humble/include/rclcpp/rclcpp/any_executable.hpp:20[m[K,
[12.702s]                  from [01m[K/opt/ros/humble/include/rclcpp/rclcpp/memory_strategy.hpp:25[m[K,
[12.703s]                  from [01m[K/opt/ros/humble/include/rclcpp/rclcpp/memory_strategies.hpp:18[m[K,
[12.703s]                  from [01m[K/opt/ros/humble/include/rclcpp/rclcpp/executor_options.hpp:20[m[K,
[12.703s]                  from [01m[K/opt/ros/humble/include/rclcpp/rclcpp/executor.hpp:37[m[K,
[12.704s]                  from [01m[K/opt/ros/humble/include/rclcpp/rclcpp/executors/multi_threaded_executor.hpp:25[m[K,
[12.704s]                  from [01m[K/opt/ros/humble/include/rclcpp/rclcpp/executors.hpp:21[m[K,
[12.705s]                  from [01m[K/opt/ros/humble/include/rclcpp/rclcpp/rclcpp.hpp:155[m[K,
[12.705s]                  from [01m[K/home/pi/autocab/raspberryPI3/ros2_ws/src/car_control/src/car_control_node.cpp:1[m[K:
[12.706s] [01m[K/home/pi/autocab/raspberryPI3/ros2_ws/src/car_control/src/car_control_node.cpp:258:97:[m[K [01;31m[Kerror: [m[Kâ€˜[01m[KpathToFinalPoint[m[Kâ€™ was not declared in this scope
[12.706s]   258 |                         RCLCPP_INFO(this->get_logger(), "En dÃ©plaÃ§ement vers le finalpoint %c", [01;31m[KpathToFinalPoint[m[K[pathToFinalPoint.size()-1]);
[12.706s]       |                                                                                                 [01;31m[K^~~~~~~~~~~~~~~~[m[K
[12.733s] [01m[K/home/pi/autocab/raspberryPI3/ros2_ws/src/car_control/src/car_control_node.cpp:259:25:[m[K [01;31m[Kerror: [m[Kâ€˜[01m[KRCLCPP_INFO[m[Kâ€™ was not declared in this scope
[12.734s]   259 |                         [01;31m[KRCLCPP_INFO[m[K(this->get_logger(), "Size de pathtofinal point %c", pathToFinalPoint.size();
[12.736s]       |                         [01;31m[K^~~~~~~~~~~[m[K
[12.737s] [01m[K/home/pi/autocab/raspberryPI3/ros2_ws/src/car_control/src/car_control_node.cpp:259:36:[m[K [01;31m[Kerror: [m[Kexpected â€˜[01m[K}[m[Kâ€™ at end of input
[12.739s]   259 |                         RCLCPP_INFO[01;31m[K([m[Kthis->get_logger(), "Size de pathtofinal point %c", pathToFinalPoint.size();
[12.740s]       |                                    [01;31m[K^[m[K
[12.740s] [01m[K/home/pi/autocab/raspberryPI3/ros2_ws/src/car_control/src/car_control_node.cpp:257:51:[m[K [01;36m[Knote: [m[Kto match this â€˜[01m[K{[m[Kâ€™
[12.741s]   257 |                     } else if (!finalPointReached)[01;36m[K{[m[K
[12.742s]       |                                                   [01;36m[K^[m[K
[12.743s] [01m[K/home/pi/autocab/raspberryPI3/ros2_ws/src/car_control/src/car_control_node.cpp:259:36:[m[K [01;31m[Kerror: [m[Kexpected â€˜[01m[K}[m[Kâ€™ at end of input
[12.743s]   259 |                         RCLCPP_INFO[01;31m[K([m[Kthis->get_logger(), "Size de pathtofinal point %c", pathToFinalPoint.size();
[12.745s]       |                                    [01;31m[K^[m[K
[12.745s] [01m[K/home/pi/autocab/raspberryPI3/ros2_ws/src/car_control/src/car_control_node.cpp:238:24:[m[K [01;36m[Knote: [m[Kto match this â€˜[01m[K{[m[Kâ€™
[12.746s]   238 |                 } else [01;36m[K{[m[K
[12.747s]       |                        [01;36m[K^[m[K
[12.748s] [01m[K/home/pi/autocab/raspberryPI3/ros2_ws/src/car_control/src/car_control_node.cpp:259:36:[m[K [01;31m[Kerror: [m[Kexpected â€˜[01m[K}[m[Kâ€™ at end of input
[12.748s]   259 |                         RCLCPP_INFO[01;31m[K([m[Kthis->get_logger(), "Size de pathtofinal point %c", pathToFinalPoint.size();
[12.749s]       |                                    [01;31m[K^[m[K
[12.750s] [01m[K/home/pi/autocab/raspberryPI3/ros2_ws/src/car_control/src/car_control_node.cpp:231:32:[m[K [01;36m[Knote: [m[Kto match this â€˜[01m[K{[m[Kâ€™
[12.751s]   231 |             } else if (mode==1)[01;36m[K{[m[K
[12.751s]       |                                [01;36m[K^[m[K
[12.752s] [01m[K/home/pi/autocab/raspberryPI3/ros2_ws/src/car_control/src/car_control_node.cpp:259:36:[m[K [01;31m[Kerror: [m[Kexpected â€˜[01m[K}[m[Kâ€™ at end of input
[12.753s]   259 |                         RCLCPP_INFO[01;31m[K([m[Kthis->get_logger(), "Size de pathtofinal point %c", pathToFinalPoint.size();
[12.754s]       |                                    [01;31m[K^[m[K
[12.754s] [01m[K/home/pi/autocab/raspberryPI3/ros2_ws/src/car_control/src/car_control_node.cpp:224:9:[m[K [01;36m[Knote: [m[Kto match this â€˜[01m[K{[m[Kâ€™
[12.755s]   224 |         [01;36m[K{[m[K //Car started
[12.756s]       |         [01;36m[K^[m[K
[12.757s] [01m[K/home/pi/autocab/raspberryPI3/ros2_ws/src/car_control/src/car_control_node.cpp:259:36:[m[K [01;31m[Kerror: [m[Kexpected â€˜[01m[K}[m[Kâ€™ at end of input
[12.758s]   259 |                         RCLCPP_INFO[01;31m[K([m[Kthis->get_logger(), "Size de pathtofinal point %c", pathToFinalPoint.size();
[12.758s]       |                                    [01;31m[K^[m[K
[12.759s] [01m[K/home/pi/autocab/raspberryPI3/ros2_ws/src/car_control/src/car_control_node.cpp:213:21:[m[K [01;36m[Knote: [m[Kto match this â€˜[01m[K{[m[Kâ€™
[12.760s]   213 |     void updateCmd()[01;36m[K{[m[K
[12.761s]       |                     [01;36m[K^[m[K
[12.761s] [01m[K/home/pi/autocab/raspberryPI3/ros2_ws/src/car_control/src/car_control_node.cpp:[m[K At global scope:
[12.762s] [01m[K/home/pi/autocab/raspberryPI3/ros2_ws/src/car_control/src/car_control_node.cpp:259:36:[m[K [01;31m[Kerror: [m[Kexpected unqualified-id at end of input
[12.763s]   259 |                         RCLCPP_INFO[01;31m[K([m[Kthis->get_logger(), "Size de pathtofinal point %c", pathToFinalPoint.size();
[12.764s]       |                                    [01;31m[K^[m[K
[25.926s] gmake[2]: *** [CMakeFiles/car_control_node.dir/build.make:76: CMakeFiles/car_control_node.dir/src/car_control_node.cpp.o] Error 1
[25.927s] gmake[1]: *** [CMakeFiles/Makefile2:137: CMakeFiles/car_control_node.dir/all] Error 2
[25.928s] gmake: *** [Makefile:146: all] Error 2
[25.934s] Invoked command in '/home/pi/autocab/raspberryPI3/ros2_ws/build/car_control' returned '2': CMAKE_PREFIX_PATH=/home/pi/autocab/raspberryPI3/ros2_ws/install/interfaces:/home/pi/autocab/raspberryPI3/ros2_ws/install/geicar_start:/home/pi/autocab/raspberryPI3/ros2_ws/install/system_check:/home/pi/autocab/raspberryPI3/ros2_ws/install/simulation:/home/pi/autocab/raspberryPI3/ros2_ws/install/imu_tools:/home/pi/autocab/raspberryPI3/ros2_ws/install/rviz_imu_plugin:/home/pi/autocab/raspberryPI3/ros2_ws/install/car_control:/home/pi/autocab/raspberryPI3/ros2_ws/install/can:/home/pi/autocab/raspberryPI3/ros2_ws/install/imu_filter_madgwick:/home/pi/autocab/raspberryPI3/ros2_ws/install/imu_complementary_filter:/home/pi/autocab/raspberryPI3/ros2_ws/install/carla_msgs:/home/pi/ros2_ws/install/geicar_start:/home/pi/ros2_ws/install/system_check:/home/pi/ros2_ws/install/simulation:/home/pi/ros2_ws/install/imu_tools:/home/pi/ros2_ws/install/rviz_imu_plugin:/home/pi/ros2_ws/install/joystick:/home/pi/ros2_ws/install/car_control:/home/pi/ros2_ws/install/can:/home/pi/ros2_ws/install/interfaces:/home/pi/ros2_ws/install/imu_filter_madgwick:/home/pi/ros2_ws/install/imu_complementary_filter:/home/pi/ros2_ws/install/carla_msgs:/opt/ros/humble LD_LIBRARY_PATH=/home/pi/autocab/raspberryPI3/ros2_ws/install/interfaces/lib:/home/pi/autocab/raspberryPI3/ros2_ws/install/rviz_imu_plugin/lib:/home/pi/autocab/raspberryPI3/ros2_ws/install/imu_filter_madgwick/lib:/home/pi/autocab/raspberryPI3/ros2_ws/install/carla_msgs/lib:/home/pi/ros2_ws/install/rviz_imu_plugin/lib:/home/pi/ros2_ws/install/interfaces/lib:/home/pi/ros2_ws/install/imu_filter_madgwick/lib:/home/pi/ros2_ws/install/carla_msgs/lib:/opt/ros/humble/opt/rviz_ogre_vendor/lib:/opt/ros/humble/lib/aarch64-linux-gnu:/opt/ros/humble/lib /usr/bin/cmake --build /home/pi/autocab/raspberryPI3/ros2_ws/build/car_control -- -j4 -l4
