[0.075s] Invoking command in '/home/pi/autocab/raspberryPI3/ros2_ws/build/car_control': AMENT_PREFIX_PATH=/home/pi/autocab/raspberryPI3/ros2_ws/install/interfaces:${AMENT_PREFIX_PATH} CMAKE_PREFIX_PATH=/home/pi/autocab/raspberryPI3/ros2_ws/install/interfaces:/home/pi/ros2_ws/install/geicar_start:/home/pi/ros2_ws/install/system_check:/home/pi/ros2_ws/install/simulation:/home/pi/ros2_ws/install/imu_tools:/home/pi/ros2_ws/install/rviz_imu_plugin:/home/pi/ros2_ws/install/joystick:/home/pi/ros2_ws/install/car_control:/home/pi/ros2_ws/install/can:/home/pi/ros2_ws/install/interfaces:/home/pi/ros2_ws/install/imu_filter_madgwick:/home/pi/ros2_ws/install/imu_complementary_filter:/home/pi/ros2_ws/install/carla_msgs:/opt/ros/humble LD_LIBRARY_PATH=/home/pi/autocab/raspberryPI3/ros2_ws/install/interfaces/lib:${LD_LIBRARY_PATH} PYTHONPATH=/home/pi/autocab/raspberryPI3/ros2_ws/install/interfaces/local/lib/python3.10/dist-packages:${PYTHONPATH} /usr/bin/cmake /home/pi/autocab/raspberryPI3/ros2_ws/src/car_control -DCMAKE_CXX_STANDARD=17 -DCMAKE_INSTALL_PREFIX=/home/pi/autocab/raspberryPI3/ros2_ws/install/car_control
[0.135s] -- Found ament_cmake: 1.3.2 (/opt/ros/humble/share/ament_cmake/cmake)
[0.856s] -- Found rclcpp: 16.0.1 (/opt/ros/humble/share/rclcpp/cmake)
[1.039s] -- Found rosidl_generator_c: 3.1.3 (/opt/ros/humble/share/rosidl_generator_c/cmake)
[1.050s] -- Found rosidl_adapter: 3.1.3 (/opt/ros/humble/share/rosidl_adapter/cmake)
[1.074s] -- Found rosidl_generator_cpp: 3.1.3 (/opt/ros/humble/share/rosidl_generator_cpp/cmake)
[1.119s] -- Using all available rosidl_typesupport_c: rosidl_typesupport_fastrtps_c;rosidl_typesupport_introspection_c
[1.182s] -- Using all available rosidl_typesupport_cpp: rosidl_typesupport_fastrtps_cpp;rosidl_typesupport_introspection_cpp
[1.408s] -- Found rmw_implementation_cmake: 6.1.0 (/opt/ros/humble/share/rmw_implementation_cmake/cmake)
[1.415s] -- Found rmw_fastrtps_cpp: 6.2.1 (/opt/ros/humble/share/rmw_fastrtps_cpp/cmake)
[2.284s] -- Using RMW implementation 'rmw_fastrtps_cpp' as default
[2.837s] -- Found interfaces: 0.0.0 (/home/pi/autocab/raspberryPI3/ros2_ws/install/interfaces/share/interfaces/cmake)
[2.901s] -- Found sensor_msgs: 4.2.2 (/opt/ros/humble/share/sensor_msgs/cmake)
[3.358s] -- Found std_srvs: 4.2.2 (/opt/ros/humble/share/std_srvs/cmake)
[3.439s] -- Found ament_lint_auto: 0.12.4 (/opt/ros/humble/share/ament_lint_auto/cmake)
[3.817s] -- Added test 'cppcheck' to perform static code analysis on C / C++ code
[3.818s] -- Configured cppcheck include dirs: $<BUILD_INTERFACE:/home/pi/autocab/raspberryPI3/ros2_ws/src/car_control/include>
[3.819s] -- Configured cppcheck exclude dirs and/or files: 
[3.823s] -- Added test 'lint_cmake' to check CMake code style
[3.834s] -- Added test 'uncrustify' to check C / C++ code style
[3.835s] -- Configured uncrustify additional arguments: 
[3.836s] -- Added test 'xmllint' to check XML markup files
[3.843s] -- Configuring done
[3.911s] -- Generating done
[3.920s] -- Build files have been written to: /home/pi/autocab/raspberryPI3/ros2_ws/build/car_control
[3.949s] Invoked command in '/home/pi/autocab/raspberryPI3/ros2_ws/build/car_control' returned '0': AMENT_PREFIX_PATH=/home/pi/autocab/raspberryPI3/ros2_ws/install/interfaces:${AMENT_PREFIX_PATH} CMAKE_PREFIX_PATH=/home/pi/autocab/raspberryPI3/ros2_ws/install/interfaces:/home/pi/ros2_ws/install/geicar_start:/home/pi/ros2_ws/install/system_check:/home/pi/ros2_ws/install/simulation:/home/pi/ros2_ws/install/imu_tools:/home/pi/ros2_ws/install/rviz_imu_plugin:/home/pi/ros2_ws/install/joystick:/home/pi/ros2_ws/install/car_control:/home/pi/ros2_ws/install/can:/home/pi/ros2_ws/install/interfaces:/home/pi/ros2_ws/install/imu_filter_madgwick:/home/pi/ros2_ws/install/imu_complementary_filter:/home/pi/ros2_ws/install/carla_msgs:/opt/ros/humble LD_LIBRARY_PATH=/home/pi/autocab/raspberryPI3/ros2_ws/install/interfaces/lib:${LD_LIBRARY_PATH} PYTHONPATH=/home/pi/autocab/raspberryPI3/ros2_ws/install/interfaces/local/lib/python3.10/dist-packages:${PYTHONPATH} /usr/bin/cmake /home/pi/autocab/raspberryPI3/ros2_ws/src/car_control -DCMAKE_CXX_STANDARD=17 -DCMAKE_INSTALL_PREFIX=/home/pi/autocab/raspberryPI3/ros2_ws/install/car_control
[3.958s] Invoking command in '/home/pi/autocab/raspberryPI3/ros2_ws/build/car_control': AMENT_PREFIX_PATH=/home/pi/autocab/raspberryPI3/ros2_ws/install/interfaces:${AMENT_PREFIX_PATH} CMAKE_PREFIX_PATH=/home/pi/autocab/raspberryPI3/ros2_ws/install/interfaces:/home/pi/ros2_ws/install/geicar_start:/home/pi/ros2_ws/install/system_check:/home/pi/ros2_ws/install/simulation:/home/pi/ros2_ws/install/imu_tools:/home/pi/ros2_ws/install/rviz_imu_plugin:/home/pi/ros2_ws/install/joystick:/home/pi/ros2_ws/install/car_control:/home/pi/ros2_ws/install/can:/home/pi/ros2_ws/install/interfaces:/home/pi/ros2_ws/install/imu_filter_madgwick:/home/pi/ros2_ws/install/imu_complementary_filter:/home/pi/ros2_ws/install/carla_msgs:/opt/ros/humble LD_LIBRARY_PATH=/home/pi/autocab/raspberryPI3/ros2_ws/install/interfaces/lib:${LD_LIBRARY_PATH} PYTHONPATH=/home/pi/autocab/raspberryPI3/ros2_ws/install/interfaces/local/lib/python3.10/dist-packages:${PYTHONPATH} /usr/bin/cmake --build /home/pi/autocab/raspberryPI3/ros2_ws/build/car_control -- -j4 -l4
[4.158s] [35m[1mConsolidate compiler generated dependencies of target car_control_node[0m
[4.281s] [ 20%] [32mBuilding CXX object CMakeFiles/car_control_node.dir/src/steeringCmd.cpp.o[0m
[4.289s] [ 40%] [32mBuilding CXX object CMakeFiles/car_control_node.dir/src/fromAtoB.cpp.o[0m
[4.294s] [ 60%] [32mBuilding CXX object CMakeFiles/car_control_node.dir/src/car_control_node.cpp.o[0m
[4.311s] [ 80%] [32mBuilding CXX object CMakeFiles/car_control_node.dir/src/propulsionCmd.cpp.o[0m
[15.341s] In file included from [01m[K/home/pi/autocab/raspberryPI3/ros2_ws/src/car_control/src/fromAtoB.cpp:1[m[K:
[15.341s] [01m[K/home/pi/autocab/raspberryPI3/ros2_ws/src/car_control/src/../include/car_control/fromAtoB.h:40:5:[m[K [01;31m[Kerror: [m[Kâ€˜[01m[Kunordered_map[m[Kâ€™ does not name a type
[15.342s]    40 |     [01;31m[Kunordered_map[m[K<char, const unordered_map<char, float>> vertices;
[15.343s]       |     [01;31m[K^~~~~~~~~~~~~[m[K
[15.349s] [01m[K/home/pi/autocab/raspberryPI3/ros2_ws/src/car_control/src/../include/car_control/fromAtoB.h:44:38:[m[K [01;31m[Kerror: [m[Kâ€˜[01m[Kunordered_map[m[Kâ€™ does not name a type
[15.350s]    44 |     void add_vertex(char name, const [01;31m[Kunordered_map[m[K<char, float>& edges);
[15.351s]       |                                      [01;31m[K^~~~~~~~~~~~~[m[K
[15.351s] [01m[K/home/pi/autocab/raspberryPI3/ros2_ws/src/car_control/src/../include/car_control/fromAtoB.h:44:51:[m[K [01;31m[Kerror: [m[Kexpected â€˜[01m[K,[m[Kâ€™ or â€˜[01m[K...[m[Kâ€™ before â€˜[01m[K<[m[Kâ€™ token
[15.352s]    44 |     void add_vertex(char name, const unordered_map[01;31m[K<[m[Kchar, float>& edges);
[15.353s]       |                                                   [01;31m[K^[m[K
[15.359s] [01m[K/home/pi/autocab/raspberryPI3/ros2_ws/src/car_control/src/../include/car_control/fromAtoB.h:45:5:[m[K [01;31m[Kerror: [m[Kâ€˜[01m[Kvector[m[Kâ€™ does not name a type
[15.360s]    45 |     [01;31m[Kvector[m[K<char> shortest_path(char start, char finish);
[15.364s]       |     [01;31m[K^~~~~~[m[K
[15.364s] [01m[K/home/pi/autocab/raspberryPI3/ros2_ws/src/car_control/src/../include/car_control/fromAtoB.h:46:22:[m[K [01;31m[Kerror: [m[Kâ€˜[01m[Kmap[m[Kâ€™ has not been declared
[15.365s]    46 |     void createGraph([01;31m[Kmap[m[K<char, float[2]> coordinates);
[15.366s]       |                      [01;31m[K^~~[m[K
[15.366s] [01m[K/home/pi/autocab/raspberryPI3/ros2_ws/src/car_control/src/../include/car_control/fromAtoB.h:46:25:[m[K [01;31m[Kerror: [m[Kexpected â€˜[01m[K,[m[Kâ€™ or â€˜[01m[K...[m[Kâ€™ before â€˜[01m[K<[m[Kâ€™ token
[15.367s]    46 |     void createGraph(map[01;31m[K<[m[Kchar, float[2]> coordinates);
[15.367s]       |                         [01;31m[K^[m[K
[15.368s] [01m[K/home/pi/autocab/raspberryPI3/ros2_ws/src/car_control/src/../include/car_control/fromAtoB.h:48:2:[m[K [01;31m[Kerror: [m[Kexpected â€˜[01m[K;[m[Kâ€™ after class definition
[15.369s]    48 | }
[15.369s]       |  [01;31m[K^[m[K
[15.370s]       |  [32m[K;[m[K
[15.371s] [01m[K/home/pi/autocab/raspberryPI3/ros2_ws/src/car_control/src/fromAtoB.cpp:73:6:[m[K [01;31m[Kerror: [m[Kno declaration matches â€˜[01m[Kvoid Graph::add_vertex(char, const std::unordered_map<char, float>&)[m[Kâ€™
[15.371s]    73 | void [01;31m[KGraph[m[K::add_vertex(char name, const unordered_map<char, float>& edges)
[15.372s]       |      [01;31m[K^~~~~[m[K
[15.373s] In file included from [01m[K/home/pi/autocab/raspberryPI3/ros2_ws/src/car_control/src/fromAtoB.cpp:1[m[K:
[15.384s] [01m[K/home/pi/autocab/raspberryPI3/ros2_ws/src/car_control/src/../include/car_control/fromAtoB.h:44:10:[m[K [01;36m[Knote: [m[Kcandidate is: â€˜[01m[Kvoid Graph::add_vertex(char, int)[m[Kâ€™
[15.385s]    44 |     void [01;36m[Kadd_vertex[m[K(char name, const unordered_map<char, float>& edges);
[15.386s]       |          [01;36m[K^~~~~~~~~~[m[K
[15.387s] [01m[K/home/pi/autocab/raspberryPI3/ros2_ws/src/car_control/src/../include/car_control/fromAtoB.h:38:7:[m[K [01;36m[Knote: [m[Kâ€˜[01m[Kclass Graph[m[Kâ€™ defined here
[15.388s]    38 | class [01;36m[KGraph[m[K{
[15.388s]       |       [01;36m[K^~~~~[m[K
[15.389s] [01m[K/home/pi/autocab/raspberryPI3/ros2_ws/src/car_control/src/fromAtoB.cpp:78:14:[m[K [01;31m[Kerror: [m[Kno declaration matches â€˜[01m[Kstd::vector<char> Graph::shortest_path(char, char)[m[Kâ€™
[15.389s]    78 | vector<char> [01;31m[KGraph[m[K::shortest_path(char start, char finish)
[15.390s]       |              [01;31m[K^~~~~[m[K
[15.391s] [01m[K/home/pi/autocab/raspberryPI3/ros2_ws/src/car_control/src/fromAtoB.cpp:78:14:[m[K [01;36m[Knote: [m[Kno functions named â€˜[01m[Kstd::vector<char> Graph::shortest_path(char, char)[m[Kâ€™
[15.391s] In file included from [01m[K/home/pi/autocab/raspberryPI3/ros2_ws/src/car_control/src/fromAtoB.cpp:1[m[K:
[15.392s] [01m[K/home/pi/autocab/raspberryPI3/ros2_ws/src/car_control/src/../include/car_control/fromAtoB.h:38:7:[m[K [01;36m[Knote: [m[Kâ€˜[01m[Kclass Graph[m[Kâ€™ defined here
[15.393s]    38 | class [01;36m[KGraph[m[K{
[15.397s]       |       [01;36m[K^~~~~[m[K
[15.398s] [01m[K/home/pi/autocab/raspberryPI3/ros2_ws/src/car_control/src/fromAtoB.cpp:139:6:[m[K [01;31m[Kerror: [m[Kno declaration matches â€˜[01m[Kvoid Graph::createGraph(std::map<char, float [2]>)[m[Kâ€™
[15.399s]   139 | void [01;31m[KGraph[m[K::createGraph(map<char, float[2]> coordinates)
[15.400s]       |      [01;31m[K^~~~~[m[K
[15.402s] In file included from [01m[K/home/pi/autocab/raspberryPI3/ros2_ws/src/car_control/src/fromAtoB.cpp:1[m[K:
[15.405s] [01m[K/home/pi/autocab/raspberryPI3/ros2_ws/src/car_control/src/../include/car_control/fromAtoB.h:46:10:[m[K [01;36m[Knote: [m[Kcandidate is: â€˜[01m[Kvoid Graph::createGraph(int)[m[Kâ€™
[15.406s]    46 |     void [01;36m[KcreateGraph[m[K(map<char, float[2]> coordinates);
[15.406s]       |          [01;36m[K^~~~~~~~~~~[m[K
[15.407s] [01m[K/home/pi/autocab/raspberryPI3/ros2_ws/src/car_control/src/../include/car_control/fromAtoB.h:38:7:[m[K [01;36m[Knote: [m[Kâ€˜[01m[Kclass Graph[m[Kâ€™ defined here
[15.408s]    38 | class [01;36m[KGraph[m[K{
[15.408s]       |       [01;36m[K^~~~~[m[K
[15.483s] In file included from [01m[K/home/pi/autocab/raspberryPI3/ros2_ws/src/car_control/src/car_control_node.cpp:19[m[K:
[15.484s] [01m[K/home/pi/autocab/raspberryPI3/ros2_ws/src/car_control/src/../include/car_control/fromAtoB.h:40:5:[m[K [01;31m[Kerror: [m[Kâ€˜[01m[Kunordered_map[m[Kâ€™ does not name a type
[15.484s]    40 |     [01;31m[Kunordered_map[m[K<char, const unordered_map<char, float>> vertices;
[15.485s]       |     [01;31m[K^~~~~~~~~~~~~[m[K
[15.492s] [01m[K/home/pi/autocab/raspberryPI3/ros2_ws/src/car_control/src/../include/car_control/fromAtoB.h:44:38:[m[K [01;31m[Kerror: [m[Kâ€˜[01m[Kunordered_map[m[Kâ€™ does not name a type
[15.493s]    44 |     void add_vertex(char name, const [01;31m[Kunordered_map[m[K<char, float>& edges);
[15.494s]       |                                      [01;31m[K^~~~~~~~~~~~~[m[K
[15.495s] [01m[K/home/pi/autocab/raspberryPI3/ros2_ws/src/car_control/src/../include/car_control/fromAtoB.h:44:51:[m[K [01;31m[Kerror: [m[Kexpected â€˜[01m[K,[m[Kâ€™ or â€˜[01m[K...[m[Kâ€™ before â€˜[01m[K<[m[Kâ€™ token
[15.496s]    44 |     void add_vertex(char name, const unordered_map[01;31m[K<[m[Kchar, float>& edges);
[15.497s]       |                                                   [01;31m[K^[m[K
[15.498s] [01m[K/home/pi/autocab/raspberryPI3/ros2_ws/src/car_control/src/../include/car_control/fromAtoB.h:45:5:[m[K [01;31m[Kerror: [m[Kâ€˜[01m[Kvector[m[Kâ€™ does not name a type
[15.499s]    45 |     [01;31m[Kvector[m[K<char> shortest_path(char start, char finish);
[15.500s]       |     [01;31m[K^~~~~~[m[K
[15.500s] [01m[K/home/pi/autocab/raspberryPI3/ros2_ws/src/car_control/src/../include/car_control/fromAtoB.h:46:22:[m[K [01;31m[Kerror: [m[Kâ€˜[01m[Kmap[m[Kâ€™ has not been declared
[15.501s]    46 |     void createGraph([01;31m[Kmap[m[K<char, float[2]> coordinates);
[15.502s]       |                      [01;31m[K^~~[m[K
[15.503s] [01m[K/home/pi/autocab/raspberryPI3/ros2_ws/src/car_control/src/../include/car_control/fromAtoB.h:46:25:[m[K [01;31m[Kerror: [m[Kexpected â€˜[01m[K,[m[Kâ€™ or â€˜[01m[K...[m[Kâ€™ before â€˜[01m[K<[m[Kâ€™ token
[15.503s]    46 |     void createGraph(map[01;31m[K<[m[Kchar, float[2]> coordinates);
[15.504s]       |                         [01;31m[K^[m[K
[15.505s] [01m[K/home/pi/autocab/raspberryPI3/ros2_ws/src/car_control/src/../include/car_control/fromAtoB.h:48:2:[m[K [01;31m[Kerror: [m[Kexpected â€˜[01m[K;[m[Kâ€™ after class definition
[15.505s]    48 | }
[15.506s]       |  [01;31m[K^[m[K
[15.507s]       |  [32m[K;[m[K
[16.384s] [01m[K/home/pi/autocab/raspberryPI3/ros2_ws/src/car_control/src/car_control_node.cpp:[m[K In constructor â€˜[01m[Kcar_control::car_control()[m[Kâ€™:
[16.385s] [01m[K/home/pi/autocab/raspberryPI3/ros2_ws/src/car_control/src/car_control_node.cpp:47:34:[m[K [01;31m[Kerror: [m[Kexpected primary-expression before â€˜[01m[K{[m[Kâ€™ token
[16.386s]    47 |         coordinates.insert(('A', [01;31m[K{[m[K43.570596, 1.466500}));
[16.387s]       |                                  [01;31m[K^[m[K
[16.388s] [01m[K/home/pi/autocab/raspberryPI3/ros2_ws/src/car_control/src/car_control_node.cpp:47:34:[m[K [01;31m[Kerror: [m[Kexpected â€˜[01m[K)[m[Kâ€™ before â€˜[01m[K{[m[Kâ€™ token
[16.388s] [01m[K/home/pi/autocab/raspberryPI3/ros2_ws/src/car_control/src/car_control_node.cpp:47:28:[m[K [01;36m[Knote: [m[Kto match this â€˜[01m[K([m[Kâ€™
[16.389s]    47 |         coordinates.insert([01;36m[K([m[K'A', {43.570596, 1.466500}));
[16.390s]       |                            [01;36m[K^[m[K
[16.390s] [01m[K/home/pi/autocab/raspberryPI3/ros2_ws/src/car_control/src/car_control_node.cpp:48:34:[m[K [01;31m[Kerror: [m[Kexpected primary-expression before â€˜[01m[K{[m[Kâ€™ token
[16.391s]    48 |         coordinates.insert(('B', [01;31m[K{[m[K43.570596, 1.466500}));
[16.392s]       |                                  [01;31m[K^[m[K
[16.392s] [01m[K/home/pi/autocab/raspberryPI3/ros2_ws/src/car_control/src/car_control_node.cpp:48:34:[m[K [01;31m[Kerror: [m[Kexpected â€˜[01m[K)[m[Kâ€™ before â€˜[01m[K{[m[Kâ€™ token
[16.393s] [01m[K/home/pi/autocab/raspberryPI3/ros2_ws/src/car_control/src/car_control_node.cpp:48:28:[m[K [01;36m[Knote: [m[Kto match this â€˜[01m[K([m[Kâ€™
[16.394s]    48 |         coordinates.insert([01;36m[K([m[K'B', {43.570596, 1.466500}));
[16.395s]       |                            [01;36m[K^[m[K
[16.396s] [01m[K/home/pi/autocab/raspberryPI3/ros2_ws/src/car_control/src/car_control_node.cpp:49:34:[m[K [01;31m[Kerror: [m[Kexpected primary-expression before â€˜[01m[K{[m[Kâ€™ token
[16.397s]    49 |         coordinates.insert(('C', [01;31m[K{[m[K43.570596, 1.466500}));
[16.398s]       |                                  [01;31m[K^[m[K
[16.399s] [01m[K/home/pi/autocab/raspberryPI3/ros2_ws/src/car_control/src/car_control_node.cpp:49:34:[m[K [01;31m[Kerror: [m[Kexpected â€˜[01m[K)[m[Kâ€™ before â€˜[01m[K{[m[Kâ€™ token
[16.400s] [01m[K/home/pi/autocab/raspberryPI3/ros2_ws/src/car_control/src/car_control_node.cpp:49:28:[m[K [01;36m[Knote: [m[Kto match this â€˜[01m[K([m[Kâ€™
[16.400s]    49 |         coordinates.insert([01;36m[K([m[K'C', {43.570596, 1.466500}));
[16.401s]       |                            [01;36m[K^[m[K
[16.402s] [01m[K/home/pi/autocab/raspberryPI3/ros2_ws/src/car_control/src/car_control_node.cpp:50:34:[m[K [01;31m[Kerror: [m[Kexpected primary-expression before â€˜[01m[K{[m[Kâ€™ token
[16.402s]    50 |         coordinates.insert(('D', [01;31m[K{[m[K43.570596, 1.466500}));
[16.403s]       |                                  [01;31m[K^[m[K
[16.404s] [01m[K/home/pi/autocab/raspberryPI3/ros2_ws/src/car_control/src/car_control_node.cpp:50:34:[m[K [01;31m[Kerror: [m[Kexpected â€˜[01m[K)[m[Kâ€™ before â€˜[01m[K{[m[Kâ€™ token
[16.405s] [01m[K/home/pi/autocab/raspberryPI3/ros2_ws/src/car_control/src/car_control_node.cpp:50:28:[m[K [01;36m[Knote: [m[Kto match this â€˜[01m[K([m[Kâ€™
[16.406s]    50 |         coordinates.insert([01;36m[K([m[K'D', {43.570596, 1.466500}));
[16.407s]       |                            [01;36m[K^[m[K
[16.408s] [01m[K/home/pi/autocab/raspberryPI3/ros2_ws/src/car_control/src/car_control_node.cpp:52:27:[m[K [01;31m[Kerror: [m[Kcannot convert â€˜[01m[Kstd::map<char, float [2]>[m[Kâ€™ to â€˜[01m[Kint[m[Kâ€™
[16.409s]    52 |         graph.createGraph([01;31m[Kcoordinates[m[K);
[16.410s]       |                           [01;31m[K^~~~~~~~~~~[m[K
[16.411s]       |                           [01;31m[K|[m[K
[16.412s]       |                           [01;31m[Kstd::map<char, float [2]>[m[K
[16.414s] In file included from [01m[K/home/pi/autocab/raspberryPI3/ros2_ws/src/car_control/src/car_control_node.cpp:19[m[K:
[16.415s] [01m[K/home/pi/autocab/raspberryPI3/ros2_ws/src/car_control/src/../include/car_control/fromAtoB.h:46:22:[m[K [01;36m[Knote: [m[K  initializing argument 1 of â€˜[01m[Kvoid Graph::createGraph(int)[m[Kâ€™
[16.416s]    46 |     void createGraph([01;36m[Kmap[m[K<char, float[2]> coordinates);
[16.417s]       |                      [01;36m[K^~~[m[K
[17.122s] gmake[2]: *** [CMakeFiles/car_control_node.dir/build.make:118: CMakeFiles/car_control_node.dir/src/fromAtoB.cpp.o] Error 1
[17.123s] gmake[2]: *** Waiting for unfinished jobs....
[36.814s] gmake[2]: *** [CMakeFiles/car_control_node.dir/build.make:76: CMakeFiles/car_control_node.dir/src/car_control_node.cpp.o] Error 1
[36.815s] gmake[1]: *** [CMakeFiles/Makefile2:137: CMakeFiles/car_control_node.dir/all] Error 2
[36.816s] gmake: *** [Makefile:146: all] Error 2
[36.822s] Invoked command in '/home/pi/autocab/raspberryPI3/ros2_ws/build/car_control' returned '2': AMENT_PREFIX_PATH=/home/pi/autocab/raspberryPI3/ros2_ws/install/interfaces:${AMENT_PREFIX_PATH} CMAKE_PREFIX_PATH=/home/pi/autocab/raspberryPI3/ros2_ws/install/interfaces:/home/pi/ros2_ws/install/geicar_start:/home/pi/ros2_ws/install/system_check:/home/pi/ros2_ws/install/simulation:/home/pi/ros2_ws/install/imu_tools:/home/pi/ros2_ws/install/rviz_imu_plugin:/home/pi/ros2_ws/install/joystick:/home/pi/ros2_ws/install/car_control:/home/pi/ros2_ws/install/can:/home/pi/ros2_ws/install/interfaces:/home/pi/ros2_ws/install/imu_filter_madgwick:/home/pi/ros2_ws/install/imu_complementary_filter:/home/pi/ros2_ws/install/carla_msgs:/opt/ros/humble LD_LIBRARY_PATH=/home/pi/autocab/raspberryPI3/ros2_ws/install/interfaces/lib:${LD_LIBRARY_PATH} PYTHONPATH=/home/pi/autocab/raspberryPI3/ros2_ws/install/interfaces/local/lib/python3.10/dist-packages:${PYTHONPATH} /usr/bin/cmake --build /home/pi/autocab/raspberryPI3/ros2_ws/build/car_control -- -j4 -l4
