[0.099s] Invoking command in '/home/lilultime/Autocab/autocab/raspberryPI3/ros2_ws/build/car_control': AMENT_PREFIX_PATH=/home/lilultime/Autocab/autocab/raspberryPI3/ros2_ws/install/interfaces:${AMENT_PREFIX_PATH} CMAKE_PREFIX_PATH=/home/lilultime/Autocab/autocab/raspberryPI3/ros2_ws/install/interfaces:/home/lilultime/Autocab/autocab/raspberryPI3/ros2_ws/install/auto_traj:/home/lilultime/ros2_ws/install/my_cpp_pkg:/home/lilultime/ros2_ws/install/my_robot_controller:/opt/ros/humble LD_LIBRARY_PATH=/home/lilultime/Autocab/autocab/raspberryPI3/ros2_ws/install/interfaces/lib:${LD_LIBRARY_PATH} PYTHONPATH=/home/lilultime/Autocab/autocab/raspberryPI3/ros2_ws/install/interfaces/local/lib/python3.10/dist-packages:${PYTHONPATH} /usr/local/bin/cmake /home/lilultime/Autocab/autocab/raspberryPI3/ros2_ws/src/car_control -DCMAKE_INSTALL_PREFIX=/home/lilultime/Autocab/autocab/raspberryPI3/ros2_ws/install/car_control
[0.173s] -- The C compiler identification is GNU 11.4.0
[0.227s] -- The CXX compiler identification is GNU 11.4.0
[0.238s] -- Detecting C compiler ABI info
[0.293s] -- Detecting C compiler ABI info - done
[0.305s] -- Check for working C compiler: /usr/bin/cc - skipped
[0.305s] -- Detecting C compile features
[0.305s] -- Detecting C compile features - done
[0.309s] -- Detecting CXX compiler ABI info
[0.374s] -- Detecting CXX compiler ABI info - done
[0.386s] -- Check for working CXX compiler: /usr/bin/c++ - skipped
[0.386s] -- Detecting CXX compile features
[0.387s] -- Detecting CXX compile features - done
[0.390s] -- Found ament_cmake: 1.3.5 (/opt/ros/humble/share/ament_cmake/cmake)
[0.742s] -- Found Python3: /usr/bin/python3.10 (found version "3.10.12") found components: Interpreter 
[0.833s] -- Found rclcpp: 16.0.6 (/opt/ros/humble/share/rclcpp/cmake)
[0.888s] -- Found rosidl_generator_c: 3.1.5 (/opt/ros/humble/share/rosidl_generator_c/cmake)
[0.894s] -- Found rosidl_adapter: 3.1.5 (/opt/ros/humble/share/rosidl_adapter/cmake)
[0.905s] -- Found rosidl_generator_cpp: 3.1.5 (/opt/ros/humble/share/rosidl_generator_cpp/cmake)
[0.924s] -- Using all available rosidl_typesupport_c: rosidl_typesupport_fastrtps_c;rosidl_typesupport_introspection_c
[0.950s] -- Using all available rosidl_typesupport_cpp: rosidl_typesupport_fastrtps_cpp;rosidl_typesupport_introspection_cpp
[1.037s] -- Found rmw_implementation_cmake: 6.1.1 (/opt/ros/humble/share/rmw_implementation_cmake/cmake)
[1.041s] -- Found rmw_fastrtps_cpp: 6.2.4 (/opt/ros/humble/share/rmw_fastrtps_cpp/cmake)
[1.144s] -- Found OpenSSL: /usr/lib/x86_64-linux-gnu/libcrypto.so (found version "3.0.2")  
[1.175s] -- Found FastRTPS: /opt/ros/humble/include  
[1.228s] -- Using RMW implementation 'rmw_fastrtps_cpp' as default
[1.241s] -- Performing Test CMAKE_HAVE_LIBC_PTHREAD
[1.299s] -- Performing Test CMAKE_HAVE_LIBC_PTHREAD - Success
[1.300s] -- Found Threads: TRUE  
[1.494s] -- Found interfaces: 0.0.0 (/home/lilultime/Autocab/autocab/raspberryPI3/ros2_ws/install/interfaces/share/interfaces/cmake)
[1.519s] -- Found sensor_msgs: 4.2.3 (/opt/ros/humble/share/sensor_msgs/cmake)
[1.677s] -- Found std_srvs: 4.2.3 (/opt/ros/humble/share/std_srvs/cmake)
[1.705s] -- Found ament_lint_auto: 0.12.8 (/opt/ros/humble/share/ament_lint_auto/cmake)
[1.786s] -- Added test 'cppcheck' to perform static code analysis on C / C++ code
[1.786s] -- Configured cppcheck include dirs: $<BUILD_INTERFACE:/home/lilultime/Autocab/autocab/raspberryPI3/ros2_ws/src/car_control/include>
[1.786s] -- Configured cppcheck exclude dirs and/or files: 
[1.787s] -- Added test 'lint_cmake' to check CMake code style
[1.788s] -- Added test 'uncrustify' to check C / C++ code style
[1.788s] -- Configured uncrustify additional arguments: 
[1.789s] -- Added test 'xmllint' to check XML markup files
[1.791s] -- Configuring done (1.7s)
[1.804s] -- Generating done (0.0s)
[1.806s] -- Build files have been written to: /home/lilultime/Autocab/autocab/raspberryPI3/ros2_ws/build/car_control
[1.820s] Invoked command in '/home/lilultime/Autocab/autocab/raspberryPI3/ros2_ws/build/car_control' returned '0': AMENT_PREFIX_PATH=/home/lilultime/Autocab/autocab/raspberryPI3/ros2_ws/install/interfaces:${AMENT_PREFIX_PATH} CMAKE_PREFIX_PATH=/home/lilultime/Autocab/autocab/raspberryPI3/ros2_ws/install/interfaces:/home/lilultime/Autocab/autocab/raspberryPI3/ros2_ws/install/auto_traj:/home/lilultime/ros2_ws/install/my_cpp_pkg:/home/lilultime/ros2_ws/install/my_robot_controller:/opt/ros/humble LD_LIBRARY_PATH=/home/lilultime/Autocab/autocab/raspberryPI3/ros2_ws/install/interfaces/lib:${LD_LIBRARY_PATH} PYTHONPATH=/home/lilultime/Autocab/autocab/raspberryPI3/ros2_ws/install/interfaces/local/lib/python3.10/dist-packages:${PYTHONPATH} /usr/local/bin/cmake /home/lilultime/Autocab/autocab/raspberryPI3/ros2_ws/src/car_control -DCMAKE_INSTALL_PREFIX=/home/lilultime/Autocab/autocab/raspberryPI3/ros2_ws/install/car_control
[1.822s] Invoking command in '/home/lilultime/Autocab/autocab/raspberryPI3/ros2_ws/build/car_control': AMENT_PREFIX_PATH=/home/lilultime/Autocab/autocab/raspberryPI3/ros2_ws/install/interfaces:${AMENT_PREFIX_PATH} CMAKE_PREFIX_PATH=/home/lilultime/Autocab/autocab/raspberryPI3/ros2_ws/install/interfaces:/home/lilultime/Autocab/autocab/raspberryPI3/ros2_ws/install/auto_traj:/home/lilultime/ros2_ws/install/my_cpp_pkg:/home/lilultime/ros2_ws/install/my_robot_controller:/opt/ros/humble LD_LIBRARY_PATH=/home/lilultime/Autocab/autocab/raspberryPI3/ros2_ws/install/interfaces/lib:${LD_LIBRARY_PATH} PYTHONPATH=/home/lilultime/Autocab/autocab/raspberryPI3/ros2_ws/install/interfaces/local/lib/python3.10/dist-packages:${PYTHONPATH} /usr/local/bin/cmake --build /home/lilultime/Autocab/autocab/raspberryPI3/ros2_ws/build/car_control -- -j8 -l8
[1.869s] [ 20%] [32mBuilding CXX object CMakeFiles/car_control_node.dir/src/car_control_node.cpp.o[0m
[1.869s] [ 40%] [32mBuilding CXX object CMakeFiles/car_control_node.dir/src/steeringCmd.cpp.o[0m
[1.869s] [ 60%] [32mBuilding CXX object CMakeFiles/car_control_node.dir/src/propulsionCmd.cpp.o[0m
[1.870s] [ 80%] [32mBuilding CXX object CMakeFiles/car_control_node.dir/src/fromAtoB.cpp.o[0m
[1.887s] In file included from [01m[K/home/lilultime/Autocab/autocab/raspberryPI3/ros2_ws/src/car_control/src/fromAtoB.cpp:1[m[K:
[1.887s] [01m[K/home/lilultime/Autocab/autocab/raspberryPI3/ros2_ws/src/car_control/src/../include/car_control/fromAtoB.h:14:64:[m[K [01;31m[Kerror: [m[Kexpected â€˜[01m[K,[m[Kâ€™ or â€˜[01m[K...[m[Kâ€™ before â€˜[01m[KaVector[m[Kâ€™
[1.887s]    14 | int * straightLine(float aLatitude, float aLongitude, float[2] [01;31m[KaVector[m[K, float& requestedThrottle, bool& reverse, float& requestedAngle);
[1.888s]       |                                                                [01;31m[K^~~~~~~[m[K
[1.888s] [01m[K/home/lilultime/Autocab/autocab/raspberryPI3/ros2_ws/src/car_control/src/fromAtoB.cpp:8:64:[m[K [01;31m[Kerror: [m[Kexpected â€˜[01m[K,[m[Kâ€™ or â€˜[01m[K...[m[Kâ€™ before â€˜[01m[KaVector[m[Kâ€™
[1.888s]     8 | int * straightLine(float aLatitude, float aLongitude, float[2] [01;31m[KaVector[m[K, float& requestedThrottle, bool& reverse, float& requestedAngle){
[1.888s]       |                                                                [01;31m[K^~~~~~~[m[K
[1.888s] [01m[K/home/lilultime/Autocab/autocab/raspberryPI3/ros2_ws/src/car_control/src/fromAtoB.cpp:[m[K In function â€˜[01m[Kint* straightLine(float, float, float*)[m[Kâ€™:
[1.889s] [01m[K/home/lilultime/Autocab/autocab/raspberryPI3/ros2_ws/src/car_control/src/fromAtoB.cpp:17:27:[m[K [01;31m[Kerror: [m[Kâ€˜[01m[Kpow[m[Kâ€™ was not declared in this scope
[1.889s]    17 |     float distance = sqrt([01;31m[Kpow[m[K((bLatitude - aLatitude), 2) + pow((bLongitude - aLongitude), 2));
[1.889s]       |                           [01;31m[K^~~[m[K
[1.889s] [01m[K/home/lilultime/Autocab/autocab/raspberryPI3/ros2_ws/src/car_control/src/fromAtoB.cpp:17:22:[m[K [01;31m[Kerror: [m[Kâ€˜[01m[Ksqrt[m[Kâ€™ was not declared in this scope
[1.889s]    17 |     float distance = [01;31m[Ksqrt[m[K(pow((bLatitude - aLatitude), 2) + pow((bLongitude - aLongitude), 2));
[1.889s]       |                      [01;31m[K^~~~[m[K
[1.889s] [01m[K/home/lilultime/Autocab/autocab/raspberryPI3/ros2_ws/src/car_control/src/fromAtoB.cpp:20:9:[m[K [01;31m[Kerror: [m[Kâ€˜[01m[KrequestedThrottle[m[Kâ€™ was not declared in this scope
[1.890s]    20 |         [01;31m[KrequestedThrottle[m[K = 1.0;
[1.890s]       |         [01;31m[K^~~~~~~~~~~~~~~~~[m[K
[1.890s] [01m[K/home/lilultime/Autocab/autocab/raspberryPI3/ros2_ws/src/car_control/src/fromAtoB.cpp:22:9:[m[K [01;31m[Kerror: [m[Kâ€˜[01m[KrequestedThrottle[m[Kâ€™ was not declared in this scope
[1.890s]    22 |         [01;31m[KrequestedThrottle[m[K = 1.0 * distance / MIN_DISTANCE_FOR_MAX_THROTTLE;
[1.891s]       |         [01;31m[K^~~~~~~~~~~~~~~~~[m[K
[1.891s] [01m[K/home/lilultime/Autocab/autocab/raspberryPI3/ros2_ws/src/car_control/src/fromAtoB.cpp:25:8:[m[K [01;31m[Kerror: [m[Kâ€˜[01m[KrequestedThrottle[m[Kâ€™ was not declared in this scope
[1.891s]    25 |     if([01;31m[KrequestedThrottle[m[K < 0.1){
[1.891s]       |        [01;31m[K^~~~~~~~~~~~~~~~~[m[K
[1.891s] [01m[K/home/lilultime/Autocab/autocab/raspberryPI3/ros2_ws/src/car_control/src/fromAtoB.cpp:27:9:[m[K [01;31m[Kerror: [m[Kâ€˜[01m[Kreverse[m[Kâ€™ was not declared in this scope
[1.892s]    27 |         [01;31m[Kreverse[m[K = false;
[1.892s]       |         [01;31m[K^~~~~~~[m[K
[1.892s] [01m[K/home/lilultime/Autocab/autocab/raspberryPI3/ros2_ws/src/car_control/src/fromAtoB.cpp:28:9:[m[K [01;31m[Kerror: [m[Kâ€˜[01m[KrequestedAngle[m[Kâ€™ was not declared in this scope
[1.892s]    28 |         [01;31m[KrequestedAngle[m[K = 0;
[1.892s]       |         [01;31m[K^~~~~~~~~~~~~~[m[K
[1.893s] [01m[K/home/lilultime/Autocab/autocab/raspberryPI3/ros2_ws/src/car_control/src/fromAtoB.cpp:39:37:[m[K [01;31m[Kerror: [m[Kâ€˜[01m[KaVector[m[Kâ€™ was not declared in this scope; did you mean â€˜[01m[KbVector[m[Kâ€™?
[1.893s]    39 |         float angle = degrees(acos(([01;31m[KaVector[m[K[0]*bVector[0] + aVector[1]*bVector[1])/(sqrt(pow(aVector[0], 2) + pow(aVector[1], 2)) * sqrt(pow(bVector[0], 2) + pow(bVector[1], 2)))));
[1.893s]       |                                     [01;31m[K^~~~~~~[m[K
[1.893s]       |                                     [32m[KbVector[m[K
[1.893s] [01m[K/home/lilultime/Autocab/autocab/raspberryPI3/ros2_ws/src/car_control/src/fromAtoB.cpp:39:31:[m[K [01;31m[Kerror: [m[Kâ€˜[01m[Kacos[m[Kâ€™ was not declared in this scope
[1.893s]    39 |         float angle = degrees([01;31m[Kacos[m[K((aVector[0]*bVector[0] + aVector[1]*bVector[1])/(sqrt(pow(aVector[0], 2) + pow(aVector[1], 2)) * sqrt(pow(bVector[0], 2) + pow(bVector[1], 2)))));
[1.894s]       |                               [01;31m[K^~~~[m[K
[1.894s] [01m[K/home/lilultime/Autocab/autocab/raspberryPI3/ros2_ws/src/car_control/src/fromAtoB.cpp:39:23:[m[K [01;31m[Kerror: [m[Kâ€˜[01m[Kdegrees[m[Kâ€™ was not declared in this scope
[1.894s]    39 |         float angle = [01;31m[Kdegrees[m[K(acos((aVector[0]*bVector[0] + aVector[1]*bVector[1])/(sqrt(pow(aVector[0], 2) + pow(aVector[1], 2)) * sqrt(pow(bVector[0], 2) + pow(bVector[1], 2)))));
[1.894s]       |                       [01;31m[K^~~~~~~[m[K
[1.895s] [01m[K/home/lilultime/Autocab/autocab/raspberryPI3/ros2_ws/src/car_control/src/fromAtoB.cpp:43:17:[m[K [01;31m[Kerror: [m[Kâ€˜[01m[KrequestedAngle[m[Kâ€™ was not declared in this scope
[1.895s]    43 |                 [01;31m[KrequestedAngle[m[K = -1.0;
[1.895s]       |                 [01;31m[K^~~~~~~~~~~~~~[m[K
[1.895s] [01m[K/home/lilultime/Autocab/autocab/raspberryPI3/ros2_ws/src/car_control/src/fromAtoB.cpp:45:17:[m[K [01;31m[Kerror: [m[Kâ€˜[01m[KrequestedAngle[m[Kâ€™ was not declared in this scope
[1.895s]    45 |                 [01;31m[KrequestedAngle[m[K = 1.0;
[1.896s]       |                 [01;31m[K^~~~~~~~~~~~~~[m[K
[1.896s] [01m[K/home/lilultime/Autocab/autocab/raspberryPI3/ros2_ws/src/car_control/src/fromAtoB.cpp:48:13:[m[K [01;31m[Kerror: [m[Kâ€˜[01m[KrequestedAngle[m[Kâ€™ was not declared in this scope
[1.896s]    48 |             [01;31m[KrequestedAngle[m[K = 0;
[1.896s]       |             [01;31m[K^~~~~~~~~~~~~~[m[K
[1.896s] [01m[K/home/lilultime/Autocab/autocab/raspberryPI3/ros2_ws/src/car_control/src/fromAtoB.cpp:51:9:[m[K [01;31m[Kerror: [m[Kâ€˜[01m[Kreverse[m[Kâ€™ was not declared in this scope
[1.897s]    51 |         [01;31m[Kreverse[m[K = false;
[1.897s]       |         [01;31m[K^~~~~~~[m[K
[1.898s] gmake[2]: *** [CMakeFiles/car_control_node.dir/build.make:118: CMakeFiles/car_control_node.dir/src/fromAtoB.cpp.o] Error 1
[1.898s] gmake[2]: *** Waiting for unfinished jobs....
[4.034s] In file included from [01m[K/home/lilultime/Autocab/autocab/raspberryPI3/ros2_ws/src/car_control/src/car_control_node.cpp:17[m[K:
[4.035s] [01m[K/home/lilultime/Autocab/autocab/raspberryPI3/ros2_ws/src/car_control/src/../include/car_control/fromAtoB.h:14:64:[m[K [01;31m[Kerror: [m[Kexpected â€˜[01m[K,[m[Kâ€™ or â€˜[01m[K...[m[Kâ€™ before â€˜[01m[KaVector[m[Kâ€™
[4.035s]    14 |  * straightLine(float aLatitude, float aLongitude, float[2] [01;31m[KaVector[m[K, float& requestedThrottle, bool& reverse, float& requestedAngle);
[4.035s]       |                                                             [01;31m[K^~~~~~~[m[K
[4.035s] 
[4.035s] [01m[K/home/lilultime/Autocab/autocab/raspberryPI3/ros2_ws/src/car_control/src/car_control_node.cpp:232:50:[m[K [01;31m[Kerror: [m[Kâ€˜[01m[KGnss[m[Kâ€™ in namespace â€˜[01m[Kinterfaces::msg[m[Kâ€™ does not name a type
[4.035s]   232 |     void gnssDataCallback(const interfaces::msg::[01;31m[KGnss[m[K & gnssData){
[4.035s]       |                                                  [01;31m[K^~~~[m[K
[4.036s] [01m[K/home/lilultime/Autocab/autocab/raspberryPI3/ros2_ws/src/car_control/src/car_control_node.cpp:239:6:[m[K [01;31m[Kerror: [m[Kexpected â€˜[01m[K;[m[Kâ€™ after class definition
[4.036s]   239 |     }
[4.036s]       |      [01;31m[K^[m[K
[4.036s]       |      [32m[K;[m[K
[4.040s] [01m[K/home/lilultime/Autocab/autocab/raspberryPI3/ros2_ws/src/car_control/src/car_control_node.cpp:[m[K In constructor â€˜[01m[Kcar_control::car_control()[m[Kâ€™:
[4.040s] [01m[K/home/lilultime/Autocab/autocab/raspberryPI3/ros2_ws/src/car_control/src/car_control_node.cpp:29:9:[m[K [01;31m[Kerror: [m[Kâ€˜[01m[Kstart[m[Kâ€™ was not declared in this scope
[4.041s]    29 |         [01;31m[Kstart[m[K = false;
[4.041s]       |         [01;31m[K^~~~~[m[K
[4.045s] [01m[K/home/lilultime/Autocab/autocab/raspberryPI3/ros2_ws/src/car_control/src/car_control_node.cpp:30:9:[m[K [01;31m[Kerror: [m[Kâ€˜[01m[Kmode[m[Kâ€™ was not declared in this scope; did you mean â€˜[01m[KNode[m[Kâ€™?
[4.045s]    30 |         [01;31m[Kmode[m[K = 0;
[4.045s]       |         [01;31m[K^~~~[m[K
[4.045s]       |         [32m[KNode[m[K
[4.053s] [01m[K/home/lilultime/Autocab/autocab/raspberryPI3/ros2_ws/src/car_control/src/car_control_node.cpp:31:9:[m[K [01;31m[Kerror: [m[Kâ€˜[01m[KrequestedThrottle[m[Kâ€™ was not declared in this scope
[4.054s]    31 |         [01;31m[KrequestedThrottle[m[K = 0;
[4.054s]       |         [01;31m[K^~~~~~~~~~~~~~~~~[m[K
[4.063s] [01m[K/home/lilultime/Autocab/autocab/raspberryPI3/ros2_ws/src/car_control/src/car_control_node.cpp:32:9:[m[K [01;31m[Kerror: [m[Kâ€˜[01m[KrequestedSteerAngle[m[Kâ€™ was not declared in this scope
[4.064s]    32 |         [01;31m[KrequestedSteerAngle[m[K = 0;
[4.064s]       |         [01;31m[K^~~~~~~~~~~~~~~~~~~[m[K
[4.071s] [01m[K/home/lilultime/Autocab/autocab/raspberryPI3/ros2_ws/src/car_control/src/car_control_node.cpp:33:9:[m[K [01;31m[Kerror: [m[Kâ€˜[01m[KcurrentLatitude[m[Kâ€™ was not declared in this scope
[4.071s]    33 |         [01;31m[KcurrentLatitude[m[K = 0;
[4.072s]       |         [01;31m[K^~~~~~~~~~~~~~~[m[K
[4.080s] [01m[K/home/lilultime/Autocab/autocab/raspberryPI3/ros2_ws/src/car_control/src/car_control_node.cpp:34:9:[m[K [01;31m[Kerror: [m[Kâ€˜[01m[KcurrentLongitude[m[Kâ€™ was not declared in this scope
[4.080s]    34 |         [01;31m[KcurrentLongitude[m[K = 0;
[4.080s]       |         [01;31m[K^~~~~~~~~~~~~~~~[m[K
[4.088s] [01m[K/home/lilultime/Autocab/autocab/raspberryPI3/ros2_ws/src/car_control/src/car_control_node.cpp:35:9:[m[K [01;31m[Kerror: [m[Kâ€˜[01m[KcurrentDirection[m[Kâ€™ was not declared in this scope
[4.088s]    35 |         [01;31m[KcurrentDirection[m[K[0]=1;
[4.088s]       |         [01;31m[K^~~~~~~~~~~~~~~~[m[K
[4.095s] [01m[K/home/lilultime/Autocab/autocab/raspberryPI3/ros2_ws/src/car_control/src/car_control_node.cpp:39:9:[m[K [01;31m[Kerror: [m[Kâ€˜[01m[Kpublisher_can_[m[Kâ€™ was not declared in this scope
[4.095s]    39 |         [01;31m[Kpublisher_can_[m[K= this->create_publisher<interfaces::msg::MotorsOrder>("motors_order", 10);
[4.095s]       |         [01;31m[K^~~~~~~~~~~~~~[m[K
[4.110s] [01m[K/home/lilultime/Autocab/autocab/raspberryPI3/ros2_ws/src/car_control/src/car_control_node.cpp:41:9:[m[K [01;31m[Kerror: [m[Kâ€˜[01m[Kpublisher_steeringCalibration_[m[Kâ€™ was not declared in this scope; did you mean â€˜[01m[KstartSteeringCalibration[m[Kâ€™?
[4.110s]    41 |         [01;31m[Kpublisher_steeringCalibration_[m[K = this->create_publisher<interfaces::msg::SteeringCalibration>("steering_calibration", 10);
[4.110s]       |         [01;31m[K^~~~~~~~~~~~~~~~~~~~~~~~~~~~~~[m[K
[4.110s]       |         [32m[KstartSteeringCalibration[m[K
[4.124s] [01m[K/home/lilultime/Autocab/autocab/raspberryPI3/ros2_ws/src/car_control/src/car_control_node.cpp:45:9:[m[K [01;31m[Kerror: [m[Kâ€˜[01m[Ksubscription_joystick_order_[m[Kâ€™ was not declared in this scope
[4.125s]    45 |         [01;31m[Ksubscription_joystick_order_[m[K = this->create_subscription<interfaces::msg::JoystickOrder>(
[4.125s]       |         [01;31m[K^~~~~~~~~~~~~~~~~~~~~~~~~~~~[m[K
[4.179s] [01m[K/home/lilultime/Autocab/autocab/raspberryPI3/ros2_ws/src/car_control/src/car_control_node.cpp:48:9:[m[K [01;31m[Kerror: [m[Kâ€˜[01m[Ksubscription_motors_feedback_[m[Kâ€™ was not declared in this scope
[4.179s]    48 |         [01;31m[Ksubscription_motors_feedback_[m[K = this->create_subscription<interfaces::msg::MotorsFeedback>(
[4.179s]       |         [01;31m[K^~~~~~~~~~~~~~~~~~~~~~~~~~~~~[m[K
[4.230s] [01m[K/home/lilultime/Autocab/autocab/raspberryPI3/ros2_ws/src/car_control/src/car_control_node.cpp:51:9:[m[K [01;31m[Kerror: [m[Kâ€˜[01m[Ksubscription_steering_calibration_[m[Kâ€™ was not declared in this scope
[4.230s]    51 |         [01;31m[Ksubscription_steering_calibration_[m[K = this->create_subscription<interfaces::msg::SteeringCalibration>(
[4.230s]       |         [01;31m[K^~~~~~~~~~~~~~~~~~~~~~~~~~~~~~~~~~[m[K
[4.280s] [01m[K/home/lilultime/Autocab/autocab/raspberryPI3/ros2_ws/src/car_control/src/car_control_node.cpp:54:9:[m[K [01;31m[Kerror: [m[Kâ€˜[01m[Ksubscription_gnss_data_[m[Kâ€™ was not declared in this scope
[4.280s]    54 |         [01;31m[Ksubscription_gnss_data_[m[K = this->create_subscription<interfaces::msg::Gnss>(
[4.280s]       |         [01;31m[K^~~~~~~~~~~~~~~~~~~~~~~[m[K
[4.281s] [01m[K/home/lilultime/Autocab/autocab/raspberryPI3/ros2_ws/src/car_control/src/car_control_node.cpp:54:78:[m[K [01;31m[Kerror: [m[Kâ€˜[01m[KGnss[m[Kâ€™ is not a member of â€˜[01m[Kinterfaces::msg[m[Kâ€™
[4.281s]    54 | cription_gnss_data_ = this->create_subscription<interfaces::msg::[01;31m[KGnss[m[K>(
[4.281s]       |                                                                  [01;31m[K^~~~[m[K
[4.281s] 
[4.283s] [01m[K/home/lilultime/Autocab/autocab/raspberryPI3/ros2_ws/src/car_control/src/car_control_node.cpp:54:83:[m[K [01;31m[Kerror: [m[Kno matching function for call to â€˜[01m[Kcar_control::create_subscription<<expression error> >(const char [10], int, std::_Bind_helper<false, void (car_control::*)(const int&), car_control*, const std::_Placeholder<1>&>::type)[m[Kâ€™
[4.283s]    54 | cription_gnss_data_ = [01;31m[Kthis->create_subscription<interfaces::msg::Gnss>([m[K
[4.283s]       |                       [01;31m[K~~~~~~~~~~~~~~~~~~~~~~~~~~~~~~~~~~~~~~~~~~~~~~~~^[m[K
[4.283s] 
[4.283s]    55 | [01;31m[Ks_data", 10, std::bind(&car_control::gnssDataCallback, this, _1))[m[K;
[4.283s]       | [01;31m[K~~~~~~~~~~~~~~~~~~~~~~~~~~~~~~~~~~~~~~~~~~~~~~~~~~~~~~~~~~~~~~~~~[m[K      
[4.284s] 
[4.284s] In file included from [01m[K/opt/ros/humble/include/rclcpp/rclcpp/node.hpp:1321[m[K,
[4.284s]                  from [01m[K/opt/ros/humble/include/rclcpp/rclcpp/executors/single_threaded_executor.hpp:28[m[K,
[4.284s]                  from [01m[K/opt/ros/humble/include/rclcpp/rclcpp/executors.hpp:22[m[K,
[4.284s]                  from [01m[K/opt/ros/humble/include/rclcpp/rclcpp/rclcpp.hpp:155[m[K,
[4.284s]                  from [01m[K/home/lilultime/Autocab/autocab/raspberryPI3/ros2_ws/src/car_control/src/car_control_node.cpp:1[m[K:
[4.284s] [01m[K/opt/ros/humble/include/rclcpp/rclcpp/node_impl.hpp:92:1:[m[K [01;36m[Knote: [m[Kcandidate: â€˜[01m[Ktemplate<class MessageT, class CallbackT, class AllocatorT, class SubscriptionT, class MessageMemoryStrategyT> std::shared_ptr<ROSMessageT> rclcpp::Node::create_subscription(const string&, const rclcpp::QoS&, CallbackT&&, const rclcpp::SubscriptionOptionsWithAllocator<AllocatorT>&, typename MessageMemoryStrategyT::SharedPtr)[m[Kâ€™
[4.284s]    92 | [01;36m[KNode[m[K::create_subscription(
[4.284s]       | [01;36m[K^~~~[m[K
[4.284s] [01m[K/opt/ros/humble/include/rclcpp/rclcpp/node_impl.hpp:92:1:[m[K [01;36m[Knote: [m[K  template argument deduction/substitution failed:
[4.284s] [01m[K/home/lilultime/Autocab/autocab/raspberryPI3/ros2_ws/src/car_control/src/car_control_node.cpp:54:83:[m[K [01;31m[Kerror: [m[Ktemplate argument 1 is invalid
[4.284s]    54 | cription_gnss_data_ = [01;31m[Kthis->create_subscription<interfaces::msg::Gnss>([m[K
[4.285s]       |                       [01;31m[K~~~~~~~~~~~~~~~~~~~~~~~~~~~~~~~~~~~~~~~~~~~~~~~~^[m[K
[4.285s] 
[4.285s]    55 | [01;31m[Ks_data", 10, std::bind(&car_control::gnssDataCallback, this, _1))[m[K;
[4.285s]       | [01;31m[K~~~~~~~~~~~~~~~~~~~~~~~~~~~~~~~~~~~~~~~~~~~~~~~~~~~~~~~~~~~~~~~~~[m[K      
[4.285s] 
[4.295s] [01m[K/home/lilultime/Autocab/autocab/raspberryPI3/ros2_ws/src/car_control/src/car_control_node.cpp:60:9:[m[K [01;31m[Kerror: [m[Kâ€˜[01m[Kserver_calibration_[m[Kâ€™ was not declared in this scope
[4.295s]    60 |         [01;31m[Kserver_calibration_[m[K = this->create_service<std_srvs::srv::Empty>(
[4.295s]       |         [01;31m[K^~~~~~~~~~~~~~~~~~~[m[K
[4.322s] [01m[K/home/lilultime/Autocab/autocab/raspberryPI3/ros2_ws/src/car_control/src/car_control_node.cpp:63:9:[m[K [01;31m[Kerror: [m[Kâ€˜[01m[Ktimer_[m[Kâ€™ was not declared in this scope; did you mean â€˜[01m[Ktimer_t[m[Kâ€™?
[4.323s]    63 |         [01;31m[Ktimer_[m[K = this->create_wall_timer(PERIOD_UPDATE_CMD, std::bind(&car_control::updateCmd, this));
[4.323s]       |         [01;31m[K^~~~~~[m[K
[4.323s]       |         [32m[Ktimer_t[m[K
[4.335s] [01m[K/home/lilultime/Autocab/autocab/raspberryPI3/ros2_ws/src/car_control/src/car_control_node.cpp:[m[K In member function â€˜[01m[Kvoid car_control::joystickOrderCallback(const JoystickOrder&)[m[Kâ€™:
[4.335s] [01m[K/home/lilultime/Autocab/autocab/raspberryPI3/ros2_ws/src/car_control/src/car_control_node.cpp:79:31:[m[K [01;31m[Kerror: [m[Kâ€˜[01m[Kstart[m[Kâ€™ was not declared in this scope
[4.335s]    79 |         if (joyOrder.start != [01;31m[Kstart[m[K){
[4.335s]       |                               [01;31m[K^~~~~[m[K
[4.341s] [01m[K/home/lilultime/Autocab/autocab/raspberryPI3/ros2_ws/src/car_control/src/car_control_node.cpp:89:30:[m[K [01;31m[Kerror: [m[Kâ€˜[01m[Kmode[m[Kâ€™ was not declared in this scope; did you mean â€˜[01m[KNode[m[Kâ€™?
[4.342s]    89 |         if (joyOrder.mode != [01;31m[Kmode[m[K && joyOrder.mode != -1){ //if mode change
[4.342s]       |                              [01;31m[K^~~~[m[K
[4.342s]       |                              [32m[KNode[m[K
[4.348s] [01m[K/home/lilultime/Autocab/autocab/raspberryPI3/ros2_ws/src/car_control/src/car_control_node.cpp:102:13:[m[K [01;31m[Kerror: [m[Kâ€˜[01m[Kmode[m[Kâ€™ was not declared in this scope; did you mean â€˜[01m[KNode[m[Kâ€™?
[4.348s]   102 |         if ([01;31m[Kmode[m[K == 0 && start){  //if manual mode -> update requestedThrottle, requestedSteerAngle and reverse from joystick order
[4.348s]       |             [01;31m[K^~~~[m[K
[4.348s]       |             [32m[KNode[m[K
[4.353s] [01m[K/home/lilultime/Autocab/autocab/raspberryPI3/ros2_ws/src/car_control/src/car_control_node.cpp:102:26:[m[K [01;31m[Kerror: [m[Kâ€˜[01m[Kstart[m[Kâ€™ was not declared in this scope
[4.353s]   102 |         if (mode == 0 && [01;31m[Kstart[m[K){  //if manual mode -> update requestedThrottle, requestedSteerAngle and reverse from joystick order
[4.354s]       |                          [01;31m[K^~~~~[m[K
[4.364s] [01m[K/home/lilultime/Autocab/autocab/raspberryPI3/ros2_ws/src/car_control/src/car_control_node.cpp:103:13:[m[K [01;31m[Kerror: [m[Kâ€˜[01m[KrequestedThrottle[m[Kâ€™ was not declared in this scope
[4.364s]   103 |             [01;31m[KrequestedThrottle[m[K = joyOrder.throttle;
[4.364s]       |             [01;31m[K^~~~~~~~~~~~~~~~~[m[K
[4.376s] [01m[K/home/lilultime/Autocab/autocab/raspberryPI3/ros2_ws/src/car_control/src/car_control_node.cpp:104:13:[m[K [01;31m[Kerror: [m[Kâ€˜[01m[KrequestedSteerAngle[m[Kâ€™ was not declared in this scope
[4.376s]   104 |             [01;31m[KrequestedSteerAngle[m[K = joyOrder.steer;
[4.376s]       |             [01;31m[K^~~~~~~~~~~~~~~~~~~[m[K
[4.376s] [01m[K/home/lilultime/Autocab/autocab/raspberryPI3/ros2_ws/src/car_control/src/car_control_node.cpp:105:32:[m[K [01;31m[Kerror: [m[Koverloaded function with no contextual type information
[4.376s]   105 |             reverse = joyOrder.[01;31m[Kreverse[m[K;
[4.376s]       |                                [01;31m[K^~~~~~~[m[K
[4.384s] [01m[K/home/lilultime/Autocab/autocab/raspberryPI3/ros2_ws/src/car_control/src/car_control_node.cpp:[m[K In member function â€˜[01m[Kvoid car_control::motorsFeedbackCallback(const MotorsFeedback&)[m[Kâ€™:
[4.384s] [01m[K/home/lilultime/Autocab/autocab/raspberryPI3/ros2_ws/src/car_control/src/car_control_node.cpp:115:9:[m[K [01;31m[Kerror: [m[Kâ€˜[01m[KcurrentAngle[m[Kâ€™ was not declared in this scope
[4.384s]   115 |         [01;31m[KcurrentAngle[m[K = motorsFeedback.steering_angle;
[4.385s]       |         [01;31m[K^~~~~~~~~~~~[m[K
[4.390s] [01m[K/home/lilultime/Autocab/autocab/raspberryPI3/ros2_ws/src/car_control/src/car_control_node.cpp:[m[K In member function â€˜[01m[Kvoid car_control::updateCmd()[m[Kâ€™:
[4.390s] [01m[K/home/lilultime/Autocab/autocab/raspberryPI3/ros2_ws/src/car_control/src/car_control_node.cpp:131:14:[m[K [01;31m[Kerror: [m[Kâ€˜[01m[Kstart[m[Kâ€™ was not declared in this scope
[4.390s]   131 |         if (![01;31m[Kstart[m[K){    //Car stopped
[4.390s]       |              [01;31m[K^~~~~[m[K
[4.399s] [01m[K/home/lilultime/Autocab/autocab/raspberryPI3/ros2_ws/src/car_control/src/car_control_node.cpp:132:13:[m[K [01;31m[Kerror: [m[Kâ€˜[01m[KleftRearPwmCmd[m[Kâ€™ was not declared in this scope
[4.399s]   132 |             [01;31m[KleftRearPwmCmd[m[K = STOP;
[4.399s]       |             [01;31m[K^~~~~~~~~~~~~~[m[K
[4.408s] [01m[K/home/lilultime/Autocab/autocab/raspberryPI3/ros2_ws/src/car_control/src/car_control_node.cpp:133:13:[m[K [01;31m[Kerror: [m[Kâ€˜[01m[KrightRearPwmCmd[m[Kâ€™ was not declared in this scope
[4.408s]   133 |             [01;31m[KrightRearPwmCmd[m[K = STOP;
[4.409s]       |             [01;31m[K^~~~~~~~~~~~~~~[m[K
[4.414s] [01m[K/home/lilultime/Autocab/autocab/raspberryPI3/ros2_ws/src/car_control/src/car_control_node.cpp:134:13:[m[K [01;31m[Kerror: [m[Kâ€˜[01m[KsteeringPwmCmd[m[Kâ€™ was not declared in this scope; did you mean â€˜[01m[KsteeringCmd[m[Kâ€™?
[4.414s]   134 |             [01;31m[KsteeringPwmCmd[m[K = STOP;
[4.414s]       |             [01;31m[K^~~~~~~~~~~~~~[m[K
[4.414s]       |             [32m[KsteeringCmd[m[K
[4.417s] [01m[K/home/lilultime/Autocab/autocab/raspberryPI3/ros2_ws/src/car_control/src/car_control_node.cpp:140:17:[m[K [01;31m[Kerror: [m[Kâ€˜[01m[Kmode[m[Kâ€™ was not declared in this scope; did you mean â€˜[01m[KNode[m[Kâ€™?
[4.417s]   140 |             if ([01;31m[Kmode[m[K==0){
[4.417s]       |                 [01;31m[K^~~~[m[K
[4.417s]       |                 [32m[KNode[m[K
[4.426s] [01m[K/home/lilultime/Autocab/autocab/raspberryPI3/ros2_ws/src/car_control/src/car_control_node.cpp:142:37:[m[K [01;31m[Kerror: [m[Kâ€˜[01m[KrequestedThrottle[m[Kâ€™ was not declared in this scope
[4.426s]   142 |                 manualPropulsionCmd([01;31m[KrequestedThrottle[m[K, reverse, leftRearPwmCmd,rightRearPwmCmd);
[4.426s]       |                                     [01;31m[K^~~~~~~~~~~~~~~~~[m[K
[4.433s] [01m[K/home/lilultime/Autocab/autocab/raspberryPI3/ros2_ws/src/car_control/src/car_control_node.cpp:142:65:[m[K [01;31m[Kerror: [m[Kâ€˜[01m[KleftRearPwmCmd[m[Kâ€™ was not declared in this scope
[4.433s]   142 |             manualPropulsionCmd(requestedThrottle, reverse, [01;31m[KleftRearPwmCmd[m[K,rightRearPwmCmd);
[4.433s]       |                                                             [01;31m[K^~~~~~~~~~~~~~[m[K
[4.433s] 
[4.441s] [01m[K/home/lilultime/Autocab/autocab/raspberryPI3/ros2_ws/src/car_control/src/car_control_node.cpp:142:80:[m[K [01;31m[Kerror: [m[Kâ€˜[01m[KrightRearPwmCmd[m[Kâ€™ was not declared in this scope
[4.442s]   142 | ualPropulsionCmd(requestedThrottle, reverse, leftRearPwmCmd,[01;31m[KrightRearPwmCmd[m[K);
[4.442s]       |                                                             [01;31m[K^~~~~~~~~~~~~~~[m[K
[4.442s] 
[4.452s] [01m[K/home/lilultime/Autocab/autocab/raspberryPI3/ros2_ws/src/car_control/src/car_control_node.cpp:144:29:[m[K [01;31m[Kerror: [m[Kâ€˜[01m[KrequestedSteerAngle[m[Kâ€™ was not declared in this scope
[4.452s]   144 |                 steeringCmd([01;31m[KrequestedSteerAngle[m[K,currentAngle, steeringPwmCmd);
[4.452s]       |                             [01;31m[K^~~~~~~~~~~~~~~~~~~[m[K
[4.458s] [01m[K/home/lilultime/Autocab/autocab/raspberryPI3/ros2_ws/src/car_control/src/car_control_node.cpp:144:49:[m[K [01;31m[Kerror: [m[Kâ€˜[01m[KcurrentAngle[m[Kâ€™ was not declared in this scope
[4.458s]   144 |                 steeringCmd(requestedSteerAngle,[01;31m[KcurrentAngle[m[K, steeringPwmCmd);
[4.458s]       |                                                 [01;31m[K^~~~~~~~~~~~[m[K
[4.463s] [01m[K/home/lilultime/Autocab/autocab/raspberryPI3/ros2_ws/src/car_control/src/car_control_node.cpp:144:63:[m[K [01;31m[Kerror: [m[Kâ€˜[01m[KsteeringPwmCmd[m[Kâ€™ was not declared in this scope; did you mean â€˜[01m[KsteeringCmd[m[Kâ€™?
[4.463s]   144 |               steeringCmd(requestedSteerAngle,currentAngle, [01;31m[KsteeringPwmCmd[m[K);
[4.463s]       |                                                             [01;31m[K^~~~~~~~~~~~~~[m[K
[4.463s]       |                                                             [32m[KsteeringCmd[m[K
[4.471s] [01m[K/home/lilultime/Autocab/autocab/raspberryPI3/ros2_ws/src/car_control/src/car_control_node.cpp:150:30:[m[K [01;31m[Kerror: [m[Kâ€˜[01m[KcurrentLatitude[m[Kâ€™ was not declared in this scope
[4.471s]   150 |                 straightLine([01;31m[KcurrentLatitude[m[K, currentLongitude, currentDirection, requestedThrottle, reverse, requestedSteerAngle);
[4.471s]       |                              [01;31m[K^~~~~~~~~~~~~~~[m[K
[4.480s] [01m[K/home/lilultime/Autocab/autocab/raspberryPI3/ros2_ws/src/car_control/src/car_control_node.cpp:150:47:[m[K [01;31m[Kerror: [m[Kâ€˜[01m[KcurrentLongitude[m[Kâ€™ was not declared in this scope
[4.480s]   150 |                 straightLine(currentLatitude, [01;31m[KcurrentLongitude[m[K, currentDirection, requestedThrottle, reverse, requestedSteerAngle);
[4.480s]       |                                               [01;31m[K^~~~~~~~~~~~~~~~[m[K
[4.488s] [01m[K/home/lilultime/Autocab/autocab/raspberryPI3/ros2_ws/src/car_control/src/car_control_node.cpp:150:65:[m[K [01;31m[Kerror: [m[Kâ€˜[01m[KcurrentDirection[m[Kâ€™ was not declared in this scope
[4.488s]   150 |             straightLine(currentLatitude, currentLongitude, [01;31m[KcurrentDirection[m[K, requestedThrottle, reverse, requestedSteerAngle);
[4.488s]       |                                                             [01;31m[K^~~~~~~~~~~~~~~~[m[K
[4.488s] 
[4.497s] [01m[K/home/lilultime/Autocab/autocab/raspberryPI3/ros2_ws/src/car_control/src/car_control_node.cpp:150:83:[m[K [01;31m[Kerror: [m[Kâ€˜[01m[KrequestedThrottle[m[Kâ€™ was not declared in this scope
[4.497s]   150 | htLine(currentLatitude, currentLongitude, currentDirection, [01;31m[KrequestedThrottle[m[K, reverse, requestedSteerAngle);
[4.497s]       |                                                             [01;31m[K^~~~~~~~~~~~~~~~~[m[K
[4.497s] 
[4.506s] [01m[K/home/lilultime/Autocab/autocab/raspberryPI3/ros2_ws/src/car_control/src/car_control_node.cpp:150:111:[m[K [01;31m[Kerror: [m[Kâ€˜[01m[KrequestedSteerAngle[m[Kâ€™ was not declared in this scope
[4.506s]   150 | entLongitude, currentDirection, requestedThrottle, reverse, [01;31m[KrequestedSteerAngle[m[K);
[4.507s]       |                                                             [01;31m[K^~~~~~~~~~~~~~~~~~~[m[K
[4.507s] 
[4.514s] [01m[K/home/lilultime/Autocab/autocab/raspberryPI3/ros2_ws/src/car_control/src/car_control_node.cpp:152:65:[m[K [01;31m[Kerror: [m[Kâ€˜[01m[KleftRearPwmCmd[m[Kâ€™ was not declared in this scope
[4.514s]   152 |             manualPropulsionCmd(requestedThrottle, reverse, [01;31m[KleftRearPwmCmd[m[K,rightRearPwmCmd);
[4.514s]       |                                                             [01;31m[K^~~~~~~~~~~~~~[m[K
[4.514s] 
[4.521s] [01m[K/home/lilultime/Autocab/autocab/raspberryPI3/ros2_ws/src/car_control/src/car_control_node.cpp:152:80:[m[K [01;31m[Kerror: [m[Kâ€˜[01m[KrightRearPwmCmd[m[Kâ€™ was not declared in this scope
[4.521s]   152 | ualPropulsionCmd(requestedThrottle, reverse, leftRearPwmCmd,[01;31m[KrightRearPwmCmd[m[K);
[4.521s]       |                                                             [01;31m[K^~~~~~~~~~~~~~~[m[K
[4.521s] 
[4.527s] [01m[K/home/lilultime/Autocab/autocab/raspberryPI3/ros2_ws/src/car_control/src/car_control_node.cpp:154:49:[m[K [01;31m[Kerror: [m[Kâ€˜[01m[KcurrentAngle[m[Kâ€™ was not declared in this scope
[4.527s]   154 |                 steeringCmd(requestedSteerAngle,[01;31m[KcurrentAngle[m[K, steeringPwmCmd);
[4.527s]       |                                                 [01;31m[K^~~~~~~~~~~~[m[K
[4.532s] [01m[K/home/lilultime/Autocab/autocab/raspberryPI3/ros2_ws/src/car_control/src/car_control_node.cpp:154:63:[m[K [01;31m[Kerror: [m[Kâ€˜[01m[KsteeringPwmCmd[m[Kâ€™ was not declared in this scope; did you mean â€˜[01m[KsteeringCmd[m[Kâ€™?
[4.532s]   154 |               steeringCmd(requestedSteerAngle,currentAngle, [01;31m[KsteeringPwmCmd[m[K);
[4.532s]       |                                                             [01;31m[K^~~~~~~~~~~~~~[m[K
[4.532s]       |                                                             [32m[KsteeringCmd[m[K
[4.540s] [01m[K/home/lilultime/Autocab/autocab/raspberryPI3/ros2_ws/src/car_control/src/car_control_node.cpp:161:37:[m[K [01;31m[Kerror: [m[Kâ€˜[01m[KleftRearPwmCmd[m[Kâ€™ was not declared in this scope
[4.540s]   161 |         motorsOrder.left_rear_pwm = [01;31m[KleftRearPwmCmd[m[K;
[4.540s]       |                                     [01;31m[K^~~~~~~~~~~~~~[m[K
[4.549s] [01m[K/home/lilultime/Autocab/autocab/raspberryPI3/ros2_ws/src/car_control/src/car_control_node.cpp:162:38:[m[K [01;31m[Kerror: [m[Kâ€˜[01m[KrightRearPwmCmd[m[Kâ€™ was not declared in this scope
[4.549s]   162 |         motorsOrder.right_rear_pwm = [01;31m[KrightRearPwmCmd[m[K;
[4.549s]       |                                      [01;31m[K^~~~~~~~~~~~~~~[m[K
[4.554s] [01m[K/home/lilultime/Autocab/autocab/raspberryPI3/ros2_ws/src/car_control/src/car_control_node.cpp:163:36:[m[K [01;31m[Kerror: [m[Kâ€˜[01m[KsteeringPwmCmd[m[Kâ€™ was not declared in this scope; did you mean â€˜[01m[KsteeringCmd[m[Kâ€™?
[4.554s]   163 |         motorsOrder.steering_pwm = [01;31m[KsteeringPwmCmd[m[K;
[4.554s]       |                                    [01;31m[K^~~~~~~~~~~~~~[m[K
[4.554s]       |                                    [32m[KsteeringCmd[m[K
[4.562s] [01m[K/home/lilultime/Autocab/autocab/raspberryPI3/ros2_ws/src/car_control/src/car_control_node.cpp:166:9:[m[K [01;31m[Kerror: [m[Kâ€˜[01m[Kpublisher_can_[m[Kâ€™ was not declared in this scope
[4.562s]   166 |         [01;31m[Kpublisher_can_[m[K->publish(motorsOrder);
[4.562s]       |         [01;31m[K^~~~~~~~~~~~~~[m[K
[4.573s] [01m[K/home/lilultime/Autocab/autocab/raspberryPI3/ros2_ws/src/car_control/src/car_control_node.cpp:[m[K In member function â€˜[01m[Kvoid car_control::startSteeringCalibration()[m[Kâ€™:
[4.573s] [01m[K/home/lilultime/Autocab/autocab/raspberryPI3/ros2_ws/src/car_control/src/car_control_node.cpp:180:9:[m[K [01;31m[Kerror: [m[Kâ€˜[01m[Kpublisher_steeringCalibration_[m[Kâ€™ was not declared in this scope; did you mean â€˜[01m[KstartSteeringCalibration[m[Kâ€™?
[4.573s]   180 |         [01;31m[Kpublisher_steeringCalibration_[m[K->publish(calibrationMsg);
[4.574s]       |         [01;31m[K^~~~~~~~~~~~~~~~~~~~~~~~~~~~~~[m[K
[4.574s]       |         [32m[KstartSteeringCalibration[m[K
[4.581s] [01m[K/home/lilultime/Autocab/autocab/raspberryPI3/ros2_ws/src/car_control/src/car_control_node.cpp:[m[K In member function â€˜[01m[Kvoid car_control::steeringCalibration(std_srvs::srv::Empty_Request_<std::allocator<void> >::SharedPtr, std_srvs::srv::Empty_Response_<std::allocator<void> >::SharedPtr)[m[Kâ€™:
[4.581s] [01m[K/home/lilultime/Autocab/autocab/raspberryPI3/ros2_ws/src/car_control/src/car_control_node.cpp:192:9:[m[K [01;31m[Kerror: [m[Kâ€˜[01m[Kmode[m[Kâ€™ was not declared in this scope; did you mean â€˜[01m[KNode[m[Kâ€™?
[4.581s]   192 |         [01;31m[Kmode[m[K = 2;    //Switch to calibration mode
[4.581s]       |         [01;31m[K^~~~[m[K
[4.581s]       |         [32m[KNode[m[K
[4.586s] [01m[K/home/lilultime/Autocab/autocab/raspberryPI3/ros2_ws/src/car_control/src/car_control_node.cpp:[m[K In member function â€˜[01m[Kvoid car_control::steeringCalibrationCallback(const SteeringCalibration&)[m[Kâ€™:
[4.586s] [01m[K/home/lilultime/Autocab/autocab/raspberryPI3/ros2_ws/src/car_control/src/car_control_node.cpp:213:13:[m[K [01;31m[Kerror: [m[Kâ€˜[01m[Kmode[m[Kâ€™ was not declared in this scope; did you mean â€˜[01m[KNode[m[Kâ€™?
[4.586s]   213 |             [01;31m[Kmode[m[K = 0;    //Switch to manual mode
[4.587s]       |             [01;31m[K^~~~[m[K
[4.587s]       |             [32m[KNode[m[K
[4.590s] [01m[K/home/lilultime/Autocab/autocab/raspberryPI3/ros2_ws/src/car_control/src/car_control_node.cpp:214:13:[m[K [01;31m[Kerror: [m[Kâ€˜[01m[Kstart[m[Kâ€™ was not declared in this scope
[4.590s]   214 |             [01;31m[Kstart[m[K = false;  //Stop car
[4.590s]       |             [01;31m[K^~~~~[m[K
[4.595s] [01m[K/home/lilultime/Autocab/autocab/raspberryPI3/ros2_ws/src/car_control/src/car_control_node.cpp:219:13:[m[K [01;31m[Kerror: [m[Kâ€˜[01m[Kmode[m[Kâ€™ was not declared in this scope; did you mean â€˜[01m[KNode[m[Kâ€™?
[4.595s]   219 |             [01;31m[Kmode[m[K = 0;    //Switch to manual mode
[4.595s]       |             [01;31m[K^~~~[m[K
[4.595s]       |             [32m[KNode[m[K
[4.598s] [01m[K/home/lilultime/Autocab/autocab/raspberryPI3/ros2_ws/src/car_control/src/car_control_node.cpp:220:13:[m[K [01;31m[Kerror: [m[Kâ€˜[01m[Kstart[m[Kâ€™ was not declared in this scope
[4.598s]   220 |             [01;31m[Kstart[m[K = false;  //Stop car
[4.599s]       |             [01;31m[K^~~~~[m[K
[4.607s] [01m[K/home/lilultime/Autocab/autocab/raspberryPI3/ros2_ws/src/car_control/src/car_control_node.cpp:[m[K In member function â€˜[01m[Kvoid car_control::gnssDataCallback(const int&)[m[Kâ€™:
[4.607s] [01m[K/home/lilultime/Autocab/autocab/raspberryPI3/ros2_ws/src/car_control/src/car_control_node.cpp:233:18:[m[K [01;31m[Kerror: [m[Kâ€˜[01m[KcurrentLatitude[m[Kâ€™ was not declared in this scope
[4.607s]   233 |         if ((abs([01;31m[KcurrentLatitude[m[K-gnssData.latitude) >= MIN_UPDATE_COORDINATES) || (abs(currentLongitude-gnssData.longitude) >= MIN_UPDATE_COORDINATES)){
[4.607s]       |                  [01;31m[K^~~~~~~~~~~~~~~[m[K
[4.607s] [01m[K/home/lilultime/Autocab/autocab/raspberryPI3/ros2_ws/src/car_control/src/car_control_node.cpp:233:43:[m[K [01;31m[Kerror: [m[Krequest for member â€˜[01m[Klatitude[m[Kâ€™ in â€˜[01m[KgnssData[m[Kâ€™, which is of non-class type â€˜[01m[Kconst int[m[Kâ€™
[4.607s]   233 |         if ((abs(currentLatitude-gnssData.[01;31m[Klatitude[m[K) >= MIN_UPDATE_COORDINATES) || (abs(currentLongitude-gnssData.longitude) >= MIN_UPDATE_COORDINATES)){
[4.607s]       |                                           [01;31m[K^~~~~~~~[m[K
[4.616s] [01m[K/home/lilultime/Autocab/autocab/raspberryPI3/ros2_ws/src/car_control/src/car_control_node.cpp:233:88:[m[K [01;31m[Kerror: [m[Kâ€˜[01m[KcurrentLongitude[m[Kâ€™ was not declared in this scope
[4.616s]   233 | itude-gnssData.latitude) >= MIN_UPDATE_COORDINATES) || (abs([01;31m[KcurrentLongitude[m[K-gnssData.longitude) >= MIN_UPDATE_COORDINATES)){
[4.616s]       |                                                             [01;31m[K^~~~~~~~~~~~~~~~[m[K
[4.616s] 
[4.616s] [01m[K/home/lilultime/Autocab/autocab/raspberryPI3/ros2_ws/src/car_control/src/car_control_node.cpp:233:114:[m[K [01;31m[Kerror: [m[Krequest for member â€˜[01m[Klongitude[m[Kâ€™ in â€˜[01m[KgnssData[m[Kâ€™, which is of non-class type â€˜[01m[Kconst int[m[Kâ€™
[4.616s]   233 | = MIN_UPDATE_COORDINATES) || (abs(currentLongitude-gnssData.[01;31m[Klongitude[m[K) >= MIN_UPDATE_COORDINATES)){
[4.616s]       |                                                             [01;31m[K^~~~~~~~~[m[K
[4.616s] 
[4.624s] [01m[K/home/lilultime/Autocab/autocab/raspberryPI3/ros2_ws/src/car_control/src/car_control_node.cpp:234:13:[m[K [01;31m[Kerror: [m[Kâ€˜[01m[KcurrentDirection[m[Kâ€™ was not declared in this scope
[4.624s]   234 |             [01;31m[KcurrentDirection[m[K[0] =  gnssData.latitude - currentLatitude ;
[4.624s]       |             [01;31m[K^~~~~~~~~~~~~~~~[m[K
[4.624s] [01m[K/home/lilultime/Autocab/autocab/raspberryPI3/ros2_ws/src/car_control/src/car_control_node.cpp:234:45:[m[K [01;31m[Kerror: [m[Krequest for member â€˜[01m[Klatitude[m[Kâ€™ in â€˜[01m[KgnssData[m[Kâ€™, which is of non-class type â€˜[01m[Kconst int[m[Kâ€™
[4.625s]   234 |             currentDirection[0] =  gnssData.[01;31m[Klatitude[m[K - currentLatitude ;
[4.625s]       |                                             [01;31m[K^~~~~~~~[m[K
[4.625s] [01m[K/home/lilultime/Autocab/autocab/raspberryPI3/ros2_ws/src/car_control/src/car_control_node.cpp:235:45:[m[K [01;31m[Kerror: [m[Krequest for member â€˜[01m[Klongitude[m[Kâ€™ in â€˜[01m[KgnssData[m[Kâ€™, which is of non-class type â€˜[01m[Kconst int[m[Kâ€™
[4.625s]   235 |             currentDirection[1] =  gnssData.[01;31m[Klongitude[m[K - currentLongitude};
[4.625s]       |                                             [01;31m[K^~~~~~~~~[m[K
[4.632s] [01m[K/home/lilultime/Autocab/autocab/raspberryPI3/ros2_ws/src/car_control/src/car_control_node.cpp:236:13:[m[K [01;31m[Kerror: [m[Kâ€˜[01m[KcurrentLatitude[m[Kâ€™ was not declared in this scope
[4.632s]   236 |             [01;31m[KcurrentLatitude[m[K = gnssData.latitude;
[4.632s]       |             [01;31m[K^~~~~~~~~~~~~~~[m[K
[4.632s] [01m[K/home/lilultime/Autocab/autocab/raspberryPI3/ros2_ws/src/car_control/src/car_control_node.cpp:236:40:[m[K [01;31m[Kerror: [m[Krequest for member â€˜[01m[Klatitude[m[Kâ€™ in â€˜[01m[KgnssData[m[Kâ€™, which is of non-class type â€˜[01m[Kconst int[m[Kâ€™
[4.632s]   236 |             currentLatitude = gnssData.[01;31m[Klatitude[m[K;
[4.632s]       |                                        [01;31m[K^~~~~~~~[m[K
[4.642s] [01m[K/home/lilultime/Autocab/autocab/raspberryPI3/ros2_ws/src/car_control/src/car_control_node.cpp:237:13:[m[K [01;31m[Kerror: [m[Kâ€˜[01m[KcurrentLongitude[m[Kâ€™ was not declared in this scope
[4.642s]   237 |             [01;31m[KcurrentLongitude[m[K = gnssData.longitude;
[4.642s]       |             [01;31m[K^~~~~~~~~~~~~~~~[m[K
[4.642s] [01m[K/home/lilultime/Autocab/autocab/raspberryPI3/ros2_ws/src/car_control/src/car_control_node.cpp:237:41:[m[K [01;31m[Kerror: [m[Krequest for member â€˜[01m[Klongitude[m[Kâ€™ in â€˜[01m[KgnssData[m[Kâ€™, which is of non-class type â€˜[01m[Kconst int[m[Kâ€™
[4.642s]   237 |             currentLongitude = gnssData.[01;31m[Klongitude[m[K;
[4.642s]       |                                         [01;31m[K^~~~~~~~~[m[K
[4.645s] [01m[K/home/lilultime/Autocab/autocab/raspberryPI3/ros2_ws/src/car_control/src/car_control_node.cpp:[m[K At global scope:
[4.645s] [01m[K/home/lilultime/Autocab/autocab/raspberryPI3/ros2_ws/src/car_control/src/car_control_node.cpp:274:43:[m[K [01;31m[Kerror: [m[Kâ€˜[01m[KGnss[m[Kâ€™ is not a member of â€˜[01m[Kinterfaces::msg[m[Kâ€™
[4.645s]   274 |     rclcpp::Subscription<interfaces::msg::[01;31m[KGnss[m[K>::SharedPtr subscription_gnss_data_;
[4.645s]       |                                           [01;31m[K^~~~[m[K
[4.646s] [01m[K/home/lilultime/Autocab/autocab/raspberryPI3/ros2_ws/src/car_control/src/car_control_node.cpp:274:47:[m[K [01;31m[Kerror: [m[Ktemplate argument 1 is invalid
[4.646s]   274 |     rclcpp::Subscription<interfaces::msg::Gnss[01;31m[K>[m[K::SharedPtr subscription_gnss_data_;
[4.646s]       |                                               [01;31m[K^[m[K
[4.646s] [01m[K/home/lilultime/Autocab/autocab/raspberryPI3/ros2_ws/src/car_control/src/car_control_node.cpp:274:47:[m[K [01;31m[Kerror: [m[Ktemplate argument 3 is invalid
[4.646s] [01m[K/home/lilultime/Autocab/autocab/raspberryPI3/ros2_ws/src/car_control/src/car_control_node.cpp:274:47:[m[K [01;31m[Kerror: [m[Ktemplate argument 4 is invalid
[4.646s] [01m[K/home/lilultime/Autocab/autocab/raspberryPI3/ros2_ws/src/car_control/src/car_control_node.cpp:274:47:[m[K [01;31m[Kerror: [m[Ktemplate argument 5 is invalid
[4.646s] [01m[K/home/lilultime/Autocab/autocab/raspberryPI3/ros2_ws/src/car_control/src/car_control_node.cpp:274:60:[m[K [01;31m[Kerror: [m[Kexpected initializer before â€˜[01m[Ksubscription_gnss_data_[m[Kâ€™
[4.646s]   274 |     rclcpp::Subscription<interfaces::msg::Gnss>::SharedPtr [01;31m[Ksubscription_gnss_data_[m[K;
[4.646s]       |                                                            [01;31m[K^~~~~~~~~~~~~~~~~~~~~~~[m[K
[4.647s] [01m[K/home/lilultime/Autocab/autocab/raspberryPI3/ros2_ws/src/car_control/src/car_control_node.cpp:281:1:[m[K [01;31m[Kerror: [m[Kexpected declaration before â€˜[01m[K}[m[Kâ€™ token
[4.647s]   281 | [01;31m[K}[m[K;
[4.647s]       | [01;31m[K^[m[K
[8.175s] gmake[2]: *** [CMakeFiles/car_control_node.dir/build.make:76: CMakeFiles/car_control_node.dir/src/car_control_node.cpp.o] Error 1
[8.176s] gmake[1]: *** [CMakeFiles/Makefile2:137: CMakeFiles/car_control_node.dir/all] Error 2
[8.176s] gmake: *** [Makefile:146: all] Error 2
[8.182s] Invoked command in '/home/lilultime/Autocab/autocab/raspberryPI3/ros2_ws/build/car_control' returned '2': AMENT_PREFIX_PATH=/home/lilultime/Autocab/autocab/raspberryPI3/ros2_ws/install/interfaces:${AMENT_PREFIX_PATH} CMAKE_PREFIX_PATH=/home/lilultime/Autocab/autocab/raspberryPI3/ros2_ws/install/interfaces:/home/lilultime/Autocab/autocab/raspberryPI3/ros2_ws/install/auto_traj:/home/lilultime/ros2_ws/install/my_cpp_pkg:/home/lilultime/ros2_ws/install/my_robot_controller:/opt/ros/humble LD_LIBRARY_PATH=/home/lilultime/Autocab/autocab/raspberryPI3/ros2_ws/install/interfaces/lib:${LD_LIBRARY_PATH} PYTHONPATH=/home/lilultime/Autocab/autocab/raspberryPI3/ros2_ws/install/interfaces/local/lib/python3.10/dist-packages:${PYTHONPATH} /usr/local/bin/cmake --build /home/lilultime/Autocab/autocab/raspberryPI3/ros2_ws/build/car_control -- -j8 -l8
