[0.100s] Invoking command in '/home/lilultime/Autocab/autocab/raspberryPI3/ros2_ws/build/car_control': AMENT_PREFIX_PATH=/home/lilultime/Autocab/autocab/raspberryPI3/ros2_ws/install/interfaces:${AMENT_PREFIX_PATH} CMAKE_PREFIX_PATH=/home/lilultime/Autocab/autocab/raspberryPI3/ros2_ws/install/interfaces:/home/lilultime/Autocab/autocab/raspberryPI3/ros2_ws/install/auto_traj:/home/lilultime/ros2_ws/install/my_cpp_pkg:/home/lilultime/ros2_ws/install/my_robot_controller:/opt/ros/humble LD_LIBRARY_PATH=/home/lilultime/Autocab/autocab/raspberryPI3/ros2_ws/install/interfaces/lib:${LD_LIBRARY_PATH} PYTHONPATH=/home/lilultime/Autocab/autocab/raspberryPI3/ros2_ws/install/interfaces/local/lib/python3.10/dist-packages:${PYTHONPATH} /usr/local/bin/cmake --build /home/lilultime/Autocab/autocab/raspberryPI3/ros2_ws/build/car_control -- -j8 -l8
[0.159s] [ 20%] [32mBuilding CXX object CMakeFiles/car_control_node.dir/src/car_control_node.cpp.o[0m
[0.159s] [ 40%] [32mBuilding CXX object CMakeFiles/car_control_node.dir/src/fromAtoB.cpp.o[0m
[0.176s] In file included from [01m[K/home/lilultime/Autocab/autocab/raspberryPI3/ros2_ws/src/car_control/src/fromAtoB.cpp:1[m[K:
[0.176s] [01m[K/home/lilultime/Autocab/autocab/raspberryPI3/ros2_ws/src/car_control/src/../include/car_control/fromAtoB.h:14:64:[m[K [01;31m[Kerror: [m[Kexpected â€˜[01m[K,[m[Kâ€™ or â€˜[01m[K...[m[Kâ€™ before â€˜[01m[KaVector[m[Kâ€™
[0.176s]    14 | int * straightLine(float aLatitude, float aLongitude, float[2] [01;31m[KaVector[m[K, float& requestedThrottle, bool& reverse, float& requestedAngle);
[0.176s]       |                                                                [01;31m[K^~~~~~~[m[K
[0.177s] [01m[K/home/lilultime/Autocab/autocab/raspberryPI3/ros2_ws/src/car_control/src/fromAtoB.cpp:[m[K In function â€˜[01m[Kint* straightLine(float, float, float**, float&, bool&, float&)[m[Kâ€™:
[0.177s] [01m[K/home/lilultime/Autocab/autocab/raspberryPI3/ros2_ws/src/car_control/src/fromAtoB.cpp:17:27:[m[K [01;31m[Kerror: [m[Kâ€˜[01m[Kpow[m[Kâ€™ was not declared in this scope
[0.177s]    17 |     float distance = sqrt([01;31m[Kpow[m[K((bLatitude - aLatitude), 2) + pow((bLongitude - aLongitude), 2));
[0.177s]       |                           [01;31m[K^~~[m[K
[0.177s] [01m[K/home/lilultime/Autocab/autocab/raspberryPI3/ros2_ws/src/car_control/src/fromAtoB.cpp:17:22:[m[K [01;31m[Kerror: [m[Kâ€˜[01m[Ksqrt[m[Kâ€™ was not declared in this scope
[0.177s]    17 |     float distance = [01;31m[Ksqrt[m[K(pow((bLatitude - aLatitude), 2) + pow((bLongitude - aLongitude), 2));
[0.177s]       |                      [01;31m[K^~~~[m[K
[0.177s] [01m[K/home/lilultime/Autocab/autocab/raspberryPI3/ros2_ws/src/car_control/src/fromAtoB.cpp:39:47:[m[K [01;31m[Kerror: [m[Kinvalid operands of types â€˜[01m[Kfloat*[m[Kâ€™ and â€˜[01m[Kfloat[m[Kâ€™ to binary â€˜[01m[Koperator*[m[Kâ€™
[0.178s]    39 |         float angle = degrees(acos(([32m[KaVector[0][m[K[01;31m[K*[m[K[34m[KbVector[0][m[K + aVector[1]*bVector[1])/(sqrt(pow(aVector[0], 2) + pow(aVector[1], 2)) * sqrt(pow(bVector[0], 2) + pow(bVector[1], 2)))));
[0.178s]       |                                     [32m[K~~~~~~~~~~[m[K[01;31m[K^[m[K[34m[K~~~~~~~~~~[m[K
[0.178s]       |                                              [32m[K|[m[K          [34m[K|[m[K
[0.178s]       |                                              [32m[Kfloat*[m[K     [34m[Kfloat[m[K
[0.178s] [01m[K/home/lilultime/Autocab/autocab/raspberryPI3/ros2_ws/src/car_control/src/fromAtoB.cpp:39:71:[m[K [01;31m[Kerror: [m[Kinvalid operands of types â€˜[01m[Kfloat*[m[Kâ€™ and â€˜[01m[Kfloat[m[Kâ€™ to binary â€˜[01m[Koperator*[m[Kâ€™
[0.178s]    39 |         float angle = degrees(acos((aVector[0]*bVector[0] + [32m[KaVector[1][m[K[01;31m[K*[m[K[34m[KbVector[1][m[K)/(sqrt(pow(aVector[0], 2) + pow(aVector[1], 2)) * sqrt(pow(bVector[0], 2) + pow(bVector[1], 2)))));
[0.178s]       |                                                             [32m[K~~~~~~~~~~[m[K[01;31m[K^[m[K[34m[K~~~~~~~~~~[m[K
[0.178s]       |                                                                      [32m[K|[m[K          [34m[K|[m[K
[0.178s]       |                                                                      [32m[Kfloat*[m[K     [34m[Kfloat[m[K
[0.179s] [01m[K/home/lilultime/Autocab/autocab/raspberryPI3/ros2_ws/src/car_control/src/fromAtoB.cpp:39:31:[m[K [01;31m[Kerror: [m[Kâ€˜[01m[Kacos[m[Kâ€™ was not declared in this scope
[0.179s]    39 |         float angle = degrees([01;31m[Kacos[m[K((aVector[0]*bVector[0] + aVector[1]*bVector[1])/(sqrt(pow(aVector[0], 2) + pow(aVector[1], 2)) * sqrt(pow(bVector[0], 2) + pow(bVector[1], 2)))));
[0.179s]       |                               [01;31m[K^~~~[m[K
[0.179s] [01m[K/home/lilultime/Autocab/autocab/raspberryPI3/ros2_ws/src/car_control/src/fromAtoB.cpp:39:23:[m[K [01;31m[Kerror: [m[Kâ€˜[01m[Kdegrees[m[Kâ€™ was not declared in this scope
[0.179s]    39 |         float angle = [01;31m[Kdegrees[m[K(acos((aVector[0]*bVector[0] + aVector[1]*bVector[1])/(sqrt(pow(aVector[0], 2) + pow(aVector[1], 2)) * sqrt(pow(bVector[0], 2) + pow(bVector[1], 2)))));
[0.179s]       |                       [01;31m[K^~~~~~~[m[K
[0.179s] [01m[K/home/lilultime/Autocab/autocab/raspberryPI3/ros2_ws/src/car_control/src/fromAtoB.cpp:42:27:[m[K [01;31m[Kerror: [m[Kinvalid operands of types â€˜[01m[Kfloat*[m[Kâ€™ and â€˜[01m[Kfloat[m[Kâ€™ to binary â€˜[01m[Koperator*[m[Kâ€™
[0.179s]    42 |             if ([32m[KaVector[0][m[K[01;31m[K*[m[K[34m[KbVectorOrtho[0][m[K + aVector[1]*bVectorOrtho[1] > 0){
[0.179s]       |                 [32m[K~~~~~~~~~~[m[K[01;31m[K^[m[K[34m[K~~~~~~~~~~~~~~~[m[K
[0.179s]       |                          [32m[K|[m[K               [34m[K|[m[K
[0.179s]       |                          [32m[Kfloat*[m[K          [34m[Kfloat[m[K
[0.179s] [01m[K/home/lilultime/Autocab/autocab/raspberryPI3/ros2_ws/src/car_control/src/fromAtoB.cpp:42:56:[m[K [01;31m[Kerror: [m[Kinvalid operands of types â€˜[01m[Kfloat*[m[Kâ€™ and â€˜[01m[Kfloat[m[Kâ€™ to binary â€˜[01m[Koperator*[m[Kâ€™
[0.179s]    42 |             if (aVector[0]*bVectorOrtho[0] + [32m[KaVector[1][m[K[01;31m[K*[m[K[34m[KbVectorOrtho[1][m[K > 0){
[0.179s]       |                                              [32m[K~~~~~~~~~~[m[K[01;31m[K^[m[K[34m[K~~~~~~~~~~~~~~~[m[K
[0.179s]       |                                                       [32m[K|[m[K               [34m[K|[m[K
[0.179s]       |                                                       [32m[Kfloat*[m[K          [34m[Kfloat[m[K
[0.180s] gmake[2]: *** [CMakeFiles/car_control_node.dir/build.make:118: CMakeFiles/car_control_node.dir/src/fromAtoB.cpp.o] Error 1
[0.180s] gmake[2]: *** Waiting for unfinished jobs....
[2.253s] In file included from [01m[K/home/lilultime/Autocab/autocab/raspberryPI3/ros2_ws/src/car_control/src/car_control_node.cpp:17[m[K:
[2.253s] [01m[K/home/lilultime/Autocab/autocab/raspberryPI3/ros2_ws/src/car_control/src/../include/car_control/fromAtoB.h:14:64:[m[K [01;31m[Kerror: [m[Kexpected â€˜[01m[K,[m[Kâ€™ or â€˜[01m[K...[m[Kâ€™ before â€˜[01m[KaVector[m[Kâ€™
[2.253s]    14 | aightLine(float aLatitude, float aLongitude, float[2] [01;31m[KaVector[m[K, float& requestedThrottle, bool& reverse, float& requestedAngle);
[2.254s]       |                                                       [01;31m[K^~~~~~~[m[K
[2.254s] 
[2.254s] [01m[K/home/lilultime/Autocab/autocab/raspberryPI3/ros2_ws/src/car_control/src/car_control_node.cpp:232:50:[m[K [01;31m[Kerror: [m[Kâ€˜[01m[KGnss[m[Kâ€™ in namespace â€˜[01m[Kinterfaces::msg[m[Kâ€™ does not name a type
[2.254s]   232 |     void gnssDataCallback(const interfaces::msg::[01;31m[KGnss[m[K & gnssData){
[2.254s]       |                                                  [01;31m[K^~~~[m[K
[2.254s] [01m[K/home/lilultime/Autocab/autocab/raspberryPI3/ros2_ws/src/car_control/src/car_control_node.cpp:239:6:[m[K [01;31m[Kerror: [m[Kexpected â€˜[01m[K;[m[Kâ€™ after class definition
[2.254s]   239 |     }
[2.254s]       |      [01;31m[K^[m[K
[2.254s]       |      [32m[K;[m[K
[2.258s] [01m[K/home/lilultime/Autocab/autocab/raspberryPI3/ros2_ws/src/car_control/src/car_control_node.cpp:[m[K In constructor â€˜[01m[Kcar_control::car_control()[m[Kâ€™:
[2.259s] [01m[K/home/lilultime/Autocab/autocab/raspberryPI3/ros2_ws/src/car_control/src/car_control_node.cpp:29:9:[m[K [01;31m[Kerror: [m[Kâ€˜[01m[Kstart[m[Kâ€™ was not declared in this scope
[2.259s]    29 |         [01;31m[Kstart[m[K = false;
[2.259s]       |         [01;31m[K^~~~~[m[K
[2.262s] [01m[K/home/lilultime/Autocab/autocab/raspberryPI3/ros2_ws/src/car_control/src/car_control_node.cpp:30:9:[m[K [01;31m[Kerror: [m[Kâ€˜[01m[Kmode[m[Kâ€™ was not declared in this scope; did you mean â€˜[01m[KNode[m[Kâ€™?
[2.262s]    30 |         [01;31m[Kmode[m[K = 0;
[2.262s]       |         [01;31m[K^~~~[m[K
[2.262s]       |         [32m[KNode[m[K
[2.271s] [01m[K/home/lilultime/Autocab/autocab/raspberryPI3/ros2_ws/src/car_control/src/car_control_node.cpp:31:9:[m[K [01;31m[Kerror: [m[Kâ€˜[01m[KrequestedThrottle[m[Kâ€™ was not declared in this scope
[2.271s]    31 |         [01;31m[KrequestedThrottle[m[K = 0;
[2.271s]       |         [01;31m[K^~~~~~~~~~~~~~~~~[m[K
[2.281s] [01m[K/home/lilultime/Autocab/autocab/raspberryPI3/ros2_ws/src/car_control/src/car_control_node.cpp:32:9:[m[K [01;31m[Kerror: [m[Kâ€˜[01m[KrequestedSteerAngle[m[Kâ€™ was not declared in this scope
[2.281s]    32 |         [01;31m[KrequestedSteerAngle[m[K = 0;
[2.281s]       |         [01;31m[K^~~~~~~~~~~~~~~~~~~[m[K
[2.289s] [01m[K/home/lilultime/Autocab/autocab/raspberryPI3/ros2_ws/src/car_control/src/car_control_node.cpp:33:9:[m[K [01;31m[Kerror: [m[Kâ€˜[01m[KcurrentLatitude[m[Kâ€™ was not declared in this scope
[2.289s]    33 |         [01;31m[KcurrentLatitude[m[K = 0;
[2.289s]       |         [01;31m[K^~~~~~~~~~~~~~~[m[K
[2.297s] [01m[K/home/lilultime/Autocab/autocab/raspberryPI3/ros2_ws/src/car_control/src/car_control_node.cpp:34:9:[m[K [01;31m[Kerror: [m[Kâ€˜[01m[KcurrentLongitude[m[Kâ€™ was not declared in this scope
[2.297s]    34 |         [01;31m[KcurrentLongitude[m[K = 0;
[2.297s]       |         [01;31m[K^~~~~~~~~~~~~~~~[m[K
[2.305s] [01m[K/home/lilultime/Autocab/autocab/raspberryPI3/ros2_ws/src/car_control/src/car_control_node.cpp:35:9:[m[K [01;31m[Kerror: [m[Kâ€˜[01m[KcurrentDirection[m[Kâ€™ was not declared in this scope
[2.305s]    35 |         [01;31m[KcurrentDirection[m[K[0]=1;
[2.305s]       |         [01;31m[K^~~~~~~~~~~~~~~~[m[K
[2.312s] [01m[K/home/lilultime/Autocab/autocab/raspberryPI3/ros2_ws/src/car_control/src/car_control_node.cpp:39:9:[m[K [01;31m[Kerror: [m[Kâ€˜[01m[Kpublisher_can_[m[Kâ€™ was not declared in this scope
[2.312s]    39 |         [01;31m[Kpublisher_can_[m[K= this->create_publisher<interfaces::msg::MotorsOrder>("motors_order", 10);
[2.313s]       |         [01;31m[K^~~~~~~~~~~~~~[m[K
[2.327s] [01m[K/home/lilultime/Autocab/autocab/raspberryPI3/ros2_ws/src/car_control/src/car_control_node.cpp:41:9:[m[K [01;31m[Kerror: [m[Kâ€˜[01m[Kpublisher_steeringCalibration_[m[Kâ€™ was not declared in this scope; did you mean â€˜[01m[KstartSteeringCalibration[m[Kâ€™?
[2.328s]    41 |         [01;31m[Kpublisher_steeringCalibration_[m[K = this->create_publisher<interfaces::msg::SteeringCalibration>("steering_calibration", 10);
[2.328s]       |         [01;31m[K^~~~~~~~~~~~~~~~~~~~~~~~~~~~~~[m[K
[2.328s]       |         [32m[KstartSteeringCalibration[m[K
[2.343s] [01m[K/home/lilultime/Autocab/autocab/raspberryPI3/ros2_ws/src/car_control/src/car_control_node.cpp:45:9:[m[K [01;31m[Kerror: [m[Kâ€˜[01m[Ksubscription_joystick_order_[m[Kâ€™ was not declared in this scope
[2.344s]    45 |         [01;31m[Ksubscription_joystick_order_[m[K = this->create_subscription<interfaces::msg::JoystickOrder>(
[2.344s]       |         [01;31m[K^~~~~~~~~~~~~~~~~~~~~~~~~~~~[m[K
[2.396s] [01m[K/home/lilultime/Autocab/autocab/raspberryPI3/ros2_ws/src/car_control/src/car_control_node.cpp:48:9:[m[K [01;31m[Kerror: [m[Kâ€˜[01m[Ksubscription_motors_feedback_[m[Kâ€™ was not declared in this scope
[2.396s]    48 |         [01;31m[Ksubscription_motors_feedback_[m[K = this->create_subscription<interfaces::msg::MotorsFeedback>(
[2.396s]       |         [01;31m[K^~~~~~~~~~~~~~~~~~~~~~~~~~~~~[m[K
[2.447s] [01m[K/home/lilultime/Autocab/autocab/raspberryPI3/ros2_ws/src/car_control/src/car_control_node.cpp:51:9:[m[K [01;31m[Kerror: [m[Kâ€˜[01m[Ksubscription_steering_calibration_[m[Kâ€™ was not declared in this scope
[2.447s]    51 |         [01;31m[Ksubscription_steering_calibration_[m[K = this->create_subscription<interfaces::msg::SteeringCalibration>(
[2.447s]       |         [01;31m[K^~~~~~~~~~~~~~~~~~~~~~~~~~~~~~~~~~[m[K
[2.495s] [01m[K/home/lilultime/Autocab/autocab/raspberryPI3/ros2_ws/src/car_control/src/car_control_node.cpp:54:9:[m[K [01;31m[Kerror: [m[Kâ€˜[01m[Ksubscription_gnss_data_[m[Kâ€™ was not declared in this scope
[2.495s]    54 |         [01;31m[Ksubscription_gnss_data_[m[K = this->create_subscription<interfaces::msg::Gnss>(
[2.495s]       |         [01;31m[K^~~~~~~~~~~~~~~~~~~~~~~[m[K
[2.496s] [01m[K/home/lilultime/Autocab/autocab/raspberryPI3/ros2_ws/src/car_control/src/car_control_node.cpp:54:78:[m[K [01;31m[Kerror: [m[Kâ€˜[01m[KGnss[m[Kâ€™ is not a member of â€˜[01m[Kinterfaces::msg[m[Kâ€™
[2.496s]    54 | on_gnss_data_ = this->create_subscription<interfaces::msg::[01;31m[KGnss[m[K>(
[2.496s]       |                                                            [01;31m[K^~~~[m[K
[2.496s] 
[2.497s] [01m[K/home/lilultime/Autocab/autocab/raspberryPI3/ros2_ws/src/car_control/src/car_control_node.cpp:54:83:[m[K [01;31m[Kerror: [m[Kno matching function for call to â€˜[01m[Kcar_control::create_subscription<<expression error> >(const char [10], int, std::_Bind_helper<false, void (car_control::*)(const int&), car_control*, const std::_Placeholder<1>&>::type)[m[Kâ€™
[2.497s]    54 | on_gnss_data_ = [01;31m[Kthis->create_subscription<interfaces::msg::Gnss>([m[K
[2.498s]       |                 [01;31m[K~~~~~~~~~~~~~~~~~~~~~~~~~~~~~~~~~~~~~~~~~~~~~~~~^[m[K
[2.498s] 
[2.498s]    55 | [01;31m[K", 10, std::bind(&car_control::gnssDataCallback, this, _1))[m[K;
[2.498s]       | [01;31m[K~~~~~~~~~~~~~~~~~~~~~~~~~~~~~~~~~~~~~~~~~~~~~~~~~~~~~~~~~~~[m[K      
[2.498s] 
[2.498s] In file included from [01m[K/opt/ros/humble/include/rclcpp/rclcpp/node.hpp:1321[m[K,
[2.498s]                  from [01m[K/opt/ros/humble/include/rclcpp/rclcpp/executors/single_threaded_executor.hpp:28[m[K,
[2.498s]                  from [01m[K/opt/ros/humble/include/rclcpp/rclcpp/executors.hpp:22[m[K,
[2.498s]                  from [01m[K/opt/ros/humble/include/rclcpp/rclcpp/rclcpp.hpp:155[m[K,
[2.498s]                  from [01m[K/home/lilultime/Autocab/autocab/raspberryPI3/ros2_ws/src/car_control/src/car_control_node.cpp:1[m[K:
[2.498s] [01m[K/opt/ros/humble/include/rclcpp/rclcpp/node_impl.hpp:92:1:[m[K [01;36m[Knote: [m[Kcandidate: â€˜[01m[Ktemplate<class MessageT, class CallbackT, class AllocatorT, class SubscriptionT, class MessageMemoryStrategyT> std::shared_ptr<ROSMessageT> rclcpp::Node::create_subscription(const string&, const rclcpp::QoS&, CallbackT&&, const rclcpp::SubscriptionOptionsWithAllocator<AllocatorT>&, typename MessageMemoryStrategyT::SharedPtr)[m[Kâ€™
[2.498s]    92 | [01;36m[KNode[m[K::create_subscription(
[2.498s]       | [01;36m[K^~~~[m[K
[2.498s] [01m[K/opt/ros/humble/include/rclcpp/rclcpp/node_impl.hpp:92:1:[m[K [01;36m[Knote: [m[K  template argument deduction/substitution failed:
[2.498s] [01m[K/home/lilultime/Autocab/autocab/raspberryPI3/ros2_ws/src/car_control/src/car_control_node.cpp:54:83:[m[K [01;31m[Kerror: [m[Ktemplate argument 1 is invalid
[2.498s]    54 | on_gnss_data_ = [01;31m[Kthis->create_subscription<interfaces::msg::Gnss>([m[K
[2.498s]       |                 [01;31m[K~~~~~~~~~~~~~~~~~~~~~~~~~~~~~~~~~~~~~~~~~~~~~~~~^[m[K
[2.498s] 
[2.499s]    55 | [01;31m[K", 10, std::bind(&car_control::gnssDataCallback, this, _1))[m[K;
[2.499s]       | [01;31m[K~~~~~~~~~~~~~~~~~~~~~~~~~~~~~~~~~~~~~~~~~~~~~~~~~~~~~~~~~~~[m[K      
[2.499s] 
[2.507s] [01m[K/home/lilultime/Autocab/autocab/raspberryPI3/ros2_ws/src/car_control/src/car_control_node.cpp:60:9:[m[K [01;31m[Kerror: [m[Kâ€˜[01m[Kserver_calibration_[m[Kâ€™ was not declared in this scope
[2.508s]    60 |         [01;31m[Kserver_calibration_[m[K = this->create_service<std_srvs::srv::Empty>(
[2.508s]       |         [01;31m[K^~~~~~~~~~~~~~~~~~~[m[K
[2.531s] [01m[K/home/lilultime/Autocab/autocab/raspberryPI3/ros2_ws/src/car_control/src/car_control_node.cpp:63:9:[m[K [01;31m[Kerror: [m[Kâ€˜[01m[Ktimer_[m[Kâ€™ was not declared in this scope; did you mean â€˜[01m[Ktimer_t[m[Kâ€™?
[2.531s]    63 |         [01;31m[Ktimer_[m[K = this->create_wall_timer(PERIOD_UPDATE_CMD, std::bind(&car_control::updateCmd, this));
[2.531s]       |         [01;31m[K^~~~~~[m[K
[2.531s]       |         [32m[Ktimer_t[m[K
[2.544s] [01m[K/home/lilultime/Autocab/autocab/raspberryPI3/ros2_ws/src/car_control/src/car_control_node.cpp:[m[K In member function â€˜[01m[Kvoid car_control::joystickOrderCallback(const JoystickOrder&)[m[Kâ€™:
[2.544s] [01m[K/home/lilultime/Autocab/autocab/raspberryPI3/ros2_ws/src/car_control/src/car_control_node.cpp:79:31:[m[K [01;31m[Kerror: [m[Kâ€˜[01m[Kstart[m[Kâ€™ was not declared in this scope
[2.544s]    79 |         if (joyOrder.start != [01;31m[Kstart[m[K){
[2.544s]       |                               [01;31m[K^~~~~[m[K
[2.548s] [01m[K/home/lilultime/Autocab/autocab/raspberryPI3/ros2_ws/src/car_control/src/car_control_node.cpp:89:30:[m[K [01;31m[Kerror: [m[Kâ€˜[01m[Kmode[m[Kâ€™ was not declared in this scope; did you mean â€˜[01m[KNode[m[Kâ€™?
[2.548s]    89 |         if (joyOrder.mode != [01;31m[Kmode[m[K && joyOrder.mode != -1){ //if mode change
[2.548s]       |                              [01;31m[K^~~~[m[K
[2.548s]       |                              [32m[KNode[m[K
[2.553s] [01m[K/home/lilultime/Autocab/autocab/raspberryPI3/ros2_ws/src/car_control/src/car_control_node.cpp:102:13:[m[K [01;31m[Kerror: [m[Kâ€˜[01m[Kmode[m[Kâ€™ was not declared in this scope; did you mean â€˜[01m[KNode[m[Kâ€™?
[2.553s]   102 |         if ([01;31m[Kmode[m[K == 0 && start){  //if manual mode -> update requestedThrottle, requestedSteerAngle and reverse from joystick order
[2.553s]       |             [01;31m[K^~~~[m[K
[2.553s]       |             [32m[KNode[m[K
[2.557s] [01m[K/home/lilultime/Autocab/autocab/raspberryPI3/ros2_ws/src/car_control/src/car_control_node.cpp:102:26:[m[K [01;31m[Kerror: [m[Kâ€˜[01m[Kstart[m[Kâ€™ was not declared in this scope
[2.557s]   102 |         if (mode == 0 && [01;31m[Kstart[m[K){  //if manual mode -> update requestedThrottle, requestedSteerAngle and reverse from joystick order
[2.557s]       |                          [01;31m[K^~~~~[m[K
[2.566s] [01m[K/home/lilultime/Autocab/autocab/raspberryPI3/ros2_ws/src/car_control/src/car_control_node.cpp:103:13:[m[K [01;31m[Kerror: [m[Kâ€˜[01m[KrequestedThrottle[m[Kâ€™ was not declared in this scope
[2.566s]   103 |             [01;31m[KrequestedThrottle[m[K = joyOrder.throttle;
[2.566s]       |             [01;31m[K^~~~~~~~~~~~~~~~~[m[K
[2.576s] [01m[K/home/lilultime/Autocab/autocab/raspberryPI3/ros2_ws/src/car_control/src/car_control_node.cpp:104:13:[m[K [01;31m[Kerror: [m[Kâ€˜[01m[KrequestedSteerAngle[m[Kâ€™ was not declared in this scope
[2.576s]   104 |             [01;31m[KrequestedSteerAngle[m[K = joyOrder.steer;
[2.576s]       |             [01;31m[K^~~~~~~~~~~~~~~~~~~[m[K
[2.577s] [01m[K/home/lilultime/Autocab/autocab/raspberryPI3/ros2_ws/src/car_control/src/car_control_node.cpp:105:32:[m[K [01;31m[Kerror: [m[Koverloaded function with no contextual type information
[2.577s]   105 |             reverse = joyOrder.[01;31m[Kreverse[m[K;
[2.577s]       |                                [01;31m[K^~~~~~~[m[K
[2.583s] [01m[K/home/lilultime/Autocab/autocab/raspberryPI3/ros2_ws/src/car_control/src/car_control_node.cpp:[m[K In member function â€˜[01m[Kvoid car_control::motorsFeedbackCallback(const MotorsFeedback&)[m[Kâ€™:
[2.584s] [01m[K/home/lilultime/Autocab/autocab/raspberryPI3/ros2_ws/src/car_control/src/car_control_node.cpp:115:9:[m[K [01;31m[Kerror: [m[Kâ€˜[01m[KcurrentAngle[m[Kâ€™ was not declared in this scope
[2.584s]   115 |         [01;31m[KcurrentAngle[m[K = motorsFeedback.steering_angle;
[2.584s]       |         [01;31m[K^~~~~~~~~~~~[m[K
[2.588s] [01m[K/home/lilultime/Autocab/autocab/raspberryPI3/ros2_ws/src/car_control/src/car_control_node.cpp:[m[K In member function â€˜[01m[Kvoid car_control::updateCmd()[m[Kâ€™:
[2.588s] [01m[K/home/lilultime/Autocab/autocab/raspberryPI3/ros2_ws/src/car_control/src/car_control_node.cpp:131:14:[m[K [01;31m[Kerror: [m[Kâ€˜[01m[Kstart[m[Kâ€™ was not declared in this scope
[2.588s]   131 |         if (![01;31m[Kstart[m[K){    //Car stopped
[2.588s]       |              [01;31m[K^~~~~[m[K
[2.595s] [01m[K/home/lilultime/Autocab/autocab/raspberryPI3/ros2_ws/src/car_control/src/car_control_node.cpp:132:13:[m[K [01;31m[Kerror: [m[Kâ€˜[01m[KleftRearPwmCmd[m[Kâ€™ was not declared in this scope
[2.595s]   132 |             [01;31m[KleftRearPwmCmd[m[K = STOP;
[2.595s]       |             [01;31m[K^~~~~~~~~~~~~~[m[K
[2.603s] [01m[K/home/lilultime/Autocab/autocab/raspberryPI3/ros2_ws/src/car_control/src/car_control_node.cpp:133:13:[m[K [01;31m[Kerror: [m[Kâ€˜[01m[KrightRearPwmCmd[m[Kâ€™ was not declared in this scope
[2.603s]   133 |             [01;31m[KrightRearPwmCmd[m[K = STOP;
[2.603s]       |             [01;31m[K^~~~~~~~~~~~~~~[m[K
[2.608s] [01m[K/home/lilultime/Autocab/autocab/raspberryPI3/ros2_ws/src/car_control/src/car_control_node.cpp:134:13:[m[K [01;31m[Kerror: [m[Kâ€˜[01m[KsteeringPwmCmd[m[Kâ€™ was not declared in this scope; did you mean â€˜[01m[KsteeringCmd[m[Kâ€™?
[2.608s]   134 |             [01;31m[KsteeringPwmCmd[m[K = STOP;
[2.608s]       |             [01;31m[K^~~~~~~~~~~~~~[m[K
[2.608s]       |             [32m[KsteeringCmd[m[K
[2.611s] [01m[K/home/lilultime/Autocab/autocab/raspberryPI3/ros2_ws/src/car_control/src/car_control_node.cpp:140:17:[m[K [01;31m[Kerror: [m[Kâ€˜[01m[Kmode[m[Kâ€™ was not declared in this scope; did you mean â€˜[01m[KNode[m[Kâ€™?
[2.611s]   140 |             if ([01;31m[Kmode[m[K==0){
[2.611s]       |                 [01;31m[K^~~~[m[K
[2.612s]       |                 [32m[KNode[m[K
[2.620s] [01m[K/home/lilultime/Autocab/autocab/raspberryPI3/ros2_ws/src/car_control/src/car_control_node.cpp:142:37:[m[K [01;31m[Kerror: [m[Kâ€˜[01m[KrequestedThrottle[m[Kâ€™ was not declared in this scope
[2.620s]   142 |                 manualPropulsionCmd([01;31m[KrequestedThrottle[m[K, reverse, leftRearPwmCmd,rightRearPwmCmd);
[2.620s]       |                                     [01;31m[K^~~~~~~~~~~~~~~~~[m[K
[2.627s] [01m[K/home/lilultime/Autocab/autocab/raspberryPI3/ros2_ws/src/car_control/src/car_control_node.cpp:142:65:[m[K [01;31m[Kerror: [m[Kâ€˜[01m[KleftRearPwmCmd[m[Kâ€™ was not declared in this scope
[2.627s]   142 |       manualPropulsionCmd(requestedThrottle, reverse, [01;31m[KleftRearPwmCmd[m[K,rightRearPwmCmd);
[2.627s]       |                                                       [01;31m[K^~~~~~~~~~~~~~[m[K
[2.627s] 
[2.636s] [01m[K/home/lilultime/Autocab/autocab/raspberryPI3/ros2_ws/src/car_control/src/car_control_node.cpp:142:80:[m[K [01;31m[Kerror: [m[Kâ€˜[01m[KrightRearPwmCmd[m[Kâ€™ was not declared in this scope
[2.636s]   142 | pulsionCmd(requestedThrottle, reverse, leftRearPwmCmd,[01;31m[KrightRearPwmCmd[m[K);
[2.636s]       |                                                       [01;31m[K^~~~~~~~~~~~~~~[m[K
[2.636s] 
[2.646s] [01m[K/home/lilultime/Autocab/autocab/raspberryPI3/ros2_ws/src/car_control/src/car_control_node.cpp:144:29:[m[K [01;31m[Kerror: [m[Kâ€˜[01m[KrequestedSteerAngle[m[Kâ€™ was not declared in this scope
[2.646s]   144 |                 steeringCmd([01;31m[KrequestedSteerAngle[m[K,currentAngle, steeringPwmCmd);
[2.646s]       |                             [01;31m[K^~~~~~~~~~~~~~~~~~~[m[K
[2.652s] [01m[K/home/lilultime/Autocab/autocab/raspberryPI3/ros2_ws/src/car_control/src/car_control_node.cpp:144:49:[m[K [01;31m[Kerror: [m[Kâ€˜[01m[KcurrentAngle[m[Kâ€™ was not declared in this scope
[2.652s]   144 |                 steeringCmd(requestedSteerAngle,[01;31m[KcurrentAngle[m[K, steeringPwmCmd);
[2.653s]       |                                                 [01;31m[K^~~~~~~~~~~~[m[K
[2.658s] [01m[K/home/lilultime/Autocab/autocab/raspberryPI3/ros2_ws/src/car_control/src/car_control_node.cpp:144:63:[m[K [01;31m[Kerror: [m[Kâ€˜[01m[KsteeringPwmCmd[m[Kâ€™ was not declared in this scope; did you mean â€˜[01m[KsteeringCmd[m[Kâ€™?
[2.658s]   144 |         steeringCmd(requestedSteerAngle,currentAngle, [01;31m[KsteeringPwmCmd[m[K);
[2.658s]       |                                                       [01;31m[K^~~~~~~~~~~~~~[m[K
[2.658s]       |                                                       [32m[KsteeringCmd[m[K
[2.666s] [01m[K/home/lilultime/Autocab/autocab/raspberryPI3/ros2_ws/src/car_control/src/car_control_node.cpp:150:30:[m[K [01;31m[Kerror: [m[Kâ€˜[01m[KcurrentLatitude[m[Kâ€™ was not declared in this scope
[2.666s]   150 |                 straightLine([01;31m[KcurrentLatitude[m[K, currentLongitude, currentDirection, requestedThrottle, reverse, requestedSteerAngle);
[2.666s]       |                              [01;31m[K^~~~~~~~~~~~~~~[m[K
[2.674s] [01m[K/home/lilultime/Autocab/autocab/raspberryPI3/ros2_ws/src/car_control/src/car_control_node.cpp:150:47:[m[K [01;31m[Kerror: [m[Kâ€˜[01m[KcurrentLongitude[m[Kâ€™ was not declared in this scope
[2.674s]   150 |                 straightLine(currentLatitude, [01;31m[KcurrentLongitude[m[K, currentDirection, requestedThrottle, reverse, requestedSteerAngle);
[2.674s]       |                                               [01;31m[K^~~~~~~~~~~~~~~~[m[K
[2.683s] [01m[K/home/lilultime/Autocab/autocab/raspberryPI3/ros2_ws/src/car_control/src/car_control_node.cpp:150:65:[m[K [01;31m[Kerror: [m[Kâ€˜[01m[KcurrentDirection[m[Kâ€™ was not declared in this scope
[2.683s]   150 |       straightLine(currentLatitude, currentLongitude, [01;31m[KcurrentDirection[m[K, requestedThrottle, reverse, requestedSteerAngle);
[2.683s]       |                                                       [01;31m[K^~~~~~~~~~~~~~~~[m[K
[2.683s] 
[2.692s] [01m[K/home/lilultime/Autocab/autocab/raspberryPI3/ros2_ws/src/car_control/src/car_control_node.cpp:150:83:[m[K [01;31m[Kerror: [m[Kâ€˜[01m[KrequestedThrottle[m[Kâ€™ was not declared in this scope
[2.692s]   150 | (currentLatitude, currentLongitude, currentDirection, [01;31m[KrequestedThrottle[m[K, reverse, requestedSteerAngle);
[2.692s]       |                                                       [01;31m[K^~~~~~~~~~~~~~~~~[m[K
[2.692s] 
[2.701s] [01m[K/home/lilultime/Autocab/autocab/raspberryPI3/ros2_ws/src/car_control/src/car_control_node.cpp:150:111:[m[K [01;31m[Kerror: [m[Kâ€˜[01m[KrequestedSteerAngle[m[Kâ€™ was not declared in this scope
[2.701s]   150 | gitude, currentDirection, requestedThrottle, reverse, [01;31m[KrequestedSteerAngle[m[K);
[2.701s]       |                                                       [01;31m[K^~~~~~~~~~~~~~~~~~~[m[K
[2.701s] 
[2.708s] [01m[K/home/lilultime/Autocab/autocab/raspberryPI3/ros2_ws/src/car_control/src/car_control_node.cpp:152:65:[m[K [01;31m[Kerror: [m[Kâ€˜[01m[KleftRearPwmCmd[m[Kâ€™ was not declared in this scope
[2.708s]   152 |       manualPropulsionCmd(requestedThrottle, reverse, [01;31m[KleftRearPwmCmd[m[K,rightRearPwmCmd);
[2.709s]       |                                                       [01;31m[K^~~~~~~~~~~~~~[m[K
[2.709s] 
[2.716s] [01m[K/home/lilultime/Autocab/autocab/raspberryPI3/ros2_ws/src/car_control/src/car_control_node.cpp:152:80:[m[K [01;31m[Kerror: [m[Kâ€˜[01m[KrightRearPwmCmd[m[Kâ€™ was not declared in this scope
[2.716s]   152 | pulsionCmd(requestedThrottle, reverse, leftRearPwmCmd,[01;31m[KrightRearPwmCmd[m[K);
[2.716s]       |                                                       [01;31m[K^~~~~~~~~~~~~~~[m[K
[2.716s] 
[2.722s] [01m[K/home/lilultime/Autocab/autocab/raspberryPI3/ros2_ws/src/car_control/src/car_control_node.cpp:154:49:[m[K [01;31m[Kerror: [m[Kâ€˜[01m[KcurrentAngle[m[Kâ€™ was not declared in this scope
[2.722s]   154 |                 steeringCmd(requestedSteerAngle,[01;31m[KcurrentAngle[m[K, steeringPwmCmd);
[2.722s]       |                                                 [01;31m[K^~~~~~~~~~~~[m[K
[2.727s] [01m[K/home/lilultime/Autocab/autocab/raspberryPI3/ros2_ws/src/car_control/src/car_control_node.cpp:154:63:[m[K [01;31m[Kerror: [m[Kâ€˜[01m[KsteeringPwmCmd[m[Kâ€™ was not declared in this scope; did you mean â€˜[01m[KsteeringCmd[m[Kâ€™?
[2.727s]   154 |         steeringCmd(requestedSteerAngle,currentAngle, [01;31m[KsteeringPwmCmd[m[K);
[2.728s]       |                                                       [01;31m[K^~~~~~~~~~~~~~[m[K
[2.728s]       |                                                       [32m[KsteeringCmd[m[K
[2.736s] [01m[K/home/lilultime/Autocab/autocab/raspberryPI3/ros2_ws/src/car_control/src/car_control_node.cpp:161:37:[m[K [01;31m[Kerror: [m[Kâ€˜[01m[KleftRearPwmCmd[m[Kâ€™ was not declared in this scope
[2.736s]   161 |         motorsOrder.left_rear_pwm = [01;31m[KleftRearPwmCmd[m[K;
[2.736s]       |                                     [01;31m[K^~~~~~~~~~~~~~[m[K
[2.744s] [01m[K/home/lilultime/Autocab/autocab/raspberryPI3/ros2_ws/src/car_control/src/car_control_node.cpp:162:38:[m[K [01;31m[Kerror: [m[Kâ€˜[01m[KrightRearPwmCmd[m[Kâ€™ was not declared in this scope
[2.744s]   162 |         motorsOrder.right_rear_pwm = [01;31m[KrightRearPwmCmd[m[K;
[2.744s]       |                                      [01;31m[K^~~~~~~~~~~~~~~[m[K
[2.749s] [01m[K/home/lilultime/Autocab/autocab/raspberryPI3/ros2_ws/src/car_control/src/car_control_node.cpp:163:36:[m[K [01;31m[Kerror: [m[Kâ€˜[01m[KsteeringPwmCmd[m[Kâ€™ was not declared in this scope; did you mean â€˜[01m[KsteeringCmd[m[Kâ€™?
[2.749s]   163 |         motorsOrder.steering_pwm = [01;31m[KsteeringPwmCmd[m[K;
[2.750s]       |                                    [01;31m[K^~~~~~~~~~~~~~[m[K
[2.750s]       |                                    [32m[KsteeringCmd[m[K
[2.756s] [01m[K/home/lilultime/Autocab/autocab/raspberryPI3/ros2_ws/src/car_control/src/car_control_node.cpp:166:9:[m[K [01;31m[Kerror: [m[Kâ€˜[01m[Kpublisher_can_[m[Kâ€™ was not declared in this scope
[2.757s]   166 |         [01;31m[Kpublisher_can_[m[K->publish(motorsOrder);
[2.757s]       |         [01;31m[K^~~~~~~~~~~~~~[m[K
[2.768s] [01m[K/home/lilultime/Autocab/autocab/raspberryPI3/ros2_ws/src/car_control/src/car_control_node.cpp:[m[K In member function â€˜[01m[Kvoid car_control::startSteeringCalibration()[m[Kâ€™:
[2.768s] [01m[K/home/lilultime/Autocab/autocab/raspberryPI3/ros2_ws/src/car_control/src/car_control_node.cpp:180:9:[m[K [01;31m[Kerror: [m[Kâ€˜[01m[Kpublisher_steeringCalibration_[m[Kâ€™ was not declared in this scope; did you mean â€˜[01m[KstartSteeringCalibration[m[Kâ€™?
[2.768s]   180 |         [01;31m[Kpublisher_steeringCalibration_[m[K->publish(calibrationMsg);
[2.768s]       |         [01;31m[K^~~~~~~~~~~~~~~~~~~~~~~~~~~~~~[m[K
[2.768s]       |         [32m[KstartSteeringCalibration[m[K
[2.776s] [01m[K/home/lilultime/Autocab/autocab/raspberryPI3/ros2_ws/src/car_control/src/car_control_node.cpp:[m[K In member function â€˜[01m[Kvoid car_control::steeringCalibration(std_srvs::srv::Empty_Request_<std::allocator<void> >::SharedPtr, std_srvs::srv::Empty_Response_<std::allocator<void> >::SharedPtr)[m[Kâ€™:
[2.776s] [01m[K/home/lilultime/Autocab/autocab/raspberryPI3/ros2_ws/src/car_control/src/car_control_node.cpp:192:9:[m[K [01;31m[Kerror: [m[Kâ€˜[01m[Kmode[m[Kâ€™ was not declared in this scope; did you mean â€˜[01m[KNode[m[Kâ€™?
[2.776s]   192 |         [01;31m[Kmode[m[K = 2;    //Switch to calibration mode
[2.776s]       |         [01;31m[K^~~~[m[K
[2.776s]       |         [32m[KNode[m[K
[2.781s] [01m[K/home/lilultime/Autocab/autocab/raspberryPI3/ros2_ws/src/car_control/src/car_control_node.cpp:[m[K In member function â€˜[01m[Kvoid car_control::steeringCalibrationCallback(const SteeringCalibration&)[m[Kâ€™:
[2.781s] [01m[K/home/lilultime/Autocab/autocab/raspberryPI3/ros2_ws/src/car_control/src/car_control_node.cpp:213:13:[m[K [01;31m[Kerror: [m[Kâ€˜[01m[Kmode[m[Kâ€™ was not declared in this scope; did you mean â€˜[01m[KNode[m[Kâ€™?
[2.781s]   213 |             [01;31m[Kmode[m[K = 0;    //Switch to manual mode
[2.781s]       |             [01;31m[K^~~~[m[K
[2.781s]       |             [32m[KNode[m[K
[2.785s] [01m[K/home/lilultime/Autocab/autocab/raspberryPI3/ros2_ws/src/car_control/src/car_control_node.cpp:214:13:[m[K [01;31m[Kerror: [m[Kâ€˜[01m[Kstart[m[Kâ€™ was not declared in this scope
[2.785s]   214 |             [01;31m[Kstart[m[K = false;  //Stop car
[2.785s]       |             [01;31m[K^~~~~[m[K
[2.789s] [01m[K/home/lilultime/Autocab/autocab/raspberryPI3/ros2_ws/src/car_control/src/car_control_node.cpp:219:13:[m[K [01;31m[Kerror: [m[Kâ€˜[01m[Kmode[m[Kâ€™ was not declared in this scope; did you mean â€˜[01m[KNode[m[Kâ€™?
[2.789s]   219 |             [01;31m[Kmode[m[K = 0;    //Switch to manual mode
[2.789s]       |             [01;31m[K^~~~[m[K
[2.789s]       |             [32m[KNode[m[K
[2.793s] [01m[K/home/lilultime/Autocab/autocab/raspberryPI3/ros2_ws/src/car_control/src/car_control_node.cpp:220:13:[m[K [01;31m[Kerror: [m[Kâ€˜[01m[Kstart[m[Kâ€™ was not declared in this scope
[2.793s]   220 |             [01;31m[Kstart[m[K = false;  //Stop car
[2.793s]       |             [01;31m[K^~~~~[m[K
[2.801s] [01m[K/home/lilultime/Autocab/autocab/raspberryPI3/ros2_ws/src/car_control/src/car_control_node.cpp:[m[K In member function â€˜[01m[Kvoid car_control::gnssDataCallback(const int&)[m[Kâ€™:
[2.801s] [01m[K/home/lilultime/Autocab/autocab/raspberryPI3/ros2_ws/src/car_control/src/car_control_node.cpp:233:18:[m[K [01;31m[Kerror: [m[Kâ€˜[01m[KcurrentLatitude[m[Kâ€™ was not declared in this scope
[2.801s]   233 |         if ((abs([01;31m[KcurrentLatitude[m[K-gnssData.latitude) >= MIN_UPDATE_COORDINATES) || (abs(currentLongitude-gnssData.longitude) >= MIN_UPDATE_COORDINATES)){
[2.801s]       |                  [01;31m[K^~~~~~~~~~~~~~~[m[K
[2.801s] [01m[K/home/lilultime/Autocab/autocab/raspberryPI3/ros2_ws/src/car_control/src/car_control_node.cpp:233:43:[m[K [01;31m[Kerror: [m[Krequest for member â€˜[01m[Klatitude[m[Kâ€™ in â€˜[01m[KgnssData[m[Kâ€™, which is of non-class type â€˜[01m[Kconst int[m[Kâ€™
[2.801s]   233 |         if ((abs(currentLatitude-gnssData.[01;31m[Klatitude[m[K) >= MIN_UPDATE_COORDINATES) || (abs(currentLongitude-gnssData.longitude) >= MIN_UPDATE_COORDINATES)){
[2.802s]       |                                           [01;31m[K^~~~~~~~[m[K
[2.810s] [01m[K/home/lilultime/Autocab/autocab/raspberryPI3/ros2_ws/src/car_control/src/car_control_node.cpp:233:88:[m[K [01;31m[Kerror: [m[Kâ€˜[01m[KcurrentLongitude[m[Kâ€™ was not declared in this scope
[2.810s]   233 | gnssData.latitude) >= MIN_UPDATE_COORDINATES) || (abs([01;31m[KcurrentLongitude[m[K-gnssData.longitude) >= MIN_UPDATE_COORDINATES)){
[2.810s]       |                                                       [01;31m[K^~~~~~~~~~~~~~~~[m[K
[2.810s] 
[2.810s] [01m[K/home/lilultime/Autocab/autocab/raspberryPI3/ros2_ws/src/car_control/src/car_control_node.cpp:233:114:[m[K [01;31m[Kerror: [m[Krequest for member â€˜[01m[Klongitude[m[Kâ€™ in â€˜[01m[KgnssData[m[Kâ€™, which is of non-class type â€˜[01m[Kconst int[m[Kâ€™
[2.810s]   233 | UPDATE_COORDINATES) || (abs(currentLongitude-gnssData.[01;31m[Klongitude[m[K) >= MIN_UPDATE_COORDINATES)){
[2.810s]       |                                                       [01;31m[K^~~~~~~~~[m[K
[2.810s] 
[2.818s] [01m[K/home/lilultime/Autocab/autocab/raspberryPI3/ros2_ws/src/car_control/src/car_control_node.cpp:234:13:[m[K [01;31m[Kerror: [m[Kâ€˜[01m[KcurrentDirection[m[Kâ€™ was not declared in this scope
[2.818s]   234 |             [01;31m[KcurrentDirection[m[K[0] =  gnssData.latitude - currentLatitude ;
[2.819s]       |             [01;31m[K^~~~~~~~~~~~~~~~[m[K
[2.819s] [01m[K/home/lilultime/Autocab/autocab/raspberryPI3/ros2_ws/src/car_control/src/car_control_node.cpp:234:45:[m[K [01;31m[Kerror: [m[Krequest for member â€˜[01m[Klatitude[m[Kâ€™ in â€˜[01m[KgnssData[m[Kâ€™, which is of non-class type â€˜[01m[Kconst int[m[Kâ€™
[2.819s]   234 |             currentDirection[0] =  gnssData.[01;31m[Klatitude[m[K - currentLatitude ;
[2.819s]       |                                             [01;31m[K^~~~~~~~[m[K
[2.819s] [01m[K/home/lilultime/Autocab/autocab/raspberryPI3/ros2_ws/src/car_control/src/car_control_node.cpp:235:45:[m[K [01;31m[Kerror: [m[Krequest for member â€˜[01m[Klongitude[m[Kâ€™ in â€˜[01m[KgnssData[m[Kâ€™, which is of non-class type â€˜[01m[Kconst int[m[Kâ€™
[2.819s]   235 |             currentDirection[1] =  gnssData.[01;31m[Klongitude[m[K - currentLongitude};
[2.819s]       |                                             [01;31m[K^~~~~~~~~[m[K
[2.826s] [01m[K/home/lilultime/Autocab/autocab/raspberryPI3/ros2_ws/src/car_control/src/car_control_node.cpp:236:13:[m[K [01;31m[Kerror: [m[Kâ€˜[01m[KcurrentLatitude[m[Kâ€™ was not declared in this scope
[2.826s]   236 |             [01;31m[KcurrentLatitude[m[K = gnssData.latitude;
[2.826s]       |             [01;31m[K^~~~~~~~~~~~~~~[m[K
[2.826s] [01m[K/home/lilultime/Autocab/autocab/raspberryPI3/ros2_ws/src/car_control/src/car_control_node.cpp:236:40:[m[K [01;31m[Kerror: [m[Krequest for member â€˜[01m[Klatitude[m[Kâ€™ in â€˜[01m[KgnssData[m[Kâ€™, which is of non-class type â€˜[01m[Kconst int[m[Kâ€™
[2.827s]   236 |             currentLatitude = gnssData.[01;31m[Klatitude[m[K;
[2.827s]       |                                        [01;31m[K^~~~~~~~[m[K
[2.836s] [01m[K/home/lilultime/Autocab/autocab/raspberryPI3/ros2_ws/src/car_control/src/car_control_node.cpp:237:13:[m[K [01;31m[Kerror: [m[Kâ€˜[01m[KcurrentLongitude[m[Kâ€™ was not declared in this scope
[2.836s]   237 |             [01;31m[KcurrentLongitude[m[K = gnssData.longitude;
[2.836s]       |             [01;31m[K^~~~~~~~~~~~~~~~[m[K
[2.836s] [01m[K/home/lilultime/Autocab/autocab/raspberryPI3/ros2_ws/src/car_control/src/car_control_node.cpp:237:41:[m[K [01;31m[Kerror: [m[Krequest for member â€˜[01m[Klongitude[m[Kâ€™ in â€˜[01m[KgnssData[m[Kâ€™, which is of non-class type â€˜[01m[Kconst int[m[Kâ€™
[2.836s]   237 |             currentLongitude = gnssData.[01;31m[Klongitude[m[K;
[2.836s]       |                                         [01;31m[K^~~~~~~~~[m[K
[2.840s] [01m[K/home/lilultime/Autocab/autocab/raspberryPI3/ros2_ws/src/car_control/src/car_control_node.cpp:[m[K At global scope:
[2.840s] [01m[K/home/lilultime/Autocab/autocab/raspberryPI3/ros2_ws/src/car_control/src/car_control_node.cpp:274:43:[m[K [01;31m[Kerror: [m[Kâ€˜[01m[KGnss[m[Kâ€™ is not a member of â€˜[01m[Kinterfaces::msg[m[Kâ€™
[2.840s]   274 |     rclcpp::Subscription<interfaces::msg::[01;31m[KGnss[m[K>::SharedPtr subscription_gnss_data_;
[2.840s]       |                                           [01;31m[K^~~~[m[K
[2.840s] [01m[K/home/lilultime/Autocab/autocab/raspberryPI3/ros2_ws/src/car_control/src/car_control_node.cpp:274:47:[m[K [01;31m[Kerror: [m[Ktemplate argument 1 is invalid
[2.840s]   274 |     rclcpp::Subscription<interfaces::msg::Gnss[01;31m[K>[m[K::SharedPtr subscription_gnss_data_;
[2.840s]       |                                               [01;31m[K^[m[K
[2.840s] [01m[K/home/lilultime/Autocab/autocab/raspberryPI3/ros2_ws/src/car_control/src/car_control_node.cpp:274:47:[m[K [01;31m[Kerror: [m[Ktemplate argument 3 is invalid
[2.840s] [01m[K/home/lilultime/Autocab/autocab/raspberryPI3/ros2_ws/src/car_control/src/car_control_node.cpp:274:47:[m[K [01;31m[Kerror: [m[Ktemplate argument 4 is invalid
[2.840s] [01m[K/home/lilultime/Autocab/autocab/raspberryPI3/ros2_ws/src/car_control/src/car_control_node.cpp:274:47:[m[K [01;31m[Kerror: [m[Ktemplate argument 5 is invalid
[2.841s] [01m[K/home/lilultime/Autocab/autocab/raspberryPI3/ros2_ws/src/car_control/src/car_control_node.cpp:274:60:[m[K [01;31m[Kerror: [m[Kexpected initializer before â€˜[01m[Ksubscription_gnss_data_[m[Kâ€™
[2.841s]   274 | clcpp::Subscription<interfaces::msg::Gnss>::SharedPtr [01;31m[Ksubscription_gnss_data_[m[K;
[2.841s]       |                                                       [01;31m[K^~~~~~~~~~~~~~~~~~~~~~~[m[K
[2.841s] 
[2.841s] [01m[K/home/lilultime/Autocab/autocab/raspberryPI3/ros2_ws/src/car_control/src/car_control_node.cpp:281:1:[m[K [01;31m[Kerror: [m[Kexpected declaration before â€˜[01m[K}[m[Kâ€™ token
[2.841s]   281 | [01;31m[K}[m[K;
[2.841s]       | [01;31m[K^[m[K
[6.369s] gmake[2]: *** [CMakeFiles/car_control_node.dir/build.make:76: CMakeFiles/car_control_node.dir/src/car_control_node.cpp.o] Error 1
[6.369s] gmake[1]: *** [CMakeFiles/Makefile2:137: CMakeFiles/car_control_node.dir/all] Error 2
[6.369s] gmake: *** [Makefile:146: all] Error 2
[6.375s] Invoked command in '/home/lilultime/Autocab/autocab/raspberryPI3/ros2_ws/build/car_control' returned '2': AMENT_PREFIX_PATH=/home/lilultime/Autocab/autocab/raspberryPI3/ros2_ws/install/interfaces:${AMENT_PREFIX_PATH} CMAKE_PREFIX_PATH=/home/lilultime/Autocab/autocab/raspberryPI3/ros2_ws/install/interfaces:/home/lilultime/Autocab/autocab/raspberryPI3/ros2_ws/install/auto_traj:/home/lilultime/ros2_ws/install/my_cpp_pkg:/home/lilultime/ros2_ws/install/my_robot_controller:/opt/ros/humble LD_LIBRARY_PATH=/home/lilultime/Autocab/autocab/raspberryPI3/ros2_ws/install/interfaces/lib:${LD_LIBRARY_PATH} PYTHONPATH=/home/lilultime/Autocab/autocab/raspberryPI3/ros2_ws/install/interfaces/local/lib/python3.10/dist-packages:${PYTHONPATH} /usr/local/bin/cmake --build /home/lilultime/Autocab/autocab/raspberryPI3/ros2_ws/build/car_control -- -j8 -l8
