[35m[1mConsolidate compiler generated dependencies of target car_control_node[0m
[ 20%] [32mBuilding CXX object CMakeFiles/car_control_node.dir/src/car_control_node.cpp.o[0m
[ 40%] [32mBuilding CXX object CMakeFiles/car_control_node.dir/src/fromAtoB.cpp.o[0m
[01m[K/home/pi/autocab/raspberryPI3/ros2_ws/src/car_control/src/fromAtoB.cpp:10:7:[m[K [01;31m[Kerror: [m[Kambiguating new declaration of â€˜[01m[Kint* straightLine(float, float, float*, float&, bool&, float&)[m[Kâ€™
   10 | int * [01;31m[KstraightLine[m[K(float aLatitude, float aLongitude, float aVector[2], float& requestedThrottle, bool& reverse, float& requestedAngle){
      |       [01;31m[K^~~~~~~~~~~~[m[K
In file included from [01m[K/home/pi/autocab/raspberryPI3/ros2_ws/src/car_control/src/fromAtoB.cpp:1[m[K:
[01m[K/home/pi/autocab/raspberryPI3/ros2_ws/src/car_control/src/../include/car_control/fromAtoB.h:17:7:[m[K [01;36m[Knote: [m[Kold declaration â€˜[01m[Kfloat straightLine(float, float, float*, float&, bool&, float&)[m[Kâ€™
   17 | float [01;36m[KstraightLine[m[K(float aLatitude, float aLongitude, float aVector[2], float& requestedThrottle, bool& reverse, float& requestedAngle);
      |       [01;36m[K^~~~~~~~~~~~[m[K
[01m[K/home/pi/autocab/raspberryPI3/ros2_ws/src/car_control/src/fromAtoB.cpp:[m[K In function â€˜[01m[Kint* straightLine(float, float, float*, float&, bool&, float&)[m[Kâ€™:
[01m[K/home/pi/autocab/raspberryPI3/ros2_ws/src/car_control/src/fromAtoB.cpp:58:21:[m[K [01;31m[Kerror: [m[Kcannot convert â€˜[01m[Kfloat[m[Kâ€™ to â€˜[01m[Kint*[m[Kâ€™ in return
   58 |     return [01;31m[KbVector[0][m[K;
      |            [01;31m[K~~~~~~~~~^[m[K
      |                     [01;31m[K|[m[K
      |                     [01;31m[Kfloat[m[K
gmake[2]: *** [CMakeFiles/car_control_node.dir/build.make:118: CMakeFiles/car_control_node.dir/src/fromAtoB.cpp.o] Error 1
gmake[2]: *** Waiting for unfinished jobs....
gmake[1]: *** [CMakeFiles/Makefile2:137: CMakeFiles/car_control_node.dir/all] Error 2
gmake: *** [Makefile:146: all] Error 2
