[0mCMake Error: The current CMakeCache.txt directory /home/pi/sebastian/autocab/raspberryPI3/ros2_ws/build/car_control/CMakeCache.txt is different than the directory /home/pi/autocab/raspberryPI3/ros2_ws/build/car_control where CMakeCache.txt was created. This may result in binaries being created in the wrong place. If you are not sure, reedit the CMakeCache.txt[0m
-- Found ament_cmake: 1.3.2 (/opt/ros/humble/share/ament_cmake/cmake)
-- Found rclcpp: 16.0.1 (/opt/ros/humble/share/rclcpp/cmake)
-- Found rosidl_generator_c: 3.1.3 (/opt/ros/humble/share/rosidl_generator_c/cmake)
-- Found rosidl_adapter: 3.1.3 (/opt/ros/humble/share/rosidl_adapter/cmake)
-- Found rosidl_generator_cpp: 3.1.3 (/opt/ros/humble/share/rosidl_generator_cpp/cmake)
-- Using all available rosidl_typesupport_c: rosidl_typesupport_fastrtps_c;rosidl_typesupport_introspection_c
-- Using all available rosidl_typesupport_cpp: rosidl_typesupport_fastrtps_cpp;rosidl_typesupport_introspection_cpp
-- Found rmw_implementation_cmake: 6.1.0 (/opt/ros/humble/share/rmw_implementation_cmake/cmake)
-- Found rmw_fastrtps_cpp: 6.2.1 (/opt/ros/humble/share/rmw_fastrtps_cpp/cmake)
-- Using RMW implementation 'rmw_fastrtps_cpp' as default
-- Found interfaces: 0.0.0 (/home/pi/autocab/raspberryPI3/ros2_ws/install/interfaces/share/interfaces/cmake)
-- Found sensor_msgs: 4.2.2 (/opt/ros/humble/share/sensor_msgs/cmake)
-- Found std_srvs: 4.2.2 (/opt/ros/humble/share/std_srvs/cmake)
-- Found ament_lint_auto: 0.12.4 (/opt/ros/humble/share/ament_lint_auto/cmake)
-- Added test 'cppcheck' to perform static code analysis on C / C++ code
-- Configured cppcheck include dirs: $<BUILD_INTERFACE:/home/pi/autocab/raspberryPI3/ros2_ws/src/car_control/include>
-- Configured cppcheck exclude dirs and/or files: 
-- Added test 'lint_cmake' to check CMake code style
-- Added test 'uncrustify' to check C / C++ code style
-- Configured uncrustify additional arguments: 
-- Added test 'xmllint' to check XML markup files
-- Configuring done
-- Generating done
-- Build files have been written to: /home/pi/autocab/raspberryPI3/ros2_ws/build/car_control
[35m[1mConsolidate compiler generated dependencies of target car_control_node[0m
[ 20%] [32mBuilding CXX object CMakeFiles/car_control_node.dir/src/steeringCmd.cpp.o[0m
[ 40%] [32mBuilding CXX object CMakeFiles/car_control_node.dir/src/car_control_node.cpp.o[0m
[ 60%] [32mBuilding CXX object CMakeFiles/car_control_node.dir/src/propulsionCmd.cpp.o[0m
[ 80%] [32mBuilding CXX object CMakeFiles/car_control_node.dir/src/corrector.cpp.o[0m
[01m[Kcc1plus:[m[K [01;31m[Kfatal error: [m[K/home/pi/autocab/raspberryPI3/ros2_ws/src/car_control/src/corrector.cpp: No such file or directory
compilation terminated.
gmake[2]: *** [CMakeFiles/car_control_node.dir/build.make:118: CMakeFiles/car_control_node.dir/src/corrector.cpp.o] Error 1
gmake[2]: *** Waiting for unfinished jobs....
[01m[K/home/pi/autocab/raspberryPI3/ros2_ws/src/car_control/src/propulsionCmd.cpp:23:1:[m[K [01;31m[Kfatal error: [m[Kopening dependency file CMakeFiles/car_control_node.dir/src/propulsionCmd.cpp.o.d: No such file or directory
   23 | [01;31m[K}[m[K
      | [01;31m[K^[m[K
compilation terminated.
gmake[2]: *** [CMakeFiles/car_control_node.dir/build.make:104: CMakeFiles/car_control_node.dir/src/propulsionCmd.cpp.o] Error 1
[01m[K/home/pi/autocab/raspberryPI3/ros2_ws/src/car_control/src/steeringCmd.cpp:24:1:[m[K [01;31m[Kfatal error: [m[Kopening dependency file CMakeFiles/car_control_node.dir/src/steeringCmd.cpp.o.d: No such file or directory
   24 | [01;31m[K}[m[K
      | [01;31m[K^[m[K
compilation terminated.
gmake[2]: *** [CMakeFiles/car_control_node.dir/build.make:90: CMakeFiles/car_control_node.dir/src/steeringCmd.cpp.o] Error 1
[01m[K/home/pi/autocab/raspberryPI3/ros2_ws/src/car_control/src/car_control_node.cpp:298:1:[m[K [01;31m[Kfatal error: [m[Kopening dependency file CMakeFiles/car_control_node.dir/src/car_control_node.cpp.o.d: No such file or directory
  298 | [01;31m[K}[m[K
      | [01;31m[K^[m[K
compilation terminated.
gmake[2]: *** [CMakeFiles/car_control_node.dir/build.make:76: CMakeFiles/car_control_node.dir/src/car_control_node.cpp.o] Error 1
gmake[1]: *** [CMakeFiles/Makefile2:137: CMakeFiles/car_control_node.dir/all] Error 2
gmake: *** [Makefile:146: all] Error 2
