[0.112s] Invoking command in '/home/pi/sebastian/autocab/raspberryPI3/ros2_ws/build/car_control': AMENT_PREFIX_PATH=/home/pi/autocab/raspberryPI3/ros2_ws/install/interfaces:${AMENT_PREFIX_PATH} CMAKE_PREFIX_PATH=/home/pi/autocab/raspberryPI3/ros2_ws/install/interfaces:/home/pi/sebastian/autocab/raspberryPI3/ros2_ws/install/geicar_start:/home/pi/sebastian/autocab/raspberryPI3/ros2_ws/install/system_check:/home/pi/sebastian/autocab/raspberryPI3/ros2_ws/install/simulation:/home/pi/sebastian/autocab/raspberryPI3/ros2_ws/install/imu_tools:/home/pi/sebastian/autocab/raspberryPI3/ros2_ws/install/rviz_imu_plugin:/home/pi/sebastian/autocab/raspberryPI3/ros2_ws/install/joystick:/home/pi/sebastian/autocab/raspberryPI3/ros2_ws/install/car_control:/home/pi/sebastian/autocab/raspberryPI3/ros2_ws/install/can:/home/pi/sebastian/autocab/raspberryPI3/ros2_ws/install/interfaces:/home/pi/sebastian/autocab/raspberryPI3/ros2_ws/install/imu_filter_madgwick:/home/pi/sebastian/autocab/raspberryPI3/ros2_ws/install/imu_complementary_filter:/home/pi/sebastian/autocab/raspberryPI3/ros2_ws/install/carla_msgs:/home/pi/ros2_ws/install/geicar_start:/home/pi/ros2_ws/install/system_check:/home/pi/ros2_ws/install/simulation:/home/pi/ros2_ws/install/imu_tools:/home/pi/ros2_ws/install/rviz_imu_plugin:/home/pi/ros2_ws/install/joystick:/home/pi/ros2_ws/install/car_control:/home/pi/ros2_ws/install/can:/home/pi/ros2_ws/install/interfaces:/home/pi/ros2_ws/install/imu_filter_madgwick:/home/pi/ros2_ws/install/imu_complementary_filter:/home/pi/ros2_ws/install/carla_msgs:/opt/ros/humble LD_LIBRARY_PATH=/home/pi/autocab/raspberryPI3/ros2_ws/install/interfaces/lib:${LD_LIBRARY_PATH} PYTHONPATH=/home/pi/autocab/raspberryPI3/ros2_ws/install/interfaces/local/lib/python3.10/dist-packages:${PYTHONPATH} /usr/bin/cmake --build /home/pi/sebastian/autocab/raspberryPI3/ros2_ws/build/car_control -- -j4 -l4
[0.160s] [0mCMake Error: The current CMakeCache.txt directory /home/pi/sebastian/autocab/raspberryPI3/ros2_ws/build/car_control/CMakeCache.txt is different than the directory /home/pi/autocab/raspberryPI3/ros2_ws/build/car_control where CMakeCache.txt was created. This may result in binaries being created in the wrong place. If you are not sure, reedit the CMakeCache.txt[0m
[0.256s] -- Found ament_cmake: 1.3.2 (/opt/ros/humble/share/ament_cmake/cmake)
[0.959s] -- Found rclcpp: 16.0.1 (/opt/ros/humble/share/rclcpp/cmake)
[1.127s] -- Found rosidl_generator_c: 3.1.3 (/opt/ros/humble/share/rosidl_generator_c/cmake)
[1.138s] -- Found rosidl_adapter: 3.1.3 (/opt/ros/humble/share/rosidl_adapter/cmake)
[1.161s] -- Found rosidl_generator_cpp: 3.1.3 (/opt/ros/humble/share/rosidl_generator_cpp/cmake)
[1.212s] -- Using all available rosidl_typesupport_c: rosidl_typesupport_fastrtps_c;rosidl_typesupport_introspection_c
[1.278s] -- Using all available rosidl_typesupport_cpp: rosidl_typesupport_fastrtps_cpp;rosidl_typesupport_introspection_cpp
[1.504s] -- Found rmw_implementation_cmake: 6.1.0 (/opt/ros/humble/share/rmw_implementation_cmake/cmake)
[1.513s] -- Found rmw_fastrtps_cpp: 6.2.1 (/opt/ros/humble/share/rmw_fastrtps_cpp/cmake)
[2.398s] -- Using RMW implementation 'rmw_fastrtps_cpp' as default
[2.946s] -- Found interfaces: 0.0.0 (/home/pi/autocab/raspberryPI3/ros2_ws/install/interfaces/share/interfaces/cmake)
[3.032s] -- Found sensor_msgs: 4.2.2 (/opt/ros/humble/share/sensor_msgs/cmake)
[3.476s] -- Found std_srvs: 4.2.2 (/opt/ros/humble/share/std_srvs/cmake)
[3.549s] -- Found ament_lint_auto: 0.12.4 (/opt/ros/humble/share/ament_lint_auto/cmake)
[3.888s] -- Added test 'cppcheck' to perform static code analysis on C / C++ code
[3.889s] -- Configured cppcheck include dirs: $<BUILD_INTERFACE:/home/pi/autocab/raspberryPI3/ros2_ws/src/car_control/include>
[3.889s] -- Configured cppcheck exclude dirs and/or files: 
[3.895s] -- Added test 'lint_cmake' to check CMake code style
[3.906s] -- Added test 'uncrustify' to check C / C++ code style
[3.907s] -- Configured uncrustify additional arguments: 
[3.908s] -- Added test 'xmllint' to check XML markup files
[3.916s] -- Configuring done
[3.996s] -- Generating done
[4.007s] -- Build files have been written to: /home/pi/autocab/raspberryPI3/ros2_ws/build/car_control
[4.147s] [35m[1mConsolidate compiler generated dependencies of target car_control_node[0m
[4.273s] [ 20%] [32mBuilding CXX object CMakeFiles/car_control_node.dir/src/steeringCmd.cpp.o[0m
[4.275s] [ 40%] [32mBuilding CXX object CMakeFiles/car_control_node.dir/src/car_control_node.cpp.o[0m
[4.279s] [ 60%] [32mBuilding CXX object CMakeFiles/car_control_node.dir/src/propulsionCmd.cpp.o[0m
[4.281s] [ 80%] [32mBuilding CXX object CMakeFiles/car_control_node.dir/src/corrector.cpp.o[0m
[4.335s] [01m[Kcc1plus:[m[K [01;31m[Kfatal error: [m[K/home/pi/autocab/raspberryPI3/ros2_ws/src/car_control/src/corrector.cpp: No such file or directory
[4.336s] compilation terminated.
[4.338s] gmake[2]: *** [CMakeFiles/car_control_node.dir/build.make:118: CMakeFiles/car_control_node.dir/src/corrector.cpp.o] Error 1
[4.338s] gmake[2]: *** Waiting for unfinished jobs....
[4.431s] [01m[K/home/pi/autocab/raspberryPI3/ros2_ws/src/car_control/src/propulsionCmd.cpp:23:1:[m[K [01;31m[Kfatal error: [m[Kopening dependency file CMakeFiles/car_control_node.dir/src/propulsionCmd.cpp.o.d: No such file or directory
[4.432s]    23 | [01;31m[K}[m[K
[4.432s]       | [01;31m[K^[m[K
[4.433s] compilation terminated.
[4.434s] gmake[2]: *** [CMakeFiles/car_control_node.dir/build.make:104: CMakeFiles/car_control_node.dir/src/propulsionCmd.cpp.o] Error 1
[5.096s] [01m[K/home/pi/autocab/raspberryPI3/ros2_ws/src/car_control/src/steeringCmd.cpp:24:1:[m[K [01;31m[Kfatal error: [m[Kopening dependency file CMakeFiles/car_control_node.dir/src/steeringCmd.cpp.o.d: No such file or directory
[5.097s]    24 | [01;31m[K}[m[K
[5.097s]       | [01;31m[K^[m[K
[5.098s] compilation terminated.
[5.365s] gmake[2]: *** [CMakeFiles/car_control_node.dir/build.make:90: CMakeFiles/car_control_node.dir/src/steeringCmd.cpp.o] Error 1
[62.581s] [01m[K/home/pi/autocab/raspberryPI3/ros2_ws/src/car_control/src/car_control_node.cpp:298:1:[m[K [01;31m[Kfatal error: [m[Kopening dependency file CMakeFiles/car_control_node.dir/src/car_control_node.cpp.o.d: No such file or directory
[62.582s]   298 | [01;31m[K}[m[K
[62.582s]       | [01;31m[K^[m[K
[62.583s] compilation terminated.
[63.345s] gmake[2]: *** [CMakeFiles/car_control_node.dir/build.make:76: CMakeFiles/car_control_node.dir/src/car_control_node.cpp.o] Error 1
[63.346s] gmake[1]: *** [CMakeFiles/Makefile2:137: CMakeFiles/car_control_node.dir/all] Error 2
[63.346s] gmake: *** [Makefile:146: all] Error 2
[63.352s] Invoked command in '/home/pi/sebastian/autocab/raspberryPI3/ros2_ws/build/car_control' returned '2': AMENT_PREFIX_PATH=/home/pi/autocab/raspberryPI3/ros2_ws/install/interfaces:${AMENT_PREFIX_PATH} CMAKE_PREFIX_PATH=/home/pi/autocab/raspberryPI3/ros2_ws/install/interfaces:/home/pi/sebastian/autocab/raspberryPI3/ros2_ws/install/geicar_start:/home/pi/sebastian/autocab/raspberryPI3/ros2_ws/install/system_check:/home/pi/sebastian/autocab/raspberryPI3/ros2_ws/install/simulation:/home/pi/sebastian/autocab/raspberryPI3/ros2_ws/install/imu_tools:/home/pi/sebastian/autocab/raspberryPI3/ros2_ws/install/rviz_imu_plugin:/home/pi/sebastian/autocab/raspberryPI3/ros2_ws/install/joystick:/home/pi/sebastian/autocab/raspberryPI3/ros2_ws/install/car_control:/home/pi/sebastian/autocab/raspberryPI3/ros2_ws/install/can:/home/pi/sebastian/autocab/raspberryPI3/ros2_ws/install/interfaces:/home/pi/sebastian/autocab/raspberryPI3/ros2_ws/install/imu_filter_madgwick:/home/pi/sebastian/autocab/raspberryPI3/ros2_ws/install/imu_complementary_filter:/home/pi/sebastian/autocab/raspberryPI3/ros2_ws/install/carla_msgs:/home/pi/ros2_ws/install/geicar_start:/home/pi/ros2_ws/install/system_check:/home/pi/ros2_ws/install/simulation:/home/pi/ros2_ws/install/imu_tools:/home/pi/ros2_ws/install/rviz_imu_plugin:/home/pi/ros2_ws/install/joystick:/home/pi/ros2_ws/install/car_control:/home/pi/ros2_ws/install/can:/home/pi/ros2_ws/install/interfaces:/home/pi/ros2_ws/install/imu_filter_madgwick:/home/pi/ros2_ws/install/imu_complementary_filter:/home/pi/ros2_ws/install/carla_msgs:/opt/ros/humble LD_LIBRARY_PATH=/home/pi/autocab/raspberryPI3/ros2_ws/install/interfaces/lib:${LD_LIBRARY_PATH} PYTHONPATH=/home/pi/autocab/raspberryPI3/ros2_ws/install/interfaces/local/lib/python3.10/dist-packages:${PYTHONPATH} /usr/bin/cmake --build /home/pi/sebastian/autocab/raspberryPI3/ros2_ws/build/car_control -- -j4 -l4
