[35m[1mConsolidate compiler generated dependencies of target car_control_node[0m
[ 20%] [32mBuilding CXX object CMakeFiles/car_control_node.dir/src/car_control_node.cpp.o[0m
[01m[K/home/pi/autocab/raspberryPI3/ros2_ws/src/car_control/src/car_control_node.cpp:[m[K In constructor â€˜[01m[Kcar_control::car_control()[m[Kâ€™:
[01m[K/home/pi/autocab/raspberryPI3/ros2_ws/src/car_control/src/car_control_node.cpp:47:26:[m[K [01;31m[Kerror: [m[Kassigning to an array from an initializer list
   47 |         coordinates['A'] = {43.570596, 1.466500};
[01m[K/home/pi/autocab/raspberryPI3/ros2_ws/src/car_control/src/car_control_node.cpp:48:26:[m[K [01;31m[Kerror: [m[Kassigning to an array from an initializer list
   48 |         coordinates['B'] = {43.570596, 1.466501};
[01m[K/home/pi/autocab/raspberryPI3/ros2_ws/src/car_control/src/car_control_node.cpp:49:26:[m[K [01;31m[Kerror: [m[Kassigning to an array from an initializer list
   49 |         coordinates['C'] = {43.570596, 1.466502};
[01m[K/home/pi/autocab/raspberryPI3/ros2_ws/src/car_control/src/car_control_node.cpp:50:26:[m[K [01;31m[Kerror: [m[Kassigning to an array from an initializer list
   50 |         coordinates['D'] = {43.570596, 1.466503};
gmake[2]: *** [CMakeFiles/car_control_node.dir/build.make:76: CMakeFiles/car_control_node.dir/src/car_control_node.cpp.o] Error 1
gmake[1]: *** [CMakeFiles/Makefile2:137: CMakeFiles/car_control_node.dir/all] Error 2
gmake: *** [Makefile:146: all] Error 2
