[0.097s] Invoking command in '/home/pi/autocab/raspberryPI3/ros2_ws/build/interfaces': CMAKE_PREFIX_PATH=${CMAKE_PREFIX_PATH}:/opt/ros/humble /usr/bin/cmake --build /home/pi/autocab/raspberryPI3/ros2_ws/build/interfaces -- -j4 -l4
[0.242s] -- Found ament_cmake: 1.3.2 (/opt/ros/humble/share/ament_cmake/cmake)
[1.071s] -- Found rclcpp: 16.0.1 (/opt/ros/humble/share/rclcpp/cmake)
[1.261s] -- Found rosidl_generator_c: 3.1.3 (/opt/ros/humble/share/rosidl_generator_c/cmake)
[1.272s] -- Found rosidl_adapter: 3.1.3 (/opt/ros/humble/share/rosidl_adapter/cmake)
[1.302s] -- Found rosidl_generator_cpp: 3.1.3 (/opt/ros/humble/share/rosidl_generator_cpp/cmake)
[1.354s] -- Using all available rosidl_typesupport_c: rosidl_typesupport_fastrtps_c;rosidl_typesupport_introspection_c
[1.425s] -- Using all available rosidl_typesupport_cpp: rosidl_typesupport_fastrtps_cpp;rosidl_typesupport_introspection_cpp
[1.679s] -- Found rmw_implementation_cmake: 6.1.0 (/opt/ros/humble/share/rmw_implementation_cmake/cmake)
[1.688s] -- Found rmw_fastrtps_cpp: 6.2.1 (/opt/ros/humble/share/rmw_fastrtps_cpp/cmake)
[2.598s] -- Using RMW implementation 'rmw_fastrtps_cpp' as default
[3.215s] -- Found rosidl_default_generators: 1.2.0 (/opt/ros/humble/share/rosidl_default_generators/cmake)
[4.371s] [31mCMake Error at /opt/ros/humble/share/rosidl_adapter/cmake/rosidl_adapt_interfaces.cmake:59 (message):
[4.372s]   execute_process(/usr/bin/python3.10 -m rosidl_adapter --package-name
[4.373s]   interfaces --arguments-file
[4.373s]   /home/pi/autocab/raspberryPI3/ros2_ws/build/interfaces/rosidl_adapter__arguments__interfaces.json
[4.374s]   --output-dir
[4.374s]   /home/pi/autocab/raspberryPI3/ros2_ws/build/interfaces/rosidl_adapter/interfaces
[4.374s]   --output-file
[4.375s]   /home/pi/autocab/raspberryPI3/ros2_ws/build/interfaces/rosidl_adapter/interfaces.idls)
[4.375s]   returned error code 1:
[4.376s] 
[4.376s]   Error processing 'int request_number 0' of 'interfaces/Serveur': ''int' is
[4.377s]   an invalid message name.  It should have the pattern '^[A-Z][A-Za-z0-9]*$''
[4.377s] 
[4.378s]   Traceback (most recent call last):
[4.378s] 
[4.379s]     File "/usr/lib/python3.10/runpy.py", line 196, in _run_module_as_main
[4.379s]       return _run_code(code, main_globals, None,
[4.380s]     File "/usr/lib/python3.10/runpy.py", line 86, in _run_code
[4.380s]       exec(code, run_globals)
[4.381s]     File "/opt/ros/humble/local/lib/python3.10/dist-packages/rosidl_adapter/__main__.py", line 19, in <module>
[4.381s]       sys.exit(main())
[4.382s]     File "/opt/ros/humble/local/lib/python3.10/dist-packages/rosidl_adapter/main.py", line 53, in main
[4.382s]       abs_idl_file = convert_to_idl(
[4.383s]     File "/opt/ros/humble/local/lib/python3.10/dist-packages/rosidl_adapter/__init__.py", line 19, in convert_to_idl
[4.383s]       return convert_msg_to_idl(
[4.384s]     File "/opt/ros/humble/local/lib/python3.10/dist-packages/rosidl_adapter/msg/__init__.py", line 28, in convert_msg_to_idl
[4.384s]       msg = parse_message_string(package_name, input_file.stem, content)
[4.385s]     File "/opt/ros/humble/local/lib/python3.10/dist-packages/rosidl_adapter/parser.py", line 520, in parse_message_string
[4.385s]       Type(type_string, context_package_name=pkg_name),
[4.386s]     File "/opt/ros/humble/local/lib/python3.10/dist-packages/rosidl_adapter/parser.py", line 277, in __init__
[4.386s]       super(Type, self).__init__(
[4.387s]     File "/opt/ros/humble/local/lib/python3.10/dist-packages/rosidl_adapter/parser.py", line 205, in __init__
[4.388s]       raise InvalidResourceName(
[4.389s] 
[4.389s]   rosidl_adapter.parser.InvalidResourceName: 'int' is an invalid message
[4.389s]   name.  It should have the pattern '^[A-Z][A-Za-z0-9]*$'
[4.390s] 
[4.390s] Call Stack (most recent call first):
[4.391s]   /opt/ros/humble/share/rosidl_cmake/cmake/rosidl_generate_interfaces.cmake:130 (rosidl_adapt_interfaces)
[4.391s]   CMakeLists.txt:27 (rosidl_generate_interfaces)
[4.392s] 
[4.392s] [0m
[4.393s] -- Configuring incomplete, errors occurred!
[4.393s] See also "/home/pi/autocab/raspberryPI3/ros2_ws/build/interfaces/CMakeFiles/CMakeOutput.log".
[4.428s] gmake: *** [Makefile:2259: cmake_check_build_system] Error 1
[4.438s] Invoked command in '/home/pi/autocab/raspberryPI3/ros2_ws/build/interfaces' returned '2': CMAKE_PREFIX_PATH=${CMAKE_PREFIX_PATH}:/opt/ros/humble /usr/bin/cmake --build /home/pi/autocab/raspberryPI3/ros2_ws/build/interfaces -- -j4 -l4
