[01m[K/home/pi/autocab/raspberryPI3/ros2_ws/src/car_control/src/car_control_node.cpp:[m[K In member function â€˜[01m[Kvoid car_control::updateCmd()[m[Kâ€™:
[01m[K/home/pi/autocab/raspberryPI3/ros2_ws/src/car_control/src/car_control_node.cpp:213:77:[m[K [01;31m[Kerror: [m[Kâ€˜[01m[Kclass std::vector<char>[m[Kâ€™ has no member named â€˜[01m[Klast[m[Kâ€™; did you mean â€˜[01m[Kat[m[Kâ€™?
  213 |                             pathToDeparturePoint.erase(pathToDeparturePoint.[01;31m[Klast[m[K()) ;
      |                                                                             [01;31m[K^~~~[m[K
      |                                                                             [32m[Kat[m[K
[01m[K/home/pi/autocab/raspberryPI3/ros2_ws/src/car_control/src/car_control_node.cpp:222:69:[m[K [01;31m[Kerror: [m[Kâ€˜[01m[Kclass std::vector<char>[m[Kâ€™ has no member named â€˜[01m[Klast[m[Kâ€™; did you mean â€˜[01m[Kat[m[Kâ€™?
  222 |                             pathToFinalPoint.erase(pathToFinalPoint.[01;31m[Klast[m[K()) ;
      |                                                                     [01;31m[K^~~~[m[K
      |                                                                     [32m[Kat[m[K
gmake[2]: *** [CMakeFiles/car_control_node.dir/build.make:76: CMakeFiles/car_control_node.dir/src/car_control_node.cpp.o] Error 1
gmake[1]: *** [CMakeFiles/Makefile2:137: CMakeFiles/car_control_node.dir/all] Error 2
gmake: *** [Makefile:146: all] Error 2
