[35m[1mConsolidate compiler generated dependencies of target car_control_node[0m
[ 20%] [32mBuilding CXX object CMakeFiles/car_control_node.dir/src/obstacle_detection.cpp.o[0m
[ 40%] [32mBuilding CXX object CMakeFiles/car_control_node.dir/src/car_control_node.cpp.o[0m
[01m[K/home/achraf/autocab/raspberryPI3/ros2_ws/src/car_control/src/obstacle_detection.cpp:[m[K In function â€˜[01m[Kint ObstacleCmdFront(int16_t, int16_t, int16_t)[m[Kâ€™:
[01m[K/home/achraf/autocab/raspberryPI3/ros2_ws/src/car_control/src/obstacle_detection.cpp:16:1:[m[K [01;35m[Kwarning: [m[Kcontrol reaches end of non-void function [[01;35m[K]8;;https://gcc.gnu.org/onlinedocs/gcc/Warning-Options.html#index-Wreturn-type-Wreturn-type]8;;[m[K]
   16 | [01;35m[K}[m[K
      | [01;35m[K^[m[K
[01m[K/home/achraf/autocab/raspberryPI3/ros2_ws/src/car_control/src/obstacle_detection.cpp:[m[K In function â€˜[01m[Kint ObstacleCmdRear(int16_t, int16_t, int16_t)[m[Kâ€™:
[01m[K/home/achraf/autocab/raspberryPI3/ros2_ws/src/car_control/src/obstacle_detection.cpp:25:1:[m[K [01;35m[Kwarning: [m[Kcontrol reaches end of non-void function [[01;35m[K]8;;https://gcc.gnu.org/onlinedocs/gcc/Warning-Options.html#index-Wreturn-type-Wreturn-type]8;;[m[K]
   25 | [01;35m[K}[m[K
      | [01;35m[K^[m[K
[01m[K/home/achraf/autocab/raspberryPI3/ros2_ws/src/car_control/src/car_control_node.cpp:[m[K In member function â€˜[01m[Kvoid car_control::updateCmd()[m[Kâ€™:
[01m[K/home/achraf/autocab/raspberryPI3/ros2_ws/src/car_control/src/car_control_node.cpp:168:29:[m[K [01;31m[Kerror: [m[Ktoo many arguments to function â€˜[01m[Kint ObstacleCmdFront(int16_t, int16_t, int16_t)[m[Kâ€™
  168 |         if ([01;31m[KObstacleCmdFront(front_left, front_center, front_right, rear_left)[m[K == STOP && reverse == false){
      |             [01;31m[K~~~~~~~~~~~~~~~~^~~~~~~~~~~~~~~~~~~~~~~~~~~~~~~~~~~~~~~~~~~~~~~~~~[m[K
In file included from [01m[K/home/achraf/autocab/raspberryPI3/ros2_ws/src/car_control/src/car_control_node.cpp:17[m[K:
[01m[K/home/achraf/autocab/raspberryPI3/ros2_ws/src/car_control/src/../include/car_control/obstacle_detection.h:16:5:[m[K [01;36m[Knote: [m[Kdeclared here
   16 | int [01;36m[KObstacleCmdFront[m[K(int16_t front_left, int16_t front_center, int16_t front_right);
      |     [01;36m[K^~~~~~~~~~~~~~~~[m[K
gmake[2]: *** [CMakeFiles/car_control_node.dir/build.make:76: CMakeFiles/car_control_node.dir/src/car_control_node.cpp.o] Error 1
gmake[1]: *** [CMakeFiles/Makefile2:137: CMakeFiles/car_control_node.dir/all] Error 2
gmake: *** [Makefile:146: all] Error 2
