In file included from [01m[K/home/pi/autocab/raspberryPI3/ros2_ws/src/car_control/src/fromAtoB.cpp:1[m[K:
[01m[K/home/pi/autocab/raspberryPI3/ros2_ws/src/car_control/src/../include/car_control/fromAtoB.h:17:135:[m[K [01;31m[Kerror: [m[Kâ€˜[01m[Krclcpp[m[Kâ€™ has not been declared
   17 | int straightLine(float aLatitude, float aLongitude, float aVector[2], float& requestedThrottle, bool& reverse, float& requestedAngle, [01;31m[Krclcpp[m[K::Logger logger);
      |                                                                                                                                       [01;31m[K^~~~~~[m[K
[01m[K/home/pi/autocab/raspberryPI3/ros2_ws/src/car_control/src/../include/car_control/fromAtoB.h:17:150:[m[K [01;31m[Kerror: [m[Kexpected â€˜[01m[K,[m[Kâ€™ or â€˜[01m[K...[m[Kâ€™ before â€˜[01m[Klogger[m[Kâ€™
   17 | int straightLine(float aLatitude, float aLongitude, float aVector[2], float& requestedThrottle, bool& reverse, float& requestedAngle, rclcpp::Logger [01;31m[Klogger[m[K);
      |                                                                                                                                                      [01;31m[K^~~~~~[m[K
[01m[K/home/pi/autocab/raspberryPI3/ros2_ws/src/car_control/src/car_control_node.cpp:[m[K In member function â€˜[01m[Kvoid car_control::updateCmd()[m[Kâ€™:
[01m[K/home/pi/autocab/raspberryPI3/ros2_ws/src/car_control/src/car_control_node.cpp:150:1:[m[K [01;31m[Kerror: [m[Kâ€˜[01m[Kath[m[Kâ€™ was not declared in this scope
  150 | [01;31m[Kath[m[K.h>
      | [01;31m[K^~~[m[K
gmake[2]: *** [CMakeFiles/car_control_node.dir/build.make:118: CMakeFiles/car_control_node.dir/src/fromAtoB.cpp.o] Error 1
gmake[2]: *** Waiting for unfinished jobs....
gmake[2]: *** [CMakeFiles/car_control_node.dir/build.make:76: CMakeFiles/car_control_node.dir/src/car_control_node.cpp.o] Error 1
gmake[1]: *** [CMakeFiles/Makefile2:137: CMakeFiles/car_control_node.dir/all] Error 2
gmake: *** [Makefile:146: all] Error 2
