[0.084s] Invoking command in '/home/pi/autocab/raspberryPI3/ros2_ws/build/interfaces': CMAKE_PREFIX_PATH=${CMAKE_PREFIX_PATH}:/opt/ros/humble /usr/bin/cmake --build /home/pi/autocab/raspberryPI3/ros2_ws/build/interfaces -- -j4 -l4
[0.216s] -- Found ament_cmake: 1.3.2 (/opt/ros/humble/share/ament_cmake/cmake)
[1.052s] -- Found rclcpp: 16.0.1 (/opt/ros/humble/share/rclcpp/cmake)
[1.240s] -- Found rosidl_generator_c: 3.1.3 (/opt/ros/humble/share/rosidl_generator_c/cmake)
[1.253s] -- Found rosidl_adapter: 3.1.3 (/opt/ros/humble/share/rosidl_adapter/cmake)
[1.280s] -- Found rosidl_generator_cpp: 3.1.3 (/opt/ros/humble/share/rosidl_generator_cpp/cmake)
[1.332s] -- Using all available rosidl_typesupport_c: rosidl_typesupport_fastrtps_c;rosidl_typesupport_introspection_c
[1.409s] -- Using all available rosidl_typesupport_cpp: rosidl_typesupport_fastrtps_cpp;rosidl_typesupport_introspection_cpp
[1.667s] -- Found rmw_implementation_cmake: 6.1.0 (/opt/ros/humble/share/rmw_implementation_cmake/cmake)
[1.675s] -- Found rmw_fastrtps_cpp: 6.2.1 (/opt/ros/humble/share/rmw_fastrtps_cpp/cmake)
[2.585s] -- Using RMW implementation 'rmw_fastrtps_cpp' as default
[3.297s] -- Found rosidl_default_generators: 1.2.0 (/opt/ros/humble/share/rosidl_default_generators/cmake)
[4.563s] [31mCMake Error at /opt/ros/humble/share/rosidl_adapter/cmake/rosidl_adapt_interfaces.cmake:59 (message):
[4.563s]   execute_process(/usr/bin/python3.10 -m rosidl_adapter --package-name
[4.564s]   interfaces --arguments-file
[4.564s]   /home/pi/autocab/raspberryPI3/ros2_ws/build/interfaces/rosidl_adapter__arguments__interfaces.json
[4.565s]   --output-dir
[4.565s]   /home/pi/autocab/raspberryPI3/ros2_ws/build/interfaces/rosidl_adapter/interfaces
[4.566s]   --output-file
[4.566s]   /home/pi/autocab/raspberryPI3/ros2_ws/build/interfaces/rosidl_adapter/interfaces.idls)
[4.566s]   returned error code 1:
[4.567s] 
[4.567s]   Error processing 'char departure_point A' of 'interfaces/Serveur': 'value
[4.568s]   'A' can not be converted to type 'char': must be a valid integer value >= 0
[4.569s]   and <= 255'
[4.569s] 
[4.569s]   Traceback (most recent call last):
[4.570s] 
[4.570s]     File "/opt/ros/humble/local/lib/python3.10/dist-packages/rosidl_adapter/parser.py", line 716, in parse_primitive_value_string
[4.571s]       value = int(value_string)
[4.571s] 
[4.572s]   ValueError: invalid literal for int() with base 10: 'A'
[4.573s] 
[4.574s]   
[4.575s] 
[4.576s]   During handling of the above exception, another exception occurred:
[4.577s] 
[4.577s]   
[4.578s] 
[4.579s]   Traceback (most recent call last):
[4.580s] 
[4.580s]     File "/opt/ros/humble/local/lib/python3.10/dist-packages/rosidl_adapter/parser.py", line 719, in parse_primitive_value_string
[4.581s]       value = int(value_string, 0)
[4.582s] 
[4.582s]   ValueError: invalid literal for int() with base 0: 'A'
[4.584s] 
[4.586s]   
[4.587s] 
[4.588s]   During handling of the above exception, another exception occurred:
[4.589s] 
[4.589s]   
[4.590s] 
[4.593s]   Traceback (most recent call last):
[4.597s] 
[4.598s]     File "/usr/lib/python3.10/runpy.py", line 196, in _run_module_as_main
[4.600s]       return _run_code(code, main_globals, None,
[4.604s]     File "/usr/lib/python3.10/runpy.py", line 86, in _run_code
[4.604s]       exec(code, run_globals)
[4.605s]     File "/opt/ros/humble/local/lib/python3.10/dist-packages/rosidl_adapter/__main__.py", line 19, in <module>
[4.606s]       sys.exit(main())
[4.607s]     File "/opt/ros/humble/local/lib/python3.10/dist-packages/rosidl_adapter/main.py", line 53, in main
[4.607s]       abs_idl_file = convert_to_idl(
[4.608s]     File "/opt/ros/humble/local/lib/python3.10/dist-packages/rosidl_adapter/__init__.py", line 19, in convert_to_idl
[4.610s]       return convert_msg_to_idl(
[4.613s]     File "/opt/ros/humble/local/lib/python3.10/dist-packages/rosidl_adapter/msg/__init__.py", line 28, in convert_msg_to_idl
[4.619s]       msg = parse_message_string(package_name, input_file.stem, content)
[4.622s]     File "/opt/ros/humble/local/lib/python3.10/dist-packages/rosidl_adapter/parser.py", line 519, in parse_message_string
[4.624s]       fields.append(Field(
[4.626s]     File "/opt/ros/humble/local/lib/python3.10/dist-packages/rosidl_adapter/parser.py", line 361, in __init__
[4.628s]       self.default_value = parse_value_string(
[4.630s]     File "/opt/ros/humble/local/lib/python3.10/dist-packages/rosidl_adapter/parser.py", line 594, in parse_value_string
[4.637s]       return parse_primitive_value_string(type_, value_string)
[4.643s]     File "/opt/ros/humble/local/lib/python3.10/dist-packages/rosidl_adapter/parser.py", line 721, in parse_primitive_value_string
[4.645s]       raise ex
[4.647s] 
[4.650s]   rosidl_adapter.parser.InvalidValue: value 'A' can not be converted to type
[4.652s]   'char': must be a valid integer value >= 0 and <= 255
[4.654s] 
[4.656s] Call Stack (most recent call first):
[4.658s]   /opt/ros/humble/share/rosidl_cmake/cmake/rosidl_generate_interfaces.cmake:130 (rosidl_adapt_interfaces)
[4.660s]   CMakeLists.txt:27 (rosidl_generate_interfaces)
[4.662s] 
[4.663s] [0m
[4.665s] -- Configuring incomplete, errors occurred!
[4.667s] See also "/home/pi/autocab/raspberryPI3/ros2_ws/build/interfaces/CMakeFiles/CMakeOutput.log".
[4.668s] gmake: *** [Makefile:2259: cmake_check_build_system] Error 1
[4.671s] Invoked command in '/home/pi/autocab/raspberryPI3/ros2_ws/build/interfaces' returned '2': CMAKE_PREFIX_PATH=${CMAKE_PREFIX_PATH}:/opt/ros/humble /usr/bin/cmake --build /home/pi/autocab/raspberryPI3/ros2_ws/build/interfaces -- -j4 -l4
