[01m[K/home/pi/autocab/raspberryPI3/ros2_ws/src/car_control/src/car_control_node.cpp:[m[K In member function â€˜[01m[Kvoid car_control::updateCmd()[m[Kâ€™:
[01m[K/home/pi/autocab/raspberryPI3/ros2_ws/src/car_control/src/car_control_node.cpp:185:17:[m[K [01;31m[Kerror: [m[Kexpected â€˜[01m[K;[m[Kâ€™ before â€˜[01m[K}[m[Kâ€™ token
  185 |                 [01;31m[K}[m[K else {
      |                 [01;31m[K^[m[K
[01m[K/home/pi/autocab/raspberryPI3/ros2_ws/src/car_control/src/car_control_node.cpp:196:33:[m[K [01;31m[Kerror: [m[Kâ€˜[01m[KwaitingTime[m[Kâ€™ was not declared in this scope
  196 |                                 [01;31m[KwaitingTime[m[K(5); //On attend 5 secondes avant de partir
      |                                 [01;31m[K^~~~~~~~~~~[m[K
[01m[K/home/pi/autocab/raspberryPI3/ros2_ws/src/car_control/src/car_control_node.cpp:205:33:[m[K [01;31m[Kerror: [m[Kâ€˜[01m[KwaitingTime[m[Kâ€™ was not declared in this scope
  205 |                                 [01;31m[KwaitingTime[m[K(5); //On attend 5 secondes avant de partir
      |                                 [01;31m[K^~~~~~~~~~~[m[K
gmake[2]: *** [CMakeFiles/car_control_node.dir/build.make:76: CMakeFiles/car_control_node.dir/src/car_control_node.cpp.o] Error 1
gmake[1]: *** [CMakeFiles/Makefile2:137: CMakeFiles/car_control_node.dir/all] Error 2
gmake: *** [Makefile:146: all] Error 2
