[0.103s] Invoking command in '/home/lilultime/Autocab/autocab/raspberryPI3/ros2_ws/build/car_control': AMENT_PREFIX_PATH=/home/lilultime/Autocab/autocab/raspberryPI3/ros2_ws/install/interfaces:${AMENT_PREFIX_PATH} CMAKE_PREFIX_PATH=/home/lilultime/Autocab/autocab/raspberryPI3/ros2_ws/install/interfaces:/home/lilultime/Autocab/autocab/raspberryPI3/ros2_ws/install/auto_traj:/home/lilultime/ros2_ws/install/my_cpp_pkg:/home/lilultime/ros2_ws/install/my_robot_controller:/opt/ros/humble LD_LIBRARY_PATH=/home/lilultime/Autocab/autocab/raspberryPI3/ros2_ws/install/interfaces/lib:${LD_LIBRARY_PATH} PYTHONPATH=/home/lilultime/Autocab/autocab/raspberryPI3/ros2_ws/install/interfaces/local/lib/python3.10/dist-packages:${PYTHONPATH} /usr/local/bin/cmake --build /home/lilultime/Autocab/autocab/raspberryPI3/ros2_ws/build/car_control -- -j8 -l8
[0.165s] [ 40%] [32mBuilding CXX object CMakeFiles/car_control_node.dir/src/car_control_node.cpp.o[0m
[0.165s] [ 40%] [32mBuilding CXX object CMakeFiles/car_control_node.dir/src/fromAtoB.cpp.o[0m
[0.297s] [01m[K/home/lilultime/Autocab/autocab/raspberryPI3/ros2_ws/src/car_control/src/fromAtoB.cpp:[m[K In function â€˜[01m[Kint* straightLine(float, float, float**, float&, bool&, float&)[m[Kâ€™:
[0.297s] [01m[K/home/lilultime/Autocab/autocab/raspberryPI3/ros2_ws/src/car_control/src/fromAtoB.cpp:40:47:[m[K [01;31m[Kerror: [m[Kinvalid operands of types â€˜[01m[Kfloat*[m[Kâ€™ and â€˜[01m[Kfloat[m[Kâ€™ to binary â€˜[01m[Koperator*[m[Kâ€™
[0.297s]    40 |         float angle = degrees(acos(([32m[KaVector[0][m[K[01;31m[K*[m[K[34m[KbVector[0][m[K + aVector[1]*bVector[1])/(sqrt(pow(aVector[0], 2) + pow(aVector[1], 2)) * sqrt(pow(bVector[0], 2) + pow(bVector[1], 2)))));
[0.297s]       |                                     [32m[K~~~~~~~~~~[m[K[01;31m[K^[m[K[34m[K~~~~~~~~~~[m[K
[0.298s]       |                                              [32m[K|[m[K          [34m[K|[m[K
[0.298s]       |                                              [32m[Kfloat*[m[K     [34m[Kfloat[m[K
[0.298s] [01m[K/home/lilultime/Autocab/autocab/raspberryPI3/ros2_ws/src/car_control/src/fromAtoB.cpp:40:71:[m[K [01;31m[Kerror: [m[Kinvalid operands of types â€˜[01m[Kfloat*[m[Kâ€™ and â€˜[01m[Kfloat[m[Kâ€™ to binary â€˜[01m[Koperator*[m[Kâ€™
[0.298s]    40 |         float angle = degrees(acos((aVector[0]*bVector[0] + [32m[KaVector[1][m[K[01;31m[K*[m[K[34m[KbVector[1][m[K)/(sqrt(pow(aVector[0], 2) + pow(aVector[1], 2)) * sqrt(pow(bVector[0], 2) + pow(bVector[1], 2)))));
[0.298s]       |                                                             [32m[K~~~~~~~~~~[m[K[01;31m[K^[m[K[34m[K~~~~~~~~~~[m[K
[0.298s]       |                                                                      [32m[K|[m[K          [34m[K|[m[K
[0.298s]       |                                                                      [32m[Kfloat*[m[K     [34m[Kfloat[m[K
[0.298s] [01m[K/home/lilultime/Autocab/autocab/raspberryPI3/ros2_ws/src/car_control/src/fromAtoB.cpp:40:93:[m[K [01;31m[Kerror: [m[Kno matching function for call to â€˜[01m[Kpow(float*&, int)[m[Kâ€™
[0.299s]    40 |         float angle = degrees(acos((aVector[0]*bVector[0] + aVector[1]*bVector[1])/(sqrt([01;31m[Kpow(aVector[0], 2)[m[K + pow(aVector[1], 2)) * sqrt(pow(bVector[0], 2) + pow(bVector[1], 2)))));
[0.299s]       |                                                                                          [01;31m[K~~~^~~~~~~~~~~~~~~[m[K
[0.299s] In file included from [01m[K/usr/include/c++/11/math.h:36[m[K,
[0.299s]                  from [01m[K/home/lilultime/Autocab/autocab/raspberryPI3/ros2_ws/src/car_control/src/fromAtoB.cpp:2[m[K:
[0.299s] [01m[K/usr/include/c++/11/cmath:415:5:[m[K [01;36m[Knote: [m[Kcandidate: â€˜[01m[Ktemplate<class _Tp, class _Up> constexpr typename __gnu_cxx::__promote_2<_Tp, _Up>::__type std::pow(_Tp, _Up)[m[Kâ€™
[0.299s]   415 |     [01;36m[Kpow[m[K(_Tp __x, _Up __y)
[0.299s]       |     [01;36m[K^~~[m[K
[0.299s] [01m[K/usr/include/c++/11/cmath:415:5:[m[K [01;36m[Knote: [m[K  template argument deduction/substitution failed:
[0.300s] /usr/include/c++/11/cmath: In substitution of â€˜[01m[Ktemplate<class _Tp, class _Up> constexpr typename __gnu_cxx::__promote_2<_Tp, _Up>::__type std::pow(_Tp, _Up) [with _Tp = float*; _Up = int][m[Kâ€™:
[0.300s] [01m[K/home/lilultime/Autocab/autocab/raspberryPI3/ros2_ws/src/car_control/src/fromAtoB.cpp:40:93:[m[K   required from here
[0.300s] [01m[K/usr/include/c++/11/cmath:415:5:[m[K [01;31m[Kerror: [m[Kno type named â€˜[01m[K__type[m[Kâ€™ in â€˜[01m[Kstruct __gnu_cxx::__promote<float*, false>[m[Kâ€™
[0.300s] In file included from [01m[K/usr/include/features.h:486[m[K,
[0.300s]                  from [01m[K/usr/include/x86_64-linux-gnu/c++/11/bits/os_defines.h:39[m[K,
[0.300s]                  from [01m[K/usr/include/x86_64-linux-gnu/c++/11/bits/c++config.h:586[m[K,
[0.300s]                  from [01m[K/usr/include/c++/11/cstdint:38[m[K,
[0.301s]                  from [01m[K/home/lilultime/Autocab/autocab/raspberryPI3/ros2_ws/src/car_control/src/../include/car_control/fromAtoB.h:4[m[K,
[0.301s]                  from [01m[K/home/lilultime/Autocab/autocab/raspberryPI3/ros2_ws/src/car_control/src/fromAtoB.cpp:1[m[K:
[0.301s] [01m[K/usr/include/x86_64-linux-gnu/bits/mathcalls.h:140:1:[m[K [01;36m[Knote: [m[Kcandidate: â€˜[01m[Kdouble pow(double, double)[m[Kâ€™
[0.301s]   140 | [01;36m[K__MATHCALL_VEC[m[K (pow,, (_Mdouble_ __x, _Mdouble_ __y));
[0.301s]       | [01;36m[K^~~~~~~~~~~~~~[m[K
[0.301s] In file included from [01m[K/usr/include/c++/11/cmath:45[m[K,
[0.301s]                  from [01m[K/usr/include/c++/11/math.h:36[m[K,
[0.302s]                  from [01m[K/home/lilultime/Autocab/autocab/raspberryPI3/ros2_ws/src/car_control/src/fromAtoB.cpp:2[m[K:
[0.302s] [01m[K/usr/include/x86_64-linux-gnu/bits/mathcalls.h:140:1:[m[K [01;36m[Knote: [m[K  no known conversion for argument 1 from â€˜[01m[Kfloat*[m[Kâ€™ to â€˜[01m[Kdouble[m[Kâ€™
[0.302s]   140 | [01;36m[K_[m[K_MATHCALL_VEC (pow,, (_Mdouble_ __x, _Mdouble_ __y));
[0.302s]       | [01;36m[K^[m[K
[0.302s] In file included from [01m[K/usr/include/c++/11/math.h:36[m[K,
[0.302s]                  from [01m[K/home/lilultime/Autocab/autocab/raspberryPI3/ros2_ws/src/car_control/src/fromAtoB.cpp:2[m[K:
[0.302s] [01m[K/usr/include/c++/11/cmath:392:3:[m[K [01;36m[Knote: [m[Kcandidate: â€˜[01m[Kconstexpr long double std::pow(long double, long double)[m[Kâ€™
[0.302s]   392 |   [01;36m[Kpow[m[K(long double __x, long double __y)
[0.302s]       |   [01;36m[K^~~[m[K
[0.302s] [01m[K/usr/include/c++/11/cmath:392:19:[m[K [01;36m[Knote: [m[K  no known conversion for argument 1 from â€˜[01m[Kfloat*[m[Kâ€™ to â€˜[01m[Klong double[m[Kâ€™
[0.303s]   392 |   pow([01;36m[Klong double __x[m[K, long double __y)
[0.303s]       |       [01;36m[K~~~~~~~~~~~~^~~[m[K
[0.303s] [01m[K/usr/include/c++/11/cmath:388:3:[m[K [01;36m[Knote: [m[Kcandidate: â€˜[01m[Kconstexpr float std::pow(float, float)[m[Kâ€™
[0.303s]   388 |   [01;36m[Kpow[m[K(float __x, float __y)
[0.303s]       |   [01;36m[K^~~[m[K
[0.303s] [01m[K/usr/include/c++/11/cmath:388:13:[m[K [01;36m[Knote: [m[K  no known conversion for argument 1 from â€˜[01m[Kfloat*[m[Kâ€™ to â€˜[01m[Kfloat[m[Kâ€™
[0.303s]   388 |   pow([01;36m[Kfloat __x[m[K, float __y)
[0.303s]       |       [01;36m[K~~~~~~^~~[m[K
[0.303s] [01m[K/home/lilultime/Autocab/autocab/raspberryPI3/ros2_ws/src/car_control/src/fromAtoB.cpp:40:114:[m[K [01;31m[Kerror: [m[Kno matching function for call to â€˜[01m[Kpow(float*&, int)[m[Kâ€™
[0.304s]    40 |         float angle = degrees(acos((aVector[0]*bVector[0] + aVector[1]*bVector[1])/(sqrt(pow(aVector[0], 2) + [01;31m[Kpow(aVector[1], 2)[m[K) * sqrt(pow(bVector[0], 2) + pow(bVector[1], 2)))));
[0.304s]       |                                                                                                               [01;31m[K~~~^~~~~~~~~~~~~~~[m[K
[0.304s] In file included from [01m[K/usr/include/c++/11/math.h:36[m[K,
[0.304s]                  from [01m[K/home/lilultime/Autocab/autocab/raspberryPI3/ros2_ws/src/car_control/src/fromAtoB.cpp:2[m[K:
[0.304s] [01m[K/usr/include/c++/11/cmath:415:5:[m[K [01;36m[Knote: [m[Kcandidate: â€˜[01m[Ktemplate<class _Tp, class _Up> constexpr typename __gnu_cxx::__promote_2<_Tp, _Up>::__type std::pow(_Tp, _Up)[m[Kâ€™
[0.304s]   415 |     [01;36m[Kpow[m[K(_Tp __x, _Up __y)
[0.304s]       |     [01;36m[K^~~[m[K
[0.304s] [01m[K/usr/include/c++/11/cmath:415:5:[m[K [01;36m[Knote: [m[K  template argument deduction/substitution failed:
[0.304s] /usr/include/c++/11/cmath: In substitution of â€˜[01m[Ktemplate<class _Tp, class _Up> constexpr typename __gnu_cxx::__promote_2<_Tp, _Up>::__type std::pow(_Tp, _Up) [with _Tp = float*; _Up = int][m[Kâ€™:
[0.305s] [01m[K/home/lilultime/Autocab/autocab/raspberryPI3/ros2_ws/src/car_control/src/fromAtoB.cpp:40:114:[m[K   required from here
[0.305s] [01m[K/usr/include/c++/11/cmath:415:5:[m[K [01;31m[Kerror: [m[Kno type named â€˜[01m[K__type[m[Kâ€™ in â€˜[01m[Kstruct __gnu_cxx::__promote<float*, false>[m[Kâ€™
[0.305s] In file included from [01m[K/usr/include/features.h:486[m[K,
[0.305s]                  from [01m[K/usr/include/x86_64-linux-gnu/c++/11/bits/os_defines.h:39[m[K,
[0.305s]                  from [01m[K/usr/include/x86_64-linux-gnu/c++/11/bits/c++config.h:586[m[K,
[0.305s]                  from [01m[K/usr/include/c++/11/cstdint:38[m[K,
[0.305s]                  from [01m[K/home/lilultime/Autocab/autocab/raspberryPI3/ros2_ws/src/car_control/src/../include/car_control/fromAtoB.h:4[m[K,
[0.305s]                  from [01m[K/home/lilultime/Autocab/autocab/raspberryPI3/ros2_ws/src/car_control/src/fromAtoB.cpp:1[m[K:
[0.305s] [01m[K/usr/include/x86_64-linux-gnu/bits/mathcalls.h:140:1:[m[K [01;36m[Knote: [m[Kcandidate: â€˜[01m[Kdouble pow(double, double)[m[Kâ€™
[0.306s]   140 | [01;36m[K__MATHCALL_VEC[m[K (pow,, (_Mdouble_ __x, _Mdouble_ __y));
[0.306s]       | [01;36m[K^~~~~~~~~~~~~~[m[K
[0.306s] In file included from [01m[K/usr/include/c++/11/cmath:45[m[K,
[0.306s]                  from [01m[K/usr/include/c++/11/math.h:36[m[K,
[0.306s]                  from [01m[K/home/lilultime/Autocab/autocab/raspberryPI3/ros2_ws/src/car_control/src/fromAtoB.cpp:2[m[K:
[0.306s] [01m[K/usr/include/x86_64-linux-gnu/bits/mathcalls.h:140:1:[m[K [01;36m[Knote: [m[K  no known conversion for argument 1 from â€˜[01m[Kfloat*[m[Kâ€™ to â€˜[01m[Kdouble[m[Kâ€™
[0.306s]   140 | [01;36m[K_[m[K_MATHCALL_VEC (pow,, (_Mdouble_ __x, _Mdouble_ __y));
[0.306s]       | [01;36m[K^[m[K
[0.306s] In file included from [01m[K/usr/include/c++/11/math.h:36[m[K,
[0.306s]                  from [01m[K/home/lilultime/Autocab/autocab/raspberryPI3/ros2_ws/src/car_control/src/fromAtoB.cpp:2[m[K:
[0.306s] [01m[K/usr/include/c++/11/cmath:392:3:[m[K [01;36m[Knote: [m[Kcandidate: â€˜[01m[Kconstexpr long double std::pow(long double, long double)[m[Kâ€™
[0.307s]   392 |   [01;36m[Kpow[m[K(long double __x, long double __y)
[0.307s]       |   [01;36m[K^~~[m[K
[0.307s] [01m[K/usr/include/c++/11/cmath:392:19:[m[K [01;36m[Knote: [m[K  no known conversion for argument 1 from â€˜[01m[Kfloat*[m[Kâ€™ to â€˜[01m[Klong double[m[Kâ€™
[0.307s]   392 |   pow([01;36m[Klong double __x[m[K, long double __y)
[0.307s]       |       [01;36m[K~~~~~~~~~~~~^~~[m[K
[0.307s] [01m[K/usr/include/c++/11/cmath:388:3:[m[K [01;36m[Knote: [m[Kcandidate: â€˜[01m[Kconstexpr float std::pow(float, float)[m[Kâ€™
[0.307s]   388 |   [01;36m[Kpow[m[K(float __x, float __y)
[0.307s]       |   [01;36m[K^~~[m[K
[0.308s] [01m[K/usr/include/c++/11/cmath:388:13:[m[K [01;36m[Knote: [m[K  no known conversion for argument 1 from â€˜[01m[Kfloat*[m[Kâ€™ to â€˜[01m[Kfloat[m[Kâ€™
[0.308s]   388 |   pow([01;36m[Kfloat __x[m[K, float __y)
[0.308s]       |       [01;36m[K~~~~~~^~~[m[K
[0.308s] [01m[K/home/lilultime/Autocab/autocab/raspberryPI3/ros2_ws/src/car_control/src/fromAtoB.cpp:40:23:[m[K [01;31m[Kerror: [m[Kâ€˜[01m[Kdegrees[m[Kâ€™ was not declared in this scope
[0.308s]    40 |         float angle = [01;31m[Kdegrees[m[K(acos((aVector[0]*bVector[0] + aVector[1]*bVector[1])/(sqrt(pow(aVector[0], 2) + pow(aVector[1], 2)) * sqrt(pow(bVector[0], 2) + pow(bVector[1], 2)))));
[0.308s]       |                       [01;31m[K^~~~~~~[m[K
[0.308s] [01m[K/home/lilultime/Autocab/autocab/raspberryPI3/ros2_ws/src/car_control/src/fromAtoB.cpp:43:27:[m[K [01;31m[Kerror: [m[Kinvalid operands of types â€˜[01m[Kfloat*[m[Kâ€™ and â€˜[01m[Kfloat[m[Kâ€™ to binary â€˜[01m[Koperator*[m[Kâ€™
[0.308s]    43 |             if ([32m[KaVector[0][m[K[01;31m[K*[m[K[34m[KbVectorOrtho[0][m[K + aVector[1]*bVectorOrtho[1] > 0){
[0.309s]       |                 [32m[K~~~~~~~~~~[m[K[01;31m[K^[m[K[34m[K~~~~~~~~~~~~~~~[m[K
[0.309s]       |                          [32m[K|[m[K               [34m[K|[m[K
[0.309s]       |                          [32m[Kfloat*[m[K          [34m[Kfloat[m[K
[0.309s] [01m[K/home/lilultime/Autocab/autocab/raspberryPI3/ros2_ws/src/car_control/src/fromAtoB.cpp:43:56:[m[K [01;31m[Kerror: [m[Kinvalid operands of types â€˜[01m[Kfloat*[m[Kâ€™ and â€˜[01m[Kfloat[m[Kâ€™ to binary â€˜[01m[Koperator*[m[Kâ€™
[0.309s]    43 |             if (aVector[0]*bVectorOrtho[0] + [32m[KaVector[1][m[K[01;31m[K*[m[K[34m[KbVectorOrtho[1][m[K > 0){
[0.309s]       |                                              [32m[K~~~~~~~~~~[m[K[01;31m[K^[m[K[34m[K~~~~~~~~~~~~~~~[m[K
[0.309s]       |                                                       [32m[K|[m[K               [34m[K|[m[K
[0.310s]       |                                                       [32m[Kfloat*[m[K          [34m[Kfloat[m[K
[0.335s] gmake[2]: *** [CMakeFiles/car_control_node.dir/build.make:118: CMakeFiles/car_control_node.dir/src/fromAtoB.cpp.o] Error 1
[0.335s] gmake[2]: *** Waiting for unfinished jobs....
[2.319s] [01m[K/home/lilultime/Autocab/autocab/raspberryPI3/ros2_ws/src/car_control/src/car_control_node.cpp:232:50:[m[K [01;31m[Kerror: [m[Kâ€˜[01m[KGnss[m[Kâ€™ in namespace â€˜[01m[Kinterfaces::msg[m[Kâ€™ does not name a type
[2.319s]   232 |     void gnssDataCallback(const interfaces::msg::[01;31m[KGnss[m[K & gnssData){
[2.319s]       |                                                  [01;31m[K^~~~[m[K
[2.319s] [01m[K/home/lilultime/Autocab/autocab/raspberryPI3/ros2_ws/src/car_control/src/car_control_node.cpp:239:6:[m[K [01;31m[Kerror: [m[Kexpected â€˜[01m[K;[m[Kâ€™ after class definition
[2.319s]   239 |     }
[2.320s]       |      [01;31m[K^[m[K
[2.320s]       |      [32m[K;[m[K
[2.324s] [01m[K/home/lilultime/Autocab/autocab/raspberryPI3/ros2_ws/src/car_control/src/car_control_node.cpp:[m[K In constructor â€˜[01m[Kcar_control::car_control()[m[Kâ€™:
[2.324s] [01m[K/home/lilultime/Autocab/autocab/raspberryPI3/ros2_ws/src/car_control/src/car_control_node.cpp:29:9:[m[K [01;31m[Kerror: [m[Kâ€˜[01m[Kstart[m[Kâ€™ was not declared in this scope
[2.324s]    29 |         [01;31m[Kstart[m[K = false;
[2.324s]       |         [01;31m[K^~~~~[m[K
[2.327s] [01m[K/home/lilultime/Autocab/autocab/raspberryPI3/ros2_ws/src/car_control/src/car_control_node.cpp:30:9:[m[K [01;31m[Kerror: [m[Kâ€˜[01m[Kmode[m[Kâ€™ was not declared in this scope; did you mean â€˜[01m[KNode[m[Kâ€™?
[2.328s]    30 |         [01;31m[Kmode[m[K = 0;
[2.328s]       |         [01;31m[K^~~~[m[K
[2.328s]       |         [32m[KNode[m[K
[2.338s] [01m[K/home/lilultime/Autocab/autocab/raspberryPI3/ros2_ws/src/car_control/src/car_control_node.cpp:31:9:[m[K [01;31m[Kerror: [m[Kâ€˜[01m[KrequestedThrottle[m[Kâ€™ was not declared in this scope
[2.338s]    31 |         [01;31m[KrequestedThrottle[m[K = 0;
[2.338s]       |         [01;31m[K^~~~~~~~~~~~~~~~~[m[K
[2.348s] [01m[K/home/lilultime/Autocab/autocab/raspberryPI3/ros2_ws/src/car_control/src/car_control_node.cpp:32:9:[m[K [01;31m[Kerror: [m[Kâ€˜[01m[KrequestedSteerAngle[m[Kâ€™ was not declared in this scope
[2.348s]    32 |         [01;31m[KrequestedSteerAngle[m[K = 0;
[2.349s]       |         [01;31m[K^~~~~~~~~~~~~~~~~~~[m[K
[2.357s] [01m[K/home/lilultime/Autocab/autocab/raspberryPI3/ros2_ws/src/car_control/src/car_control_node.cpp:33:9:[m[K [01;31m[Kerror: [m[Kâ€˜[01m[KcurrentLatitude[m[Kâ€™ was not declared in this scope
[2.357s]    33 |         [01;31m[KcurrentLatitude[m[K = 0;
[2.357s]       |         [01;31m[K^~~~~~~~~~~~~~~[m[K
[2.365s] [01m[K/home/lilultime/Autocab/autocab/raspberryPI3/ros2_ws/src/car_control/src/car_control_node.cpp:34:9:[m[K [01;31m[Kerror: [m[Kâ€˜[01m[KcurrentLongitude[m[Kâ€™ was not declared in this scope
[2.365s]    34 |         [01;31m[KcurrentLongitude[m[K = 0;
[2.366s]       |         [01;31m[K^~~~~~~~~~~~~~~~[m[K
[2.374s] [01m[K/home/lilultime/Autocab/autocab/raspberryPI3/ros2_ws/src/car_control/src/car_control_node.cpp:35:9:[m[K [01;31m[Kerror: [m[Kâ€˜[01m[KcurrentDirection[m[Kâ€™ was not declared in this scope
[2.374s]    35 |         [01;31m[KcurrentDirection[m[K[0]=1;
[2.374s]       |         [01;31m[K^~~~~~~~~~~~~~~~[m[K
[2.381s] [01m[K/home/lilultime/Autocab/autocab/raspberryPI3/ros2_ws/src/car_control/src/car_control_node.cpp:39:9:[m[K [01;31m[Kerror: [m[Kâ€˜[01m[Kpublisher_can_[m[Kâ€™ was not declared in this scope
[2.381s]    39 |         [01;31m[Kpublisher_can_[m[K= this->create_publisher<interfaces::msg::MotorsOrder>("motors_order", 10);
[2.381s]       |         [01;31m[K^~~~~~~~~~~~~~[m[K
[2.396s] [01m[K/home/lilultime/Autocab/autocab/raspberryPI3/ros2_ws/src/car_control/src/car_control_node.cpp:41:9:[m[K [01;31m[Kerror: [m[Kâ€˜[01m[Kpublisher_steeringCalibration_[m[Kâ€™ was not declared in this scope; did you mean â€˜[01m[KstartSteeringCalibration[m[Kâ€™?
[2.396s]    41 |         [01;31m[Kpublisher_steeringCalibration_[m[K = this->create_publisher<interfaces::msg::SteeringCalibration>("steering_calibration", 10);
[2.396s]       |         [01;31m[K^~~~~~~~~~~~~~~~~~~~~~~~~~~~~~[m[K
[2.396s]       |         [32m[KstartSteeringCalibration[m[K
[2.410s] [01m[K/home/lilultime/Autocab/autocab/raspberryPI3/ros2_ws/src/car_control/src/car_control_node.cpp:45:9:[m[K [01;31m[Kerror: [m[Kâ€˜[01m[Ksubscription_joystick_order_[m[Kâ€™ was not declared in this scope
[2.410s]    45 |         [01;31m[Ksubscription_joystick_order_[m[K = this->create_subscription<interfaces::msg::JoystickOrder>(
[2.410s]       |         [01;31m[K^~~~~~~~~~~~~~~~~~~~~~~~~~~~[m[K
[2.465s] [01m[K/home/lilultime/Autocab/autocab/raspberryPI3/ros2_ws/src/car_control/src/car_control_node.cpp:48:9:[m[K [01;31m[Kerror: [m[Kâ€˜[01m[Ksubscription_motors_feedback_[m[Kâ€™ was not declared in this scope
[2.465s]    48 |         [01;31m[Ksubscription_motors_feedback_[m[K = this->create_subscription<interfaces::msg::MotorsFeedback>(
[2.465s]       |         [01;31m[K^~~~~~~~~~~~~~~~~~~~~~~~~~~~~[m[K
[2.515s] [01m[K/home/lilultime/Autocab/autocab/raspberryPI3/ros2_ws/src/car_control/src/car_control_node.cpp:51:9:[m[K [01;31m[Kerror: [m[Kâ€˜[01m[Ksubscription_steering_calibration_[m[Kâ€™ was not declared in this scope
[2.515s]    51 |         [01;31m[Ksubscription_steering_calibration_[m[K = this->create_subscription<interfaces::msg::SteeringCalibration>(
[2.515s]       |         [01;31m[K^~~~~~~~~~~~~~~~~~~~~~~~~~~~~~~~~~[m[K
[2.567s] [01m[K/home/lilultime/Autocab/autocab/raspberryPI3/ros2_ws/src/car_control/src/car_control_node.cpp:54:9:[m[K [01;31m[Kerror: [m[Kâ€˜[01m[Ksubscription_gnss_data_[m[Kâ€™ was not declared in this scope
[2.567s]    54 |         [01;31m[Ksubscription_gnss_data_[m[K = this->create_subscription<interfaces::msg::Gnss>(
[2.567s]       |         [01;31m[K^~~~~~~~~~~~~~~~~~~~~~~[m[K
[2.567s] [01m[K/home/lilultime/Autocab/autocab/raspberryPI3/ros2_ws/src/car_control/src/car_control_node.cpp:54:78:[m[K [01;31m[Kerror: [m[Kâ€˜[01m[KGnss[m[Kâ€™ is not a member of â€˜[01m[Kinterfaces::msg[m[Kâ€™
[2.567s]    54 |         subscription_gnss_data_ = this->create_subscription<interfaces::msg::[01;31m[KGnss[m[K>(
[2.567s]       |                                                                              [01;31m[K^~~~[m[K
[2.569s] [01m[K/home/lilultime/Autocab/autocab/raspberryPI3/ros2_ws/src/car_control/src/car_control_node.cpp:54:83:[m[K [01;31m[Kerror: [m[Kno matching function for call to â€˜[01m[Kcar_control::create_subscription<<expression error> >(const char [10], int, std::_Bind_helper<false, void (car_control::*)(const int&), car_control*, const std::_Placeholder<1>&>::type)[m[Kâ€™
[2.569s]    54 |         subscription_gnss_data_ = [01;31m[Kthis->create_subscription<interfaces::msg::Gnss>([m[K
[2.569s]       |                                   [01;31m[K~~~~~~~~~~~~~~~~~~~~~~~~~~~~~~~~~~~~~~~~~~~~~~~~^[m[K
[2.569s]    55 | [01;31m[K        "gnss_data", 10, std::bind(&car_control::gnssDataCallback, this, _1))[m[K;
[2.570s]       |         [01;31m[K~~~~~~~~~~~~~~~~~~~~~~~~~~~~~~~~~~~~~~~~~~~~~~~~~~~~~~~~~~~~~~~~~~~~~[m[K      
[2.570s] In file included from [01m[K/opt/ros/humble/include/rclcpp/rclcpp/node.hpp:1321[m[K,
[2.570s]                  from [01m[K/opt/ros/humble/include/rclcpp/rclcpp/executors/single_threaded_executor.hpp:28[m[K,
[2.570s]                  from [01m[K/opt/ros/humble/include/rclcpp/rclcpp/executors.hpp:22[m[K,
[2.570s]                  from [01m[K/opt/ros/humble/include/rclcpp/rclcpp/rclcpp.hpp:155[m[K,
[2.570s]                  from [01m[K/home/lilultime/Autocab/autocab/raspberryPI3/ros2_ws/src/car_control/src/car_control_node.cpp:1[m[K:
[2.570s] [01m[K/opt/ros/humble/include/rclcpp/rclcpp/node_impl.hpp:92:1:[m[K [01;36m[Knote: [m[Kcandidate: â€˜[01m[Ktemplate<class MessageT, class CallbackT, class AllocatorT, class SubscriptionT, class MessageMemoryStrategyT> std::shared_ptr<ROSMessageT> rclcpp::Node::create_subscription(const string&, const rclcpp::QoS&, CallbackT&&, const rclcpp::SubscriptionOptionsWithAllocator<AllocatorT>&, typename MessageMemoryStrategyT::SharedPtr)[m[Kâ€™
[2.570s]    92 | [01;36m[KNode[m[K::create_subscription(
[2.570s]       | [01;36m[K^~~~[m[K
[2.570s] [01m[K/opt/ros/humble/include/rclcpp/rclcpp/node_impl.hpp:92:1:[m[K [01;36m[Knote: [m[K  template argument deduction/substitution failed:
[2.570s] [01m[K/home/lilultime/Autocab/autocab/raspberryPI3/ros2_ws/src/car_control/src/car_control_node.cpp:54:83:[m[K [01;31m[Kerror: [m[Ktemplate argument 1 is invalid
[2.570s]    54 |         subscription_gnss_data_ = [01;31m[Kthis->create_subscription<interfaces::msg::Gnss>([m[K
[2.570s]       |                                   [01;31m[K~~~~~~~~~~~~~~~~~~~~~~~~~~~~~~~~~~~~~~~~~~~~~~~~^[m[K
[2.570s]    55 | [01;31m[K        "gnss_data", 10, std::bind(&car_control::gnssDataCallback, this, _1))[m[K;
[2.570s]       |         [01;31m[K~~~~~~~~~~~~~~~~~~~~~~~~~~~~~~~~~~~~~~~~~~~~~~~~~~~~~~~~~~~~~~~~~~~~~[m[K      
[2.580s] [01m[K/home/lilultime/Autocab/autocab/raspberryPI3/ros2_ws/src/car_control/src/car_control_node.cpp:60:9:[m[K [01;31m[Kerror: [m[Kâ€˜[01m[Kserver_calibration_[m[Kâ€™ was not declared in this scope
[2.580s]    60 |         [01;31m[Kserver_calibration_[m[K = this->create_service<std_srvs::srv::Empty>(
[2.580s]       |         [01;31m[K^~~~~~~~~~~~~~~~~~~[m[K
[2.603s] [01m[K/home/lilultime/Autocab/autocab/raspberryPI3/ros2_ws/src/car_control/src/car_control_node.cpp:63:9:[m[K [01;31m[Kerror: [m[Kâ€˜[01m[Ktimer_[m[Kâ€™ was not declared in this scope; did you mean â€˜[01m[Ktimer_t[m[Kâ€™?
[2.603s]    63 |         [01;31m[Ktimer_[m[K = this->create_wall_timer(PERIOD_UPDATE_CMD, std::bind(&car_control::updateCmd, this));
[2.603s]       |         [01;31m[K^~~~~~[m[K
[2.603s]       |         [32m[Ktimer_t[m[K
[2.616s] [01m[K/home/lilultime/Autocab/autocab/raspberryPI3/ros2_ws/src/car_control/src/car_control_node.cpp:[m[K In member function â€˜[01m[Kvoid car_control::joystickOrderCallback(const JoystickOrder&)[m[Kâ€™:
[2.616s] [01m[K/home/lilultime/Autocab/autocab/raspberryPI3/ros2_ws/src/car_control/src/car_control_node.cpp:79:31:[m[K [01;31m[Kerror: [m[Kâ€˜[01m[Kstart[m[Kâ€™ was not declared in this scope
[2.616s]    79 |         if (joyOrder.start != [01;31m[Kstart[m[K){
[2.616s]       |                               [01;31m[K^~~~~[m[K
[2.620s] [01m[K/home/lilultime/Autocab/autocab/raspberryPI3/ros2_ws/src/car_control/src/car_control_node.cpp:89:30:[m[K [01;31m[Kerror: [m[Kâ€˜[01m[Kmode[m[Kâ€™ was not declared in this scope; did you mean â€˜[01m[KNode[m[Kâ€™?
[2.620s]    89 |         if (joyOrder.mode != [01;31m[Kmode[m[K && joyOrder.mode != -1){ //if mode change
[2.620s]       |                              [01;31m[K^~~~[m[K
[2.620s]       |                              [32m[KNode[m[K
[2.625s] [01m[K/home/lilultime/Autocab/autocab/raspberryPI3/ros2_ws/src/car_control/src/car_control_node.cpp:102:13:[m[K [01;31m[Kerror: [m[Kâ€˜[01m[Kmode[m[Kâ€™ was not declared in this scope; did you mean â€˜[01m[KNode[m[Kâ€™?
[2.625s]   102 |         if ([01;31m[Kmode[m[K == 0 && start){  //if manual mode -> update requestedThrottle, requestedSteerAngle and reverse from joystick order
[2.625s]       |             [01;31m[K^~~~[m[K
[2.625s]       |             [32m[KNode[m[K
[2.628s] [01m[K/home/lilultime/Autocab/autocab/raspberryPI3/ros2_ws/src/car_control/src/car_control_node.cpp:102:26:[m[K [01;31m[Kerror: [m[Kâ€˜[01m[Kstart[m[Kâ€™ was not declared in this scope
[2.629s]   102 |         if (mode == 0 && [01;31m[Kstart[m[K){  //if manual mode -> update requestedThrottle, requestedSteerAngle and reverse from joystick order
[2.629s]       |                          [01;31m[K^~~~~[m[K
[2.639s] [01m[K/home/lilultime/Autocab/autocab/raspberryPI3/ros2_ws/src/car_control/src/car_control_node.cpp:103:13:[m[K [01;31m[Kerror: [m[Kâ€˜[01m[KrequestedThrottle[m[Kâ€™ was not declared in this scope
[2.639s]   103 |             [01;31m[KrequestedThrottle[m[K = joyOrder.throttle;
[2.639s]       |             [01;31m[K^~~~~~~~~~~~~~~~~[m[K
[2.649s] [01m[K/home/lilultime/Autocab/autocab/raspberryPI3/ros2_ws/src/car_control/src/car_control_node.cpp:104:13:[m[K [01;31m[Kerror: [m[Kâ€˜[01m[KrequestedSteerAngle[m[Kâ€™ was not declared in this scope
[2.649s]   104 |             [01;31m[KrequestedSteerAngle[m[K = joyOrder.steer;
[2.649s]       |             [01;31m[K^~~~~~~~~~~~~~~~~~~[m[K
[2.650s] [01m[K/home/lilultime/Autocab/autocab/raspberryPI3/ros2_ws/src/car_control/src/car_control_node.cpp:105:32:[m[K [01;31m[Kerror: [m[Koverloaded function with no contextual type information
[2.650s]   105 |             reverse = joyOrder.[01;31m[Kreverse[m[K;
[2.650s]       |                                [01;31m[K^~~~~~~[m[K
[2.656s] [01m[K/home/lilultime/Autocab/autocab/raspberryPI3/ros2_ws/src/car_control/src/car_control_node.cpp:[m[K In member function â€˜[01m[Kvoid car_control::motorsFeedbackCallback(const MotorsFeedback&)[m[Kâ€™:
[2.656s] [01m[K/home/lilultime/Autocab/autocab/raspberryPI3/ros2_ws/src/car_control/src/car_control_node.cpp:115:9:[m[K [01;31m[Kerror: [m[Kâ€˜[01m[KcurrentAngle[m[Kâ€™ was not declared in this scope
[2.656s]   115 |         [01;31m[KcurrentAngle[m[K = motorsFeedback.steering_angle;
[2.656s]       |         [01;31m[K^~~~~~~~~~~~[m[K
[2.660s] [01m[K/home/lilultime/Autocab/autocab/raspberryPI3/ros2_ws/src/car_control/src/car_control_node.cpp:[m[K In member function â€˜[01m[Kvoid car_control::updateCmd()[m[Kâ€™:
[2.660s] [01m[K/home/lilultime/Autocab/autocab/raspberryPI3/ros2_ws/src/car_control/src/car_control_node.cpp:131:14:[m[K [01;31m[Kerror: [m[Kâ€˜[01m[Kstart[m[Kâ€™ was not declared in this scope
[2.660s]   131 |         if (![01;31m[Kstart[m[K){    //Car stopped
[2.661s]       |              [01;31m[K^~~~~[m[K
[2.668s] [01m[K/home/lilultime/Autocab/autocab/raspberryPI3/ros2_ws/src/car_control/src/car_control_node.cpp:132:13:[m[K [01;31m[Kerror: [m[Kâ€˜[01m[KleftRearPwmCmd[m[Kâ€™ was not declared in this scope
[2.668s]   132 |             [01;31m[KleftRearPwmCmd[m[K = STOP;
[2.668s]       |             [01;31m[K^~~~~~~~~~~~~~[m[K
[2.675s] [01m[K/home/lilultime/Autocab/autocab/raspberryPI3/ros2_ws/src/car_control/src/car_control_node.cpp:133:13:[m[K [01;31m[Kerror: [m[Kâ€˜[01m[KrightRearPwmCmd[m[Kâ€™ was not declared in this scope
[2.675s]   133 |             [01;31m[KrightRearPwmCmd[m[K = STOP;
[2.675s]       |             [01;31m[K^~~~~~~~~~~~~~~[m[K
[2.680s] [01m[K/home/lilultime/Autocab/autocab/raspberryPI3/ros2_ws/src/car_control/src/car_control_node.cpp:134:13:[m[K [01;31m[Kerror: [m[Kâ€˜[01m[KsteeringPwmCmd[m[Kâ€™ was not declared in this scope; did you mean â€˜[01m[KsteeringCmd[m[Kâ€™?
[2.680s]   134 |             [01;31m[KsteeringPwmCmd[m[K = STOP;
[2.680s]       |             [01;31m[K^~~~~~~~~~~~~~[m[K
[2.681s]       |             [32m[KsteeringCmd[m[K
[2.684s] [01m[K/home/lilultime/Autocab/autocab/raspberryPI3/ros2_ws/src/car_control/src/car_control_node.cpp:140:17:[m[K [01;31m[Kerror: [m[Kâ€˜[01m[Kmode[m[Kâ€™ was not declared in this scope; did you mean â€˜[01m[KNode[m[Kâ€™?
[2.684s]   140 |             if ([01;31m[Kmode[m[K==0){
[2.684s]       |                 [01;31m[K^~~~[m[K
[2.684s]       |                 [32m[KNode[m[K
[2.692s] [01m[K/home/lilultime/Autocab/autocab/raspberryPI3/ros2_ws/src/car_control/src/car_control_node.cpp:142:37:[m[K [01;31m[Kerror: [m[Kâ€˜[01m[KrequestedThrottle[m[Kâ€™ was not declared in this scope
[2.693s]   142 |                 manualPropulsionCmd([01;31m[KrequestedThrottle[m[K, reverse, leftRearPwmCmd,rightRearPwmCmd);
[2.693s]       |                                     [01;31m[K^~~~~~~~~~~~~~~~~[m[K
[2.699s] [01m[K/home/lilultime/Autocab/autocab/raspberryPI3/ros2_ws/src/car_control/src/car_control_node.cpp:142:65:[m[K [01;31m[Kerror: [m[Kâ€˜[01m[KleftRearPwmCmd[m[Kâ€™ was not declared in this scope
[2.699s]   142 |                 manualPropulsionCmd(requestedThrottle, reverse, [01;31m[KleftRearPwmCmd[m[K,rightRearPwmCmd);
[2.700s]       |                                                                 [01;31m[K^~~~~~~~~~~~~~[m[K
[2.707s] [01m[K/home/lilultime/Autocab/autocab/raspberryPI3/ros2_ws/src/car_control/src/car_control_node.cpp:142:80:[m[K [01;31m[Kerror: [m[Kâ€˜[01m[KrightRearPwmCmd[m[Kâ€™ was not declared in this scope
[2.707s]   142 |                 manualPropulsionCmd(requestedThrottle, reverse, leftRearPwmCmd,[01;31m[KrightRearPwmCmd[m[K);
[2.707s]       |                                                                                [01;31m[K^~~~~~~~~~~~~~~[m[K
[2.717s] [01m[K/home/lilultime/Autocab/autocab/raspberryPI3/ros2_ws/src/car_control/src/car_control_node.cpp:144:29:[m[K [01;31m[Kerror: [m[Kâ€˜[01m[KrequestedSteerAngle[m[Kâ€™ was not declared in this scope
[2.717s]   144 |                 steeringCmd([01;31m[KrequestedSteerAngle[m[K,currentAngle, steeringPwmCmd);
[2.717s]       |                             [01;31m[K^~~~~~~~~~~~~~~~~~~[m[K
[2.723s] [01m[K/home/lilultime/Autocab/autocab/raspberryPI3/ros2_ws/src/car_control/src/car_control_node.cpp:144:49:[m[K [01;31m[Kerror: [m[Kâ€˜[01m[KcurrentAngle[m[Kâ€™ was not declared in this scope
[2.723s]   144 |                 steeringCmd(requestedSteerAngle,[01;31m[KcurrentAngle[m[K, steeringPwmCmd);
[2.723s]       |                                                 [01;31m[K^~~~~~~~~~~~[m[K
[2.728s] [01m[K/home/lilultime/Autocab/autocab/raspberryPI3/ros2_ws/src/car_control/src/car_control_node.cpp:144:63:[m[K [01;31m[Kerror: [m[Kâ€˜[01m[KsteeringPwmCmd[m[Kâ€™ was not declared in this scope; did you mean â€˜[01m[KsteeringCmd[m[Kâ€™?
[2.728s]   144 |                 steeringCmd(requestedSteerAngle,currentAngle, [01;31m[KsteeringPwmCmd[m[K);
[2.728s]       |                                                               [01;31m[K^~~~~~~~~~~~~~[m[K
[2.728s]       |                                                               [32m[KsteeringCmd[m[K
[2.737s] [01m[K/home/lilultime/Autocab/autocab/raspberryPI3/ros2_ws/src/car_control/src/car_control_node.cpp:150:30:[m[K [01;31m[Kerror: [m[Kâ€˜[01m[KcurrentLatitude[m[Kâ€™ was not declared in this scope
[2.737s]   150 |                 straightLine([01;31m[KcurrentLatitude[m[K, currentLongitude, currentDirection, requestedThrottle, reverse, requestedSteerAngle);
[2.737s]       |                              [01;31m[K^~~~~~~~~~~~~~~[m[K
[2.747s] [01m[K/home/lilultime/Autocab/autocab/raspberryPI3/ros2_ws/src/car_control/src/car_control_node.cpp:150:47:[m[K [01;31m[Kerror: [m[Kâ€˜[01m[KcurrentLongitude[m[Kâ€™ was not declared in this scope
[2.747s]   150 |                 straightLine(currentLatitude, [01;31m[KcurrentLongitude[m[K, currentDirection, requestedThrottle, reverse, requestedSteerAngle);
[2.747s]       |                                               [01;31m[K^~~~~~~~~~~~~~~~[m[K
[2.756s] [01m[K/home/lilultime/Autocab/autocab/raspberryPI3/ros2_ws/src/car_control/src/car_control_node.cpp:150:65:[m[K [01;31m[Kerror: [m[Kâ€˜[01m[KcurrentDirection[m[Kâ€™ was not declared in this scope
[2.756s]   150 |                 straightLine(currentLatitude, currentLongitude, [01;31m[KcurrentDirection[m[K, requestedThrottle, reverse, requestedSteerAngle);
[2.756s]       |                                                                 [01;31m[K^~~~~~~~~~~~~~~~[m[K
[2.765s] [01m[K/home/lilultime/Autocab/autocab/raspberryPI3/ros2_ws/src/car_control/src/car_control_node.cpp:150:83:[m[K [01;31m[Kerror: [m[Kâ€˜[01m[KrequestedThrottle[m[Kâ€™ was not declared in this scope
[2.765s]   150 |                 straightLine(currentLatitude, currentLongitude, currentDirection, [01;31m[KrequestedThrottle[m[K, reverse, requestedSteerAngle);
[2.765s]       |                                                                                   [01;31m[K^~~~~~~~~~~~~~~~~[m[K
[2.775s] [01m[K/home/lilultime/Autocab/autocab/raspberryPI3/ros2_ws/src/car_control/src/car_control_node.cpp:150:111:[m[K [01;31m[Kerror: [m[Kâ€˜[01m[KrequestedSteerAngle[m[Kâ€™ was not declared in this scope
[2.775s]   150 |                 straightLine(currentLatitude, currentLongitude, currentDirection, requestedThrottle, reverse, [01;31m[KrequestedSteerAngle[m[K);
[2.775s]       |                                                                                                               [01;31m[K^~~~~~~~~~~~~~~~~~~[m[K
[2.782s] [01m[K/home/lilultime/Autocab/autocab/raspberryPI3/ros2_ws/src/car_control/src/car_control_node.cpp:152:65:[m[K [01;31m[Kerror: [m[Kâ€˜[01m[KleftRearPwmCmd[m[Kâ€™ was not declared in this scope
[2.782s]   152 |                 manualPropulsionCmd(requestedThrottle, reverse, [01;31m[KleftRearPwmCmd[m[K,rightRearPwmCmd);
[2.782s]       |                                                                 [01;31m[K^~~~~~~~~~~~~~[m[K
[2.789s] [01m[K/home/lilultime/Autocab/autocab/raspberryPI3/ros2_ws/src/car_control/src/car_control_node.cpp:152:80:[m[K [01;31m[Kerror: [m[Kâ€˜[01m[KrightRearPwmCmd[m[Kâ€™ was not declared in this scope
[2.789s]   152 |                 manualPropulsionCmd(requestedThrottle, reverse, leftRearPwmCmd,[01;31m[KrightRearPwmCmd[m[K);
[2.789s]       |                                                                                [01;31m[K^~~~~~~~~~~~~~~[m[K
[2.795s] [01m[K/home/lilultime/Autocab/autocab/raspberryPI3/ros2_ws/src/car_control/src/car_control_node.cpp:154:49:[m[K [01;31m[Kerror: [m[Kâ€˜[01m[KcurrentAngle[m[Kâ€™ was not declared in this scope
[2.795s]   154 |                 steeringCmd(requestedSteerAngle,[01;31m[KcurrentAngle[m[K, steeringPwmCmd);
[2.796s]       |                                                 [01;31m[K^~~~~~~~~~~~[m[K
[2.800s] [01m[K/home/lilultime/Autocab/autocab/raspberryPI3/ros2_ws/src/car_control/src/car_control_node.cpp:154:63:[m[K [01;31m[Kerror: [m[Kâ€˜[01m[KsteeringPwmCmd[m[Kâ€™ was not declared in this scope; did you mean â€˜[01m[KsteeringCmd[m[Kâ€™?
[2.800s]   154 |                 steeringCmd(requestedSteerAngle,currentAngle, [01;31m[KsteeringPwmCmd[m[K);
[2.801s]       |                                                               [01;31m[K^~~~~~~~~~~~~~[m[K
[2.801s]       |                                                               [32m[KsteeringCmd[m[K
[2.808s] [01m[K/home/lilultime/Autocab/autocab/raspberryPI3/ros2_ws/src/car_control/src/car_control_node.cpp:161:37:[m[K [01;31m[Kerror: [m[Kâ€˜[01m[KleftRearPwmCmd[m[Kâ€™ was not declared in this scope
[2.808s]   161 |         motorsOrder.left_rear_pwm = [01;31m[KleftRearPwmCmd[m[K;
[2.808s]       |                                     [01;31m[K^~~~~~~~~~~~~~[m[K
[2.816s] [01m[K/home/lilultime/Autocab/autocab/raspberryPI3/ros2_ws/src/car_control/src/car_control_node.cpp:162:38:[m[K [01;31m[Kerror: [m[Kâ€˜[01m[KrightRearPwmCmd[m[Kâ€™ was not declared in this scope
[2.816s]   162 |         motorsOrder.right_rear_pwm = [01;31m[KrightRearPwmCmd[m[K;
[2.816s]       |                                      [01;31m[K^~~~~~~~~~~~~~~[m[K
[2.821s] [01m[K/home/lilultime/Autocab/autocab/raspberryPI3/ros2_ws/src/car_control/src/car_control_node.cpp:163:36:[m[K [01;31m[Kerror: [m[Kâ€˜[01m[KsteeringPwmCmd[m[Kâ€™ was not declared in this scope; did you mean â€˜[01m[KsteeringCmd[m[Kâ€™?
[2.821s]   163 |         motorsOrder.steering_pwm = [01;31m[KsteeringPwmCmd[m[K;
[2.821s]       |                                    [01;31m[K^~~~~~~~~~~~~~[m[K
[2.821s]       |                                    [32m[KsteeringCmd[m[K
[2.828s] [01m[K/home/lilultime/Autocab/autocab/raspberryPI3/ros2_ws/src/car_control/src/car_control_node.cpp:166:9:[m[K [01;31m[Kerror: [m[Kâ€˜[01m[Kpublisher_can_[m[Kâ€™ was not declared in this scope
[2.828s]   166 |         [01;31m[Kpublisher_can_[m[K->publish(motorsOrder);
[2.828s]       |         [01;31m[K^~~~~~~~~~~~~~[m[K
[2.841s] [01m[K/home/lilultime/Autocab/autocab/raspberryPI3/ros2_ws/src/car_control/src/car_control_node.cpp:[m[K In member function â€˜[01m[Kvoid car_control::startSteeringCalibration()[m[Kâ€™:
[2.841s] [01m[K/home/lilultime/Autocab/autocab/raspberryPI3/ros2_ws/src/car_control/src/car_control_node.cpp:180:9:[m[K [01;31m[Kerror: [m[Kâ€˜[01m[Kpublisher_steeringCalibration_[m[Kâ€™ was not declared in this scope; did you mean â€˜[01m[KstartSteeringCalibration[m[Kâ€™?
[2.841s]   180 |         [01;31m[Kpublisher_steeringCalibration_[m[K->publish(calibrationMsg);
[2.841s]       |         [01;31m[K^~~~~~~~~~~~~~~~~~~~~~~~~~~~~~[m[K
[2.841s]       |         [32m[KstartSteeringCalibration[m[K
[2.849s] [01m[K/home/lilultime/Autocab/autocab/raspberryPI3/ros2_ws/src/car_control/src/car_control_node.cpp:[m[K In member function â€˜[01m[Kvoid car_control::steeringCalibration(std_srvs::srv::Empty_Request_<std::allocator<void> >::SharedPtr, std_srvs::srv::Empty_Response_<std::allocator<void> >::SharedPtr)[m[Kâ€™:
[2.849s] [01m[K/home/lilultime/Autocab/autocab/raspberryPI3/ros2_ws/src/car_control/src/car_control_node.cpp:192:9:[m[K [01;31m[Kerror: [m[Kâ€˜[01m[Kmode[m[Kâ€™ was not declared in this scope; did you mean â€˜[01m[KNode[m[Kâ€™?
[2.849s]   192 |         [01;31m[Kmode[m[K = 2;    //Switch to calibration mode
[2.849s]       |         [01;31m[K^~~~[m[K
[2.849s]       |         [32m[KNode[m[K
[2.854s] [01m[K/home/lilultime/Autocab/autocab/raspberryPI3/ros2_ws/src/car_control/src/car_control_node.cpp:[m[K In member function â€˜[01m[Kvoid car_control::steeringCalibrationCallback(const SteeringCalibration&)[m[Kâ€™:
[2.854s] [01m[K/home/lilultime/Autocab/autocab/raspberryPI3/ros2_ws/src/car_control/src/car_control_node.cpp:213:13:[m[K [01;31m[Kerror: [m[Kâ€˜[01m[Kmode[m[Kâ€™ was not declared in this scope; did you mean â€˜[01m[KNode[m[Kâ€™?
[2.854s]   213 |             [01;31m[Kmode[m[K = 0;    //Switch to manual mode
[2.854s]       |             [01;31m[K^~~~[m[K
[2.854s]       |             [32m[KNode[m[K
[2.858s] [01m[K/home/lilultime/Autocab/autocab/raspberryPI3/ros2_ws/src/car_control/src/car_control_node.cpp:214:13:[m[K [01;31m[Kerror: [m[Kâ€˜[01m[Kstart[m[Kâ€™ was not declared in this scope
[2.858s]   214 |             [01;31m[Kstart[m[K = false;  //Stop car
[2.858s]       |             [01;31m[K^~~~~[m[K
[2.862s] [01m[K/home/lilultime/Autocab/autocab/raspberryPI3/ros2_ws/src/car_control/src/car_control_node.cpp:219:13:[m[K [01;31m[Kerror: [m[Kâ€˜[01m[Kmode[m[Kâ€™ was not declared in this scope; did you mean â€˜[01m[KNode[m[Kâ€™?
[2.863s]   219 |             [01;31m[Kmode[m[K = 0;    //Switch to manual mode
[2.863s]       |             [01;31m[K^~~~[m[K
[2.863s]       |             [32m[KNode[m[K
[2.866s] [01m[K/home/lilultime/Autocab/autocab/raspberryPI3/ros2_ws/src/car_control/src/car_control_node.cpp:220:13:[m[K [01;31m[Kerror: [m[Kâ€˜[01m[Kstart[m[Kâ€™ was not declared in this scope
[2.866s]   220 |             [01;31m[Kstart[m[K = false;  //Stop car
[2.867s]       |             [01;31m[K^~~~~[m[K
[2.875s] [01m[K/home/lilultime/Autocab/autocab/raspberryPI3/ros2_ws/src/car_control/src/car_control_node.cpp:[m[K In member function â€˜[01m[Kvoid car_control::gnssDataCallback(const int&)[m[Kâ€™:
[2.875s] [01m[K/home/lilultime/Autocab/autocab/raspberryPI3/ros2_ws/src/car_control/src/car_control_node.cpp:233:18:[m[K [01;31m[Kerror: [m[Kâ€˜[01m[KcurrentLatitude[m[Kâ€™ was not declared in this scope
[2.875s]   233 |         if ((abs([01;31m[KcurrentLatitude[m[K-gnssData.latitude) >= MIN_UPDATE_COORDINATES) || (abs(currentLongitude-gnssData.longitude) >= MIN_UPDATE_COORDINATES)){
[2.875s]       |                  [01;31m[K^~~~~~~~~~~~~~~[m[K
[2.875s] [01m[K/home/lilultime/Autocab/autocab/raspberryPI3/ros2_ws/src/car_control/src/car_control_node.cpp:233:43:[m[K [01;31m[Kerror: [m[Krequest for member â€˜[01m[Klatitude[m[Kâ€™ in â€˜[01m[KgnssData[m[Kâ€™, which is of non-class type â€˜[01m[Kconst int[m[Kâ€™
[2.875s]   233 |         if ((abs(currentLatitude-gnssData.[01;31m[Klatitude[m[K) >= MIN_UPDATE_COORDINATES) || (abs(currentLongitude-gnssData.longitude) >= MIN_UPDATE_COORDINATES)){
[2.875s]       |                                           [01;31m[K^~~~~~~~[m[K
[2.884s] [01m[K/home/lilultime/Autocab/autocab/raspberryPI3/ros2_ws/src/car_control/src/car_control_node.cpp:233:88:[m[K [01;31m[Kerror: [m[Kâ€˜[01m[KcurrentLongitude[m[Kâ€™ was not declared in this scope
[2.884s]   233 |         if ((abs(currentLatitude-gnssData.latitude) >= MIN_UPDATE_COORDINATES) || (abs([01;31m[KcurrentLongitude[m[K-gnssData.longitude) >= MIN_UPDATE_COORDINATES)){
[2.884s]       |                                                                                        [01;31m[K^~~~~~~~~~~~~~~~[m[K
[2.884s] [01m[K/home/lilultime/Autocab/autocab/raspberryPI3/ros2_ws/src/car_control/src/car_control_node.cpp:233:114:[m[K [01;31m[Kerror: [m[Krequest for member â€˜[01m[Klongitude[m[Kâ€™ in â€˜[01m[KgnssData[m[Kâ€™, which is of non-class type â€˜[01m[Kconst int[m[Kâ€™
[2.884s]   233 |         if ((abs(currentLatitude-gnssData.latitude) >= MIN_UPDATE_COORDINATES) || (abs(currentLongitude-gnssData.[01;31m[Klongitude[m[K) >= MIN_UPDATE_COORDINATES)){
[2.884s]       |                                                                                                                  [01;31m[K^~~~~~~~~[m[K
[2.892s] [01m[K/home/lilultime/Autocab/autocab/raspberryPI3/ros2_ws/src/car_control/src/car_control_node.cpp:234:13:[m[K [01;31m[Kerror: [m[Kâ€˜[01m[KcurrentDirection[m[Kâ€™ was not declared in this scope
[2.892s]   234 |             [01;31m[KcurrentDirection[m[K[0] =  gnssData.latitude - currentLatitude ;
[2.892s]       |             [01;31m[K^~~~~~~~~~~~~~~~[m[K
[2.892s] [01m[K/home/lilultime/Autocab/autocab/raspberryPI3/ros2_ws/src/car_control/src/car_control_node.cpp:234:45:[m[K [01;31m[Kerror: [m[Krequest for member â€˜[01m[Klatitude[m[Kâ€™ in â€˜[01m[KgnssData[m[Kâ€™, which is of non-class type â€˜[01m[Kconst int[m[Kâ€™
[2.892s]   234 |             currentDirection[0] =  gnssData.[01;31m[Klatitude[m[K - currentLatitude ;
[2.892s]       |                                             [01;31m[K^~~~~~~~[m[K
[2.892s] [01m[K/home/lilultime/Autocab/autocab/raspberryPI3/ros2_ws/src/car_control/src/car_control_node.cpp:235:45:[m[K [01;31m[Kerror: [m[Krequest for member â€˜[01m[Klongitude[m[Kâ€™ in â€˜[01m[KgnssData[m[Kâ€™, which is of non-class type â€˜[01m[Kconst int[m[Kâ€™
[2.892s]   235 |             currentDirection[1] =  gnssData.[01;31m[Klongitude[m[K - currentLongitude};
[2.892s]       |                                             [01;31m[K^~~~~~~~~[m[K
[2.900s] [01m[K/home/lilultime/Autocab/autocab/raspberryPI3/ros2_ws/src/car_control/src/car_control_node.cpp:236:13:[m[K [01;31m[Kerror: [m[Kâ€˜[01m[KcurrentLatitude[m[Kâ€™ was not declared in this scope
[2.900s]   236 |             [01;31m[KcurrentLatitude[m[K = gnssData.latitude;
[2.900s]       |             [01;31m[K^~~~~~~~~~~~~~~[m[K
[2.900s] [01m[K/home/lilultime/Autocab/autocab/raspberryPI3/ros2_ws/src/car_control/src/car_control_node.cpp:236:40:[m[K [01;31m[Kerror: [m[Krequest for member â€˜[01m[Klatitude[m[Kâ€™ in â€˜[01m[KgnssData[m[Kâ€™, which is of non-class type â€˜[01m[Kconst int[m[Kâ€™
[2.900s]   236 |             currentLatitude = gnssData.[01;31m[Klatitude[m[K;
[2.900s]       |                                        [01;31m[K^~~~~~~~[m[K
[2.908s] [01m[K/home/lilultime/Autocab/autocab/raspberryPI3/ros2_ws/src/car_control/src/car_control_node.cpp:237:13:[m[K [01;31m[Kerror: [m[Kâ€˜[01m[KcurrentLongitude[m[Kâ€™ was not declared in this scope
[2.908s]   237 |             [01;31m[KcurrentLongitude[m[K = gnssData.longitude;
[2.909s]       |             [01;31m[K^~~~~~~~~~~~~~~~[m[K
[2.909s] [01m[K/home/lilultime/Autocab/autocab/raspberryPI3/ros2_ws/src/car_control/src/car_control_node.cpp:237:41:[m[K [01;31m[Kerror: [m[Krequest for member â€˜[01m[Klongitude[m[Kâ€™ in â€˜[01m[KgnssData[m[Kâ€™, which is of non-class type â€˜[01m[Kconst int[m[Kâ€™
[2.909s]   237 |             currentLongitude = gnssData.[01;31m[Klongitude[m[K;
[2.909s]       |                                         [01;31m[K^~~~~~~~~[m[K
[2.912s] [01m[K/home/lilultime/Autocab/autocab/raspberryPI3/ros2_ws/src/car_control/src/car_control_node.cpp:[m[K At global scope:
[2.912s] [01m[K/home/lilultime/Autocab/autocab/raspberryPI3/ros2_ws/src/car_control/src/car_control_node.cpp:274:43:[m[K [01;31m[Kerror: [m[Kâ€˜[01m[KGnss[m[Kâ€™ is not a member of â€˜[01m[Kinterfaces::msg[m[Kâ€™
[2.912s]   274 |     rclcpp::Subscription<interfaces::msg::[01;31m[KGnss[m[K>::SharedPtr subscription_gnss_data_;
[2.913s]       |                                           [01;31m[K^~~~[m[K
[2.913s] [01m[K/home/lilultime/Autocab/autocab/raspberryPI3/ros2_ws/src/car_control/src/car_control_node.cpp:274:47:[m[K [01;31m[Kerror: [m[Ktemplate argument 1 is invalid
[2.913s]   274 |     rclcpp::Subscription<interfaces::msg::Gnss[01;31m[K>[m[K::SharedPtr subscription_gnss_data_;
[2.913s]       |                                               [01;31m[K^[m[K
[2.913s] [01m[K/home/lilultime/Autocab/autocab/raspberryPI3/ros2_ws/src/car_control/src/car_control_node.cpp:274:47:[m[K [01;31m[Kerror: [m[Ktemplate argument 3 is invalid
[2.913s] [01m[K/home/lilultime/Autocab/autocab/raspberryPI3/ros2_ws/src/car_control/src/car_control_node.cpp:274:47:[m[K [01;31m[Kerror: [m[Ktemplate argument 4 is invalid
[2.913s] [01m[K/home/lilultime/Autocab/autocab/raspberryPI3/ros2_ws/src/car_control/src/car_control_node.cpp:274:47:[m[K [01;31m[Kerror: [m[Ktemplate argument 5 is invalid
[2.913s] [01m[K/home/lilultime/Autocab/autocab/raspberryPI3/ros2_ws/src/car_control/src/car_control_node.cpp:274:60:[m[K [01;31m[Kerror: [m[Kexpected initializer before â€˜[01m[Ksubscription_gnss_data_[m[Kâ€™
[2.913s]   274 |     rclcpp::Subscription<interfaces::msg::Gnss>::SharedPtr [01;31m[Ksubscription_gnss_data_[m[K;
[2.913s]       |                                                            [01;31m[K^~~~~~~~~~~~~~~~~~~~~~~[m[K
[2.913s] [01m[K/home/lilultime/Autocab/autocab/raspberryPI3/ros2_ws/src/car_control/src/car_control_node.cpp:281:1:[m[K [01;31m[Kerror: [m[Kexpected declaration before â€˜[01m[K}[m[Kâ€™ token
[2.913s]   281 | [01;31m[K}[m[K;
[2.913s]       | [01;31m[K^[m[K
[6.524s] gmake[2]: *** [CMakeFiles/car_control_node.dir/build.make:76: CMakeFiles/car_control_node.dir/src/car_control_node.cpp.o] Error 1
[6.524s] gmake[1]: *** [CMakeFiles/Makefile2:137: CMakeFiles/car_control_node.dir/all] Error 2
[6.524s] gmake: *** [Makefile:146: all] Error 2
[6.530s] Invoked command in '/home/lilultime/Autocab/autocab/raspberryPI3/ros2_ws/build/car_control' returned '2': AMENT_PREFIX_PATH=/home/lilultime/Autocab/autocab/raspberryPI3/ros2_ws/install/interfaces:${AMENT_PREFIX_PATH} CMAKE_PREFIX_PATH=/home/lilultime/Autocab/autocab/raspberryPI3/ros2_ws/install/interfaces:/home/lilultime/Autocab/autocab/raspberryPI3/ros2_ws/install/auto_traj:/home/lilultime/ros2_ws/install/my_cpp_pkg:/home/lilultime/ros2_ws/install/my_robot_controller:/opt/ros/humble LD_LIBRARY_PATH=/home/lilultime/Autocab/autocab/raspberryPI3/ros2_ws/install/interfaces/lib:${LD_LIBRARY_PATH} PYTHONPATH=/home/lilultime/Autocab/autocab/raspberryPI3/ros2_ws/install/interfaces/local/lib/python3.10/dist-packages:${PYTHONPATH} /usr/local/bin/cmake --build /home/lilultime/Autocab/autocab/raspberryPI3/ros2_ws/build/car_control -- -j8 -l8
