[01m[K/home/pi/autocab/raspberryPI3/ros2_ws/src/car_control/src/car_control_node.cpp:364:43:[m[K [01;31m[Kerror: [m[Kâ€˜[01m[KServeur[m[Kâ€™ is not a member of â€˜[01m[Kinterfaces::msg[m[Kâ€™
  364 |     rclcpp::Subscription<interfaces::msg::[01;31m[KServeur[m[K>::SharedPtr subscription_serveur_data_;
      |                                           [01;31m[K^~~~~~~[m[K
[01m[K/home/pi/autocab/raspberryPI3/ros2_ws/src/car_control/src/car_control_node.cpp:364:50:[m[K [01;31m[Kerror: [m[Ktemplate argument 1 is invalid
  364 |     rclcpp::Subscription<interfaces::msg::Serveur[01;31m[K>[m[K::SharedPtr subscription_serveur_data_;
      |                                                  [01;31m[K^[m[K
[01m[K/home/pi/autocab/raspberryPI3/ros2_ws/src/car_control/src/car_control_node.cpp:364:50:[m[K [01;31m[Kerror: [m[Ktemplate argument 3 is invalid
[01m[K/home/pi/autocab/raspberryPI3/ros2_ws/src/car_control/src/car_control_node.cpp:364:50:[m[K [01;31m[Kerror: [m[Ktemplate argument 4 is invalid
[01m[K/home/pi/autocab/raspberryPI3/ros2_ws/src/car_control/src/car_control_node.cpp:364:50:[m[K [01;31m[Kerror: [m[Ktemplate argument 5 is invalid
[01m[K/home/pi/autocab/raspberryPI3/ros2_ws/src/car_control/src/car_control_node.cpp:364:53:[m[K [01;31m[Kerror: [m[Kexpected â€˜[01m[K;[m[Kâ€™ at end of member declaration
  364 |     rclcpp::Subscription<interfaces::msg::Serveur>::[01;31m[KSharedPtr[m[K subscription_serveur_data_;
      |                                                     [01;31m[K^~~~~~~~~[m[K
      |                                                              [32m[K;[m[K
[01m[K/home/pi/autocab/raspberryPI3/ros2_ws/src/car_control/src/car_control_node.cpp:364:63:[m[K [01;31m[Kerror: [m[Kâ€˜[01m[Ksubscription_serveur_data_[m[Kâ€™ does not name a type
  364 |     rclcpp::Subscription<interfaces::msg::Serveur>::SharedPtr [01;31m[Ksubscription_serveur_data_[m[K;
      |                                                               [01;31m[K^~~~~~~~~~~~~~~~~~~~~~~~~~[m[K
[01m[K/home/pi/autocab/raspberryPI3/ros2_ws/src/car_control/src/car_control_node.cpp:[m[K In constructor â€˜[01m[Kcar_control::car_control()[m[Kâ€™:
[01m[K/home/pi/autocab/raspberryPI3/ros2_ws/src/car_control/src/car_control_node.cpp:79:9:[m[K [01;31m[Kerror: [m[Kâ€˜[01m[Ksubscription_serveur_data_[m[Kâ€™ was not declared in this scope; did you mean â€˜[01m[Ksubscription_gnss_data_[m[Kâ€™?
   79 |         [01;31m[Ksubscription_serveur_data_[m[K = this->create_subscription<interfaces::msg::Serveur>(
      |         [01;31m[K^~~~~~~~~~~~~~~~~~~~~~~~~~[m[K
      |         [32m[Ksubscription_gnss_data_[m[K
[01m[K/home/pi/autocab/raspberryPI3/ros2_ws/src/car_control/src/car_control_node.cpp:79:81:[m[K [01;31m[Kerror: [m[Kâ€˜[01m[KServeur[m[Kâ€™ is not a member of â€˜[01m[Kinterfaces::msg[m[Kâ€™
   79 |         subscription_serveur_data_ = this->create_subscription<interfaces::msg::[01;31m[KServeur[m[K>(
      |                                                                                 [01;31m[K^~~~~~~[m[K
[01m[K/home/pi/autocab/raspberryPI3/ros2_ws/src/car_control/src/car_control_node.cpp:80:53:[m[K [01;31m[Kerror: [m[Kâ€˜[01m[KserveurDataCallback[m[Kâ€™ is not a member of â€˜[01m[Kcar_control[m[Kâ€™
   80 |         "serveur_data", 10, std::bind(&car_control::[01;31m[KserveurDataCallback[m[K, this, _1));
      |                                                     [01;31m[K^~~~~~~~~~~~~~~~~~~[m[K
[01m[K/home/pi/autocab/raspberryPI3/ros2_ws/src/car_control/src/car_control_node.cpp:[m[K In member function â€˜[01m[Kvoid car_control::updateCmd()[m[Kâ€™:
[01m[K/home/pi/autocab/raspberryPI3/ros2_ws/src/car_control/src/car_control_node.cpp:188:119:[m[K [01;31m[Kerror: [m[Kcannot convert â€˜[01m[Kfloat[m[Kâ€™ to â€˜[01m[Kfloat*[m[Kâ€™
  188 |                     arrived = straightLine(currentLatitude, currentLongitude, [01;31m[K(coordinates[pathToDeparturePoint[0]])[0][m[K, (coordinates[pathToDeparturePoint[0]])[1], currentDirection, requestedThrottle, reverse, requestedSteerAngle, this->get_logger());
      |                                                                               [01;31m[K~~~~~~~~~~~~~~~~~~~~~~~~~~~~~~~~~~~~~~~~^[m[K
      |                                                                                                                       [01;31m[K|[m[K
      |                                                                                                                       [01;31m[Kfloat[m[K
In file included from [01m[K/home/pi/autocab/raspberryPI3/ros2_ws/src/car_control/src/car_control_node.cpp:19[m[K:
[01m[K/home/pi/autocab/raspberryPI3/ros2_ws/src/car_control/src/../include/car_control/fromAtoB.h:29:59:[m[K [01;36m[Knote: [m[K  initializing argument 3 of â€˜[01m[Kint straightLine(float, float, float*, float&, bool&, float&, rclcpp::Logger)[m[Kâ€™
   29 | int straightLine(float aLatitude, float aLongitude, [01;36m[Kfloat aVector[2][m[K, float& requestedThrottle, bool& reverse, float& requestedAngle, rclcpp::Logger logger);
      |                                                     [01;36m[K~~~~~~^~~~~~~~~~[m[K
[01m[K/home/pi/autocab/raspberryPI3/ros2_ws/src/car_control/src/car_control_node.cpp:190:46:[m[K [01;31m[Kerror: [m[Kâ€˜[01m[Kclass std::vector<char>[m[Kâ€™ has no member named â€˜[01m[Kpop_heap[m[Kâ€™
  190 |                         pathToDeparturePoint.[01;31m[Kpop_heap[m[K ;
      |                                              [01;31m[K^~~~~~~~[m[K
[01m[K/home/pi/autocab/raspberryPI3/ros2_ws/src/car_control/src/car_control_node.cpp:193:105:[m[K [01;31m[Kerror: [m[Kcannot convert â€˜[01m[Kfloat[m[Kâ€™ to â€˜[01m[Kfloat*[m[Kâ€™
  193 |                     straightLine(currentLatitude, currentLongitude, [01;31m[K(coordinates[pathToFinalPoint[0]])[0][m[K, (coordinates[pathToFinalPoint[0]])[1], currentDirection, requestedThrottle, reverse, requestedSteerAngle, this->get_logger());
      |                                                                     [01;31m[K~~~~~~~~~~~~~~~~~~~~~~~~~~~~~~~~~~~~^[m[K
      |                                                                                                         [01;31m[K|[m[K
      |                                                                                                         [01;31m[Kfloat[m[K
In file included from [01m[K/home/pi/autocab/raspberryPI3/ros2_ws/src/car_control/src/car_control_node.cpp:19[m[K:
[01m[K/home/pi/autocab/raspberryPI3/ros2_ws/src/car_control/src/../include/car_control/fromAtoB.h:29:59:[m[K [01;36m[Knote: [m[K  initializing argument 3 of â€˜[01m[Kint straightLine(float, float, float*, float&, bool&, float&, rclcpp::Logger)[m[Kâ€™
   29 | int straightLine(float aLatitude, float aLongitude, [01;36m[Kfloat aVector[2][m[K, float& requestedThrottle, bool& reverse, float& requestedAngle, rclcpp::Logger logger);
      |                                                     [01;36m[K~~~~~~^~~~~~~~~~[m[K
[01m[K/home/pi/autocab/raspberryPI3/ros2_ws/src/car_control/src/car_control_node.cpp:195:42:[m[K [01;31m[Kerror: [m[Kâ€˜[01m[Kclass std::vector<char>[m[Kâ€™ has no member named â€˜[01m[Kpop_heap[m[Kâ€™
  195 |                         pathToFinalPoint.[01;31m[Kpop_heap[m[K ;
      |                                          [01;31m[K^~~~~~~~[m[K
gmake[2]: *** [CMakeFiles/car_control_node.dir/build.make:76: CMakeFiles/car_control_node.dir/src/car_control_node.cpp.o] Error 1
gmake[1]: *** [CMakeFiles/Makefile2:137: CMakeFiles/car_control_node.dir/all] Error 2
gmake: *** [Makefile:146: all] Error 2
