[0.102s] Invoking command in '/home/pi/autocab/raspberryPI3/ros2_ws/build/car_control': AMENT_PREFIX_PATH=/home/pi/autocab/raspberryPI3/ros2_ws/install/interfaces:${AMENT_PREFIX_PATH} CMAKE_PREFIX_PATH=/home/pi/autocab/raspberryPI3/ros2_ws/install/interfaces:/home/pi/ros2_ws/install/geicar_start:/home/pi/ros2_ws/install/system_check:/home/pi/ros2_ws/install/simulation:/home/pi/ros2_ws/install/imu_tools:/home/pi/ros2_ws/install/rviz_imu_plugin:/home/pi/ros2_ws/install/joystick:/home/pi/ros2_ws/install/car_control:/home/pi/ros2_ws/install/can:/home/pi/ros2_ws/install/interfaces:/home/pi/ros2_ws/install/imu_filter_madgwick:/home/pi/ros2_ws/install/imu_complementary_filter:/home/pi/ros2_ws/install/carla_msgs:/opt/ros/humble LD_LIBRARY_PATH=/home/pi/autocab/raspberryPI3/ros2_ws/install/interfaces/lib:${LD_LIBRARY_PATH} PYTHONPATH=/home/pi/autocab/raspberryPI3/ros2_ws/install/interfaces/local/lib/python3.10/dist-packages:${PYTHONPATH} /usr/bin/cmake --build /home/pi/autocab/raspberryPI3/ros2_ws/build/car_control -- -j4 -l4
[0.314s] [35m[1mConsolidate compiler generated dependencies of target car_control_node[0m
[0.457s] [ 20%] [32mBuilding CXX object CMakeFiles/car_control_node.dir/src/car_control_node.cpp.o[0m
[0.459s] [ 40%] [32mBuilding CXX object CMakeFiles/car_control_node.dir/src/fromAtoB.cpp.o[0m
[17.897s] [01m[K/home/pi/autocab/raspberryPI3/ros2_ws/src/car_control/src/car_control_node.cpp:364:43:[m[K [01;31m[Kerror: [m[Kâ€˜[01m[KServeur[m[Kâ€™ is not a member of â€˜[01m[Kinterfaces::msg[m[Kâ€™
[17.898s]   364 |     rclcpp::Subscription<interfaces::msg::[01;31m[KServeur[m[K>::SharedPtr subscription_serveur_data_;
[17.899s]       |                                           [01;31m[K^~~~~~~[m[K
[17.899s] [01m[K/home/pi/autocab/raspberryPI3/ros2_ws/src/car_control/src/car_control_node.cpp:364:50:[m[K [01;31m[Kerror: [m[Ktemplate argument 1 is invalid
[17.899s]   364 |     rclcpp::Subscription<interfaces::msg::Serveur[01;31m[K>[m[K::SharedPtr subscription_serveur_data_;
[17.900s]       |                                                  [01;31m[K^[m[K
[17.901s] [01m[K/home/pi/autocab/raspberryPI3/ros2_ws/src/car_control/src/car_control_node.cpp:364:50:[m[K [01;31m[Kerror: [m[Ktemplate argument 3 is invalid
[17.901s] [01m[K/home/pi/autocab/raspberryPI3/ros2_ws/src/car_control/src/car_control_node.cpp:364:50:[m[K [01;31m[Kerror: [m[Ktemplate argument 4 is invalid
[17.919s] [01m[K/home/pi/autocab/raspberryPI3/ros2_ws/src/car_control/src/car_control_node.cpp:364:50:[m[K [01;31m[Kerror: [m[Ktemplate argument 5 is invalid
[17.920s] [01m[K/home/pi/autocab/raspberryPI3/ros2_ws/src/car_control/src/car_control_node.cpp:364:53:[m[K [01;31m[Kerror: [m[Kexpected â€˜[01m[K;[m[Kâ€™ at end of member declaration
[17.921s]   364 |     rclcpp::Subscription<interfaces::msg::Serveur>::[01;31m[KSharedPtr[m[K subscription_serveur_data_;
[17.921s]       |                                                     [01;31m[K^~~~~~~~~[m[K
[17.922s]       |                                                              [32m[K;[m[K
[17.923s] [01m[K/home/pi/autocab/raspberryPI3/ros2_ws/src/car_control/src/car_control_node.cpp:364:63:[m[K [01;31m[Kerror: [m[Kâ€˜[01m[Ksubscription_serveur_data_[m[Kâ€™ does not name a type
[17.923s]   364 |     rclcpp::Subscription<interfaces::msg::Serveur>::SharedPtr [01;31m[Ksubscription_serveur_data_[m[K;
[17.924s]       |                                                               [01;31m[K^~~~~~~~~~~~~~~~~~~~~~~~~~[m[K
[18.253s] [01m[K/home/pi/autocab/raspberryPI3/ros2_ws/src/car_control/src/car_control_node.cpp:[m[K In constructor â€˜[01m[Kcar_control::car_control()[m[Kâ€™:
[18.258s] [01m[K/home/pi/autocab/raspberryPI3/ros2_ws/src/car_control/src/car_control_node.cpp:79:9:[m[K [01;31m[Kerror: [m[Kâ€˜[01m[Ksubscription_serveur_data_[m[Kâ€™ was not declared in this scope; did you mean â€˜[01m[Ksubscription_gnss_data_[m[Kâ€™?
[18.262s]    79 |         [01;31m[Ksubscription_serveur_data_[m[K = this->create_subscription<interfaces::msg::Serveur>(
[18.266s]       |         [01;31m[K^~~~~~~~~~~~~~~~~~~~~~~~~~[m[K
[18.270s]       |         [32m[Ksubscription_gnss_data_[m[K
[18.275s] [01m[K/home/pi/autocab/raspberryPI3/ros2_ws/src/car_control/src/car_control_node.cpp:79:81:[m[K [01;31m[Kerror: [m[Kâ€˜[01m[KServeur[m[Kâ€™ is not a member of â€˜[01m[Kinterfaces::msg[m[Kâ€™
[18.278s]    79 |         subscription_serveur_data_ = this->create_subscription<interfaces::msg::[01;31m[KServeur[m[K>(
[18.281s]       |                                                                                 [01;31m[K^~~~~~~[m[K
[18.285s] [01m[K/home/pi/autocab/raspberryPI3/ros2_ws/src/car_control/src/car_control_node.cpp:80:53:[m[K [01;31m[Kerror: [m[Kâ€˜[01m[KserveurDataCallback[m[Kâ€™ is not a member of â€˜[01m[Kcar_control[m[Kâ€™
[18.287s]    80 |         "serveur_data", 10, std::bind(&car_control::[01;31m[KserveurDataCallback[m[K, this, _1));
[18.291s]       |                                                     [01;31m[K^~~~~~~~~~~~~~~~~~~[m[K
[18.407s] [01m[K/home/pi/autocab/raspberryPI3/ros2_ws/src/car_control/src/car_control_node.cpp:[m[K In member function â€˜[01m[Kvoid car_control::updateCmd()[m[Kâ€™:
[18.408s] [01m[K/home/pi/autocab/raspberryPI3/ros2_ws/src/car_control/src/car_control_node.cpp:188:119:[m[K [01;31m[Kerror: [m[Kcannot convert â€˜[01m[Kfloat[m[Kâ€™ to â€˜[01m[Kfloat*[m[Kâ€™
[18.409s]   188 |                     arrived = straightLine(currentLatitude, currentLongitude, [01;31m[K(coordinates[pathToDeparturePoint[0]])[0][m[K, (coordinates[pathToDeparturePoint[0]])[1], currentDirection, requestedThrottle, reverse, requestedSteerAngle, this->get_logger());
[18.409s]       |                                                                               [01;31m[K~~~~~~~~~~~~~~~~~~~~~~~~~~~~~~~~~~~~~~~~^[m[K
[18.410s]       |                                                                                                                       [01;31m[K|[m[K
[18.411s]       |                                                                                                                       [01;31m[Kfloat[m[K
[18.416s] In file included from [01m[K/home/pi/autocab/raspberryPI3/ros2_ws/src/car_control/src/car_control_node.cpp:19[m[K:
[18.419s] [01m[K/home/pi/autocab/raspberryPI3/ros2_ws/src/car_control/src/../include/car_control/fromAtoB.h:29:59:[m[K [01;36m[Knote: [m[K  initializing argument 3 of â€˜[01m[Kint straightLine(float, float, float*, float&, bool&, float&, rclcpp::Logger)[m[Kâ€™
[18.420s]    29 | int straightLine(float aLatitude, float aLongitude, [01;36m[Kfloat aVector[2][m[K, float& requestedThrottle, bool& reverse, float& requestedAngle, rclcpp::Logger logger);
[18.421s]       |                                                     [01;36m[K~~~~~~^~~~~~~~~~[m[K
[18.426s] [01m[K/home/pi/autocab/raspberryPI3/ros2_ws/src/car_control/src/car_control_node.cpp:190:46:[m[K [01;31m[Kerror: [m[Kâ€˜[01m[Kclass std::vector<char>[m[Kâ€™ has no member named â€˜[01m[Kpop_heap[m[Kâ€™
[18.431s]   190 |                         pathToDeparturePoint.[01;31m[Kpop_heap[m[K ;
[18.434s]       |                                              [01;31m[K^~~~~~~~[m[K
[18.435s] [01m[K/home/pi/autocab/raspberryPI3/ros2_ws/src/car_control/src/car_control_node.cpp:193:105:[m[K [01;31m[Kerror: [m[Kcannot convert â€˜[01m[Kfloat[m[Kâ€™ to â€˜[01m[Kfloat*[m[Kâ€™
[18.436s]   193 |                     straightLine(currentLatitude, currentLongitude, [01;31m[K(coordinates[pathToFinalPoint[0]])[0][m[K, (coordinates[pathToFinalPoint[0]])[1], currentDirection, requestedThrottle, reverse, requestedSteerAngle, this->get_logger());
[18.437s]       |                                                                     [01;31m[K~~~~~~~~~~~~~~~~~~~~~~~~~~~~~~~~~~~~^[m[K
[18.437s]       |                                                                                                         [01;31m[K|[m[K
[18.438s]       |                                                                                                         [01;31m[Kfloat[m[K
[18.439s] In file included from [01m[K/home/pi/autocab/raspberryPI3/ros2_ws/src/car_control/src/car_control_node.cpp:19[m[K:
[18.440s] [01m[K/home/pi/autocab/raspberryPI3/ros2_ws/src/car_control/src/../include/car_control/fromAtoB.h:29:59:[m[K [01;36m[Knote: [m[K  initializing argument 3 of â€˜[01m[Kint straightLine(float, float, float*, float&, bool&, float&, rclcpp::Logger)[m[Kâ€™
[18.440s]    29 | int straightLine(float aLatitude, float aLongitude, [01;36m[Kfloat aVector[2][m[K, float& requestedThrottle, bool& reverse, float& requestedAngle, rclcpp::Logger logger);
[18.441s]       |                                                     [01;36m[K~~~~~~^~~~~~~~~~[m[K
[18.442s] [01m[K/home/pi/autocab/raspberryPI3/ros2_ws/src/car_control/src/car_control_node.cpp:195:42:[m[K [01;31m[Kerror: [m[Kâ€˜[01m[Kclass std::vector<char>[m[Kâ€™ has no member named â€˜[01m[Kpop_heap[m[Kâ€™
[18.442s]   195 |                         pathToFinalPoint.[01;31m[Kpop_heap[m[K ;
[18.443s]       |                                          [01;31m[K^~~~~~~~[m[K
[45.934s] gmake[2]: *** [CMakeFiles/car_control_node.dir/build.make:76: CMakeFiles/car_control_node.dir/src/car_control_node.cpp.o] Error 1
[45.937s] gmake[1]: *** [CMakeFiles/Makefile2:137: CMakeFiles/car_control_node.dir/all] Error 2
[45.938s] gmake: *** [Makefile:146: all] Error 2
[45.945s] Invoked command in '/home/pi/autocab/raspberryPI3/ros2_ws/build/car_control' returned '2': AMENT_PREFIX_PATH=/home/pi/autocab/raspberryPI3/ros2_ws/install/interfaces:${AMENT_PREFIX_PATH} CMAKE_PREFIX_PATH=/home/pi/autocab/raspberryPI3/ros2_ws/install/interfaces:/home/pi/ros2_ws/install/geicar_start:/home/pi/ros2_ws/install/system_check:/home/pi/ros2_ws/install/simulation:/home/pi/ros2_ws/install/imu_tools:/home/pi/ros2_ws/install/rviz_imu_plugin:/home/pi/ros2_ws/install/joystick:/home/pi/ros2_ws/install/car_control:/home/pi/ros2_ws/install/can:/home/pi/ros2_ws/install/interfaces:/home/pi/ros2_ws/install/imu_filter_madgwick:/home/pi/ros2_ws/install/imu_complementary_filter:/home/pi/ros2_ws/install/carla_msgs:/opt/ros/humble LD_LIBRARY_PATH=/home/pi/autocab/raspberryPI3/ros2_ws/install/interfaces/lib:${LD_LIBRARY_PATH} PYTHONPATH=/home/pi/autocab/raspberryPI3/ros2_ws/install/interfaces/local/lib/python3.10/dist-packages:${PYTHONPATH} /usr/bin/cmake --build /home/pi/autocab/raspberryPI3/ros2_ws/build/car_control -- -j4 -l4
