[35m[1mConsolidate compiler generated dependencies of target car_control_node[0m
[ 25%] [32mBuilding CXX object CMakeFiles/car_control_node.dir/src/car_control_node.cpp.o[0m
[01m[K/home/pi/autocab/raspberryPI3/ros2_ws/src/car_control/src/car_control_node.cpp:[m[K In member function â€˜[01m[Kvoid car_control::updateCmd()[m[Kâ€™:
[01m[K/home/pi/autocab/raspberryPI3/ros2_ws/src/car_control/src/car_control_node.cpp:148:51:[m[K [01;31m[Kerror: [m[Kâ€˜[01m[KmotorsFeedback[m[Kâ€™ was not declared in this scope
  148 |                 current_pwm_error = pwmError(20.0,[01;31m[KmotorsFeedback[m[K.left_rear_speed,MAX_RPM);
      |                                                   [01;31m[K^~~~~~~~~~~~~~[m[K
[01m[K/home/pi/autocab/raspberryPI3/ros2_ws/src/car_control/src/car_control_node.cpp:160:41:[m[K [01;35m[Kwarning: [m[Kcomparison is always false due to limited range of data type [[01;35m[K]8;;https://gcc.gnu.org/onlinedocs/gcc/Warning-Options.html#index-Wtype-limits-Wtype-limits]8;;[m[K]
  160 |                 else if ([01;35m[KleftRearPwmCmd < 0[m[K)
      |                          [01;35m[K~~~~~~~~~~~~~~~^~~[m[K
gmake[2]: *** [CMakeFiles/car_control_node.dir/build.make:76: CMakeFiles/car_control_node.dir/src/car_control_node.cpp.o] Error 1
gmake[1]: *** [CMakeFiles/Makefile2:137: CMakeFiles/car_control_node.dir/all] Error 2
gmake: *** [Makefile:146: all] Error 2
