[0.093s] Invoking command in '/home/pi/autocab/raspberryPI3/ros2_ws/build/car_control': AMENT_PREFIX_PATH=/home/pi/autocab/raspberryPI3/ros2_ws/install/interfaces:${AMENT_PREFIX_PATH} CMAKE_PREFIX_PATH=/home/pi/autocab/raspberryPI3/ros2_ws/install/interfaces:/home/pi/ros2_ws/install/geicar_start:/home/pi/ros2_ws/install/system_check:/home/pi/ros2_ws/install/simulation:/home/pi/ros2_ws/install/imu_tools:/home/pi/ros2_ws/install/rviz_imu_plugin:/home/pi/ros2_ws/install/joystick:/home/pi/ros2_ws/install/car_control:/home/pi/ros2_ws/install/can:/home/pi/ros2_ws/install/interfaces:/home/pi/ros2_ws/install/imu_filter_madgwick:/home/pi/ros2_ws/install/imu_complementary_filter:/home/pi/ros2_ws/install/carla_msgs:/opt/ros/humble LD_LIBRARY_PATH=/home/pi/autocab/raspberryPI3/ros2_ws/install/interfaces/lib:${LD_LIBRARY_PATH} PYTHONPATH=/home/pi/autocab/raspberryPI3/ros2_ws/install/interfaces/local/lib/python3.10/dist-packages:${PYTHONPATH} /usr/bin/cmake --build /home/pi/autocab/raspberryPI3/ros2_ws/build/car_control -- -j4 -l4
[0.323s] [35m[1mConsolidate compiler generated dependencies of target car_control_node[0m
[0.451s] [ 20%] [32mBuilding CXX object CMakeFiles/car_control_node.dir/src/car_control_node.cpp.o[0m
[15.620s] [01m[K/home/pi/autocab/raspberryPI3/ros2_ws/src/car_control/src/car_control_node.cpp:[m[K In constructor â€˜[01m[Kcar_control::car_control()[m[Kâ€™:
[15.620s] [01m[K/home/pi/autocab/raspberryPI3/ros2_ws/src/car_control/src/car_control_node.cpp:81:53:[m[K [01;31m[Kerror: [m[Kâ€˜[01m[KserveurDataCallback[m[Kâ€™ is not a member of â€˜[01m[Kcar_control[m[Kâ€™
[15.621s]    81 |         "serveur_data", 10, std::bind(&car_control::[01;31m[KserveurDataCallback[m[K, this, _1));
[15.622s]       |                                                     [01;31m[K^~~~~~~~~~~~~~~~~~~[m[K
[15.721s] [01m[K/home/pi/autocab/raspberryPI3/ros2_ws/src/car_control/src/car_control_node.cpp:[m[K In member function â€˜[01m[Kvoid car_control::updateCmd()[m[Kâ€™:
[15.722s] [01m[K/home/pi/autocab/raspberryPI3/ros2_ws/src/car_control/src/car_control_node.cpp:189:119:[m[K [01;31m[Kerror: [m[Kcannot convert â€˜[01m[Kfloat[m[Kâ€™ to â€˜[01m[Kfloat*[m[Kâ€™
[15.722s]   189 |                     arrived = straightLine(currentLatitude, currentLongitude, [01;31m[K(coordinates[pathToDeparturePoint[0]])[0][m[K, (coordinates[pathToDeparturePoint[0]])[1], currentDirection, requestedThrottle, reverse, requestedSteerAngle, this->get_logger());
[15.723s]       |                                                                               [01;31m[K~~~~~~~~~~~~~~~~~~~~~~~~~~~~~~~~~~~~~~~~^[m[K
[15.723s]       |                                                                                                                       [01;31m[K|[m[K
[15.724s]       |                                                                                                                       [01;31m[Kfloat[m[K
[15.724s] In file included from [01m[K/home/pi/autocab/raspberryPI3/ros2_ws/src/car_control/src/car_control_node.cpp:20[m[K:
[15.725s] [01m[K/home/pi/autocab/raspberryPI3/ros2_ws/src/car_control/src/../include/car_control/fromAtoB.h:29:59:[m[K [01;36m[Knote: [m[K  initializing argument 3 of â€˜[01m[Kint straightLine(float, float, float*, float&, bool&, float&, rclcpp::Logger)[m[Kâ€™
[15.725s]    29 | int straightLine(float aLatitude, float aLongitude, [01;36m[Kfloat aVector[2][m[K, float& requestedThrottle, bool& reverse, float& requestedAngle, rclcpp::Logger logger);
[15.725s]       |                                                     [01;36m[K~~~~~~^~~~~~~~~~[m[K
[15.726s] [01m[K/home/pi/autocab/raspberryPI3/ros2_ws/src/car_control/src/car_control_node.cpp:191:46:[m[K [01;31m[Kerror: [m[Kâ€˜[01m[Kclass std::vector<char>[m[Kâ€™ has no member named â€˜[01m[Kpop_heap[m[Kâ€™
[15.726s]   191 |                         pathToDeparturePoint.[01;31m[Kpop_heap[m[K ;
[15.727s]       |                                              [01;31m[K^~~~~~~~[m[K
[15.727s] [01m[K/home/pi/autocab/raspberryPI3/ros2_ws/src/car_control/src/car_control_node.cpp:194:105:[m[K [01;31m[Kerror: [m[Kcannot convert â€˜[01m[Kfloat[m[Kâ€™ to â€˜[01m[Kfloat*[m[Kâ€™
[15.728s]   194 |                     straightLine(currentLatitude, currentLongitude, [01;31m[K(coordinates[pathToFinalPoint[0]])[0][m[K, (coordinates[pathToFinalPoint[0]])[1], currentDirection, requestedThrottle, reverse, requestedSteerAngle, this->get_logger());
[15.728s]       |                                                                     [01;31m[K~~~~~~~~~~~~~~~~~~~~~~~~~~~~~~~~~~~~^[m[K
[15.729s]       |                                                                                                         [01;31m[K|[m[K
[15.729s]       |                                                                                                         [01;31m[Kfloat[m[K
[15.730s] In file included from [01m[K/home/pi/autocab/raspberryPI3/ros2_ws/src/car_control/src/car_control_node.cpp:20[m[K:
[15.731s] [01m[K/home/pi/autocab/raspberryPI3/ros2_ws/src/car_control/src/../include/car_control/fromAtoB.h:29:59:[m[K [01;36m[Knote: [m[K  initializing argument 3 of â€˜[01m[Kint straightLine(float, float, float*, float&, bool&, float&, rclcpp::Logger)[m[Kâ€™
[15.731s]    29 | int straightLine(float aLatitude, float aLongitude, [01;36m[Kfloat aVector[2][m[K, float& requestedThrottle, bool& reverse, float& requestedAngle, rclcpp::Logger logger);
[15.732s]       |                                                     [01;36m[K~~~~~~^~~~~~~~~~[m[K
[15.732s] [01m[K/home/pi/autocab/raspberryPI3/ros2_ws/src/car_control/src/car_control_node.cpp:196:42:[m[K [01;31m[Kerror: [m[Kâ€˜[01m[Kclass std::vector<char>[m[Kâ€™ has no member named â€˜[01m[Kpop_heap[m[Kâ€™
[15.732s]   196 |                         pathToFinalPoint.[01;31m[Kpop_heap[m[K ;
[15.733s]       |                                          [01;31m[K^~~~~~~~[m[K
[42.222s] gmake[2]: *** [CMakeFiles/car_control_node.dir/build.make:76: CMakeFiles/car_control_node.dir/src/car_control_node.cpp.o] Error 1
[42.224s] gmake[1]: *** [CMakeFiles/Makefile2:137: CMakeFiles/car_control_node.dir/all] Error 2
[42.225s] gmake: *** [Makefile:146: all] Error 2
[42.233s] Invoked command in '/home/pi/autocab/raspberryPI3/ros2_ws/build/car_control' returned '2': AMENT_PREFIX_PATH=/home/pi/autocab/raspberryPI3/ros2_ws/install/interfaces:${AMENT_PREFIX_PATH} CMAKE_PREFIX_PATH=/home/pi/autocab/raspberryPI3/ros2_ws/install/interfaces:/home/pi/ros2_ws/install/geicar_start:/home/pi/ros2_ws/install/system_check:/home/pi/ros2_ws/install/simulation:/home/pi/ros2_ws/install/imu_tools:/home/pi/ros2_ws/install/rviz_imu_plugin:/home/pi/ros2_ws/install/joystick:/home/pi/ros2_ws/install/car_control:/home/pi/ros2_ws/install/can:/home/pi/ros2_ws/install/interfaces:/home/pi/ros2_ws/install/imu_filter_madgwick:/home/pi/ros2_ws/install/imu_complementary_filter:/home/pi/ros2_ws/install/carla_msgs:/opt/ros/humble LD_LIBRARY_PATH=/home/pi/autocab/raspberryPI3/ros2_ws/install/interfaces/lib:${LD_LIBRARY_PATH} PYTHONPATH=/home/pi/autocab/raspberryPI3/ros2_ws/install/interfaces/local/lib/python3.10/dist-packages:${PYTHONPATH} /usr/bin/cmake --build /home/pi/autocab/raspberryPI3/ros2_ws/build/car_control -- -j4 -l4
