[0.080s] Invoking command in '/home/pi/autocab/raspberryPI3/ros2_ws/build/car_control': AMENT_PREFIX_PATH=/home/pi/autocab/raspberryPI3/ros2_ws/install/interfaces:${AMENT_PREFIX_PATH} CMAKE_PREFIX_PATH=/home/pi/autocab/raspberryPI3/ros2_ws/install/interfaces:/home/pi/ros2_ws/install/geicar_start:/home/pi/ros2_ws/install/system_check:/home/pi/ros2_ws/install/simulation:/home/pi/ros2_ws/install/imu_tools:/home/pi/ros2_ws/install/rviz_imu_plugin:/home/pi/ros2_ws/install/joystick:/home/pi/ros2_ws/install/car_control:/home/pi/ros2_ws/install/can:/home/pi/ros2_ws/install/interfaces:/home/pi/ros2_ws/install/imu_filter_madgwick:/home/pi/ros2_ws/install/imu_complementary_filter:/home/pi/ros2_ws/install/carla_msgs:/opt/ros/humble LD_LIBRARY_PATH=/home/pi/autocab/raspberryPI3/ros2_ws/install/interfaces/lib:${LD_LIBRARY_PATH} PYTHONPATH=/home/pi/autocab/raspberryPI3/ros2_ws/install/interfaces/local/lib/python3.10/dist-packages:${PYTHONPATH} /usr/bin/cmake --build /home/pi/autocab/raspberryPI3/ros2_ws/build/car_control -- -j4 -l4
[0.300s] [35m[1mConsolidate compiler generated dependencies of target car_control_node[0m
[0.430s] [ 20%] [32mBuilding CXX object CMakeFiles/car_control_node.dir/src/car_control_node.cpp.o[0m
[0.435s] [ 40%] [32mBuilding CXX object CMakeFiles/car_control_node.dir/src/fromAtoB.cpp.o[0m
[12.985s] [01m[K/home/pi/autocab/raspberryPI3/ros2_ws/src/car_control/src/fromAtoB.cpp:[m[K In function â€˜[01m[Kchar detectClosestPoint(float, float, const std::map<char, float [2]>&)[m[Kâ€™:
[12.986s] [01m[K/home/pi/autocab/raspberryPI3/ros2_ws/src/car_control/src/fromAtoB.cpp:165:42:[m[K [01;31m[Kerror: [m[Kno matching function for call to â€˜[01m[Kdistance(float [2], const float [2])[m[Kâ€™
[12.987s]   165 |         float computedDistance = [01;31m[Kdistance(currentPos,it->second)[m[K;
[12.988s]       |                                  [01;31m[K~~~~~~~~^~~~~~~~~~~~~~~~~~~~~~~[m[K
[12.988s] In file included from [01m[K/usr/include/c++/11/bits/stl_algobase.h:66[m[K,
[12.989s]                  from [01m[K/usr/include/c++/11/memory:63[m[K,
[12.990s]                  from [01m[K/opt/ros/humble/include/rclcpp/rclcpp/rclcpp.hpp:153[m[K,
[12.990s]                  from [01m[K/home/pi/autocab/raspberryPI3/ros2_ws/src/car_control/src/../include/car_control/fromAtoB.h:6[m[K,
[13.005s]                  from [01m[K/home/pi/autocab/raspberryPI3/ros2_ws/src/car_control/src/fromAtoB.cpp:1[m[K:
[13.006s] [01m[K/usr/include/c++/11/bits/stl_iterator_base_funcs.h:138:5:[m[K [01;36m[Knote: [m[Kcandidate: â€˜[01m[Ktemplate<class _InputIterator> constexpr typename std::iterator_traits< <template-parameter-1-1> >::difference_type std::distance(_InputIterator, _InputIterator)[m[Kâ€™
[13.006s]   138 |     [01;36m[Kdistance[m[K(_InputIterator __first, _InputIterator __last)
[13.007s]       |     [01;36m[K^~~~~~~~[m[K
[13.012s] [01m[K/usr/include/c++/11/bits/stl_iterator_base_funcs.h:138:5:[m[K [01;36m[Knote: [m[K  template argument deduction/substitution failed:
[13.012s] [01m[K/home/pi/autocab/raspberryPI3/ros2_ws/src/car_control/src/fromAtoB.cpp:165:42:[m[K [01;36m[Knote: [m[K  deduced conflicting types for parameter â€˜[01m[K_InputIterator[m[Kâ€™ (â€˜[01m[Kfloat*[m[Kâ€™ and â€˜[01m[Kconst float*[m[Kâ€™)
[13.013s]   165 |         float computedDistance = [01;36m[Kdistance(currentPos,it->second)[m[K;
[13.014s]       |                                  [01;36m[K~~~~~~~~^~~~~~~~~~~~~~~~~~~~~~~[m[K
[13.014s] [01m[K/home/pi/autocab/raspberryPI3/ros2_ws/src/car_control/src/fromAtoB.cpp:149:7:[m[K [01;36m[Knote: [m[Kcandidate: â€˜[01m[Kfloat distance(float*, float*)[m[Kâ€™ (near match)
[13.015s]   149 | float [01;36m[Kdistance[m[K(float a[2], float b[2])
[13.016s]       |       [01;36m[K^~~~~~~~[m[K
[13.016s] [01m[K/home/pi/autocab/raspberryPI3/ros2_ws/src/car_control/src/fromAtoB.cpp:149:7:[m[K [01;36m[Knote: [m[K  conversion of argument 2 would be ill-formed:
[13.017s] [01m[K/home/pi/autocab/raspberryPI3/ros2_ws/src/car_control/src/fromAtoB.cpp:165:58:[m[K [01;31m[Kerror: [m[Kinvalid conversion from â€˜[01m[Kconst float*[m[Kâ€™ to â€˜[01m[Kfloat*[m[Kâ€™ [[01;31m[K]8;;https://gcc.gnu.org/onlinedocs/gcc/Warning-Options.html#index-fpermissive-fpermissive]8;;[m[K]
[13.018s]   165 |         float computedDistance = distance(currentPos,[01;31m[Kit->second[m[K);
[13.023s]       |                                                      [01;31m[K~~~~^~~~~~[m[K
[13.027s]       |                                                          [01;31m[K|[m[K
[13.030s]       |                                                          [01;31m[Kconst float*[m[K
[13.740s] [01m[K/home/pi/autocab/raspberryPI3/ros2_ws/src/car_control/src/car_control_node.cpp:[m[K In constructor â€˜[01m[Kcar_control::car_control()[m[Kâ€™:
[13.743s] [01m[K/home/pi/autocab/raspberryPI3/ros2_ws/src/car_control/src/car_control_node.cpp:47:34:[m[K [01;31m[Kerror: [m[Kexpected primary-expression before â€˜[01m[K{[m[Kâ€™ token
[13.744s]    47 |         coordinates.insert(('A', [01;31m[K{[m[K43.570596, 1.466500}));
[13.745s]       |                                  [01;31m[K^[m[K
[13.745s] [01m[K/home/pi/autocab/raspberryPI3/ros2_ws/src/car_control/src/car_control_node.cpp:47:34:[m[K [01;31m[Kerror: [m[Kexpected â€˜[01m[K)[m[Kâ€™ before â€˜[01m[K{[m[Kâ€™ token
[13.746s] [01m[K/home/pi/autocab/raspberryPI3/ros2_ws/src/car_control/src/car_control_node.cpp:47:28:[m[K [01;36m[Knote: [m[Kto match this â€˜[01m[K([m[Kâ€™
[13.747s]    47 |         coordinates.insert([01;36m[K([m[K'A', {43.570596, 1.466500}));
[13.748s]       |                            [01;36m[K^[m[K
[13.748s] [01m[K/home/pi/autocab/raspberryPI3/ros2_ws/src/car_control/src/car_control_node.cpp:48:34:[m[K [01;31m[Kerror: [m[Kexpected primary-expression before â€˜[01m[K{[m[Kâ€™ token
[13.749s]    48 |         coordinates.insert(('B', [01;31m[K{[m[K43.570596, 1.466500}));
[13.750s]       |                                  [01;31m[K^[m[K
[13.751s] [01m[K/home/pi/autocab/raspberryPI3/ros2_ws/src/car_control/src/car_control_node.cpp:48:34:[m[K [01;31m[Kerror: [m[Kexpected â€˜[01m[K)[m[Kâ€™ before â€˜[01m[K{[m[Kâ€™ token
[13.751s] [01m[K/home/pi/autocab/raspberryPI3/ros2_ws/src/car_control/src/car_control_node.cpp:48:28:[m[K [01;36m[Knote: [m[Kto match this â€˜[01m[K([m[Kâ€™
[13.752s]    48 |         coordinates.insert([01;36m[K([m[K'B', {43.570596, 1.466500}));
[13.753s]       |                            [01;36m[K^[m[K
[13.753s] [01m[K/home/pi/autocab/raspberryPI3/ros2_ws/src/car_control/src/car_control_node.cpp:49:34:[m[K [01;31m[Kerror: [m[Kexpected primary-expression before â€˜[01m[K{[m[Kâ€™ token
[13.754s]    49 |         coordinates.insert(('C', [01;31m[K{[m[K43.570596, 1.466500}));
[13.755s]       |                                  [01;31m[K^[m[K
[13.755s] [01m[K/home/pi/autocab/raspberryPI3/ros2_ws/src/car_control/src/car_control_node.cpp:49:34:[m[K [01;31m[Kerror: [m[Kexpected â€˜[01m[K)[m[Kâ€™ before â€˜[01m[K{[m[Kâ€™ token
[13.756s] [01m[K/home/pi/autocab/raspberryPI3/ros2_ws/src/car_control/src/car_control_node.cpp:49:28:[m[K [01;36m[Knote: [m[Kto match this â€˜[01m[K([m[Kâ€™
[13.757s]    49 |         coordinates.insert([01;36m[K([m[K'C', {43.570596, 1.466500}));
[13.758s]       |                            [01;36m[K^[m[K
[13.759s] [01m[K/home/pi/autocab/raspberryPI3/ros2_ws/src/car_control/src/car_control_node.cpp:50:34:[m[K [01;31m[Kerror: [m[Kexpected primary-expression before â€˜[01m[K{[m[Kâ€™ token
[13.760s]    50 |         coordinates.insert(('D', [01;31m[K{[m[K43.570596, 1.466500}));
[13.760s]       |                                  [01;31m[K^[m[K
[13.761s] [01m[K/home/pi/autocab/raspberryPI3/ros2_ws/src/car_control/src/car_control_node.cpp:50:34:[m[K [01;31m[Kerror: [m[Kexpected â€˜[01m[K)[m[Kâ€™ before â€˜[01m[K{[m[Kâ€™ token
[13.762s] [01m[K/home/pi/autocab/raspberryPI3/ros2_ws/src/car_control/src/car_control_node.cpp:50:28:[m[K [01;36m[Knote: [m[Kto match this â€˜[01m[K([m[Kâ€™
[13.762s]    50 |         coordinates.insert([01;36m[K([m[K'D', {43.570596, 1.466500}));
[13.763s]       |                            [01;36m[K^[m[K
[15.125s] gmake[2]: *** [CMakeFiles/car_control_node.dir/build.make:118: CMakeFiles/car_control_node.dir/src/fromAtoB.cpp.o] Error 1
[15.125s] gmake[2]: *** Waiting for unfinished jobs....
[34.929s] gmake[2]: *** [CMakeFiles/car_control_node.dir/build.make:76: CMakeFiles/car_control_node.dir/src/car_control_node.cpp.o] Error 1
[34.930s] gmake[1]: *** [CMakeFiles/Makefile2:137: CMakeFiles/car_control_node.dir/all] Error 2
[34.931s] gmake: *** [Makefile:146: all] Error 2
[34.938s] Invoked command in '/home/pi/autocab/raspberryPI3/ros2_ws/build/car_control' returned '2': AMENT_PREFIX_PATH=/home/pi/autocab/raspberryPI3/ros2_ws/install/interfaces:${AMENT_PREFIX_PATH} CMAKE_PREFIX_PATH=/home/pi/autocab/raspberryPI3/ros2_ws/install/interfaces:/home/pi/ros2_ws/install/geicar_start:/home/pi/ros2_ws/install/system_check:/home/pi/ros2_ws/install/simulation:/home/pi/ros2_ws/install/imu_tools:/home/pi/ros2_ws/install/rviz_imu_plugin:/home/pi/ros2_ws/install/joystick:/home/pi/ros2_ws/install/car_control:/home/pi/ros2_ws/install/can:/home/pi/ros2_ws/install/interfaces:/home/pi/ros2_ws/install/imu_filter_madgwick:/home/pi/ros2_ws/install/imu_complementary_filter:/home/pi/ros2_ws/install/carla_msgs:/opt/ros/humble LD_LIBRARY_PATH=/home/pi/autocab/raspberryPI3/ros2_ws/install/interfaces/lib:${LD_LIBRARY_PATH} PYTHONPATH=/home/pi/autocab/raspberryPI3/ros2_ws/install/interfaces/local/lib/python3.10/dist-packages:${PYTHONPATH} /usr/bin/cmake --build /home/pi/autocab/raspberryPI3/ros2_ws/build/car_control -- -j4 -l4
