[01m[K/home/pi/autocab/raspberryPI3/ros2_ws/src/car_control/src/car_control_node.cpp:[m[K In constructor â€˜[01m[Kcar_control::car_control()[m[Kâ€™:
[01m[K/home/pi/autocab/raspberryPI3/ros2_ws/src/car_control/src/car_control_node.cpp:94:13:[m[K [01;31m[Kerror: [m[Kâ€˜[01m[KpathTofinalPoint[m[Kâ€™ was not declared in this scope; did you mean â€˜[01m[KpathToFinalPoint[m[Kâ€™?
   94 |         if ([01;31m[KpathTofinalPoint[m[K.empty()){
      |             [01;31m[K^~~~~~~~~~~~~~~~[m[K
      |             [32m[KpathToFinalPoint[m[K
[01m[K/home/pi/autocab/raspberryPI3/ros2_ws/src/car_control/src/car_control_node.cpp:[m[K In member function â€˜[01m[Kvoid car_control::serveurDataCallback(const Serveur&)[m[Kâ€™:
[01m[K/home/pi/autocab/raspberryPI3/ros2_ws/src/car_control/src/car_control_node.cpp:406:17:[m[K [01;31m[Kerror: [m[Kâ€˜[01m[KpathTofinalPoint[m[Kâ€™ was not declared in this scope; did you mean â€˜[01m[KpathToFinalPoint[m[Kâ€™?
  406 |             if ([01;31m[KpathTofinalPoint[m[K.empty()){
      |                 [01;31m[K^~~~~~~~~~~~~~~~[m[K
      |                 [32m[KpathToFinalPoint[m[K
gmake[2]: *** [CMakeFiles/car_control_node.dir/build.make:76: CMakeFiles/car_control_node.dir/src/car_control_node.cpp.o] Error 1
gmake[1]: *** [CMakeFiles/Makefile2:137: CMakeFiles/car_control_node.dir/all] Error 2
gmake: *** [Makefile:146: all] Error 2
